#
# There is insufficient memory for the Java Runtime Environment to continue.
# Native memory allocation (malloc) failed to allocate 131088 bytes for Chunk::new
# Possible reasons:
#   The system is out of physical RAM or swap space
#   The process is running with CompressedOops enabled, and the Java Heap may be blocking the growth of the native heap
# Possible solutions:
#   Reduce memory load on the system
#   Increase physical memory or swap space
#   Check if swap backing store is full
#   Decrease Java heap size (-Xmx/-Xms)
#   Decrease number of Java threads
#   Decrease Java thread stack sizes (-Xss)
#   Set larger code cache with -XX:ReservedCodeCacheSize=
#   JVM is running with Unscaled Compressed Oops mode in which the Java heap is
#     placed in the first 4GB address space. The Java Heap base address is the
#     maximum limit for the native heap growth. Please use -XX:HeapBaseMinAddress
#     to set the Java Heap base and to place the Java Heap above 4GB virtual address.
# This output file may be truncated or incomplete.
#
#  Out of Memory Error (./src/hotspot/share/memory/arena.cpp:197), pid=19936, tid=17856
#
# JRE version: OpenJDK Runtime Environment (11.0.13) (build 11.0.13+0-b1751.21-8125866)
# Java VM: OpenJDK 64-Bit Server VM (11.0.13+0-b1751.21-8125866, mixed mode, tiered, compressed oops, g1 gc, windows-amd64)
# No core dump will be written. Minidumps are not enabled by default on client versions of Windows
#

---------------  S U M M A R Y ------------

Command Line: --add-opens=java.base/java.util=ALL-UNNAMED --add-opens=java.base/java.lang=ALL-UNNAMED --add-opens=java.base/java.lang.invoke=ALL-UNNAMED --add-opens=java.base/java.util=ALL-UNNAMED --add-opens=java.prefs/java.util.prefs=ALL-UNNAMED --add-opens=java.prefs/java.util.prefs=ALL-UNNAMED --add-opens=java.base/java.nio.charset=ALL-UNNAMED --add-opens=java.base/java.net=ALL-UNNAMED --add-opens=java.base/java.util.concurrent.atomic=ALL-UNNAMED -Xmx2048m -Dfile.encoding=UTF-8 -Duser.country=PH -Duser.language=en -Duser.variant org.gradle.launcher.daemon.bootstrap.GradleDaemon 7.3.3

Host: Intel(R) Core(TM) i5-9300H CPU @ 2.40GHz, 8 cores, 7G,  Windows 11 , 64 bit Build 22000 (10.0.22000.708)
Time: Sat Oct 29 13:58:27 2022 Malay Peninsula Standard Time elapsed time: 7.309300 seconds (0d 0h 0m 7s)

---------------  T H R E A D  ---------------

Current thread (0x0000020b468da800):  JavaThread "C2 CompilerThread0" daemon [_thread_in_native, id=17856, stack(0x000000f888000000,0x000000f888100000)]


Current CompileTask:
C2:   7309 6163       4       java.net.URLClassLoader$1::run (5 bytes)

Stack: [0x000000f888000000,0x000000f888100000]
Native frames: (J=compiled Java code, j=interpreted, Vv=VM code, C=native code)
V  [jvm.dll+0x6100fa]
V  [jvm.dll+0x747090]
V  [jvm.dll+0x7486ad]
V  [jvm.dll+0x748d83]
V  [jvm.dll+0x24ab48]
V  [jvm.dll+0xc04dc]
V  [jvm.dll+0xc0a0c]
V  [jvm.dll+0xc060c]
V  [jvm.dll+0x5eed90]
V  [jvm.dll+0x51247e]
V  [jvm.dll+0x511763]
V  [jvm.dll+0x511711]
V  [jvm.dll+0x5146d5]
V  [jvm.dll+0x51419b]
V  [jvm.dll+0x51396f]
V  [jvm.dll+0x513983]
V  [jvm.dll+0x513983]
V  [jvm.dll+0x513936]
V  [jvm.dll+0x513983]
V  [jvm.dll+0x513983]
V  [jvm.dll+0x513983]
V  [jvm.dll+0x513983]
V  [jvm.dll+0x513983]
V  [jvm.dll+0x513983]
V  [jvm.dll+0x513983]
V  [jvm.dll+0x513983]
V  [jvm.dll+0x513983]
V  [jvm.dll+0x513983]
V  [jvm.dll+0x513983]
V  [jvm.dll+0x513983]
V  [jvm.dll+0x513983]
V  [jvm.dll+0x513983]
V  [jvm.dll+0x513983]
V  [jvm.dll+0x513983]
V  [jvm.dll+0x513983]
V  [jvm.dll+0x513983]
V  [jvm.dll+0x513983]
V  [jvm.dll+0x524796]
V  [jvm.dll+0x20491a]
V  [jvm.dll+0x2023c2]
V  [jvm.dll+0x188e01]
V  [jvm.dll+0x21106b]
V  [jvm.dll+0x20f8c1]
V  [jvm.dll+0x70de0f]
V  [jvm.dll+0x706a75]
V  [jvm.dll+0x60ed66]
C  [ucrtbase.dll+0x26c0c]
C  [KERNEL32.DLL+0x154e0]
C  [ntdll.dll+0x485b]


---------------  P R O C E S S  ---------------

Threads class SMR info:
_java_thread_list=0x0000020b4b46cdc0, length=123, elements={
0x0000020b2b2ea800, 0x0000020b45f54000, 0x0000020b45f5f000, 0x0000020b468d2800,
0x0000020b468d4000, 0x0000020b468d5000, 0x0000020b468da800, 0x0000020b468db800,
0x0000020b468df000, 0x0000020b46a3a000, 0x0000020b4785f800, 0x0000020b48a60800,
0x0000020b48a61000, 0x0000020b48a63000, 0x0000020b48a62000, 0x0000020b4917c000,
0x0000020b4917b000, 0x0000020b497e3000, 0x0000020b4917d800, 0x0000020b4917c800,
0x0000020b49182800, 0x0000020b49183000, 0x0000020b49180800, 0x0000020b49184000,
0x0000020b4917e800, 0x0000020b49185000, 0x0000020b49180000, 0x0000020b49181800,
0x0000020b4917f000, 0x0000020b49189800, 0x0000020b49187800, 0x0000020b49186800,
0x0000020b49188000, 0x0000020b4b015000, 0x0000020b4b013000, 0x0000020b4b014000,
0x0000020b4b00f000, 0x0000020b4b015800, 0x0000020b4b010000, 0x0000020b4b016800,
0x0000020b4b010800, 0x0000020b4b017000, 0x0000020b4b011800, 0x0000020b4b018000,
0x0000020b4b019000, 0x0000020b4b01d000, 0x0000020b4b019800, 0x0000020b4b01a800,
0x0000020b4b01b800, 0x0000020b4b01c000, 0x0000020b48ff4800, 0x0000020b48ff9000,
0x0000020b48ff6800, 0x0000020b48ff7000, 0x0000020b48ff3000, 0x0000020b48ff9800,
0x0000020b48ff5800, 0x0000020b48ff4000, 0x0000020b48ff8000, 0x0000020b48c16000,
0x0000020b48c13800, 0x0000020b48c15000, 0x0000020b48c17800, 0x0000020b48c17000,
0x0000020b48c12000, 0x0000020b48c18800, 0x0000020b48c13000, 0x0000020b48c14800,
0x0000020b4951c800, 0x0000020b49520800, 0x0000020b4951d800, 0x0000020b4951e000,
0x0000020b4951f800, 0x0000020b49521800, 0x0000020b4951f000, 0x0000020b4951b800,
0x0000020b49524000, 0x0000020b49524800, 0x0000020b49523000, 0x0000020b49526800,
0x0000020b49525800, 0x0000020b49522000, 0x0000020b49529800, 0x0000020b4952a800,
0x0000020b49527000, 0x0000020b49528800, 0x0000020b49528000, 0x0000020b48e08000,
0x0000020b48e07800, 0x0000020b48e0b800, 0x0000020b48e09000, 0x0000020b48e0a800,
0x0000020b48e0a000, 0x0000020b48e0c800, 0x0000020b48e06800, 0x0000020b48e11000,
0x0000020b48e0d000, 0x0000020b48e12000, 0x0000020b48e0f800, 0x0000020b48e0e800,
0x0000020b48e13000, 0x0000020b48e13800, 0x0000020b48e0e000, 0x0000020b48e14800,
0x0000020b48e10800, 0x0000020b48e15000, 0x0000020b494bc000, 0x0000020b494be800,
0x0000020b494bb000, 0x0000020b494bf000, 0x0000020b494bc800, 0x0000020b494bd800,
0x0000020b494c0000, 0x0000020b494ba800, 0x0000020b494c5800, 0x0000020b494c2800,
0x0000020b494c5000, 0x0000020b494c1800, 0x0000020b494c6800, 0x0000020b494c3800,
0x0000020b494c4000, 0x0000020b494c1000, 0x0000020b494c8000
}

Java Threads: ( => current thread )
  0x0000020b2b2ea800 JavaThread "main" [_thread_blocked, id=14936, stack(0x000000f887400000,0x000000f887500000)]
  0x0000020b45f54000 JavaThread "Reference Handler" daemon [_thread_blocked, id=22480, stack(0x000000f887b00000,0x000000f887c00000)]
  0x0000020b45f5f000 JavaThread "Finalizer" daemon [_thread_blocked, id=5400, stack(0x000000f887c00000,0x000000f887d00000)]
  0x0000020b468d2800 JavaThread "Signal Dispatcher" daemon [_thread_blocked, id=14692, stack(0x000000f887d00000,0x000000f887e00000)]
  0x0000020b468d4000 JavaThread "Attach Listener" daemon [_thread_blocked, id=20208, stack(0x000000f887e00000,0x000000f887f00000)]
  0x0000020b468d5000 JavaThread "Service Thread" daemon [_thread_blocked, id=3440, stack(0x000000f887f00000,0x000000f888000000)]
=>0x0000020b468da800 JavaThread "C2 CompilerThread0" daemon [_thread_in_native, id=17856, stack(0x000000f888000000,0x000000f888100000)]
  0x0000020b468db800 JavaThread "C1 CompilerThread0" daemon [_thread_blocked, id=14680, stack(0x000000f888100000,0x000000f888200000)]
  0x0000020b468df000 JavaThread "Sweeper thread" daemon [_thread_blocked, id=22028, stack(0x000000f888200000,0x000000f888300000)]
  0x0000020b46a3a000 JavaThread "Common-Cleaner" daemon [_thread_blocked, id=3868, stack(0x000000f888300000,0x000000f888400000)]
  0x0000020b4785f800 JavaThread "Daemon health stats" [_thread_blocked, id=14004, stack(0x000000f888800000,0x000000f888900000)]
  0x0000020b48a60800 JavaThread "Incoming local TCP Connector on port 62349" [_thread_in_native, id=2256, stack(0x000000f888500000,0x000000f888600000)]
  0x0000020b48a61000 JavaThread "Daemon periodic checks" [_thread_blocked, id=22624, stack(0x000000f888900000,0x000000f888a00000)]
  0x0000020b48a63000 JavaThread "Daemon" [_thread_blocked, id=13080, stack(0x000000f888a00000,0x000000f888b00000)]
  0x0000020b48a62000 JavaThread "Handler for socket connection from /127.0.0.1:62349 to /127.0.0.1:62350" [_thread_in_native, id=3108, stack(0x000000f888b00000,0x000000f888c00000)]
  0x0000020b4917c000 JavaThread "Cancel handler" [_thread_blocked, id=14792, stack(0x000000f888c00000,0x000000f888d00000)]
  0x0000020b4917b000 JavaThread "Daemon worker" [_thread_in_vm, id=22204, stack(0x000000f888d00000,0x000000f888e00000)]
  0x0000020b497e3000 JavaThread "C2 CompilerThread1" daemon [_thread_in_native, id=18580, stack(0x000000f888e00000,0x000000f888f00000)]
  0x0000020b4917d800 JavaThread "Asynchronous log dispatcher for DefaultDaemonConnection: socket connection from /127.0.0.1:62349 to /127.0.0.1:62350" [_thread_blocked, id=20692, stack(0x000000f888f00000,0x000000f889000000)]
  0x0000020b4917c800 JavaThread "Stdin handler" [_thread_blocked, id=8668, stack(0x000000f889000000,0x000000f889100000)]
  0x0000020b49182800 JavaThread "Daemon client event forwarder" [_thread_blocked, id=4660, stack(0x000000f889100000,0x000000f889200000)]
  0x0000020b49183000 JavaThread "Cache worker for journal cache (C:\Users\marcd\.gradle\caches\journal-1)" [_thread_blocked, id=22320, stack(0x000000f889700000,0x000000f889800000)]
  0x0000020b49180800 JavaThread "File lock request listener" [_thread_in_native, id=4472, stack(0x000000f889800000,0x000000f889900000)]
  0x0000020b49184000 JavaThread "Cache worker for file hash cache (C:\Users\marcd\.gradle\caches\7.3.3\fileHashes)" [_thread_blocked, id=18508, stack(0x000000f889900000,0x000000f889a00000)]
  0x0000020b4917e800 JavaThread "Cache worker for file hash cache (C:\Users\marcd\Documents\GitHub\FirePh\FirePH_BAMM-master\.gradle\7.3.3\fileHashes)" [_thread_blocked, id=12972, stack(0x000000f889b00000,0x000000f889c00000)]
  0x0000020b49185000 JavaThread "File watcher server" daemon [_thread_in_native, id=22896, stack(0x000000f889c00000,0x000000f889d00000)]
  0x0000020b49180000 JavaThread "File watcher consumer" daemon [_thread_blocked, id=4324, stack(0x000000f889d00000,0x000000f889e00000)]
  0x0000020b49181800 JavaThread "Cache worker for checksums cache (C:\Users\marcd\Documents\GitHub\FirePh\FirePH_BAMM-master\.gradle\7.3.3\checksums)" [_thread_blocked, id=21000, stack(0x000000f889e00000,0x000000f889f00000)]
  0x0000020b4917f000 JavaThread "Cache worker for cache directory md-supplier (C:\Users\marcd\.gradle\caches\7.3.3\md-supplier)" [_thread_blocked, id=21808, stack(0x000000f889f00000,0x000000f88a000000)]
  0x0000020b49189800 JavaThread "Cache worker for cache directory md-rule (C:\Users\marcd\.gradle\caches\7.3.3\md-rule)" [_thread_blocked, id=19720, stack(0x000000f88a000000,0x000000f88a100000)]
  0x0000020b49187800 JavaThread "Cache worker for execution history cache (C:\Users\marcd\.gradle\caches\7.3.3\executionHistory)" [_thread_blocked, id=2320, stack(0x000000f88a100000,0x000000f88a200000)]
  0x0000020b49186800 JavaThread "jar transforms" [_thread_blocked, id=2612, stack(0x000000f88a200000,0x000000f88a300000)]
  0x0000020b49188000 JavaThread "Cache worker for file content cache (C:\Users\marcd\.gradle\caches\7.3.3\fileContent)" [_thread_blocked, id=580, stack(0x000000f88a300000,0x000000f88a400000)]
  0x0000020b4b015000 JavaThread "jar transforms Thread 2" [_thread_blocked, id=13524, stack(0x000000f88a400000,0x000000f88a500000)]
  0x0000020b4b013000 JavaThread "Cache worker for dependencies-accessors (C:\Users\marcd\Documents\GitHub\FirePh\FirePH_BAMM-master\.gradle\7.3.3\dependencies-accessors)" [_thread_blocked, id=3412, stack(0x000000f88a500000,0x000000f88a600000)]
  0x0000020b4b014000 JavaThread "jar transforms Thread 3" [_thread_blocked, id=22864, stack(0x000000f88a600000,0x000000f88a700000)]
  0x0000020b4b00f000 JavaThread "Cache worker for Build Output Cleanup Cache (C:\Users\marcd\Documents\GitHub\FirePh\FirePH_BAMM-master\.gradle\buildOutputCleanup)" [_thread_blocked, id=16804, stack(0x000000f88a700000,0x000000f88a800000)]
  0x0000020b4b015800 JavaThread "Unconstrained build operations" [_thread_blocked, id=22456, stack(0x000000f88a800000,0x000000f88a900000)]
  0x0000020b4b010000 JavaThread "Unconstrained build operations Thread 2" [_thread_blocked, id=23292, stack(0x000000f88a900000,0x000000f88aa00000)]
  0x0000020b4b016800 JavaThread "Unconstrained build operations Thread 3" [_thread_blocked, id=21848, stack(0x000000f88aa00000,0x000000f88ab00000)]
  0x0000020b4b010800 JavaThread "Unconstrained build operations Thread 4" [_thread_blocked, id=14448, stack(0x000000f88ab00000,0x000000f88ac00000)]
  0x0000020b4b017000 JavaThread "Unconstrained build operations Thread 5" [_thread_blocked, id=9768, stack(0x000000f88ac00000,0x000000f88ad00000)]
  0x0000020b4b011800 JavaThread "Unconstrained build operations Thread 6" [_thread_blocked, id=10356, stack(0x000000f88ad00000,0x000000f88ae00000)]
  0x0000020b4b018000 JavaThread "Unconstrained build operations Thread 7" [_thread_blocked, id=22732, stack(0x000000f88ae00000,0x000000f88af00000)]
  0x0000020b4b019000 JavaThread "Unconstrained build operations Thread 8" [_thread_blocked, id=11260, stack(0x000000f88af00000,0x000000f88b000000)]
  0x0000020b4b01d000 JavaThread "Unconstrained build operations Thread 9" [_thread_blocked, id=7088, stack(0x000000f88b000000,0x000000f88b100000)]
  0x0000020b4b019800 JavaThread "Unconstrained build operations Thread 10" [_thread_blocked, id=15396, stack(0x000000f88b100000,0x000000f88b200000)]
  0x0000020b4b01a800 JavaThread "Unconstrained build operations Thread 11" [_thread_blocked, id=2600, stack(0x000000f88b200000,0x000000f88b300000)]
  0x0000020b4b01b800 JavaThread "Unconstrained build operations Thread 12" [_thread_blocked, id=4728, stack(0x000000f88b300000,0x000000f88b400000)]
  0x0000020b4b01c000 JavaThread "Unconstrained build operations Thread 13" [_thread_blocked, id=16724, stack(0x000000f88b400000,0x000000f88b500000)]
  0x0000020b48ff4800 JavaThread "Unconstrained build operations Thread 14" [_thread_blocked, id=9788, stack(0x000000f88b500000,0x000000f88b600000)]
  0x0000020b48ff9000 JavaThread "Unconstrained build operations Thread 15" [_thread_blocked, id=8768, stack(0x000000f88b600000,0x000000f88b700000)]
  0x0000020b48ff6800 JavaThread "Unconstrained build operations Thread 16" [_thread_blocked, id=12792, stack(0x000000f88b700000,0x000000f88b800000)]
  0x0000020b48ff7000 JavaThread "Unconstrained build operations Thread 17" [_thread_blocked, id=23148, stack(0x000000f88b800000,0x000000f88b900000)]
  0x0000020b48ff3000 JavaThread "Unconstrained build operations Thread 18" [_thread_blocked, id=16108, stack(0x000000f88b900000,0x000000f88ba00000)]
  0x0000020b48ff9800 JavaThread "Unconstrained build operations Thread 19" [_thread_blocked, id=14820, stack(0x000000f88ba00000,0x000000f88bb00000)]
  0x0000020b48ff5800 JavaThread "Unconstrained build operations Thread 20" [_thread_blocked, id=16368, stack(0x000000f88bb00000,0x000000f88bc00000)]
  0x0000020b48ff4000 JavaThread "Unconstrained build operations Thread 21" [_thread_blocked, id=1884, stack(0x000000f88bc00000,0x000000f88bd00000)]
  0x0000020b48ff8000 JavaThread "Unconstrained build operations Thread 22" [_thread_blocked, id=8436, stack(0x000000f88bd00000,0x000000f88be00000)]
  0x0000020b48c16000 JavaThread "Unconstrained build operations Thread 23" [_thread_blocked, id=21928, stack(0x000000f88be00000,0x000000f88bf00000)]
  0x0000020b48c13800 JavaThread "Unconstrained build operations Thread 24" [_thread_blocked, id=22712, stack(0x000000f88bf00000,0x000000f88c000000)]
  0x0000020b48c15000 JavaThread "Unconstrained build operations Thread 25" [_thread_blocked, id=10900, stack(0x000000f88c000000,0x000000f88c100000)]
  0x0000020b48c17800 JavaThread "Unconstrained build operations Thread 26" [_thread_blocked, id=11960, stack(0x000000f88c100000,0x000000f88c200000)]
  0x0000020b48c17000 JavaThread "Unconstrained build operations Thread 27" [_thread_blocked, id=19908, stack(0x000000f88c200000,0x000000f88c300000)]
  0x0000020b48c12000 JavaThread "Unconstrained build operations Thread 28" [_thread_blocked, id=508, stack(0x000000f88c300000,0x000000f88c400000)]
  0x0000020b48c18800 JavaThread "Unconstrained build operations Thread 29" [_thread_blocked, id=3280, stack(0x000000f88c400000,0x000000f88c500000)]
  0x0000020b48c13000 JavaThread "Unconstrained build operations Thread 30" [_thread_blocked, id=22288, stack(0x000000f88c500000,0x000000f88c600000)]
  0x0000020b48c14800 JavaThread "Unconstrained build operations Thread 31" [_thread_blocked, id=8420, stack(0x000000f88c600000,0x000000f88c700000)]
  0x0000020b4951c800 JavaThread "Unconstrained build operations Thread 32" [_thread_blocked, id=480, stack(0x000000f88c700000,0x000000f88c800000)]
  0x0000020b49520800 JavaThread "Unconstrained build operations Thread 33" [_thread_blocked, id=6204, stack(0x000000f88c800000,0x000000f88c900000)]
  0x0000020b4951d800 JavaThread "Unconstrained build operations Thread 34" [_thread_blocked, id=20764, stack(0x000000f88c900000,0x000000f88ca00000)]
  0x0000020b4951e000 JavaThread "Unconstrained build operations Thread 35" [_thread_blocked, id=1280, stack(0x000000f88ca00000,0x000000f88cb00000)]
  0x0000020b4951f800 JavaThread "Unconstrained build operations Thread 36" [_thread_blocked, id=17444, stack(0x000000f88cb00000,0x000000f88cc00000)]
  0x0000020b49521800 JavaThread "Unconstrained build operations Thread 37" [_thread_blocked, id=3484, stack(0x000000f88cc00000,0x000000f88cd00000)]
  0x0000020b4951f000 JavaThread "Unconstrained build operations Thread 38" [_thread_blocked, id=7800, stack(0x000000f88cd00000,0x000000f88ce00000)]
  0x0000020b4951b800 JavaThread "Unconstrained build operations Thread 39" [_thread_blocked, id=22140, stack(0x000000f88ce00000,0x000000f88cf00000)]
  0x0000020b49524000 JavaThread "Unconstrained build operations Thread 40" [_thread_blocked, id=22616, stack(0x000000f88cf00000,0x000000f88d000000)]
  0x0000020b49524800 JavaThread "Unconstrained build operations Thread 41" [_thread_blocked, id=22936, stack(0x000000f88d000000,0x000000f88d100000)]
  0x0000020b49523000 JavaThread "Unconstrained build operations Thread 42" [_thread_blocked, id=21636, stack(0x000000f88d100000,0x000000f88d200000)]
  0x0000020b49526800 JavaThread "Unconstrained build operations Thread 43" [_thread_blocked, id=4028, stack(0x000000f88d200000,0x000000f88d300000)]
  0x0000020b49525800 JavaThread "Unconstrained build operations Thread 44" [_thread_blocked, id=18192, stack(0x000000f88d300000,0x000000f88d400000)]
  0x0000020b49522000 JavaThread "Unconstrained build operations Thread 45" [_thread_blocked, id=20516, stack(0x000000f88d400000,0x000000f88d500000)]
  0x0000020b49529800 JavaThread "Unconstrained build operations Thread 46" [_thread_blocked, id=21960, stack(0x000000f88d500000,0x000000f88d600000)]
  0x0000020b4952a800 JavaThread "Unconstrained build operations Thread 47" [_thread_blocked, id=18000, stack(0x000000f88d600000,0x000000f88d700000)]
  0x0000020b49527000 JavaThread "Unconstrained build operations Thread 48" [_thread_blocked, id=8940, stack(0x000000f88d700000,0x000000f88d800000)]
  0x0000020b49528800 JavaThread "Unconstrained build operations Thread 49" [_thread_blocked, id=22072, stack(0x000000f88d800000,0x000000f88d900000)]
  0x0000020b49528000 JavaThread "Unconstrained build operations Thread 50" [_thread_blocked, id=13232, stack(0x000000f88d900000,0x000000f88da00000)]
  0x0000020b48e08000 JavaThread "Unconstrained build operations Thread 51" [_thread_blocked, id=10100, stack(0x000000f88da00000,0x000000f88db00000)]
  0x0000020b48e07800 JavaThread "Unconstrained build operations Thread 52" [_thread_blocked, id=18224, stack(0x000000f88db00000,0x000000f88dc00000)]
  0x0000020b48e0b800 JavaThread "Unconstrained build operations Thread 53" [_thread_blocked, id=23456, stack(0x000000f88dc00000,0x000000f88dd00000)]
  0x0000020b48e09000 JavaThread "Unconstrained build operations Thread 54" [_thread_blocked, id=4748, stack(0x000000f88dd00000,0x000000f88de00000)]
  0x0000020b48e0a800 JavaThread "Unconstrained build operations Thread 55" [_thread_blocked, id=21512, stack(0x000000f88de00000,0x000000f88df00000)]
  0x0000020b48e0a000 JavaThread "Unconstrained build operations Thread 56" [_thread_blocked, id=2572, stack(0x000000f88df00000,0x000000f88e000000)]
  0x0000020b48e0c800 JavaThread "Unconstrained build operations Thread 57" [_thread_blocked, id=4820, stack(0x000000f88e000000,0x000000f88e100000)]
  0x0000020b48e06800 JavaThread "Unconstrained build operations Thread 58" [_thread_blocked, id=4504, stack(0x000000f88e100000,0x000000f88e200000)]
  0x0000020b48e11000 JavaThread "Unconstrained build operations Thread 59" [_thread_blocked, id=14144, stack(0x000000f88e200000,0x000000f88e300000)]
  0x0000020b48e0d000 JavaThread "Unconstrained build operations Thread 60" [_thread_blocked, id=12508, stack(0x000000f88e300000,0x000000f88e400000)]
  0x0000020b48e12000 JavaThread "Unconstrained build operations Thread 61" [_thread_blocked, id=16764, stack(0x000000f88e400000,0x000000f88e500000)]
  0x0000020b48e0f800 JavaThread "Unconstrained build operations Thread 62" [_thread_blocked, id=18932, stack(0x000000f88e500000,0x000000f88e600000)]
  0x0000020b48e0e800 JavaThread "Unconstrained build operations Thread 63" [_thread_blocked, id=10200, stack(0x000000f88e600000,0x000000f88e700000)]
  0x0000020b48e13000 JavaThread "Unconstrained build operations Thread 64" [_thread_blocked, id=18116, stack(0x000000f88e700000,0x000000f88e800000)]
  0x0000020b48e13800 JavaThread "Unconstrained build operations Thread 65" [_thread_blocked, id=8332, stack(0x000000f88e800000,0x000000f88e900000)]
  0x0000020b48e0e000 JavaThread "Unconstrained build operations Thread 66" [_thread_blocked, id=828, stack(0x000000f88e900000,0x000000f88ea00000)]
  0x0000020b48e14800 JavaThread "Unconstrained build operations Thread 67" [_thread_blocked, id=4600, stack(0x000000f88ea00000,0x000000f88eb00000)]
  0x0000020b48e10800 JavaThread "Unconstrained build operations Thread 68" [_thread_blocked, id=21392, stack(0x000000f88eb00000,0x000000f88ec00000)]
  0x0000020b48e15000 JavaThread "Unconstrained build operations Thread 69" [_thread_blocked, id=18560, stack(0x000000f88ec00000,0x000000f88ed00000)]
  0x0000020b494bc000 JavaThread "Unconstrained build operations Thread 70" [_thread_blocked, id=19860, stack(0x000000f88ed00000,0x000000f88ee00000)]
  0x0000020b494be800 JavaThread "Unconstrained build operations Thread 71" [_thread_blocked, id=3172, stack(0x000000f88ee00000,0x000000f88ef00000)]
  0x0000020b494bb000 JavaThread "Unconstrained build operations Thread 72" [_thread_blocked, id=10588, stack(0x000000f88ef00000,0x000000f88f000000)]
  0x0000020b494bf000 JavaThread "Unconstrained build operations Thread 73" [_thread_blocked, id=18052, stack(0x000000f88f000000,0x000000f88f100000)]
  0x0000020b494bc800 JavaThread "Unconstrained build operations Thread 74" [_thread_blocked, id=21320, stack(0x000000f88f100000,0x000000f88f200000)]
  0x0000020b494bd800 JavaThread "Unconstrained build operations Thread 75" [_thread_blocked, id=3248, stack(0x000000f88f200000,0x000000f88f300000)]
  0x0000020b494c0000 JavaThread "Unconstrained build operations Thread 76" [_thread_blocked, id=4180, stack(0x000000f88f300000,0x000000f88f400000)]
  0x0000020b494ba800 JavaThread "Unconstrained build operations Thread 77" [_thread_blocked, id=12616, stack(0x000000f88f400000,0x000000f88f500000)]
  0x0000020b494c5800 JavaThread "Unconstrained build operations Thread 78" [_thread_blocked, id=12576, stack(0x000000f88f500000,0x000000f88f600000)]
  0x0000020b494c2800 JavaThread "Unconstrained build operations Thread 79" [_thread_blocked, id=22744, stack(0x000000f88f600000,0x000000f88f700000)]
  0x0000020b494c5000 JavaThread "Unconstrained build operations Thread 80" [_thread_blocked, id=12528, stack(0x000000f88f700000,0x000000f88f800000)]
  0x0000020b494c1800 JavaThread "jar transforms Thread 4" [_thread_blocked, id=2540, stack(0x000000f88f800000,0x000000f88f900000)]
  0x0000020b494c6800 JavaThread "jar transforms Thread 5" [_thread_blocked, id=23492, stack(0x000000f88f900000,0x000000f88fa00000)]
  0x0000020b494c3800 JavaThread "jar transforms Thread 6" [_thread_blocked, id=13644, stack(0x000000f88fa00000,0x000000f88fb00000)]
  0x0000020b494c4000 JavaThread "jar transforms Thread 7" [_thread_blocked, id=3592, stack(0x000000f88fb00000,0x000000f88fc00000)]
  0x0000020b494c1000 JavaThread "jar transforms Thread 8" [_thread_blocked, id=23412, stack(0x000000f88fc00000,0x000000f88fd00000)]
  0x0000020b494c8000 JavaThread "Memory manager" [_thread_blocked, id=8996, stack(0x000000f88fd00000,0x000000f88fe00000)]

Other Threads:
  0x0000020b45f52000 VMThread "VM Thread" [stack: 0x000000f887a00000,0x000000f887b00000] [id=23056]
  0x0000020b46a3f000 WatcherThread [stack: 0x000000f888400000,0x000000f888500000] [id=12204]
  0x0000020b2b307000 GCTaskThread "GC Thread#0" [stack: 0x000000f887500000,0x000000f887600000] [id=13428]
  0x0000020b472e3000 GCTaskThread "GC Thread#1" [stack: 0x000000f888600000,0x000000f888700000] [id=3980]
  0x0000020b46e91800 GCTaskThread "GC Thread#2" [stack: 0x000000f888700000,0x000000f888800000] [id=5632]
  0x0000020b499b4000 GCTaskThread "GC Thread#3" [stack: 0x000000f889200000,0x000000f889300000] [id=16136]
  0x0000020b46ae3800 GCTaskThread "GC Thread#4" [stack: 0x000000f889300000,0x000000f889400000] [id=14716]
  0x0000020b48e48800 GCTaskThread "GC Thread#5" [stack: 0x000000f889400000,0x000000f889500000] [id=22068]
  0x0000020b4900b800 GCTaskThread "GC Thread#6" [stack: 0x000000f889500000,0x000000f889600000] [id=22908]
  0x0000020b49f86800 GCTaskThread "GC Thread#7" [stack: 0x000000f889600000,0x000000f889700000] [id=13360]
  0x0000020b2b336800 ConcurrentGCThread "G1 Main Marker" [stack: 0x000000f887600000,0x000000f887700000] [id=13268]
  0x0000020b2b339000 ConcurrentGCThread "G1 Conc#0" [stack: 0x000000f887700000,0x000000f887800000] [id=2372]
  0x0000020b4951a800 ConcurrentGCThread "G1 Conc#1" [stack: 0x000000f889a00000,0x000000f889b00000] [id=15232]
  0x0000020b45da0800 ConcurrentGCThread "G1 Refine#0" [stack: 0x000000f887800000,0x000000f887900000] [id=10520]
  0x0000020b45da1800 ConcurrentGCThread "G1 Young RemSet Sampling" [stack: 0x000000f887900000,0x000000f887a00000] [id=1220]

Threads with active compile tasks:
C2 CompilerThread0   7353 6163       4       java.net.URLClassLoader$1::run (5 bytes)
C1 CompilerThread0   7353 6228       3       org.gradle.internal.logging.services.ProgressLoggingBridge::completed (11 bytes)
C2 CompilerThread1   7353 6165   !   4       java.net.URLClassLoader$1::run (81 bytes)

VM state:not at safepoint (normal execution)

VM Mutex/Monitor currently owned by a thread: None

Heap address: 0x0000000080000000, size: 2048 MB, Compressed Oops mode: 32-bit
Narrow klass base: 0x0000000000000000, Narrow klass shift: 3
Compressed class space size: 1073741824 Address: 0x0000000100000000

Heap:
 garbage-first heap   total 155648K, used 84756K [0x0000000080000000, 0x0000000100000000)
  region size 1024K, 36 young (36864K), 3 survivors (3072K)
 Metaspace       used 62155K, capacity 63778K, committed 63900K, reserved 1105920K
  class space    used 7802K, capacity 8395K, committed 8472K, reserved 1048576K
Heap Regions: E=young(eden), S=young(survivor), O=old, HS=humongous(starts), HC=humongous(continues), CS=collection set, F=free, A=archive, TAMS=top-at-mark-start (previous, next)
|   0|0x0000000080000000, 0x0000000080100000, 0x0000000080100000|100%| O|  |TAMS 0x0000000080100000, 0x0000000080000000| Untracked 
|   1|0x0000000080100000, 0x0000000080200000, 0x0000000080200000|100%| O|  |TAMS 0x0000000080200000, 0x0000000080100000| Untracked 
|   2|0x0000000080200000, 0x0000000080300000, 0x0000000080300000|100%| O|  |TAMS 0x0000000080300000, 0x0000000080200000| Untracked 
|   3|0x0000000080300000, 0x0000000080400000, 0x0000000080400000|100%|HS|  |TAMS 0x0000000080400000, 0x0000000080300000| Complete 
|   4|0x0000000080400000, 0x0000000080500000, 0x0000000080500000|100%|HC|  |TAMS 0x0000000080500000, 0x0000000080400000| Complete 
|   5|0x0000000080500000, 0x0000000080600000, 0x0000000080600000|100%|HC|  |TAMS 0x0000000080600000, 0x0000000080500000| Complete 
|   6|0x0000000080600000, 0x0000000080700000, 0x0000000080700000|100%| O|  |TAMS 0x0000000080700000, 0x0000000080600000| Untracked 
|   7|0x0000000080700000, 0x0000000080800000, 0x0000000080800000|100%| O|  |TAMS 0x0000000080800000, 0x0000000080700000| Untracked 
|   8|0x0000000080800000, 0x0000000080900000, 0x0000000080900000|100%| O|  |TAMS 0x0000000080900000, 0x0000000080800000| Untracked 
|   9|0x0000000080900000, 0x0000000080a00000, 0x0000000080a00000|100%| O|  |TAMS 0x0000000080a00000, 0x0000000080900000| Untracked 
|  10|0x0000000080a00000, 0x0000000080b00000, 0x0000000080b00000|100%| O|  |TAMS 0x0000000080b00000, 0x0000000080a00000| Untracked 
|  11|0x0000000080b00000, 0x0000000080c00000, 0x0000000080c00000|100%| O|  |TAMS 0x0000000080c00000, 0x0000000080b00000| Untracked 
|  12|0x0000000080c00000, 0x0000000080d00000, 0x0000000080d00000|100%| O|  |TAMS 0x0000000080d00000, 0x0000000080c00000| Untracked 
|  13|0x0000000080d00000, 0x0000000080e00000, 0x0000000080e00000|100%| O|  |TAMS 0x0000000080e00000, 0x0000000080d00000| Untracked 
|  14|0x0000000080e00000, 0x0000000080f00000, 0x0000000080f00000|100%| O|  |TAMS 0x0000000080f00000, 0x0000000080e00000| Untracked 
|  15|0x0000000080f00000, 0x0000000081000000, 0x0000000081000000|100%| O|  |TAMS 0x0000000081000000, 0x0000000080f00000| Untracked 
|  16|0x0000000081000000, 0x0000000081100000, 0x0000000081100000|100%| O|  |TAMS 0x0000000081100000, 0x0000000081000000| Untracked 
|  17|0x0000000081100000, 0x0000000081200000, 0x0000000081200000|100%|HS|  |TAMS 0x0000000081200000, 0x0000000081100000| Complete 
|  18|0x0000000081200000, 0x0000000081300000, 0x0000000081300000|100%| O|  |TAMS 0x0000000081300000, 0x0000000081200000| Untracked 
|  19|0x0000000081300000, 0x0000000081400000, 0x0000000081400000|100%| O|  |TAMS 0x0000000081400000, 0x0000000081300000| Untracked 
|  20|0x0000000081400000, 0x0000000081500000, 0x0000000081500000|100%| O|  |TAMS 0x0000000081500000, 0x0000000081400000| Untracked 
|  21|0x0000000081500000, 0x0000000081600000, 0x0000000081600000|100%| O|  |TAMS 0x0000000081600000, 0x0000000081500000| Untracked 
|  22|0x0000000081600000, 0x0000000081700000, 0x0000000081700000|100%| O|  |TAMS 0x0000000081700000, 0x0000000081600000| Untracked 
|  23|0x0000000081700000, 0x0000000081800000, 0x0000000081800000|100%| O|  |TAMS 0x0000000081800000, 0x0000000081700000| Untracked 
|  24|0x0000000081800000, 0x0000000081900000, 0x0000000081900000|100%| O|  |TAMS 0x0000000081900000, 0x0000000081800000| Untracked 
|  25|0x0000000081900000, 0x0000000081a00000, 0x0000000081a00000|100%| O|  |TAMS 0x0000000081a00000, 0x0000000081900000| Untracked 
|  26|0x0000000081a00000, 0x0000000081b00000, 0x0000000081b00000|100%| O|  |TAMS 0x0000000081b00000, 0x0000000081a00000| Untracked 
|  27|0x0000000081b00000, 0x0000000081c00000, 0x0000000081c00000|100%| O|  |TAMS 0x0000000081c00000, 0x0000000081b00000| Untracked 
|  28|0x0000000081c00000, 0x0000000081d00000, 0x0000000081d00000|100%|HS|  |TAMS 0x0000000081d00000, 0x0000000081c00000| Complete 
|  29|0x0000000081d00000, 0x0000000081e00000, 0x0000000081e00000|100%|HS|  |TAMS 0x0000000081e00000, 0x0000000081d00000| Complete 
|  30|0x0000000081e00000, 0x0000000081f00000, 0x0000000081f00000|100%|HS|  |TAMS 0x0000000081f00000, 0x0000000081e00000| Complete 
|  31|0x0000000081f00000, 0x0000000082000000, 0x0000000082000000|100%|HC|  |TAMS 0x0000000082000000, 0x0000000081f00000| Complete 
|  32|0x0000000082000000, 0x0000000082100000, 0x0000000082100000|100%|HC|  |TAMS 0x0000000082100000, 0x0000000082000000| Complete 
|  33|0x0000000082100000, 0x0000000082200000, 0x0000000082200000|100%|HS|  |TAMS 0x0000000082200000, 0x0000000082100000| Complete 
|  34|0x0000000082200000, 0x0000000082300000, 0x0000000082300000|100%|HC|  |TAMS 0x0000000082300000, 0x0000000082200000| Complete 
|  35|0x0000000082300000, 0x0000000082400000, 0x0000000082400000|100%| O|  |TAMS 0x0000000082400000, 0x0000000082300000| Untracked 
|  36|0x0000000082400000, 0x0000000082500000, 0x0000000082500000|100%| O|  |TAMS 0x0000000082500000, 0x0000000082400000| Untracked 
|  37|0x0000000082500000, 0x0000000082600000, 0x0000000082600000|100%| O|  |TAMS 0x0000000082600000, 0x0000000082500000| Untracked 
|  38|0x0000000082600000, 0x0000000082700000, 0x0000000082700000|100%| O|  |TAMS 0x0000000082700000, 0x0000000082600000| Untracked 
|  39|0x0000000082700000, 0x0000000082800000, 0x0000000082800000|100%| O|  |TAMS 0x0000000082800000, 0x0000000082700000| Untracked 
|  40|0x0000000082800000, 0x0000000082900000, 0x0000000082900000|100%| O|  |TAMS 0x0000000082900000, 0x0000000082800000| Untracked 
|  41|0x0000000082900000, 0x0000000082a00000, 0x0000000082a00000|100%| O|  |TAMS 0x0000000082a00000, 0x0000000082900000| Untracked 
|  42|0x0000000082a00000, 0x0000000082b00000, 0x0000000082b00000|100%| O|  |TAMS 0x0000000082b00000, 0x0000000082a00000| Untracked 
|  43|0x0000000082b00000, 0x0000000082c00000, 0x0000000082c00000|100%| O|  |TAMS 0x0000000082c00000, 0x0000000082b00000| Untracked 
|  44|0x0000000082c00000, 0x0000000082d00000, 0x0000000082d00000|100%| O|  |TAMS 0x0000000082d00000, 0x0000000082c00000| Untracked 
|  45|0x0000000082d00000, 0x0000000082e00000, 0x0000000082e00000|100%| O|  |TAMS 0x0000000082e00000, 0x0000000082d00000| Untracked 
|  46|0x0000000082e00000, 0x0000000082f00000, 0x0000000082f00000|100%| O|  |TAMS 0x0000000082f00000, 0x0000000082e00000| Untracked 
|  47|0x0000000082f00000, 0x0000000083000000, 0x0000000083000000|100%| O|  |TAMS 0x0000000083000000, 0x0000000082f00000| Untracked 
|  48|0x0000000083000000, 0x00000000830dbe00, 0x0000000083100000| 85%| O|  |TAMS 0x00000000830dbe00, 0x0000000083000000| Untracked 
|  49|0x0000000083100000, 0x0000000083100000, 0x0000000083200000|  0%| F|  |TAMS 0x0000000083100000, 0x0000000083100000| Untracked 
|  50|0x0000000083200000, 0x0000000083200000, 0x0000000083300000|  0%| F|  |TAMS 0x0000000083200000, 0x0000000083200000| Untracked 
|  51|0x0000000083300000, 0x0000000083300000, 0x0000000083400000|  0%| F|  |TAMS 0x0000000083300000, 0x0000000083300000| Untracked 
|  52|0x0000000083400000, 0x0000000083400000, 0x0000000083500000|  0%| F|  |TAMS 0x0000000083400000, 0x0000000083400000| Untracked 
|  53|0x0000000083500000, 0x0000000083500000, 0x0000000083600000|  0%| F|  |TAMS 0x0000000083500000, 0x0000000083500000| Untracked 
|  54|0x0000000083600000, 0x0000000083600000, 0x0000000083700000|  0%| F|  |TAMS 0x0000000083600000, 0x0000000083600000| Untracked 
|  55|0x0000000083700000, 0x0000000083700000, 0x0000000083800000|  0%| F|  |TAMS 0x0000000083700000, 0x0000000083700000| Untracked 
|  56|0x0000000083800000, 0x0000000083800000, 0x0000000083900000|  0%| F|  |TAMS 0x0000000083800000, 0x0000000083800000| Untracked 
|  57|0x0000000083900000, 0x0000000083900000, 0x0000000083a00000|  0%| F|  |TAMS 0x0000000083900000, 0x0000000083900000| Untracked 
|  58|0x0000000083a00000, 0x0000000083a00000, 0x0000000083b00000|  0%| F|  |TAMS 0x0000000083a00000, 0x0000000083a00000| Untracked 
|  59|0x0000000083b00000, 0x0000000083b00000, 0x0000000083c00000|  0%| F|  |TAMS 0x0000000083b00000, 0x0000000083b00000| Untracked 
|  60|0x0000000083c00000, 0x0000000083c00000, 0x0000000083d00000|  0%| F|  |TAMS 0x0000000083c00000, 0x0000000083c00000| Untracked 
|  61|0x0000000083d00000, 0x0000000083d00000, 0x0000000083e00000|  0%| F|  |TAMS 0x0000000083d00000, 0x0000000083d00000| Untracked 
|  62|0x0000000083e00000, 0x0000000083e00000, 0x0000000083f00000|  0%| F|  |TAMS 0x0000000083e00000, 0x0000000083e00000| Untracked 
|  63|0x0000000083f00000, 0x0000000083f00000, 0x0000000084000000|  0%| F|  |TAMS 0x0000000083f00000, 0x0000000083f00000| Untracked 
|  64|0x0000000084000000, 0x0000000084000000, 0x0000000084100000|  0%| F|  |TAMS 0x0000000084000000, 0x0000000084000000| Untracked 
|  65|0x0000000084100000, 0x0000000084100000, 0x0000000084200000|  0%| F|  |TAMS 0x0000000084100000, 0x0000000084100000| Untracked 
|  66|0x0000000084200000, 0x0000000084200000, 0x0000000084300000|  0%| F|  |TAMS 0x0000000084200000, 0x0000000084200000| Untracked 
|  67|0x0000000084300000, 0x0000000084300000, 0x0000000084400000|  0%| F|  |TAMS 0x0000000084300000, 0x0000000084300000| Untracked 
|  68|0x0000000084400000, 0x0000000084400000, 0x0000000084500000|  0%| F|  |TAMS 0x0000000084400000, 0x0000000084400000| Untracked 
|  69|0x0000000084500000, 0x0000000084500000, 0x0000000084600000|  0%| F|  |TAMS 0x0000000084500000, 0x0000000084500000| Untracked 
|  70|0x0000000084600000, 0x0000000084600000, 0x0000000084700000|  0%| F|  |TAMS 0x0000000084600000, 0x0000000084600000| Untracked 
|  71|0x0000000084700000, 0x0000000084700000, 0x0000000084800000|  0%| F|  |TAMS 0x0000000084700000, 0x0000000084700000| Untracked 
|  72|0x0000000084800000, 0x0000000084800000, 0x0000000084900000|  0%| F|  |TAMS 0x0000000084800000, 0x0000000084800000| Untracked 
|  73|0x0000000084900000, 0x0000000084900000, 0x0000000084a00000|  0%| F|  |TAMS 0x0000000084900000, 0x0000000084900000| Untracked 
|  74|0x0000000084a00000, 0x0000000084a00000, 0x0000000084b00000|  0%| F|  |TAMS 0x0000000084a00000, 0x0000000084a00000| Untracked 
|  75|0x0000000084b00000, 0x0000000084b00000, 0x0000000084c00000|  0%| F|  |TAMS 0x0000000084b00000, 0x0000000084b00000| Untracked 
|  76|0x0000000084c00000, 0x0000000084c00000, 0x0000000084d00000|  0%| F|  |TAMS 0x0000000084c00000, 0x0000000084c00000| Untracked 
|  77|0x0000000084d00000, 0x0000000084d00000, 0x0000000084e00000|  0%| F|  |TAMS 0x0000000084d00000, 0x0000000084d00000| Untracked 
|  78|0x0000000084e00000, 0x0000000084e00000, 0x0000000084f00000|  0%| F|  |TAMS 0x0000000084e00000, 0x0000000084e00000| Untracked 
|  79|0x0000000084f00000, 0x0000000084f00000, 0x0000000085000000|  0%| F|  |TAMS 0x0000000084f00000, 0x0000000084f00000| Untracked 
|  80|0x0000000085000000, 0x0000000085000000, 0x0000000085100000|  0%| F|  |TAMS 0x0000000085000000, 0x0000000085000000| Untracked 
|  81|0x0000000085100000, 0x0000000085100000, 0x0000000085200000|  0%| F|  |TAMS 0x0000000085100000, 0x0000000085100000| Untracked 
|  82|0x0000000085200000, 0x0000000085200000, 0x0000000085300000|  0%| F|  |TAMS 0x0000000085200000, 0x0000000085200000| Untracked 
|  83|0x0000000085300000, 0x0000000085300000, 0x0000000085400000|  0%| F|  |TAMS 0x0000000085300000, 0x0000000085300000| Untracked 
|  84|0x0000000085400000, 0x0000000085400000, 0x0000000085500000|  0%| F|  |TAMS 0x0000000085400000, 0x0000000085400000| Untracked 
|  85|0x0000000085500000, 0x0000000085500000, 0x0000000085600000|  0%| F|  |TAMS 0x0000000085500000, 0x0000000085500000| Untracked 
|  86|0x0000000085600000, 0x0000000085600000, 0x0000000085700000|  0%| F|  |TAMS 0x0000000085600000, 0x0000000085600000| Untracked 
|  87|0x0000000085700000, 0x0000000085700000, 0x0000000085800000|  0%| F|  |TAMS 0x0000000085700000, 0x0000000085700000| Untracked 
|  88|0x0000000085800000, 0x0000000085800000, 0x0000000085900000|  0%| F|  |TAMS 0x0000000085800000, 0x0000000085800000| Untracked 
|  89|0x0000000085900000, 0x0000000085900000, 0x0000000085a00000|  0%| F|  |TAMS 0x0000000085900000, 0x0000000085900000| Untracked 
|  90|0x0000000085a00000, 0x0000000085a00000, 0x0000000085b00000|  0%| F|  |TAMS 0x0000000085a00000, 0x0000000085a00000| Untracked 
|  91|0x0000000085b00000, 0x0000000085b00000, 0x0000000085c00000|  0%| F|  |TAMS 0x0000000085b00000, 0x0000000085b00000| Untracked 
|  92|0x0000000085c00000, 0x0000000085c00000, 0x0000000085d00000|  0%| F|  |TAMS 0x0000000085c00000, 0x0000000085c00000| Untracked 
|  93|0x0000000085d00000, 0x0000000085d00000, 0x0000000085e00000|  0%| F|  |TAMS 0x0000000085d00000, 0x0000000085d00000| Untracked 
|  94|0x0000000085e00000, 0x0000000085e00000, 0x0000000085f00000|  0%| F|  |TAMS 0x0000000085e00000, 0x0000000085e00000| Untracked 
|  95|0x0000000085f00000, 0x0000000085f00000, 0x0000000086000000|  0%| F|  |TAMS 0x0000000085f00000, 0x0000000085f00000| Untracked 
|  96|0x0000000086000000, 0x0000000086000000, 0x0000000086100000|  0%| F|  |TAMS 0x0000000086000000, 0x0000000086000000| Untracked 
|  97|0x0000000086100000, 0x0000000086100000, 0x0000000086200000|  0%| F|  |TAMS 0x0000000086100000, 0x0000000086100000| Untracked 
|  98|0x0000000086200000, 0x0000000086200000, 0x0000000086300000|  0%| F|  |TAMS 0x0000000086200000, 0x0000000086200000| Untracked 
|  99|0x0000000086300000, 0x0000000086300000, 0x0000000086400000|  0%| F|  |TAMS 0x0000000086300000, 0x0000000086300000| Untracked 
| 100|0x0000000086400000, 0x0000000086400000, 0x0000000086500000|  0%| F|  |TAMS 0x0000000086400000, 0x0000000086400000| Untracked 
| 101|0x0000000086500000, 0x0000000086500000, 0x0000000086600000|  0%| F|  |TAMS 0x0000000086500000, 0x0000000086500000| Untracked 
| 102|0x0000000086600000, 0x0000000086600000, 0x0000000086700000|  0%| F|  |TAMS 0x0000000086600000, 0x0000000086600000| Untracked 
| 103|0x0000000086700000, 0x0000000086700000, 0x0000000086800000|  0%| F|  |TAMS 0x0000000086700000, 0x0000000086700000| Untracked 
| 104|0x0000000086800000, 0x0000000086800000, 0x0000000086900000|  0%| F|  |TAMS 0x0000000086800000, 0x0000000086800000| Untracked 
| 105|0x0000000086900000, 0x0000000086900000, 0x0000000086a00000|  0%| F|  |TAMS 0x0000000086900000, 0x0000000086900000| Untracked 
| 106|0x0000000086a00000, 0x0000000086a00000, 0x0000000086b00000|  0%| F|  |TAMS 0x0000000086a00000, 0x0000000086a00000| Untracked 
| 107|0x0000000086b00000, 0x0000000086b00000, 0x0000000086c00000|  0%| F|  |TAMS 0x0000000086b00000, 0x0000000086b00000| Untracked 
| 108|0x0000000086c00000, 0x0000000086c00000, 0x0000000086d00000|  0%| F|  |TAMS 0x0000000086c00000, 0x0000000086c00000| Untracked 
| 109|0x0000000086d00000, 0x0000000086d00000, 0x0000000086e00000|  0%| F|  |TAMS 0x0000000086d00000, 0x0000000086d00000| Untracked 
| 110|0x0000000086e00000, 0x0000000086e00000, 0x0000000086f00000|  0%| F|  |TAMS 0x0000000086e00000, 0x0000000086e00000| Untracked 
| 111|0x0000000086f00000, 0x0000000086f00000, 0x0000000087000000|  0%| F|  |TAMS 0x0000000086f00000, 0x0000000086f00000| Untracked 
| 112|0x0000000087000000, 0x0000000087000000, 0x0000000087100000|  0%| F|  |TAMS 0x0000000087000000, 0x0000000087000000| Untracked 
| 113|0x0000000087100000, 0x0000000087100000, 0x0000000087200000|  0%| F|  |TAMS 0x0000000087100000, 0x0000000087100000| Untracked 
| 114|0x0000000087200000, 0x0000000087200000, 0x0000000087300000|  0%| F|  |TAMS 0x0000000087200000, 0x0000000087200000| Untracked 
| 115|0x0000000087300000, 0x0000000087300000, 0x0000000087400000|  0%| F|  |TAMS 0x0000000087300000, 0x0000000087300000| Untracked 
| 116|0x0000000087400000, 0x0000000087500000, 0x0000000087500000|100%| E|  |TAMS 0x0000000087400000, 0x0000000087400000| Complete 
| 117|0x0000000087500000, 0x0000000087600000, 0x0000000087600000|100%| E|CS|TAMS 0x0000000087500000, 0x0000000087500000| Complete 
| 118|0x0000000087600000, 0x0000000087700000, 0x0000000087700000|100%| E|CS|TAMS 0x0000000087600000, 0x0000000087600000| Complete 
| 119|0x0000000087700000, 0x0000000087800000, 0x0000000087800000|100%| E|CS|TAMS 0x0000000087700000, 0x0000000087700000| Complete 
| 120|0x0000000087800000, 0x0000000087900000, 0x0000000087900000|100%| E|CS|TAMS 0x0000000087800000, 0x0000000087800000| Complete 
| 121|0x0000000087900000, 0x0000000087a00000, 0x0000000087a00000|100%| E|CS|TAMS 0x0000000087900000, 0x0000000087900000| Complete 
| 122|0x0000000087a00000, 0x0000000087b00000, 0x0000000087b00000|100%| E|CS|TAMS 0x0000000087a00000, 0x0000000087a00000| Complete 
| 123|0x0000000087b00000, 0x0000000087c00000, 0x0000000087c00000|100%| E|CS|TAMS 0x0000000087b00000, 0x0000000087b00000| Complete 
| 124|0x0000000087c00000, 0x0000000087d00000, 0x0000000087d00000|100%| E|CS|TAMS 0x0000000087c00000, 0x0000000087c00000| Complete 
| 125|0x0000000087d00000, 0x0000000087e00000, 0x0000000087e00000|100%| E|CS|TAMS 0x0000000087d00000, 0x0000000087d00000| Complete 
| 126|0x0000000087e00000, 0x0000000087f00000, 0x0000000087f00000|100%| E|CS|TAMS 0x0000000087e00000, 0x0000000087e00000| Complete 
| 127|0x0000000087f00000, 0x0000000088000000, 0x0000000088000000|100%| E|CS|TAMS 0x0000000087f00000, 0x0000000087f00000| Complete 
| 128|0x0000000088000000, 0x0000000088100000, 0x0000000088100000|100%| E|CS|TAMS 0x0000000088000000, 0x0000000088000000| Complete 
| 129|0x0000000088100000, 0x0000000088200000, 0x0000000088200000|100%| E|CS|TAMS 0x0000000088100000, 0x0000000088100000| Complete 
| 130|0x0000000088200000, 0x0000000088300000, 0x0000000088300000|100%| E|CS|TAMS 0x0000000088200000, 0x0000000088200000| Complete 
| 131|0x0000000088300000, 0x0000000088400000, 0x0000000088400000|100%| E|CS|TAMS 0x0000000088300000, 0x0000000088300000| Complete 
| 132|0x0000000088400000, 0x0000000088500000, 0x0000000088500000|100%| E|  |TAMS 0x0000000088400000, 0x0000000088400000| Complete 
| 133|0x0000000088500000, 0x0000000088600000, 0x0000000088600000|100%| E|CS|TAMS 0x0000000088500000, 0x0000000088500000| Complete 
| 134|0x0000000088600000, 0x0000000088700000, 0x0000000088700000|100%| E|CS|TAMS 0x0000000088600000, 0x0000000088600000| Complete 
| 135|0x0000000088700000, 0x0000000088800000, 0x0000000088800000|100%| E|CS|TAMS 0x0000000088700000, 0x0000000088700000| Complete 
| 136|0x0000000088800000, 0x0000000088900000, 0x0000000088900000|100%| E|CS|TAMS 0x0000000088800000, 0x0000000088800000| Complete 
| 137|0x0000000088900000, 0x0000000088a00000, 0x0000000088a00000|100%| E|CS|TAMS 0x0000000088900000, 0x0000000088900000| Complete 
| 138|0x0000000088a00000, 0x0000000088b00000, 0x0000000088b00000|100%| E|CS|TAMS 0x0000000088a00000, 0x0000000088a00000| Complete 
| 139|0x0000000088b00000, 0x0000000088c00000, 0x0000000088c00000|100%| E|CS|TAMS 0x0000000088b00000, 0x0000000088b00000| Complete 
| 140|0x0000000088c00000, 0x0000000088d00000, 0x0000000088d00000|100%| E|CS|TAMS 0x0000000088c00000, 0x0000000088c00000| Complete 
| 141|0x0000000088d00000, 0x0000000088e00000, 0x0000000088e00000|100%| E|CS|TAMS 0x0000000088d00000, 0x0000000088d00000| Complete 
| 142|0x0000000088e00000, 0x0000000088f00000, 0x0000000088f00000|100%| E|CS|TAMS 0x0000000088e00000, 0x0000000088e00000| Complete 
| 143|0x0000000088f00000, 0x0000000088fe9310, 0x0000000089000000| 91%| S|CS|TAMS 0x0000000088f00000, 0x0000000088f00000| Complete 
| 144|0x0000000089000000, 0x0000000089100000, 0x0000000089100000|100%| S|CS|TAMS 0x0000000089000000, 0x0000000089000000| Complete 
| 145|0x0000000089100000, 0x0000000089200000, 0x0000000089200000|100%| S|CS|TAMS 0x0000000089100000, 0x0000000089100000| Complete 
| 146|0x0000000089200000, 0x0000000089300000, 0x0000000089300000|100%| E|CS|TAMS 0x0000000089200000, 0x0000000089200000| Complete 
| 147|0x0000000089300000, 0x0000000089400000, 0x0000000089400000|100%| E|CS|TAMS 0x0000000089300000, 0x0000000089300000| Complete 
| 148|0x0000000089400000, 0x0000000089500000, 0x0000000089500000|100%| E|CS|TAMS 0x0000000089400000, 0x0000000089400000| Complete 
| 149|0x0000000089500000, 0x0000000089600000, 0x0000000089600000|100%| E|CS|TAMS 0x0000000089500000, 0x0000000089500000| Complete 
| 150|0x0000000089600000, 0x0000000089700000, 0x0000000089700000|100%| E|CS|TAMS 0x0000000089600000, 0x0000000089600000| Complete 
| 151|0x0000000089700000, 0x0000000089800000, 0x0000000089800000|100%| E|CS|TAMS 0x0000000089700000, 0x0000000089700000| Complete 

Card table byte_map: [0x0000020b3ec80000,0x0000020b3f080000] _byte_map_base: 0x0000020b3e880000

Marking Bits (Prev, Next): (CMBitMap*) 0x0000020b2b32de10, (CMBitMap*) 0x0000020b2b32ddd8
 Prev Bits: [0x0000020b41480000, 0x0000020b43480000)
 Next Bits: [0x0000020b3f480000, 0x0000020b41480000)

Polling page: 0x0000020b29c70000

Metaspace:

Usage:
  Non-class:     54.08 MB capacity,    53.10 MB ( 98%) used,   849.65 KB (  2%) free+waste,   160.13 KB ( <1%) overhead. 
      Class:      8.20 MB capacity,     7.62 MB ( 93%) used,   513.39 KB (  6%) free+waste,    75.31 KB ( <1%) overhead. 
       Both:     62.28 MB capacity,    60.72 MB ( 97%) used,     1.33 MB (  2%) free+waste,   235.44 KB ( <1%) overhead. 

Virtual space:
  Non-class space:       56.00 MB reserved,      54.13 MB ( 97%) committed 
      Class space:        1.00 GB reserved,       8.27 MB ( <1%) committed 
             Both:        1.05 GB reserved,      62.40 MB (  6%) committed 

Chunk freelists:
   Non-Class:  45.00 KB
       Class:  21.00 KB
        Both:  66.00 KB

MaxMetaspaceSize: 17179869184.00 GB
CompressedClassSpaceSize: 1.00 GB
Initial GC threshold: 20.80 MB
Current GC threshold: 98.80 MB
CDS: off

CodeHeap 'non-profiled nmethods': size=120000Kb used=3462Kb max_used=3462Kb free=116537Kb
 bounds [0x0000020b368e0000, 0x0000020b36c50000, 0x0000020b3de10000]
CodeHeap 'profiled nmethods': size=120000Kb used=12827Kb max_used=12827Kb free=107172Kb
 bounds [0x0000020b2f3b0000, 0x0000020b30040000, 0x0000020b368e0000]
CodeHeap 'non-nmethods': size=5760Kb used=2333Kb max_used=2370Kb free=3427Kb
 bounds [0x0000020b2ee10000, 0x0000020b2f080000, 0x0000020b2f3b0000]
 total_blobs=7027 nmethods=6184 adapters=755
 compilation: enabled
              stopped_count=0, restarted_count=0
 full_count=0

Compilation events (20 events):
Event: 7.276 Thread 0x0000020b468db800 6176       3       com.google.common.collect.MapMakerInternalMap$WeakValueReferenceImpl::copyFor (14 bytes)
Event: 7.276 Thread 0x0000020b468db800 nmethod 6176 0x0000020b30013690 code [0x0000020b30013880, 0x0000020b30013d78]
Event: 7.278 Thread 0x0000020b468db800 6178       3       java.lang.ClassLoader::postDefineClass (39 bytes)
Event: 7.278 Thread 0x0000020b468db800 nmethod 6178 0x0000020b30013f10 code [0x0000020b30014100, 0x0000020b30014418]
Event: 7.297 Thread 0x0000020b468db800 6179       3       kotlin.text.StringsKt__StringsJVMKt::startsWith$default (15 bytes)
Event: 7.297 Thread 0x0000020b468db800 nmethod 6179 0x0000020b30014590 code [0x0000020b30014740, 0x0000020b30014888]
Event: 7.297 Thread 0x0000020b468db800 6180       3       kotlin.text.StringsKt__StringsJVMKt::startsWith (37 bytes)
Event: 7.298 Thread 0x0000020b468db800 nmethod 6180 0x0000020b30014990 code [0x0000020b30014c60, 0x0000020b300158b8]
Event: 7.298 Thread 0x0000020b468db800 6181       3       sun.reflect.annotation.AnnotationParser::skipMemberValue (11 bytes)
Event: 7.298 Thread 0x0000020b468db800 nmethod 6181 0x0000020b30015d90 code [0x0000020b30015f60, 0x0000020b30016138]
Event: 7.298 Thread 0x0000020b468db800 6182       3       java.lang.reflect.ProxyGenerator$ProxyMethod::<init> (71 bytes)
Event: 7.299 Thread 0x0000020b468db800 nmethod 6182 0x0000020b30016210 code [0x0000020b30016480, 0x0000020b30016ee8]
Event: 7.300 Thread 0x0000020b468db800 6185       3       com.android.build.gradle.internal.dsl.decorator.DslDecorator$CollectingInfoVisitor::method (323 bytes)
Event: 7.302 Thread 0x0000020b468db800 nmethod 6185 0x0000020b30017210 code [0x0000020b30017760, 0x0000020b30019d18]
Event: 7.304 Thread 0x0000020b468db800 6187       3       java.lang.reflect.Executable::getDeclaredAnnotations (8 bytes)
Event: 7.304 Thread 0x0000020b468db800 nmethod 6187 0x0000020b3001a910 code [0x0000020b3001ab00, 0x0000020b3001af08]
Event: 7.304 Thread 0x0000020b468db800 6188       3       java.util.Collections::singleton (9 bytes)
Event: 7.304 Thread 0x0000020b468db800 nmethod 6188 0x0000020b3001b090 code [0x0000020b3001b260, 0x0000020b3001b578]
Event: 7.304 Thread 0x0000020b468db800 6189       3       java.util.Collections$SingletonSet::<init> (10 bytes)
Event: 7.304 Thread 0x0000020b468db800 nmethod 6189 0x0000020b3001b690 code [0x0000020b3001b860, 0x0000020b3001bad8]

GC Heap History (20 events):
Event: 0.736 GC heap before
{Heap before GC invocations=0 (full 0):
 garbage-first heap   total 129024K, used 29696K [0x0000000080000000, 0x0000000100000000)
  region size 1024K, 24 young (24576K), 0 survivors (0K)
 Metaspace       used 10206K, capacity 10425K, committed 10624K, reserved 1058816K
  class space    used 1051K, capacity 1139K, committed 1152K, reserved 1048576K
}
Event: 0.744 GC heap after
{Heap after GC invocations=1 (full 0):
 garbage-first heap   total 129024K, used 9571K [0x0000000080000000, 0x0000000100000000)
  region size 1024K, 3 young (3072K), 3 survivors (3072K)
 Metaspace       used 10206K, capacity 10425K, committed 10624K, reserved 1058816K
  class space    used 1051K, capacity 1139K, committed 1152K, reserved 1048576K
}
Event: 2.165 GC heap before
{Heap before GC invocations=1 (full 0):
 garbage-first heap   total 129024K, used 83299K [0x0000000080000000, 0x0000000100000000)
  region size 1024K, 75 young (76800K), 3 survivors (3072K)
 Metaspace       used 17565K, capacity 17977K, committed 18176K, reserved 1064960K
  class space    used 2052K, capacity 2211K, committed 2304K, reserved 1048576K
}
Event: 2.170 GC heap after
{Heap after GC invocations=2 (full 0):
 garbage-first heap   total 129024K, used 16187K [0x0000000080000000, 0x0000000100000000)
  region size 1024K, 10 young (10240K), 10 survivors (10240K)
 Metaspace       used 17565K, capacity 17977K, committed 18176K, reserved 1064960K
  class space    used 2052K, capacity 2211K, committed 2304K, reserved 1048576K
}
Event: 2.420 GC heap before
{Heap before GC invocations=2 (full 0):
 garbage-first heap   total 129024K, used 45883K [0x0000000080000000, 0x0000000100000000)
  region size 1024K, 40 young (40960K), 10 survivors (10240K)
 Metaspace       used 20759K, capacity 21191K, committed 21296K, reserved 1069056K
  class space    used 2529K, capacity 2686K, committed 2688K, reserved 1048576K
}
Event: 2.426 GC heap after
{Heap after GC invocations=3 (full 0):
 garbage-first heap   total 129024K, used 17688K [0x0000000080000000, 0x0000000100000000)
  region size 1024K, 2 young (2048K), 2 survivors (2048K)
 Metaspace       used 20759K, capacity 21191K, committed 21296K, reserved 1069056K
  class space    used 2529K, capacity 2686K, committed 2688K, reserved 1048576K
}
Event: 2.982 GC heap before
{Heap before GC invocations=4 (full 0):
 garbage-first heap   total 129024K, used 77080K [0x0000000080000000, 0x0000000100000000)
  region size 1024K, 61 young (62464K), 2 survivors (2048K)
 Metaspace       used 27005K, capacity 27632K, committed 27772K, reserved 1073152K
  class space    used 3491K, capacity 3737K, committed 3788K, reserved 1048576K
}
Event: 2.985 GC heap after
{Heap after GC invocations=5 (full 0):
 garbage-first heap   total 129024K, used 19657K [0x0000000080000000, 0x0000000100000000)
  region size 1024K, 4 young (4096K), 4 survivors (4096K)
 Metaspace       used 27005K, capacity 27632K, committed 27772K, reserved 1073152K
  class space    used 3491K, capacity 3737K, committed 3788K, reserved 1048576K
}
Event: 3.613 GC heap before
{Heap before GC invocations=5 (full 0):
 garbage-first heap   total 129024K, used 71881K [0x0000000080000000, 0x0000000100000000)
  region size 1024K, 56 young (57344K), 4 survivors (4096K)
 Metaspace       used 35115K, capacity 35898K, committed 35964K, reserved 1081344K
  class space    used 4496K, capacity 4792K, committed 4812K, reserved 1048576K
}
Event: 3.621 GC heap after
{Heap after GC invocations=6 (full 0):
 garbage-first heap   total 129024K, used 22901K [0x0000000080000000, 0x0000000100000000)
  region size 1024K, 7 young (7168K), 7 survivors (7168K)
 Metaspace       used 35115K, capacity 35898K, committed 35964K, reserved 1081344K
  class space    used 4496K, capacity 4792K, committed 4812K, reserved 1048576K
}
Event: 4.439 GC heap before
{Heap before GC invocations=7 (full 0):
 garbage-first heap   total 129024K, used 92533K [0x0000000080000000, 0x0000000100000000)
  region size 1024K, 73 young (74752K), 7 survivors (7168K)
 Metaspace       used 40156K, capacity 41160K, committed 41212K, reserved 1085440K
  class space    used 5061K, capacity 5412K, committed 5452K, reserved 1048576K
}
Event: 4.449 GC heap after
{Heap after GC invocations=8 (full 0):
 garbage-first heap   total 129024K, used 28306K [0x0000000080000000, 0x0000000100000000)
  region size 1024K, 9 young (9216K), 9 survivors (9216K)
 Metaspace       used 40156K, capacity 41160K, committed 41212K, reserved 1085440K
  class space    used 5061K, capacity 5412K, committed 5452K, reserved 1048576K
}
Event: 5.070 GC heap before
{Heap before GC invocations=8 (full 0):
 garbage-first heap   total 129024K, used 93842K [0x0000000080000000, 0x0000000100000000)
  region size 1024K, 72 young (73728K), 9 survivors (9216K)
 Metaspace       used 45676K, capacity 46859K, committed 47100K, reserved 1089536K
  class space    used 5800K, capacity 6216K, committed 6220K, reserved 1048576K
}
Event: 5.079 GC heap after
{Heap after GC invocations=9 (full 0):
 garbage-first heap   total 155648K, used 31211K [0x0000000080000000, 0x0000000100000000)
  region size 1024K, 4 young (4096K), 4 survivors (4096K)
 Metaspace       used 45676K, capacity 46859K, committed 47100K, reserved 1089536K
  class space    used 5800K, capacity 6216K, committed 6220K, reserved 1048576K
}
Event: 6.047 GC heap before
{Heap before GC invocations=9 (full 0):
 garbage-first heap   total 155648K, used 118251K [0x0000000080000000, 0x0000000100000000)
  region size 1024K, 82 young (83968K), 4 survivors (4096K)
 Metaspace       used 48844K, capacity 50285K, committed 50428K, reserved 1093632K
  class space    used 6179K, capacity 6670K, committed 6732K, reserved 1048576K
}
Event: 6.054 GC heap after
{Heap after GC invocations=10 (full 0):
 garbage-first heap   total 155648K, used 49632K [0x0000000080000000, 0x0000000100000000)
  region size 1024K, 11 young (11264K), 11 survivors (11264K)
 Metaspace       used 48844K, capacity 50285K, committed 50428K, reserved 1093632K
  class space    used 6179K, capacity 6670K, committed 6732K, reserved 1048576K
}
Event: 6.877 GC heap before
{Heap before GC invocations=10 (full 0):
 garbage-first heap   total 155648K, used 116192K [0x0000000080000000, 0x0000000100000000)
  region size 1024K, 76 young (77824K), 11 survivors (11264K)
 Metaspace       used 57616K, capacity 59184K, committed 59260K, reserved 1101824K
  class space    used 7244K, capacity 7828K, committed 7884K, reserved 1048576K
}
Event: 6.885 GC heap after
{Heap after GC invocations=11 (full 0):
 garbage-first heap   total 155648K, used 53252K [0x0000000080000000, 0x0000000100000000)
  region size 1024K, 4 young (4096K), 4 survivors (4096K)
 Metaspace       used 57616K, capacity 59184K, committed 59260K, reserved 1101824K
  class space    used 7244K, capacity 7828K, committed 7884K, reserved 1048576K
}
Event: 6.973 GC heap before
{Heap before GC invocations=11 (full 0):
 garbage-first heap   total 155648K, used 58372K [0x0000000080000000, 0x0000000100000000)
  region size 1024K, 10 young (10240K), 4 survivors (4096K)
 Metaspace       used 58749K, capacity 60314K, committed 60368K, reserved 1101824K
  class space    used 7402K, capacity 7993K, committed 8012K, reserved 1048576K
}
Event: 6.977 GC heap after
{Heap after GC invocations=12 (full 0):
 garbage-first heap   total 155648K, used 53012K [0x0000000080000000, 0x0000000100000000)
  region size 1024K, 3 young (3072K), 3 survivors (3072K)
 Metaspace       used 58749K, capacity 60314K, committed 60368K, reserved 1101824K
  class space    used 7402K, capacity 7993K, committed 8012K, reserved 1048576K
}

Deoptimization events (20 events):
Event: 7.206 Thread 0x0000020b4917b000 DEOPT PACKING pc=0x0000020b2fff20d7 sp=0x000000f888df3b20
Event: 7.206 Thread 0x0000020b4917b000 DEOPT UNPACKING pc=0x0000020b2ee5a95e sp=0x000000f888df2f78 mode 0
Event: 7.206 Thread 0x0000020b4917b000 DEOPT PACKING pc=0x0000020b2fff20d7 sp=0x000000f888df3b20
Event: 7.206 Thread 0x0000020b4917b000 DEOPT UNPACKING pc=0x0000020b2ee5a95e sp=0x000000f888df2f78 mode 0
Event: 7.207 Thread 0x0000020b4917b000 DEOPT PACKING pc=0x0000020b2fff20d7 sp=0x000000f888df3b20
Event: 7.207 Thread 0x0000020b4917b000 DEOPT UNPACKING pc=0x0000020b2ee5a95e sp=0x000000f888df2f78 mode 0
Event: 7.207 Thread 0x0000020b4917b000 DEOPT PACKING pc=0x0000020b2fff20d7 sp=0x000000f888df3b20
Event: 7.207 Thread 0x0000020b4917b000 DEOPT UNPACKING pc=0x0000020b2ee5a95e sp=0x000000f888df2f78 mode 0
Event: 7.207 Thread 0x0000020b4917b000 DEOPT PACKING pc=0x0000020b2fff20d7 sp=0x000000f888df3b20
Event: 7.207 Thread 0x0000020b4917b000 DEOPT UNPACKING pc=0x0000020b2ee5a95e sp=0x000000f888df2f78 mode 0
Event: 7.207 Thread 0x0000020b4917b000 DEOPT PACKING pc=0x0000020b2fff20d7 sp=0x000000f888df3b20
Event: 7.207 Thread 0x0000020b4917b000 DEOPT UNPACKING pc=0x0000020b2ee5a95e sp=0x000000f888df2f78 mode 0
Event: 7.207 Thread 0x0000020b4917b000 DEOPT PACKING pc=0x0000020b2fff20d7 sp=0x000000f888df3b20
Event: 7.207 Thread 0x0000020b4917b000 DEOPT UNPACKING pc=0x0000020b2ee5a95e sp=0x000000f888df2f78 mode 0
Event: 7.207 Thread 0x0000020b4917b000 DEOPT PACKING pc=0x0000020b2fff20d7 sp=0x000000f888df3b20
Event: 7.207 Thread 0x0000020b4917b000 DEOPT UNPACKING pc=0x0000020b2ee5a95e sp=0x000000f888df2f78 mode 0
Event: 7.211 Thread 0x0000020b4917b000 Uncommon trap: trap_request=0xffffff4d fr.pc=0x0000020b36ac6f24 relative=0x00000000000001e4
Event: 7.211 Thread 0x0000020b4917b000 Uncommon trap: reason=unstable_if action=reinterpret pc=0x0000020b36ac6f24 method=java.security.CodeSource.matchCerts(Ljava/security/CodeSource;Z)Z @ 11 c2
Event: 7.211 Thread 0x0000020b4917b000 DEOPT PACKING pc=0x0000020b36ac6f24 sp=0x000000f888df0e60
Event: 7.211 Thread 0x0000020b4917b000 DEOPT UNPACKING pc=0x0000020b2ee5a1af sp=0x000000f888df0d80 mode 2

Classes redefined (0 events):
No events

Internal exceptions (20 events):
Event: 6.101 Thread 0x0000020b49182800 Exception <a 'java/lang/NoSuchMethodError'{0x000000008934d1a0}: <clinit>> (0x000000008934d1a0) thrown at [./src/hotspot/share/prims/jni.cpp, line 1366]
Event: 6.102 Thread 0x0000020b49182800 Exception <a 'java/lang/NoSuchMethodError'{0x0000000089357708}: <clinit>> (0x0000000089357708) thrown at [./src/hotspot/share/prims/jni.cpp, line 1366]
Event: 6.104 Thread 0x0000020b49182800 Exception <a 'java/lang/NoSuchMethodError'{0x000000008936b508}: <clinit>> (0x000000008936b508) thrown at [./src/hotspot/share/prims/jni.cpp, line 1366]
Event: 6.110 Thread 0x0000020b4917b000 Exception <a 'java/lang/ClassNotFoundException'{0x00000000892157e8}: build_d66buojcqy75b0i3kmxk4o78mBeanInfo> (0x00000000892157e8) thrown at [./src/hotspot/share/classfile/systemDictionary.cpp, line 231]
Event: 6.111 Thread 0x0000020b4917b000 Exception <a 'java/lang/ClassNotFoundException'{0x00000000892207a0}: build_d66buojcqy75b0i3kmxk4o78mCustomizer> (0x00000000892207a0) thrown at [./src/hotspot/share/classfile/systemDictionary.cpp, line 231]
Event: 6.133 Thread 0x0000020b4917b000 Exception <a 'java/lang/ClassNotFoundException'{0x0000000089014f90}: org/gradle/api/internal/plugins/DefaultObjectConfigurationActionBeanInfo> (0x0000000089014f90) thrown at [./src/hotspot/share/classfile/systemDictionary.cpp, line 231]
Event: 6.134 Thread 0x0000020b4917b000 Exception <a 'java/lang/ClassNotFoundException'{0x000000008904b890}: org/gradle/api/internal/plugins/DefaultObjectConfigurationActionCustomizer> (0x000000008904b890) thrown at [./src/hotspot/share/classfile/systemDictionary.cpp, line 231]
Event: 6.290 Thread 0x0000020b4917b000 Exception <a 'java/lang/NoSuchMethodError'{0x0000000088678a18}: 'java.lang.Object java.lang.invoke.DirectMethodHandle$Holder.invokeStatic(java.lang.Object, java.lang.Object, java.lang.Object, java.lang.Object, int)'> (0x0000000088678a18) thrown at [./src/hotspot/share/interpreter/linkResolver.cpp, line 773]
Event: 6.290 Thread 0x0000020b4917b000 Exception <a 'java/lang/NoSuchMethodError'{0x000000008867d410}: 'java.lang.Object java.lang.invoke.DirectMethodHandle$Holder.invokeSpecial(java.lang.Object, java.lang.Object, java.lang.Object, java.lang.Object, java.lang.Object, int)'> (0x000000008867d410) thrown at [./src/hotspot/share/interpreter/linkResolver.cpp, line 773]
Event: 6.291 Thread 0x0000020b4917b000 Exception <a 'java/lang/NoSuchMethodError'{0x0000000088681a50}: 'java.lang.Object java.lang.invoke.Invokers$Holder.linkToTargetMethod(java.lang.Object, java.lang.Object, java.lang.Object, int, java.lang.Object)'> (0x0000000088681a50) thrown at [./src/hotspot/share/interpreter/linkResolver.cpp, line 773]
Event: 6.471 Thread 0x0000020b4917b000 Exception <a 'java/lang/NoSuchMethodError'{0x000000008771dc30}: 'java.lang.Object java.lang.invoke.DirectMethodHandle$Holder.invokeSpecial(java.lang.Object, java.lang.Object, int, int, java.lang.Object, java.lang.Object, java.lang.Object)'> (0x000000008771dc30) thrown at [./src/hotspot/share/interpreter/linkResolver.cpp, line 773]
Event: 6.471 Thread 0x0000020b4917b000 Exception <a 'java/lang/NoSuchMethodError'{0x00000000877221b0}: 'java.lang.Object java.lang.invoke.DelegatingMethodHandle$Holder.reinvoke_L(java.lang.Object, int, int, java.lang.Object, java.lang.Object, java.lang.Object)'> (0x00000000877221b0) thrown at [./src/hotspot/share/interpreter/linkResolver.cpp, line 773]
Event: 6.635 Thread 0x0000020b4917b000 Exception <a 'java/lang/NoSuchMethodError'{0x0000000086a93700}: 'int java.lang.invoke.DirectMethodHandle$Holder.invokeInterface(java.lang.Object, java.lang.Object, java.lang.Object, java.lang.Object)'> (0x0000000086a93700) thrown at [./src/hotspot/share/interpreter/linkResolver.cpp, line 773]
Event: 6.834 Thread 0x0000020b4917b000 Exception <a 'java/lang/NoSuchMethodError'{0x0000000085a22e60}: 'void java.lang.invoke.DirectMethodHandle$Holder.invokeInterface(java.lang.Object, java.lang.Object, java.lang.Object, java.lang.Object)'> (0x0000000085a22e60) thrown at [./src/hotspot/share/interpreter/linkResolver.cpp, line 773]
Event: 6.953 Thread 0x0000020b4917b000 Exception <a 'java/lang/IncompatibleClassChangeError'{0x00000000893aa880}: Found class java.lang.Object, but interface was expected> (0x00000000893aa880) thrown at [./src/hotspot/share/interpreter/linkResolver.cpp, line 839]
Event: 7.007 Thread 0x0000020b4917b000 Implicit null exception at 0x0000020b36c01a54 to 0x0000020b36c01c38
Event: 7.008 Thread 0x0000020b4917b000 Implicit null exception at 0x0000020b36bcc4a6 to 0x0000020b36bccc68
Event: 7.086 Thread 0x0000020b4917b000 Implicit null exception at 0x0000020b36b4862d to 0x0000020b36b488a4
Event: 7.134 Thread 0x0000020b4917b000 Implicit null exception at 0x0000020b36a61d2c to 0x0000020b36a61eda
Event: 7.245 Thread 0x0000020b4917b000 Exception <a 'sun/nio/fs/WindowsException'{0x0000000087f83d18}> (0x0000000087f83d18) thrown at [./src/hotspot/share/prims/jni.cpp, line 616]

Events (20 events):
Event: 7.299 loading class com/android/builder/model/ClassField
Event: 7.299 loading class com/android/builder/model/ClassField done
Event: 7.299 loading class org/gradle/api/Incubating
Event: 7.299 loading class org/gradle/api/Incubating done
Event: 7.301 loading class com/android/build/gradle/internal/dsl/decorator/DslDecorator$findAbstractProperties$1$2
Event: 7.301 loading class com/android/build/gradle/internal/dsl/decorator/DslDecorator$findAbstractProperties$1$2 done
Event: 7.302 loading class com/android/build/gradle/internal/dsl/decorator/DslDecorator$findAbstractProperties$1$3
Event: 7.302 loading class com/android/build/gradle/internal/dsl/decorator/DslDecorator$findAbstractProperties$1$3 done
Event: 7.302 loading class kotlin/jvm/internal/CollectionToArray
Event: 7.302 loading class kotlin/jvm/internal/CollectionToArray done
Event: 7.303 loading class com/android/build/gradle/internal/dsl/decorator/DslDecorator$ManagedProperty
Event: 7.303 loading class com/android/build/gradle/internal/dsl/decorator/DslDecorator$ManagedProperty done
Event: 7.304 loading class com/android/build/gradle/internal/dsl/decorator/annotation/WithLazyInitialization
Event: 7.304 loading class com/android/build/gradle/internal/dsl/decorator/annotation/WithLazyInitialization done
Event: 7.304 loading class org/objectweb/asm/commons/GeneratorAdapter
Event: 7.304 loading class org/objectweb/asm/commons/GeneratorAdapter done
Event: 7.305 loading class org/objectweb/asm/commons/LocalVariablesSorter
Event: 7.305 loading class org/objectweb/asm/commons/LocalVariablesSorter done
Event: 7.308 loading class org/objectweb/asm/MethodTooLargeException
Event: 7.308 loading class org/objectweb/asm/MethodTooLargeException done


Dynamic libraries:
0x00007ff6f3420000 - 0x00007ff6f342a000 	C:\Program Files\Android\Android Studio\jre\bin\java.exe
0x00007ffc850c0000 - 0x00007ffc852c9000 	C:\WINDOWS\SYSTEM32\ntdll.dll
0x00007ffc841e0000 - 0x00007ffc8429d000 	C:\WINDOWS\System32\KERNEL32.DLL
0x00007ffc82930000 - 0x00007ffc82cab000 	C:\WINDOWS\System32\KERNELBASE.dll
0x00007ffc82750000 - 0x00007ffc82861000 	C:\WINDOWS\System32\ucrtbase.dll
0x00007ffc44860000 - 0x00007ffc44879000 	C:\Program Files\Android\Android Studio\jre\bin\jli.dll
0x00007ffc47d40000 - 0x00007ffc47d57000 	C:\Program Files\Android\Android Studio\jre\bin\VCRUNTIME140.dll
0x00007ffc84640000 - 0x00007ffc847ed000 	C:\WINDOWS\System32\USER32.dll
0x00007ffc82f10000 - 0x00007ffc82f36000 	C:\WINDOWS\System32\win32u.dll
0x00007ffc6dda0000 - 0x00007ffc6e045000 	C:\WINDOWS\WinSxS\amd64_microsoft.windows.common-controls_6595b64144ccf1df_6.0.22000.120_none_9d947278b86cc467\COMCTL32.dll
0x00007ffc84110000 - 0x00007ffc84139000 	C:\WINDOWS\System32\GDI32.dll
0x00007ffc83eb0000 - 0x00007ffc83f53000 	C:\WINDOWS\System32\msvcrt.dll
0x00007ffc82590000 - 0x00007ffc826a8000 	C:\WINDOWS\System32\gdi32full.dll
0x00007ffc826b0000 - 0x00007ffc8274d000 	C:\WINDOWS\System32\msvcp_win.dll
0x00007ffc85040000 - 0x00007ffc85071000 	C:\WINDOWS\System32\IMM32.DLL
0x00007ffc17c40000 - 0x00007ffc17cdd000 	C:\Program Files\Android\Android Studio\jre\bin\msvcp140.dll
0x00007ffbfae60000 - 0x00007ffbfb962000 	C:\Program Files\Android\Android Studio\jre\bin\server\jvm.dll
0x00007ffc83e00000 - 0x00007ffc83eae000 	C:\WINDOWS\System32\ADVAPI32.dll
0x00007ffc84140000 - 0x00007ffc841de000 	C:\WINDOWS\System32\sechost.dll
0x00007ffc82f40000 - 0x00007ffc83060000 	C:\WINDOWS\System32\RPCRT4.dll
0x00007ffc83980000 - 0x00007ffc83988000 	C:\WINDOWS\System32\PSAPI.DLL
0x00007ffc6c020000 - 0x00007ffc6c029000 	C:\WINDOWS\SYSTEM32\WSOCK32.dll
0x00007ffc72130000 - 0x00007ffc72163000 	C:\WINDOWS\SYSTEM32\WINMM.dll
0x00007ffc7abf0000 - 0x00007ffc7abfa000 	C:\WINDOWS\SYSTEM32\VERSION.dll
0x00007ffc84fd0000 - 0x00007ffc8503f000 	C:\WINDOWS\System32\WS2_32.dll
0x00007ffc81700000 - 0x00007ffc81718000 	C:\WINDOWS\SYSTEM32\kernel.appcore.dll
0x00007ffc7d590000 - 0x00007ffc7d5a1000 	C:\Program Files\Android\Android Studio\jre\bin\verify.dll
0x00007ffc7fd60000 - 0x00007ffc7ff81000 	C:\WINDOWS\SYSTEM32\DBGHELP.DLL
0x00007ffc680a0000 - 0x00007ffc680d1000 	C:\WINDOWS\SYSTEM32\dbgcore.DLL
0x00007ffc82d20000 - 0x00007ffc82d9f000 	C:\WINDOWS\System32\bcryptPrimitives.dll
0x00007ffc6fcd0000 - 0x00007ffc6fcf9000 	C:\Program Files\Android\Android Studio\jre\bin\java.dll
0x00007ffc7e950000 - 0x00007ffc7e95b000 	C:\Program Files\Android\Android Studio\jre\bin\jimage.dll
0x00007ffc6fbd0000 - 0x00007ffc6fbe8000 	C:\Program Files\Android\Android Studio\jre\bin\zip.dll
0x00007ffc83060000 - 0x00007ffc83818000 	C:\WINDOWS\System32\SHELL32.dll
0x00007ffc80680000 - 0x00007ffc80ee5000 	C:\WINDOWS\SYSTEM32\windows.storage.dll
0x00007ffc84c50000 - 0x00007ffc84fc7000 	C:\WINDOWS\System32\combase.dll
0x00007ffc80510000 - 0x00007ffc80676000 	C:\WINDOWS\SYSTEM32\wintypes.dll
0x00007ffc84300000 - 0x00007ffc843ea000 	C:\WINDOWS\System32\SHCORE.dll
0x00007ffc842a0000 - 0x00007ffc842fd000 	C:\WINDOWS\System32\shlwapi.dll
0x00007ffc824c0000 - 0x00007ffc824e1000 	C:\WINDOWS\SYSTEM32\profapi.dll
0x00007ffc6fbb0000 - 0x00007ffc6fbca000 	C:\Program Files\Android\Android Studio\jre\bin\net.dll
0x00007ffc7bdf0000 - 0x00007ffc7befc000 	C:\WINDOWS\SYSTEM32\WINHTTP.dll
0x00007ffc81ba0000 - 0x00007ffc81c07000 	C:\WINDOWS\system32\mswsock.dll
0x00007ffc6fb90000 - 0x00007ffc6fba4000 	C:\Program Files\Android\Android Studio\jre\bin\nio.dll
0x00007ffc6fa50000 - 0x00007ffc6fa77000 	C:\Users\marcd\.gradle\native\e1d6ef7f7dcc3fd88c89a11ec53ec762bb8ba0a96d01ffa2cd45eb1d1d8dd5c5\windows-amd64\native-platform.dll
0x00007ffc19a90000 - 0x00007ffc19bd4000 	C:\Users\marcd\.gradle\native\5664cfc778a61ccfe75a443a1ab52a65af34e5dc3c78e0209fed803814484fcb\windows-amd64\native-platform-file-events.dll
0x00007ffc7e840000 - 0x00007ffc7e84a000 	C:\Program Files\Android\Android Studio\jre\bin\management.dll
0x00007ffc7d7c0000 - 0x00007ffc7d7cd000 	C:\Program Files\Android\Android Studio\jre\bin\management_ext.dll
0x00007ffc81df0000 - 0x00007ffc81e08000 	C:\WINDOWS\SYSTEM32\CRYPTSP.dll
0x00007ffc81660000 - 0x00007ffc81695000 	C:\WINDOWS\system32\rsaenh.dll
0x00007ffc81c90000 - 0x00007ffc81cb9000 	C:\WINDOWS\SYSTEM32\USERENV.dll
0x00007ffc81f70000 - 0x00007ffc81f97000 	C:\WINDOWS\SYSTEM32\bcrypt.dll
0x00007ffc81de0000 - 0x00007ffc81dec000 	C:\WINDOWS\SYSTEM32\CRYPTBASE.dll
0x00007ffc811b0000 - 0x00007ffc811dd000 	C:\WINDOWS\SYSTEM32\IPHLPAPI.DLL
0x00007ffc83820000 - 0x00007ffc83829000 	C:\WINDOWS\System32\NSI.dll
0x00007ffc7c650000 - 0x00007ffc7c669000 	C:\WINDOWS\SYSTEM32\dhcpcsvc6.DLL
0x00007ffc7c3c0000 - 0x00007ffc7c3de000 	C:\WINDOWS\SYSTEM32\dhcpcsvc.DLL
0x00007ffc81230000 - 0x00007ffc81318000 	C:\WINDOWS\SYSTEM32\DNSAPI.dll

dbghelp: loaded successfully - version: 4.0.5 - missing functions: none
symbol engine: initialized successfully - sym options: 0x614 - pdb path: .;C:\Program Files\Android\Android Studio\jre\bin;C:\WINDOWS\SYSTEM32;C:\WINDOWS\WinSxS\amd64_microsoft.windows.common-controls_6595b64144ccf1df_6.0.22000.120_none_9d947278b86cc467;C:\Program Files\Android\Android Studio\jre\bin\server;C:\Users\marcd\.gradle\native\e1d6ef7f7dcc3fd88c89a11ec53ec762bb8ba0a96d01ffa2cd45eb1d1d8dd5c5\windows-amd64;C:\Users\marcd\.gradle\native\5664cfc778a61ccfe75a443a1ab52a65af34e5dc3c78e0209fed803814484fcb\windows-amd64

VM Arguments:
jvm_args: --add-opens=java.base/java.util=ALL-UNNAMED --add-opens=java.base/java.lang=ALL-UNNAMED --add-opens=java.base/java.lang.invoke=ALL-UNNAMED --add-opens=java.base/java.util=ALL-UNNAMED --add-opens=java.prefs/java.util.prefs=ALL-UNNAMED --add-opens=java.prefs/java.util.prefs=ALL-UNNAMED --add-opens=java.base/java.nio.charset=ALL-UNNAMED --add-opens=java.base/java.net=ALL-UNNAMED --add-opens=java.base/java.util.concurrent.atomic=ALL-UNNAMED -Xmx2048m -Dfile.encoding=UTF-8 -Duser.country=PH -Duser.language=en -Duser.variant 
java_command: org.gradle.launcher.daemon.bootstrap.GradleDaemon 7.3.3
java_class_path (initial): C:\Users\marcd\.gradle\wrapper\dists\gradle-7.3.3-bin\6a41zxkdtcxs8rphpq6y0069z\gradle-7.3.3\lib\gradle-launcher-7.3.3.jar
Launcher Type: SUN_STANDARD

[Global flags]
     intx CICompilerCount                          = 4                                         {product} {ergonomic}
     uint ConcGCThreads                            = 2                                         {product} {ergonomic}
     uint G1ConcRefinementThreads                  = 8                                         {product} {ergonomic}
   size_t G1HeapRegionSize                         = 1048576                                   {product} {ergonomic}
    uintx GCDrainStackTargetSize                   = 64                                        {product} {ergonomic}
   size_t InitialHeapSize                          = 132120576                                 {product} {ergonomic}
   size_t MarkStackSize                            = 4194304                                   {product} {ergonomic}
   size_t MaxHeapSize                              = 2147483648                                {product} {command line}
   size_t MaxNewSize                               = 1287651328                                {product} {ergonomic}
   size_t MinHeapDeltaBytes                        = 1048576                                   {product} {ergonomic}
    uintx NonNMethodCodeHeapSize                   = 5836300                                {pd product} {ergonomic}
    uintx NonProfiledCodeHeapSize                  = 122910970                              {pd product} {ergonomic}
    uintx ProfiledCodeHeapSize                     = 122910970                              {pd product} {ergonomic}
    uintx ReservedCodeCacheSize                    = 251658240                              {pd product} {ergonomic}
     bool SegmentedCodeCache                       = true                                      {product} {ergonomic}
     bool UseCompressedClassPointers               = true                                 {lp64_product} {ergonomic}
     bool UseCompressedOops                        = true                                 {lp64_product} {ergonomic}
     bool UseG1GC                                  = true                                      {product} {ergonomic}
     bool UseLargePagesIndividualAllocation        = false                                  {pd product} {ergonomic}

Logging:
Log output configuration:
 #0: stdout all=warning uptime,level,tags
 #1: stderr all=off uptime,level,tags

Environment Variables:
JAVA_HOME=C:\Program Files\Java\jdk-11.0.16
PATH=C:\Program Files\Common Files\Oracle\Java\javapath;C:\Windows\system32;C:\Windows;C:\Windows\System32\Wbem;C:\Windows\System32\WindowsPowerShell\v1.0\;C:\Windows\System32\OpenSSH\;C:\Program Files (x86)\NVIDIA Corporation\PhysX\Common;C:\Program Files\NVIDIA Corporation\NVIDIA NvDLISR;C:\WINDOWS\system32;C:\WINDOWS;C:\WINDOWS\System32\Wbem;C:\WINDOWS\System32\WindowsPowerShell\v1.0\;C:\WINDOWS\System32\OpenSSH\;C:\Program Files\dotnet\;C:\Program Files\Microsoft VS Code\bin;C:\Program Files\nodejs\;C:\Program Files\Java\jdk-11.0.16\bin;C:\Program Files\MATLAB\R2022b\bin;C:\Program Files\Git\cmd;C:\Users\marcd\AppData\Local\Microsoft\WindowsApps;C:\Users\marcd\AppData\Roaming\npm;C:\Users\marcd\AppData\Local\GitHubDesktop\bin
USERNAME=marcd
OS=Windows_NT
PROCESSOR_IDENTIFIER=Intel64 Family 6 Model 158 Stepping 10, GenuineIntel



---------------  S Y S T E M  ---------------

OS: Windows 11 , 64 bit Build 22000 (10.0.22000.708)
OS uptime: 0 days 20:53 hours

CPU:total 8 (initial active 8) (4 cores per cpu, 2 threads per core) family 6 model 158 stepping 10 microcode 0xde, cmov, cx8, fxsr, mmx, sse, sse2, sse3, ssse3, sse4.1, sse4.2, popcnt, avx, avx2, aes, clmul, erms, 3dnowpref, lzcnt, ht, tsc, tscinvbit, bmi1, bmi2, adx, fma

Memory: 4k page, system-wide physical 8044M (376M free)
TotalPageFile size 16236M (AvailPageFile size 2M)
current process WorkingSet (physical memory assigned to process): 359M, peak: 359M
current process commit charge ("private bytes"): 397M, peak: 397M

vm_info: OpenJDK 64-Bit Server VM (11.0.13+0-b1751.21-8125866) for windows-amd64 JRE (11.0.13+0-b1751.21-8125866), built on Feb  2 2022 03:00:22 by "builder" with MS VC++ 14.0 (VS2015)

END.
