#
# There is insufficient memory for the Java Runtime Environment to continue.
# Native memory allocation (malloc) failed to allocate 1441616 bytes for Chunk::new
# Possible reasons:
#   The system is out of physical RAM or swap space
#   The process is running with CompressedOops enabled, and the Java Heap may be blocking the growth of the native heap
# Possible solutions:
#   Reduce memory load on the system
#   Increase physical memory or swap space
#   Check if swap backing store is full
#   Decrease Java heap size (-Xmx/-Xms)
#   Decrease number of Java threads
#   Decrease Java thread stack sizes (-Xss)
#   Set larger code cache with -XX:ReservedCodeCacheSize=
#   JVM is running with Unscaled Compressed Oops mode in which the Java heap is
#     placed in the first 4GB address space. The Java Heap base address is the
#     maximum limit for the native heap growth. Please use -XX:HeapBaseMinAddress
#     to set the Java Heap base and to place the Java Heap above 4GB virtual address.
# This output file may be truncated or incomplete.
#
#  Out of Memory Error (./src/hotspot/share/memory/arena.cpp:197), pid=19200, tid=24536
#
# JRE version: OpenJDK Runtime Environment (11.0.13) (build 11.0.13+0-b1751.21-8125866)
# Java VM: OpenJDK 64-Bit Server VM (11.0.13+0-b1751.21-8125866, mixed mode, tiered, compressed oops, g1 gc, windows-amd64)
# No core dump will be written. Minidumps are not enabled by default on client versions of Windows
#

---------------  S U M M A R Y ------------

Command Line: --add-opens=java.base/java.util=ALL-UNNAMED --add-opens=java.base/java.lang=ALL-UNNAMED --add-opens=java.base/java.lang.invoke=ALL-UNNAMED --add-opens=java.base/java.util=ALL-UNNAMED --add-opens=java.prefs/java.util.prefs=ALL-UNNAMED --add-opens=java.prefs/java.util.prefs=ALL-UNNAMED --add-opens=java.base/java.nio.charset=ALL-UNNAMED --add-opens=java.base/java.net=ALL-UNNAMED --add-opens=java.base/java.util.concurrent.atomic=ALL-UNNAMED -Xmx2048m -Dfile.encoding=UTF-8 -Duser.country=PH -Duser.language=en -Duser.variant org.gradle.launcher.daemon.bootstrap.GradleDaemon 7.3.3

Host: Intel(R) Core(TM) i5-9300H CPU @ 2.40GHz, 8 cores, 7G,  Windows 11 , 64 bit Build 22000 (10.0.22000.708)
Time: Sat Oct 29 14:03:08 2022 Malay Peninsula Standard Time elapsed time: 7.794291 seconds (0d 0h 0m 7s)

---------------  T H R E A D  ---------------

Current thread (0x000001654c494800):  JavaThread "C2 CompilerThread1" daemon [_thread_in_native, id=24536, stack(0x00000057ccc00000,0x00000057ccd00000)]


Current CompileTask:
C2:   7794 6845       4       groovy.lang.MetaClassImpl::addMetaMethodToIndex (65 bytes)

Stack: [0x00000057ccc00000,0x00000057ccd00000]
Native frames: (J=compiled Java code, j=interpreted, Vv=VM code, C=native code)
V  [jvm.dll+0x6100fa]
V  [jvm.dll+0x747090]
V  [jvm.dll+0x7486ad]
V  [jvm.dll+0x748d83]
V  [jvm.dll+0x24ab48]
V  [jvm.dll+0xc04dc]
V  [jvm.dll+0xc0a0c]
V  [jvm.dll+0x35eb9d]
V  [jvm.dll+0x19d7bc]
V  [jvm.dll+0x2033be]
V  [jvm.dll+0x202437]
V  [jvm.dll+0x188e01]
V  [jvm.dll+0x21106b]
V  [jvm.dll+0x20f8c1]
V  [jvm.dll+0x70de0f]
V  [jvm.dll+0x706a75]
V  [jvm.dll+0x60ed66]
C  [ucrtbase.dll+0x26c0c]
C  [KERNEL32.DLL+0x154e0]
C  [ntdll.dll+0x485b]


---------------  P R O C E S S  ---------------

Threads class SMR info:
_java_thread_list=0x0000016552173620, length=124, elements={
0x000001652fb6c800, 0x000001654a014000, 0x000001654a021800, 0x000001654a034000,
0x000001654a035000, 0x000001654a036800, 0x000001654a992800, 0x000001654a996800,
0x000001654a999800, 0x000001654aae7800, 0x000001654c1c8000, 0x000001654ac7c800,
0x000001654ca30000, 0x000001654c077000, 0x000001654d2a8800, 0x000001654c24f800,
0x000001654d283800, 0x000001654bf0f800, 0x000001654cae3800, 0x000001654da30800,
0x000001654c494800, 0x000001654c979000, 0x000001654c977800, 0x000001654c979800,
0x000001654c97a800, 0x000001654c97c000, 0x000001654c97d000, 0x000001654c97b800,
0x000001654c97e000, 0x000001654c978000, 0x000001654db53800, 0x000001654db56000,
0x000001654db53000, 0x000001654db55800, 0x000001654db57000, 0x000001654db51800,
0x000001654db58000, 0x000001654db52000, 0x000001654db5a000, 0x000001654db5c800,
0x000001654db5e800, 0x000001654db5c000, 0x000001654db5b000, 0x000001654db5d800,
0x000001654db58800, 0x000001654db5f000, 0x000001654db59800, 0x000001654db60000,
0x00000165506f9000, 0x00000165506fa000, 0x00000165506f4800, 0x00000165506f7800,
0x00000165506f5000, 0x00000165506fb000, 0x00000165506fb800, 0x00000165506f6000,
0x00000165506fc800, 0x00000165506f6800, 0x00000165506fd000, 0x00000165506f8800,
0x0000016550701800, 0x0000016550700800, 0x00000165506ff000, 0x00000165506fe000,
0x00000165506ff800, 0x0000016550702000, 0x0000016550703000, 0x0000016552019000,
0x0000016552018000, 0x0000016552016800, 0x0000016552013800, 0x000001655201a000,
0x0000016552014000, 0x000001655201a800, 0x0000016552015000, 0x0000016552017800,
0x000001655201b800, 0x0000016552015800, 0x000001655201d000, 0x000001655201e800,
0x0000016552020800, 0x000001655201e000, 0x000001655201f800, 0x0000016552021000,
0x0000016552022000, 0x000001655201c800, 0x000001655048d800, 0x000001655048e800,
0x000001655048b000, 0x000001655048f800, 0x0000016550491000, 0x0000016550492000,
0x000001655048c000, 0x0000016550490000, 0x0000016550492800, 0x000001655048d000,
0x0000016550493800, 0x0000016550496800, 0x0000016550494000, 0x0000016550497800,
0x0000016550498800, 0x0000016550495000, 0x0000016550496000, 0x0000016550499000,
0x000001655049a000, 0x000001654e1a4800, 0x000001654e1a5000, 0x000001654e1ab000,
0x000001654e1ab800, 0x000001654e1a9000, 0x000001654e1a7800, 0x000001654e1a6000,
0x000001654e1a6800, 0x000001654e1aa000, 0x000001654e1ac800, 0x000001654e1ad800,
0x000001654e1ae000, 0x000001654e1a8800, 0x000001654e1af800, 0x000001654e1b0800,
0x000001654e1b1800, 0x000001654e1b2000, 0x000001654e1b3000, 0x000001654e1af000
}

Java Threads: ( => current thread )
  0x000001652fb6c800 JavaThread "main" [_thread_blocked, id=15996, stack(0x00000057caf00000,0x00000057cb000000)]
  0x000001654a014000 JavaThread "Reference Handler" daemon [_thread_blocked, id=22252, stack(0x00000057cb600000,0x00000057cb700000)]
  0x000001654a021800 JavaThread "Finalizer" daemon [_thread_blocked, id=12964, stack(0x00000057cb700000,0x00000057cb800000)]
  0x000001654a034000 JavaThread "Signal Dispatcher" daemon [_thread_blocked, id=19500, stack(0x00000057cb800000,0x00000057cb900000)]
  0x000001654a035000 JavaThread "Attach Listener" daemon [_thread_blocked, id=5784, stack(0x00000057cb900000,0x00000057cba00000)]
  0x000001654a036800 JavaThread "Service Thread" daemon [_thread_blocked, id=4620, stack(0x00000057cba00000,0x00000057cbb00000)]
  0x000001654a992800 JavaThread "C2 CompilerThread0" daemon [_thread_in_native, id=18284, stack(0x00000057cbb00000,0x00000057cbc00000)]
  0x000001654a996800 JavaThread "C1 CompilerThread0" daemon [_thread_in_native, id=23888, stack(0x00000057cbc00000,0x00000057cbd00000)]
  0x000001654a999800 JavaThread "Sweeper thread" daemon [_thread_blocked, id=23996, stack(0x00000057cbd00000,0x00000057cbe00000)]
  0x000001654aae7800 JavaThread "Common-Cleaner" daemon [_thread_blocked, id=23024, stack(0x00000057cbe00000,0x00000057cbf00000)]
  0x000001654c1c8000 JavaThread "Daemon health stats" [_thread_blocked, id=8724, stack(0x00000057cc400000,0x00000057cc500000)]
  0x000001654ac7c800 JavaThread "Incoming local TCP Connector on port 56319" [_thread_in_native, id=8688, stack(0x00000057cc000000,0x00000057cc100000)]
  0x000001654ca30000 JavaThread "Daemon periodic checks" [_thread_blocked, id=23644, stack(0x00000057cc300000,0x00000057cc400000)]
  0x000001654c077000 JavaThread "Daemon" [_thread_blocked, id=23884, stack(0x00000057cc500000,0x00000057cc600000)]
  0x000001654d2a8800 JavaThread "Handler for socket connection from /127.0.0.1:56319 to /127.0.0.1:56320" [_thread_in_native, id=23868, stack(0x00000057cc600000,0x00000057cc700000)]
  0x000001654c24f800 JavaThread "Cancel handler" [_thread_blocked, id=20468, stack(0x00000057cc700000,0x00000057cc800000)]
  0x000001654d283800 JavaThread "Daemon worker" [_thread_in_vm, id=23352, stack(0x00000057cc800000,0x00000057cc900000)]
  0x000001654bf0f800 JavaThread "Asynchronous log dispatcher for DefaultDaemonConnection: socket connection from /127.0.0.1:56319 to /127.0.0.1:56320" [_thread_blocked, id=24560, stack(0x00000057cc900000,0x00000057cca00000)]
  0x000001654cae3800 JavaThread "Stdin handler" [_thread_blocked, id=24548, stack(0x00000057cca00000,0x00000057ccb00000)]
  0x000001654da30800 JavaThread "Daemon client event forwarder" [_thread_blocked, id=24544, stack(0x00000057ccb00000,0x00000057ccc00000)]
=>0x000001654c494800 JavaThread "C2 CompilerThread1" daemon [_thread_in_native, id=24536, stack(0x00000057ccc00000,0x00000057ccd00000)]
  0x000001654c979000 JavaThread "Cache worker for journal cache (C:\Users\marcd\.gradle\caches\journal-1)" [_thread_blocked, id=21960, stack(0x00000057cd200000,0x00000057cd300000)]
  0x000001654c977800 JavaThread "File lock request listener" [_thread_in_native, id=21636, stack(0x00000057cd300000,0x00000057cd400000)]
  0x000001654c979800 JavaThread "Cache worker for file hash cache (C:\Users\marcd\.gradle\caches\7.3.3\fileHashes)" [_thread_blocked, id=16568, stack(0x00000057cd400000,0x00000057cd500000)]
  0x000001654c97a800 JavaThread "Cache worker for file hash cache (C:\Users\marcd\Documents\GitHub\FirePh\FirePH_BAMM-master\.gradle\7.3.3\fileHashes)" [_thread_blocked, id=24532, stack(0x00000057cd600000,0x00000057cd700000)]
  0x000001654c97c000 JavaThread "File watcher server" daemon [_thread_in_native, id=21972, stack(0x00000057cd700000,0x00000057cd800000)]
  0x000001654c97d000 JavaThread "File watcher consumer" daemon [_thread_blocked, id=23244, stack(0x00000057cd800000,0x00000057cd900000)]
  0x000001654c97b800 JavaThread "Cache worker for checksums cache (C:\Users\marcd\Documents\GitHub\FirePh\FirePH_BAMM-master\.gradle\7.3.3\checksums)" [_thread_blocked, id=14876, stack(0x00000057cd900000,0x00000057cda00000)]
  0x000001654c97e000 JavaThread "Cache worker for cache directory md-supplier (C:\Users\marcd\.gradle\caches\7.3.3\md-supplier)" [_thread_blocked, id=24044, stack(0x00000057cda00000,0x00000057cdb00000)]
  0x000001654c978000 JavaThread "Cache worker for cache directory md-rule (C:\Users\marcd\.gradle\caches\7.3.3\md-rule)" [_thread_blocked, id=21064, stack(0x00000057cdb00000,0x00000057cdc00000)]
  0x000001654db53800 JavaThread "Cache worker for execution history cache (C:\Users\marcd\.gradle\caches\7.3.3\executionHistory)" [_thread_blocked, id=22036, stack(0x00000057cdc00000,0x00000057cdd00000)]
  0x000001654db56000 JavaThread "jar transforms" [_thread_blocked, id=14820, stack(0x00000057cdd00000,0x00000057cde00000)]
  0x000001654db53000 JavaThread "Cache worker for file content cache (C:\Users\marcd\.gradle\caches\7.3.3\fileContent)" [_thread_blocked, id=22208, stack(0x00000057cde00000,0x00000057cdf00000)]
  0x000001654db55800 JavaThread "jar transforms Thread 2" [_thread_blocked, id=23812, stack(0x00000057cdf00000,0x00000057ce000000)]
  0x000001654db57000 JavaThread "Cache worker for dependencies-accessors (C:\Users\marcd\Documents\GitHub\FirePh\FirePH_BAMM-master\.gradle\7.3.3\dependencies-accessors)" [_thread_blocked, id=6936, stack(0x00000057ce000000,0x00000057ce100000)]
  0x000001654db51800 JavaThread "jar transforms Thread 3" [_thread_blocked, id=8516, stack(0x00000057ce100000,0x00000057ce200000)]
  0x000001654db58000 JavaThread "Cache worker for Build Output Cleanup Cache (C:\Users\marcd\Documents\GitHub\FirePh\FirePH_BAMM-master\.gradle\buildOutputCleanup)" [_thread_blocked, id=24008, stack(0x00000057ce200000,0x00000057ce300000)]
  0x000001654db52000 JavaThread "Unconstrained build operations" [_thread_blocked, id=24504, stack(0x00000057ce300000,0x00000057ce400000)]
  0x000001654db5a000 JavaThread "Unconstrained build operations Thread 2" [_thread_blocked, id=23860, stack(0x00000057ce400000,0x00000057ce500000)]
  0x000001654db5c800 JavaThread "Unconstrained build operations Thread 3" [_thread_blocked, id=21928, stack(0x00000057ce500000,0x00000057ce600000)]
  0x000001654db5e800 JavaThread "Unconstrained build operations Thread 4" [_thread_blocked, id=24036, stack(0x00000057ce600000,0x00000057ce700000)]
  0x000001654db5c000 JavaThread "Unconstrained build operations Thread 5" [_thread_blocked, id=24088, stack(0x00000057ce700000,0x00000057ce800000)]
  0x000001654db5b000 JavaThread "Unconstrained build operations Thread 6" [_thread_blocked, id=7672, stack(0x00000057ce800000,0x00000057ce900000)]
  0x000001654db5d800 JavaThread "Unconstrained build operations Thread 7" [_thread_blocked, id=13112, stack(0x00000057ce900000,0x00000057cea00000)]
  0x000001654db58800 JavaThread "Unconstrained build operations Thread 8" [_thread_blocked, id=19704, stack(0x00000057cea00000,0x00000057ceb00000)]
  0x000001654db5f000 JavaThread "Unconstrained build operations Thread 9" [_thread_blocked, id=13304, stack(0x00000057ceb00000,0x00000057cec00000)]
  0x000001654db59800 JavaThread "Unconstrained build operations Thread 10" [_thread_blocked, id=24348, stack(0x00000057cec00000,0x00000057ced00000)]
  0x000001654db60000 JavaThread "Unconstrained build operations Thread 11" [_thread_blocked, id=23856, stack(0x00000057ced00000,0x00000057cee00000)]
  0x00000165506f9000 JavaThread "Unconstrained build operations Thread 12" [_thread_blocked, id=24364, stack(0x00000057cee00000,0x00000057cef00000)]
  0x00000165506fa000 JavaThread "Unconstrained build operations Thread 13" [_thread_blocked, id=4468, stack(0x00000057cef00000,0x00000057cf000000)]
  0x00000165506f4800 JavaThread "Unconstrained build operations Thread 14" [_thread_blocked, id=10552, stack(0x00000057cf000000,0x00000057cf100000)]
  0x00000165506f7800 JavaThread "Unconstrained build operations Thread 15" [_thread_blocked, id=6372, stack(0x00000057cf100000,0x00000057cf200000)]
  0x00000165506f5000 JavaThread "Unconstrained build operations Thread 16" [_thread_blocked, id=10460, stack(0x00000057cf200000,0x00000057cf300000)]
  0x00000165506fb000 JavaThread "Unconstrained build operations Thread 17" [_thread_blocked, id=20372, stack(0x00000057cf300000,0x00000057cf400000)]
  0x00000165506fb800 JavaThread "Unconstrained build operations Thread 18" [_thread_blocked, id=10560, stack(0x00000057cf400000,0x00000057cf500000)]
  0x00000165506f6000 JavaThread "Unconstrained build operations Thread 19" [_thread_blocked, id=9636, stack(0x00000057cf500000,0x00000057cf600000)]
  0x00000165506fc800 JavaThread "Unconstrained build operations Thread 20" [_thread_blocked, id=4392, stack(0x00000057cf600000,0x00000057cf700000)]
  0x00000165506f6800 JavaThread "Unconstrained build operations Thread 21" [_thread_blocked, id=3436, stack(0x00000057cf700000,0x00000057cf800000)]
  0x00000165506fd000 JavaThread "Unconstrained build operations Thread 22" [_thread_blocked, id=22124, stack(0x00000057cf800000,0x00000057cf900000)]
  0x00000165506f8800 JavaThread "Unconstrained build operations Thread 23" [_thread_blocked, id=24416, stack(0x00000057cf900000,0x00000057cfa00000)]
  0x0000016550701800 JavaThread "Unconstrained build operations Thread 24" [_thread_blocked, id=24340, stack(0x00000057cfa00000,0x00000057cfb00000)]
  0x0000016550700800 JavaThread "Unconstrained build operations Thread 25" [_thread_blocked, id=24408, stack(0x00000057cfb00000,0x00000057cfc00000)]
  0x00000165506ff000 JavaThread "Unconstrained build operations Thread 26" [_thread_blocked, id=23624, stack(0x00000057cfc00000,0x00000057cfd00000)]
  0x00000165506fe000 JavaThread "Unconstrained build operations Thread 27" [_thread_blocked, id=23864, stack(0x00000057cfd00000,0x00000057cfe00000)]
  0x00000165506ff800 JavaThread "Unconstrained build operations Thread 28" [_thread_blocked, id=23872, stack(0x00000057cfe00000,0x00000057cff00000)]
  0x0000016550702000 JavaThread "Unconstrained build operations Thread 29" [_thread_blocked, id=24104, stack(0x00000057cff00000,0x00000057d0000000)]
  0x0000016550703000 JavaThread "Unconstrained build operations Thread 30" [_thread_blocked, id=21804, stack(0x00000057d0000000,0x00000057d0100000)]
  0x0000016552019000 JavaThread "Unconstrained build operations Thread 31" [_thread_blocked, id=8840, stack(0x00000057d0100000,0x00000057d0200000)]
  0x0000016552018000 JavaThread "Unconstrained build operations Thread 32" [_thread_blocked, id=17724, stack(0x00000057d0200000,0x00000057d0300000)]
  0x0000016552016800 JavaThread "Unconstrained build operations Thread 33" [_thread_blocked, id=12172, stack(0x00000057d0300000,0x00000057d0400000)]
  0x0000016552013800 JavaThread "Unconstrained build operations Thread 34" [_thread_blocked, id=23420, stack(0x00000057d0400000,0x00000057d0500000)]
  0x000001655201a000 JavaThread "Unconstrained build operations Thread 35" [_thread_blocked, id=21980, stack(0x00000057d0500000,0x00000057d0600000)]
  0x0000016552014000 JavaThread "Unconstrained build operations Thread 36" [_thread_blocked, id=10972, stack(0x00000057d0600000,0x00000057d0700000)]
  0x000001655201a800 JavaThread "Unconstrained build operations Thread 37" [_thread_blocked, id=24164, stack(0x00000057d0700000,0x00000057d0800000)]
  0x0000016552015000 JavaThread "Unconstrained build operations Thread 38" [_thread_blocked, id=24200, stack(0x00000057d0800000,0x00000057d0900000)]
  0x0000016552017800 JavaThread "Unconstrained build operations Thread 39" [_thread_blocked, id=24312, stack(0x00000057d0900000,0x00000057d0a00000)]
  0x000001655201b800 JavaThread "Unconstrained build operations Thread 40" [_thread_blocked, id=24520, stack(0x00000057d0a00000,0x00000057d0b00000)]
  0x0000016552015800 JavaThread "Unconstrained build operations Thread 41" [_thread_blocked, id=4760, stack(0x00000057d0b00000,0x00000057d0c00000)]
  0x000001655201d000 JavaThread "Unconstrained build operations Thread 42" [_thread_blocked, id=23136, stack(0x00000057d0c00000,0x00000057d0d00000)]
  0x000001655201e800 JavaThread "Unconstrained build operations Thread 43" [_thread_blocked, id=21128, stack(0x00000057d0d00000,0x00000057d0e00000)]
  0x0000016552020800 JavaThread "Unconstrained build operations Thread 44" [_thread_blocked, id=23080, stack(0x00000057d0e00000,0x00000057d0f00000)]
  0x000001655201e000 JavaThread "Unconstrained build operations Thread 45" [_thread_blocked, id=23896, stack(0x00000057d0f00000,0x00000057d1000000)]
  0x000001655201f800 JavaThread "Unconstrained build operations Thread 46" [_thread_blocked, id=11912, stack(0x00000057d1000000,0x00000057d1100000)]
  0x0000016552021000 JavaThread "Unconstrained build operations Thread 47" [_thread_blocked, id=19620, stack(0x00000057d1100000,0x00000057d1200000)]
  0x0000016552022000 JavaThread "Unconstrained build operations Thread 48" [_thread_blocked, id=22156, stack(0x00000057d1200000,0x00000057d1300000)]
  0x000001655201c800 JavaThread "Unconstrained build operations Thread 49" [_thread_blocked, id=24476, stack(0x00000057d1300000,0x00000057d1400000)]
  0x000001655048d800 JavaThread "Unconstrained build operations Thread 50" [_thread_blocked, id=24480, stack(0x00000057d1400000,0x00000057d1500000)]
  0x000001655048e800 JavaThread "Unconstrained build operations Thread 51" [_thread_blocked, id=22968, stack(0x00000057d1500000,0x00000057d1600000)]
  0x000001655048b000 JavaThread "Unconstrained build operations Thread 52" [_thread_blocked, id=22284, stack(0x00000057d1600000,0x00000057d1700000)]
  0x000001655048f800 JavaThread "Unconstrained build operations Thread 53" [_thread_blocked, id=12440, stack(0x00000057d1700000,0x00000057d1800000)]
  0x0000016550491000 JavaThread "Unconstrained build operations Thread 54" [_thread_blocked, id=22772, stack(0x00000057d1800000,0x00000057d1900000)]
  0x0000016550492000 JavaThread "Unconstrained build operations Thread 55" [_thread_blocked, id=308, stack(0x00000057d1900000,0x00000057d1a00000)]
  0x000001655048c000 JavaThread "Unconstrained build operations Thread 56" [_thread_blocked, id=2572, stack(0x00000057d1a00000,0x00000057d1b00000)]
  0x0000016550490000 JavaThread "Unconstrained build operations Thread 57" [_thread_blocked, id=22172, stack(0x00000057d1b00000,0x00000057d1c00000)]
  0x0000016550492800 JavaThread "Unconstrained build operations Thread 58" [_thread_blocked, id=22696, stack(0x00000057d1c00000,0x00000057d1d00000)]
  0x000001655048d000 JavaThread "Unconstrained build operations Thread 59" [_thread_blocked, id=24112, stack(0x00000057d1d00000,0x00000057d1e00000)]
  0x0000016550493800 JavaThread "Unconstrained build operations Thread 60" [_thread_blocked, id=21148, stack(0x00000057d1e00000,0x00000057d1f00000)]
  0x0000016550496800 JavaThread "Unconstrained build operations Thread 61" [_thread_blocked, id=12988, stack(0x00000057d1f00000,0x00000057d2000000)]
  0x0000016550494000 JavaThread "Unconstrained build operations Thread 62" [_thread_blocked, id=22496, stack(0x00000057d2000000,0x00000057d2100000)]
  0x0000016550497800 JavaThread "Unconstrained build operations Thread 63" [_thread_blocked, id=22544, stack(0x00000057d2100000,0x00000057d2200000)]
  0x0000016550498800 JavaThread "Unconstrained build operations Thread 64" [_thread_blocked, id=9192, stack(0x00000057d2200000,0x00000057d2300000)]
  0x0000016550495000 JavaThread "Unconstrained build operations Thread 65" [_thread_blocked, id=20644, stack(0x00000057d2300000,0x00000057d2400000)]
  0x0000016550496000 JavaThread "Unconstrained build operations Thread 66" [_thread_blocked, id=6692, stack(0x00000057d2400000,0x00000057d2500000)]
  0x0000016550499000 JavaThread "Unconstrained build operations Thread 67" [_thread_blocked, id=18024, stack(0x00000057d2500000,0x00000057d2600000)]
  0x000001655049a000 JavaThread "Unconstrained build operations Thread 68" [_thread_blocked, id=16444, stack(0x00000057d2600000,0x00000057d2700000)]
  0x000001654e1a4800 JavaThread "Unconstrained build operations Thread 69" [_thread_blocked, id=16096, stack(0x00000057d2700000,0x00000057d2800000)]
  0x000001654e1a5000 JavaThread "Unconstrained build operations Thread 70" [_thread_blocked, id=24372, stack(0x00000057d2800000,0x00000057d2900000)]
  0x000001654e1ab000 JavaThread "Unconstrained build operations Thread 71" [_thread_blocked, id=24160, stack(0x00000057d2900000,0x00000057d2a00000)]
  0x000001654e1ab800 JavaThread "Unconstrained build operations Thread 72" [_thread_blocked, id=24228, stack(0x00000057d2a00000,0x00000057d2b00000)]
  0x000001654e1a9000 JavaThread "Unconstrained build operations Thread 73" [_thread_blocked, id=24404, stack(0x00000057d2b00000,0x00000057d2c00000)]
  0x000001654e1a7800 JavaThread "Unconstrained build operations Thread 74" [_thread_blocked, id=24516, stack(0x00000057d2c00000,0x00000057d2d00000)]
  0x000001654e1a6000 JavaThread "Unconstrained build operations Thread 75" [_thread_blocked, id=24196, stack(0x00000057d2d00000,0x00000057d2e00000)]
  0x000001654e1a6800 JavaThread "Unconstrained build operations Thread 76" [_thread_blocked, id=21648, stack(0x00000057d2e00000,0x00000057d2f00000)]
  0x000001654e1aa000 JavaThread "Unconstrained build operations Thread 77" [_thread_blocked, id=2148, stack(0x00000057d2f00000,0x00000057d3000000)]
  0x000001654e1ac800 JavaThread "Unconstrained build operations Thread 78" [_thread_blocked, id=23800, stack(0x00000057d3000000,0x00000057d3100000)]
  0x000001654e1ad800 JavaThread "Unconstrained build operations Thread 79" [_thread_blocked, id=23772, stack(0x00000057d3100000,0x00000057d3200000)]
  0x000001654e1ae000 JavaThread "Unconstrained build operations Thread 80" [_thread_blocked, id=22272, stack(0x00000057d3200000,0x00000057d3300000)]
  0x000001654e1a8800 JavaThread "jar transforms Thread 4" [_thread_blocked, id=1852, stack(0x00000057d3300000,0x00000057d3400000)]
  0x000001654e1af800 JavaThread "jar transforms Thread 5" [_thread_blocked, id=23348, stack(0x00000057d3400000,0x00000057d3500000)]
  0x000001654e1b0800 JavaThread "jar transforms Thread 6" [_thread_blocked, id=21996, stack(0x00000057d3500000,0x00000057d3600000)]
  0x000001654e1b1800 JavaThread "jar transforms Thread 7" [_thread_blocked, id=22472, stack(0x00000057d3600000,0x00000057d3700000)]
  0x000001654e1b2000 JavaThread "jar transforms Thread 8" [_thread_blocked, id=17864, stack(0x00000057d3700000,0x00000057d3800000)]
  0x000001654e1b3000 JavaThread "Memory manager" [_thread_blocked, id=9596, stack(0x00000057d3800000,0x00000057d3900000)]
  0x000001654e1af000 JavaThread "build event listener" [_thread_blocked, id=22748, stack(0x00000057d3900000,0x00000057d3a00000)]

Other Threads:
  0x000001654a012000 VMThread "VM Thread" [stack: 0x00000057cb500000,0x00000057cb600000] [id=13080]
  0x000001654ab04800 WatcherThread [stack: 0x00000057cbf00000,0x00000057cc000000] [id=23692]
  0x000001652fb87800 GCTaskThread "GC Thread#0" [stack: 0x00000057cb000000,0x00000057cb100000] [id=20192]
  0x000001654b54e800 GCTaskThread "GC Thread#1" [stack: 0x00000057cc100000,0x00000057cc200000] [id=23332]
  0x000001654b189800 GCTaskThread "GC Thread#2" [stack: 0x00000057cc200000,0x00000057cc300000] [id=8164]
  0x000001654ce56800 GCTaskThread "GC Thread#3" [stack: 0x00000057ccd00000,0x00000057cce00000] [id=24568]
  0x000001654c493800 GCTaskThread "GC Thread#4" [stack: 0x00000057cce00000,0x00000057ccf00000] [id=23604]
  0x000001654c433800 GCTaskThread "GC Thread#5" [stack: 0x00000057ccf00000,0x00000057cd000000] [id=24564]
  0x000001654dc83800 GCTaskThread "GC Thread#6" [stack: 0x00000057cd000000,0x00000057cd100000] [id=24552]
  0x000001654be70800 GCTaskThread "GC Thread#7" [stack: 0x00000057cd100000,0x00000057cd200000] [id=23940]
  0x000001652fbb8800 ConcurrentGCThread "G1 Main Marker" [stack: 0x00000057cb100000,0x00000057cb200000] [id=24524]
  0x000001652fbbb000 ConcurrentGCThread "G1 Conc#0" [stack: 0x00000057cb200000,0x00000057cb300000] [id=5652]
  0x000001654d5fd000 ConcurrentGCThread "G1 Conc#1" [stack: 0x00000057cd500000,0x00000057cd600000] [id=24572]
  0x000001652fc4d800 ConcurrentGCThread "G1 Refine#0" [stack: 0x00000057cb300000,0x00000057cb400000] [id=22072]
  0x000001652fc4e800 ConcurrentGCThread "G1 Young RemSet Sampling" [stack: 0x00000057cb400000,0x00000057cb500000] [id=13692]

Threads with active compile tasks:
C2 CompilerThread0   7825 6889       4       groovy.lang.MetaClassImpl$1MOPIter::methodNameAction (325 bytes)
C2 CompilerThread1   7825 6845       4       groovy.lang.MetaClassImpl::addMetaMethodToIndex (65 bytes)

VM state:not at safepoint (normal execution)

VM Mutex/Monitor currently owned by a thread: None

Heap address: 0x0000000080000000, size: 2048 MB, Compressed Oops mode: 32-bit
Narrow klass base: 0x0000000000000000, Narrow klass shift: 3
Compressed class space size: 1073741824 Address: 0x0000000100000000

Heap:
 garbage-first heap   total 187392K, used 91269K [0x0000000080000000, 0x0000000100000000)
  region size 1024K, 35 young (35840K), 4 survivors (4096K)
 Metaspace       used 67867K, capacity 69633K, committed 69788K, reserved 1110016K
  class space    used 8527K, capacity 9202K, committed 9240K, reserved 1048576K
Heap Regions: E=young(eden), S=young(survivor), O=old, HS=humongous(starts), HC=humongous(continues), CS=collection set, F=free, A=archive, TAMS=top-at-mark-start (previous, next)
|   0|0x0000000080000000, 0x0000000080100000, 0x0000000080100000|100%| O|  |TAMS 0x0000000080100000, 0x0000000080000000| Untracked 
|   1|0x0000000080100000, 0x0000000080200000, 0x0000000080200000|100%| O|  |TAMS 0x0000000080200000, 0x0000000080100000| Untracked 
|   2|0x0000000080200000, 0x0000000080300000, 0x0000000080300000|100%| O|  |TAMS 0x0000000080300000, 0x0000000080200000| Untracked 
|   3|0x0000000080300000, 0x0000000080400000, 0x0000000080400000|100%|HS|  |TAMS 0x0000000080400000, 0x0000000080300000| Complete 
|   4|0x0000000080400000, 0x0000000080500000, 0x0000000080500000|100%|HC|  |TAMS 0x0000000080500000, 0x0000000080400000| Complete 
|   5|0x0000000080500000, 0x0000000080600000, 0x0000000080600000|100%|HC|  |TAMS 0x0000000080600000, 0x0000000080500000| Complete 
|   6|0x0000000080600000, 0x0000000080700000, 0x0000000080700000|100%| O|  |TAMS 0x0000000080700000, 0x0000000080600000| Untracked 
|   7|0x0000000080700000, 0x0000000080800000, 0x0000000080800000|100%| O|  |TAMS 0x0000000080800000, 0x0000000080700000| Untracked 
|   8|0x0000000080800000, 0x0000000080900000, 0x0000000080900000|100%| O|  |TAMS 0x0000000080900000, 0x0000000080800000| Untracked 
|   9|0x0000000080900000, 0x0000000080a00000, 0x0000000080a00000|100%| O|  |TAMS 0x0000000080a00000, 0x0000000080900000| Untracked 
|  10|0x0000000080a00000, 0x0000000080b00000, 0x0000000080b00000|100%| O|  |TAMS 0x0000000080b00000, 0x0000000080a00000| Untracked 
|  11|0x0000000080b00000, 0x0000000080c00000, 0x0000000080c00000|100%| O|  |TAMS 0x0000000080c00000, 0x0000000080b00000| Untracked 
|  12|0x0000000080c00000, 0x0000000080d00000, 0x0000000080d00000|100%| O|  |TAMS 0x0000000080d00000, 0x0000000080c00000| Untracked 
|  13|0x0000000080d00000, 0x0000000080e00000, 0x0000000080e00000|100%| O|  |TAMS 0x0000000080e00000, 0x0000000080d00000| Untracked 
|  14|0x0000000080e00000, 0x0000000080f00000, 0x0000000080f00000|100%| O|  |TAMS 0x0000000080f00000, 0x0000000080e00000| Untracked 
|  15|0x0000000080f00000, 0x0000000081000000, 0x0000000081000000|100%| O|  |TAMS 0x0000000081000000, 0x0000000080f00000| Untracked 
|  16|0x0000000081000000, 0x0000000081100000, 0x0000000081100000|100%|HS|  |TAMS 0x0000000081100000, 0x0000000081000000| Complete 
|  17|0x0000000081100000, 0x0000000081200000, 0x0000000081200000|100%| O|  |TAMS 0x0000000081200000, 0x0000000081100000| Untracked 
|  18|0x0000000081200000, 0x0000000081300000, 0x0000000081300000|100%| O|  |TAMS 0x0000000081300000, 0x0000000081200000| Untracked 
|  19|0x0000000081300000, 0x0000000081400000, 0x0000000081400000|100%| O|  |TAMS 0x0000000081400000, 0x0000000081300000| Untracked 
|  20|0x0000000081400000, 0x0000000081500000, 0x0000000081500000|100%| O|  |TAMS 0x0000000081500000, 0x0000000081400000| Untracked 
|  21|0x0000000081500000, 0x0000000081600000, 0x0000000081600000|100%| O|  |TAMS 0x0000000081600000, 0x0000000081500000| Untracked 
|  22|0x0000000081600000, 0x0000000081700000, 0x0000000081700000|100%| O|  |TAMS 0x0000000081700000, 0x0000000081600000| Untracked 
|  23|0x0000000081700000, 0x0000000081800000, 0x0000000081800000|100%| O|  |TAMS 0x0000000081800000, 0x0000000081700000| Untracked 
|  24|0x0000000081800000, 0x0000000081900000, 0x0000000081900000|100%| O|  |TAMS 0x0000000081900000, 0x0000000081800000| Untracked 
|  25|0x0000000081900000, 0x0000000081a00000, 0x0000000081a00000|100%| O|  |TAMS 0x0000000081a00000, 0x0000000081900000| Untracked 
|  26|0x0000000081a00000, 0x0000000081b00000, 0x0000000081b00000|100%| O|  |TAMS 0x0000000081b00000, 0x0000000081a00000| Untracked 
|  27|0x0000000081b00000, 0x0000000081c00000, 0x0000000081c00000|100%| O|  |TAMS 0x0000000081c00000, 0x0000000081b00000| Untracked 
|  28|0x0000000081c00000, 0x0000000081d00000, 0x0000000081d00000|100%|HS|  |TAMS 0x0000000081d00000, 0x0000000081c00000| Complete 
|  29|0x0000000081d00000, 0x0000000081e00000, 0x0000000081e00000|100%|HS|  |TAMS 0x0000000081e00000, 0x0000000081d00000| Complete 
|  30|0x0000000081e00000, 0x0000000081f00000, 0x0000000081f00000|100%|HS|  |TAMS 0x0000000081f00000, 0x0000000081e00000| Complete 
|  31|0x0000000081f00000, 0x0000000082000000, 0x0000000082000000|100%|HC|  |TAMS 0x0000000082000000, 0x0000000081f00000| Complete 
|  32|0x0000000082000000, 0x0000000082100000, 0x0000000082100000|100%|HC|  |TAMS 0x0000000082100000, 0x0000000082000000| Complete 
|  33|0x0000000082100000, 0x0000000082200000, 0x0000000082200000|100%|HS|  |TAMS 0x0000000082200000, 0x0000000082100000| Complete 
|  34|0x0000000082200000, 0x0000000082300000, 0x0000000082300000|100%|HC|  |TAMS 0x0000000082300000, 0x0000000082200000| Complete 
|  35|0x0000000082300000, 0x0000000082400000, 0x0000000082400000|100%| O|  |TAMS 0x0000000082400000, 0x0000000082300000| Untracked 
|  36|0x0000000082400000, 0x0000000082500000, 0x0000000082500000|100%| O|  |TAMS 0x0000000082500000, 0x0000000082400000| Untracked 
|  37|0x0000000082500000, 0x0000000082600000, 0x0000000082600000|100%| O|  |TAMS 0x0000000082600000, 0x0000000082500000| Untracked 
|  38|0x0000000082600000, 0x0000000082700000, 0x0000000082700000|100%| O|  |TAMS 0x0000000082700000, 0x0000000082600000| Untracked 
|  39|0x0000000082700000, 0x0000000082800000, 0x0000000082800000|100%| O|  |TAMS 0x0000000082800000, 0x0000000082700000| Untracked 
|  40|0x0000000082800000, 0x0000000082900000, 0x0000000082900000|100%| O|  |TAMS 0x0000000082900000, 0x0000000082800000| Untracked 
|  41|0x0000000082900000, 0x0000000082a00000, 0x0000000082a00000|100%| O|  |TAMS 0x0000000082a00000, 0x0000000082900000| Untracked 
|  42|0x0000000082a00000, 0x0000000082b00000, 0x0000000082b00000|100%| O|  |TAMS 0x0000000082b00000, 0x0000000082a00000| Untracked 
|  43|0x0000000082b00000, 0x0000000082c00000, 0x0000000082c00000|100%| O|  |TAMS 0x0000000082c00000, 0x0000000082b00000| Untracked 
|  44|0x0000000082c00000, 0x0000000082d00000, 0x0000000082d00000|100%| O|  |TAMS 0x0000000082d00000, 0x0000000082c00000| Untracked 
|  45|0x0000000082d00000, 0x0000000082e00000, 0x0000000082e00000|100%| O|  |TAMS 0x0000000082e00000, 0x0000000082d00000| Untracked 
|  46|0x0000000082e00000, 0x0000000082f00000, 0x0000000082f00000|100%| O|  |TAMS 0x0000000082f00000, 0x0000000082e00000| Untracked 
|  47|0x0000000082f00000, 0x0000000083000000, 0x0000000083000000|100%| O|  |TAMS 0x0000000083000000, 0x0000000082f00000| Untracked 
|  48|0x0000000083000000, 0x0000000083100000, 0x0000000083100000|100%| O|  |TAMS 0x00000000830d7e00, 0x0000000083000000| Untracked 
|  49|0x0000000083100000, 0x0000000083100000, 0x0000000083200000|  0%| F|  |TAMS 0x0000000083100000, 0x0000000083100000| Untracked 
|  50|0x0000000083200000, 0x0000000083300000, 0x0000000083300000|100%| O|  |TAMS 0x0000000083200000, 0x0000000083200000| Untracked 
|  51|0x0000000083300000, 0x0000000083400000, 0x0000000083400000|100%| O|  |TAMS 0x0000000083300000, 0x0000000083300000| Untracked 
|  52|0x0000000083400000, 0x0000000083500000, 0x0000000083500000|100%| O|  |TAMS 0x0000000083400000, 0x0000000083400000| Untracked 
|  53|0x0000000083500000, 0x0000000083600000, 0x0000000083600000|100%| O|  |TAMS 0x0000000083500000, 0x0000000083500000| Untracked 
|  54|0x0000000083600000, 0x0000000083700000, 0x0000000083700000|100%| O|  |TAMS 0x0000000083600000, 0x0000000083600000| Untracked 
|  55|0x0000000083700000, 0x0000000083800000, 0x0000000083800000|100%| O|  |TAMS 0x0000000083700000, 0x0000000083700000| Untracked 
|  56|0x0000000083800000, 0x00000000838b5800, 0x0000000083900000| 70%| O|  |TAMS 0x0000000083800000, 0x0000000083800000| Untracked 
|  57|0x0000000083900000, 0x0000000083900000, 0x0000000083a00000|  0%| F|  |TAMS 0x0000000083900000, 0x0000000083900000| Untracked 
|  58|0x0000000083a00000, 0x0000000083a00000, 0x0000000083b00000|  0%| F|  |TAMS 0x0000000083a00000, 0x0000000083a00000| Untracked 
|  59|0x0000000083b00000, 0x0000000083b00000, 0x0000000083c00000|  0%| F|  |TAMS 0x0000000083b00000, 0x0000000083b00000| Untracked 
|  60|0x0000000083c00000, 0x0000000083c00000, 0x0000000083d00000|  0%| F|  |TAMS 0x0000000083c00000, 0x0000000083c00000| Untracked 
|  61|0x0000000083d00000, 0x0000000083d00000, 0x0000000083e00000|  0%| F|  |TAMS 0x0000000083d00000, 0x0000000083d00000| Untracked 
|  62|0x0000000083e00000, 0x0000000083e00000, 0x0000000083f00000|  0%| F|  |TAMS 0x0000000083e00000, 0x0000000083e00000| Untracked 
|  63|0x0000000083f00000, 0x0000000083f00000, 0x0000000084000000|  0%| F|  |TAMS 0x0000000083f00000, 0x0000000083f00000| Untracked 
|  64|0x0000000084000000, 0x0000000084000000, 0x0000000084100000|  0%| F|  |TAMS 0x0000000084000000, 0x0000000084000000| Untracked 
|  65|0x0000000084100000, 0x0000000084100000, 0x0000000084200000|  0%| F|  |TAMS 0x0000000084100000, 0x0000000084100000| Untracked 
|  66|0x0000000084200000, 0x0000000084200000, 0x0000000084300000|  0%| F|  |TAMS 0x0000000084200000, 0x0000000084200000| Untracked 
|  67|0x0000000084300000, 0x0000000084300000, 0x0000000084400000|  0%| F|  |TAMS 0x0000000084300000, 0x0000000084300000| Untracked 
|  68|0x0000000084400000, 0x0000000084400000, 0x0000000084500000|  0%| F|  |TAMS 0x0000000084400000, 0x0000000084400000| Untracked 
|  69|0x0000000084500000, 0x0000000084500000, 0x0000000084600000|  0%| F|  |TAMS 0x0000000084500000, 0x0000000084500000| Untracked 
|  70|0x0000000084600000, 0x0000000084600000, 0x0000000084700000|  0%| F|  |TAMS 0x0000000084600000, 0x0000000084600000| Untracked 
|  71|0x0000000084700000, 0x0000000084700000, 0x0000000084800000|  0%| F|  |TAMS 0x0000000084700000, 0x0000000084700000| Untracked 
|  72|0x0000000084800000, 0x0000000084800000, 0x0000000084900000|  0%| F|  |TAMS 0x0000000084800000, 0x0000000084800000| Untracked 
|  73|0x0000000084900000, 0x0000000084900000, 0x0000000084a00000|  0%| F|  |TAMS 0x0000000084900000, 0x0000000084900000| Untracked 
|  74|0x0000000084a00000, 0x0000000084a00000, 0x0000000084b00000|  0%| F|  |TAMS 0x0000000084a00000, 0x0000000084a00000| Untracked 
|  75|0x0000000084b00000, 0x0000000084b00000, 0x0000000084c00000|  0%| F|  |TAMS 0x0000000084b00000, 0x0000000084b00000| Untracked 
|  76|0x0000000084c00000, 0x0000000084c00000, 0x0000000084d00000|  0%| F|  |TAMS 0x0000000084c00000, 0x0000000084c00000| Untracked 
|  77|0x0000000084d00000, 0x0000000084d00000, 0x0000000084e00000|  0%| F|  |TAMS 0x0000000084d00000, 0x0000000084d00000| Untracked 
|  78|0x0000000084e00000, 0x0000000084e00000, 0x0000000084f00000|  0%| F|  |TAMS 0x0000000084e00000, 0x0000000084e00000| Untracked 
|  79|0x0000000084f00000, 0x0000000084f00000, 0x0000000085000000|  0%| F|  |TAMS 0x0000000084f00000, 0x0000000084f00000| Untracked 
|  80|0x0000000085000000, 0x0000000085000000, 0x0000000085100000|  0%| F|  |TAMS 0x0000000085000000, 0x0000000085000000| Untracked 
|  81|0x0000000085100000, 0x0000000085100000, 0x0000000085200000|  0%| F|  |TAMS 0x0000000085100000, 0x0000000085100000| Untracked 
|  82|0x0000000085200000, 0x0000000085200000, 0x0000000085300000|  0%| F|  |TAMS 0x0000000085200000, 0x0000000085200000| Untracked 
|  83|0x0000000085300000, 0x0000000085300000, 0x0000000085400000|  0%| F|  |TAMS 0x0000000085300000, 0x0000000085300000| Untracked 
|  84|0x0000000085400000, 0x0000000085400000, 0x0000000085500000|  0%| F|  |TAMS 0x0000000085400000, 0x0000000085400000| Untracked 
|  85|0x0000000085500000, 0x0000000085500000, 0x0000000085600000|  0%| F|  |TAMS 0x0000000085500000, 0x0000000085500000| Untracked 
|  86|0x0000000085600000, 0x0000000085600000, 0x0000000085700000|  0%| F|  |TAMS 0x0000000085600000, 0x0000000085600000| Untracked 
|  87|0x0000000085700000, 0x0000000085700000, 0x0000000085800000|  0%| F|  |TAMS 0x0000000085700000, 0x0000000085700000| Untracked 
|  88|0x0000000085800000, 0x000000008586bee0, 0x0000000085900000| 42%| S|CS|TAMS 0x0000000085800000, 0x0000000085800000| Complete 
|  89|0x0000000085900000, 0x0000000085900000, 0x0000000085a00000|  0%| F|  |TAMS 0x0000000085900000, 0x0000000085900000| Untracked 
|  90|0x0000000085a00000, 0x0000000085a00000, 0x0000000085b00000|  0%| F|  |TAMS 0x0000000085a00000, 0x0000000085a00000| Untracked 
|  91|0x0000000085b00000, 0x0000000085b00000, 0x0000000085c00000|  0%| F|  |TAMS 0x0000000085b00000, 0x0000000085b00000| Untracked 
|  92|0x0000000085c00000, 0x0000000085c00000, 0x0000000085d00000|  0%| F|  |TAMS 0x0000000085c00000, 0x0000000085c00000| Untracked 
|  93|0x0000000085d00000, 0x0000000085d00000, 0x0000000085e00000|  0%| F|  |TAMS 0x0000000085d00000, 0x0000000085d00000| Untracked 
|  94|0x0000000085e00000, 0x0000000085e00000, 0x0000000085f00000|  0%| F|  |TAMS 0x0000000085e00000, 0x0000000085e00000| Untracked 
|  95|0x0000000085f00000, 0x0000000085f00000, 0x0000000086000000|  0%| F|  |TAMS 0x0000000085f00000, 0x0000000085f00000| Untracked 
|  96|0x0000000086000000, 0x0000000086100000, 0x0000000086100000|100%| S|CS|TAMS 0x0000000086000000, 0x0000000086000000| Complete 
|  97|0x0000000086100000, 0x0000000086200000, 0x0000000086200000|100%| S|CS|TAMS 0x0000000086100000, 0x0000000086100000| Complete 
|  98|0x0000000086200000, 0x0000000086300000, 0x0000000086300000|100%| S|CS|TAMS 0x0000000086200000, 0x0000000086200000| Complete 
|  99|0x0000000086300000, 0x0000000086300000, 0x0000000086400000|  0%| F|  |TAMS 0x0000000086300000, 0x0000000086300000| Untracked 
| 100|0x0000000086400000, 0x0000000086400000, 0x0000000086500000|  0%| F|  |TAMS 0x0000000086400000, 0x0000000086400000| Untracked 
| 101|0x0000000086500000, 0x0000000086500000, 0x0000000086600000|  0%| F|  |TAMS 0x0000000086500000, 0x0000000086500000| Untracked 
| 102|0x0000000086600000, 0x0000000086600000, 0x0000000086700000|  0%| F|  |TAMS 0x0000000086600000, 0x0000000086600000| Untracked 
| 103|0x0000000086700000, 0x0000000086700000, 0x0000000086800000|  0%| F|  |TAMS 0x0000000086700000, 0x0000000086700000| Untracked 
| 104|0x0000000086800000, 0x0000000086800000, 0x0000000086900000|  0%| F|  |TAMS 0x0000000086800000, 0x0000000086800000| Untracked 
| 105|0x0000000086900000, 0x0000000086900000, 0x0000000086a00000|  0%| F|  |TAMS 0x0000000086900000, 0x0000000086900000| Untracked 
| 106|0x0000000086a00000, 0x0000000086a00000, 0x0000000086b00000|  0%| F|  |TAMS 0x0000000086a00000, 0x0000000086a00000| Untracked 
| 107|0x0000000086b00000, 0x0000000086b00000, 0x0000000086c00000|  0%| F|  |TAMS 0x0000000086b00000, 0x0000000086b00000| Untracked 
| 108|0x0000000086c00000, 0x0000000086c00000, 0x0000000086d00000|  0%| F|  |TAMS 0x0000000086c00000, 0x0000000086c00000| Untracked 
| 109|0x0000000086d00000, 0x0000000086d00000, 0x0000000086e00000|  0%| F|  |TAMS 0x0000000086d00000, 0x0000000086d00000| Untracked 
| 110|0x0000000086e00000, 0x0000000086e00000, 0x0000000086f00000|  0%| F|  |TAMS 0x0000000086e00000, 0x0000000086e00000| Untracked 
| 111|0x0000000086f00000, 0x0000000086f00000, 0x0000000087000000|  0%| F|  |TAMS 0x0000000086f00000, 0x0000000086f00000| Untracked 
| 112|0x0000000087000000, 0x0000000087000000, 0x0000000087100000|  0%| F|  |TAMS 0x0000000087000000, 0x0000000087000000| Untracked 
| 113|0x0000000087100000, 0x0000000087100000, 0x0000000087200000|  0%| F|  |TAMS 0x0000000087100000, 0x0000000087100000| Untracked 
| 114|0x0000000087200000, 0x0000000087200000, 0x0000000087300000|  0%| F|  |TAMS 0x0000000087200000, 0x0000000087200000| Untracked 
| 115|0x0000000087300000, 0x0000000087300000, 0x0000000087400000|  0%| F|  |TAMS 0x0000000087300000, 0x0000000087300000| Untracked 
| 116|0x0000000087400000, 0x0000000087400000, 0x0000000087500000|  0%| F|  |TAMS 0x0000000087400000, 0x0000000087400000| Untracked 
| 117|0x0000000087500000, 0x0000000087500000, 0x0000000087600000|  0%| F|  |TAMS 0x0000000087500000, 0x0000000087500000| Untracked 
| 118|0x0000000087600000, 0x0000000087600000, 0x0000000087700000|  0%| F|  |TAMS 0x0000000087600000, 0x0000000087600000| Untracked 
| 119|0x0000000087700000, 0x0000000087700000, 0x0000000087800000|  0%| F|  |TAMS 0x0000000087700000, 0x0000000087700000| Untracked 
| 120|0x0000000087800000, 0x0000000087800000, 0x0000000087900000|  0%| F|  |TAMS 0x0000000087800000, 0x0000000087800000| Untracked 
| 121|0x0000000087900000, 0x0000000087900000, 0x0000000087a00000|  0%| F|  |TAMS 0x0000000087900000, 0x0000000087900000| Untracked 
| 122|0x0000000087a00000, 0x0000000087a00000, 0x0000000087b00000|  0%| F|  |TAMS 0x0000000087a00000, 0x0000000087a00000| Untracked 
| 123|0x0000000087b00000, 0x0000000087b00000, 0x0000000087c00000|  0%| F|  |TAMS 0x0000000087b00000, 0x0000000087b00000| Untracked 
| 124|0x0000000087c00000, 0x0000000087c00000, 0x0000000087d00000|  0%| F|  |TAMS 0x0000000087c00000, 0x0000000087c00000| Untracked 
| 125|0x0000000087d00000, 0x0000000087d00000, 0x0000000087e00000|  0%| F|  |TAMS 0x0000000087d00000, 0x0000000087d00000| Untracked 
| 126|0x0000000087e00000, 0x0000000087e00000, 0x0000000087f00000|  0%| F|  |TAMS 0x0000000087e00000, 0x0000000087e00000| Untracked 
| 127|0x0000000087f00000, 0x0000000087f00000, 0x0000000088000000|  0%| F|  |TAMS 0x0000000087f00000, 0x0000000087f00000| Untracked 
| 128|0x0000000088000000, 0x0000000088000000, 0x0000000088100000|  0%| F|  |TAMS 0x0000000088000000, 0x0000000088000000| Untracked 
| 129|0x0000000088100000, 0x0000000088100000, 0x0000000088200000|  0%| F|  |TAMS 0x0000000088100000, 0x0000000088100000| Untracked 
| 130|0x0000000088200000, 0x0000000088200000, 0x0000000088300000|  0%| F|  |TAMS 0x0000000088200000, 0x0000000088200000| Untracked 
| 131|0x0000000088300000, 0x0000000088300000, 0x0000000088400000|  0%| F|  |TAMS 0x0000000088300000, 0x0000000088300000| Untracked 
| 132|0x0000000088400000, 0x0000000088400000, 0x0000000088500000|  0%| F|  |TAMS 0x0000000088400000, 0x0000000088400000| Untracked 
| 133|0x0000000088500000, 0x0000000088500000, 0x0000000088600000|  0%| F|  |TAMS 0x0000000088500000, 0x0000000088500000| Untracked 
| 134|0x0000000088600000, 0x0000000088600000, 0x0000000088700000|  0%| F|  |TAMS 0x0000000088600000, 0x0000000088600000| Untracked 
| 135|0x0000000088700000, 0x0000000088700000, 0x0000000088800000|  0%| F|  |TAMS 0x0000000088700000, 0x0000000088700000| Untracked 
| 136|0x0000000088800000, 0x0000000088800000, 0x0000000088900000|  0%| F|  |TAMS 0x0000000088800000, 0x0000000088800000| Untracked 
| 137|0x0000000088900000, 0x0000000088900000, 0x0000000088a00000|  0%| F|  |TAMS 0x0000000088900000, 0x0000000088900000| Untracked 
| 138|0x0000000088a00000, 0x0000000088a00000, 0x0000000088b00000|  0%| F|  |TAMS 0x0000000088a00000, 0x0000000088a00000| Untracked 
| 139|0x0000000088b00000, 0x0000000088b00000, 0x0000000088c00000|  0%| F|  |TAMS 0x0000000088b00000, 0x0000000088b00000| Untracked 
| 140|0x0000000088c00000, 0x0000000088c00000, 0x0000000088d00000|  0%| F|  |TAMS 0x0000000088c00000, 0x0000000088c00000| Untracked 
| 141|0x0000000088d00000, 0x0000000088d00000, 0x0000000088e00000|  0%| F|  |TAMS 0x0000000088d00000, 0x0000000088d00000| Untracked 
| 142|0x0000000088e00000, 0x0000000088e00000, 0x0000000088f00000|  0%| F|  |TAMS 0x0000000088e00000, 0x0000000088e00000| Untracked 
| 143|0x0000000088f00000, 0x0000000088f00000, 0x0000000089000000|  0%| F|  |TAMS 0x0000000088f00000, 0x0000000088f00000| Untracked 
| 144|0x0000000089000000, 0x0000000089000000, 0x0000000089100000|  0%| F|  |TAMS 0x0000000089000000, 0x0000000089000000| Untracked 
| 145|0x0000000089100000, 0x0000000089100000, 0x0000000089200000|  0%| F|  |TAMS 0x0000000089100000, 0x0000000089100000| Untracked 
| 146|0x0000000089200000, 0x0000000089200000, 0x0000000089300000|  0%| F|  |TAMS 0x0000000089200000, 0x0000000089200000| Untracked 
| 147|0x0000000089300000, 0x0000000089300000, 0x0000000089400000|  0%| F|  |TAMS 0x0000000089300000, 0x0000000089300000| Untracked 
| 148|0x0000000089400000, 0x0000000089400000, 0x0000000089500000|  0%| F|  |TAMS 0x0000000089400000, 0x0000000089400000| Untracked 
| 149|0x0000000089500000, 0x0000000089500000, 0x0000000089600000|  0%| F|  |TAMS 0x0000000089500000, 0x0000000089500000| Untracked 
| 150|0x0000000089600000, 0x0000000089600000, 0x0000000089700000|  0%| F|  |TAMS 0x0000000089600000, 0x0000000089600000| Untracked 
| 151|0x0000000089700000, 0x0000000089780800, 0x0000000089800000| 50%| E|  |TAMS 0x0000000089700000, 0x0000000089700000| Complete 
| 152|0x0000000089800000, 0x0000000089900000, 0x0000000089900000|100%| E|CS|TAMS 0x0000000089800000, 0x0000000089800000| Complete 
| 153|0x0000000089900000, 0x0000000089a00000, 0x0000000089a00000|100%| E|CS|TAMS 0x0000000089900000, 0x0000000089900000| Complete 
| 154|0x0000000089a00000, 0x0000000089b00000, 0x0000000089b00000|100%| E|CS|TAMS 0x0000000089a00000, 0x0000000089a00000| Complete 
| 155|0x0000000089b00000, 0x0000000089c00000, 0x0000000089c00000|100%| E|CS|TAMS 0x0000000089b00000, 0x0000000089b00000| Complete 
| 156|0x0000000089c00000, 0x0000000089d00000, 0x0000000089d00000|100%| E|CS|TAMS 0x0000000089c00000, 0x0000000089c00000| Complete 
| 157|0x0000000089d00000, 0x0000000089e00000, 0x0000000089e00000|100%| E|CS|TAMS 0x0000000089d00000, 0x0000000089d00000| Complete 
| 158|0x0000000089e00000, 0x0000000089f00000, 0x0000000089f00000|100%| E|CS|TAMS 0x0000000089e00000, 0x0000000089e00000| Complete 
| 159|0x0000000089f00000, 0x000000008a000000, 0x000000008a000000|100%| E|CS|TAMS 0x0000000089f00000, 0x0000000089f00000| Complete 
| 160|0x000000008a000000, 0x000000008a100000, 0x000000008a100000|100%| E|CS|TAMS 0x000000008a000000, 0x000000008a000000| Complete 
| 161|0x000000008a100000, 0x000000008a200000, 0x000000008a200000|100%| E|CS|TAMS 0x000000008a100000, 0x000000008a100000| Complete 
| 162|0x000000008a200000, 0x000000008a300000, 0x000000008a300000|100%| E|CS|TAMS 0x000000008a200000, 0x000000008a200000| Complete 
| 163|0x000000008a300000, 0x000000008a400000, 0x000000008a400000|100%| E|CS|TAMS 0x000000008a300000, 0x000000008a300000| Complete 
| 164|0x000000008a400000, 0x000000008a500000, 0x000000008a500000|100%| E|CS|TAMS 0x000000008a400000, 0x000000008a400000| Complete 
| 165|0x000000008a500000, 0x000000008a600000, 0x000000008a600000|100%| E|CS|TAMS 0x000000008a500000, 0x000000008a500000| Complete 
| 166|0x000000008a600000, 0x000000008a700000, 0x000000008a700000|100%| E|CS|TAMS 0x000000008a600000, 0x000000008a600000| Complete 
| 167|0x000000008a700000, 0x000000008a800000, 0x000000008a800000|100%| E|CS|TAMS 0x000000008a700000, 0x000000008a700000| Complete 
| 168|0x000000008a800000, 0x000000008a900000, 0x000000008a900000|100%| E|CS|TAMS 0x000000008a800000, 0x000000008a800000| Complete 
| 169|0x000000008a900000, 0x000000008aa00000, 0x000000008aa00000|100%| E|CS|TAMS 0x000000008a900000, 0x000000008a900000| Complete 
| 170|0x000000008aa00000, 0x000000008ab00000, 0x000000008ab00000|100%| E|CS|TAMS 0x000000008aa00000, 0x000000008aa00000| Complete 
| 171|0x000000008ab00000, 0x000000008ac00000, 0x000000008ac00000|100%| E|CS|TAMS 0x000000008ab00000, 0x000000008ab00000| Complete 
| 172|0x000000008ac00000, 0x000000008ad00000, 0x000000008ad00000|100%| E|CS|TAMS 0x000000008ac00000, 0x000000008ac00000| Complete 
| 173|0x000000008ad00000, 0x000000008ae00000, 0x000000008ae00000|100%| E|CS|TAMS 0x000000008ad00000, 0x000000008ad00000| Complete 
| 174|0x000000008ae00000, 0x000000008af00000, 0x000000008af00000|100%| E|CS|TAMS 0x000000008ae00000, 0x000000008ae00000| Complete 
| 175|0x000000008af00000, 0x000000008b000000, 0x000000008b000000|100%| E|CS|TAMS 0x000000008af00000, 0x000000008af00000| Complete 
| 176|0x000000008b000000, 0x000000008b100000, 0x000000008b100000|100%| E|CS|TAMS 0x000000008b000000, 0x000000008b000000| Complete 
| 177|0x000000008b100000, 0x000000008b200000, 0x000000008b200000|100%| E|CS|TAMS 0x000000008b100000, 0x000000008b100000| Complete 
| 178|0x000000008b200000, 0x000000008b300000, 0x000000008b300000|100%| E|CS|TAMS 0x000000008b200000, 0x000000008b200000| Complete 
| 179|0x000000008b300000, 0x000000008b400000, 0x000000008b400000|100%| E|CS|TAMS 0x000000008b300000, 0x000000008b300000| Complete 
| 180|0x000000008b400000, 0x000000008b500000, 0x000000008b500000|100%| E|CS|TAMS 0x000000008b400000, 0x000000008b400000| Complete 
| 181|0x000000008b500000, 0x000000008b600000, 0x000000008b600000|100%| E|CS|TAMS 0x000000008b500000, 0x000000008b500000| Complete 
| 182|0x000000008b600000, 0x000000008b700000, 0x000000008b700000|100%| E|CS|TAMS 0x000000008b600000, 0x000000008b600000| Complete 

Card table byte_map: [0x0000016542dc0000,0x00000165431c0000] _byte_map_base: 0x00000165429c0000

Marking Bits (Prev, Next): (CMBitMap*) 0x000001652fbafdd8, (CMBitMap*) 0x000001652fbafe10
 Prev Bits: [0x00000165435c0000, 0x00000165455c0000)
 Next Bits: [0x00000165455c0000, 0x00000165475c0000)

Polling page: 0x000001652dad0000

Metaspace:

Usage:
  Non-class:     59.02 MB capacity,    57.96 MB ( 98%) used,   910.37 KB (  2%) free+waste,   173.44 KB ( <1%) overhead. 
      Class:      8.99 MB capacity,     8.33 MB ( 93%) used,   592.70 KB (  6%) free+waste,    80.69 KB ( <1%) overhead. 
       Both:     68.00 MB capacity,    66.29 MB ( 97%) used,     1.47 MB (  2%) free+waste,   254.13 KB ( <1%) overhead. 

Virtual space:
  Non-class space:       60.00 MB reserved,      59.13 MB ( 99%) committed 
      Class space:        1.00 GB reserved,       9.02 MB ( <1%) committed 
             Both:        1.06 GB reserved,      68.15 MB (  6%) committed 

Chunk freelists:
   Non-Class:  52.00 KB
       Class:  14.00 KB
        Both:  66.00 KB

MaxMetaspaceSize: 17179869184.00 GB
CompressedClassSpaceSize: 1.00 GB
Initial GC threshold: 20.80 MB
Current GC threshold: 107.34 MB
CDS: off

CodeHeap 'non-profiled nmethods': size=120000Kb used=3843Kb max_used=3843Kb free=116156Kb
 bounds [0x000001653b160000, 0x000001653b530000, 0x0000016542690000]
CodeHeap 'profiled nmethods': size=120000Kb used=14945Kb max_used=14945Kb free=105054Kb
 bounds [0x0000016533c30000, 0x0000016534ad0000, 0x000001653b160000]
CodeHeap 'non-nmethods': size=5760Kb used=2341Kb max_used=2374Kb free=3418Kb
 bounds [0x0000016533690000, 0x0000016533900000, 0x0000016533c30000]
 total_blobs=7748 nmethods=6895 adapters=765
 compilation: enabled
              stopped_count=0, restarted_count=0
 full_count=0

Compilation events (20 events):
Event: 7.769 Thread 0x000001654a996800 6934       1       org.codehaus.groovy.runtime.callsite.AbstractCallSite::getIndex (5 bytes)
Event: 7.769 Thread 0x000001654a996800 nmethod 6934 0x000001653b520890 code [0x000001653b520a40, 0x000001653b520af8]
Event: 7.771 Thread 0x000001654a996800 6937       3       java.util.LinkedList::<init> (11 bytes)
Event: 7.771 Thread 0x000001654a996800 nmethod 6937 0x0000016534aad890 code [0x0000016534aada80, 0x0000016534aade28]
Event: 7.774 Thread 0x000001654a996800 6938 %     3       groovy.lang.MetaClassImpl::inheritInterfaceNewMetaMethods @ 100 (195 bytes)
Event: 7.776 Thread 0x000001654a996800 nmethod 6938% 0x0000016534aadf90 code [0x0000016534aae300, 0x0000016534aafaa8]
Event: 7.777 Thread 0x000001654a996800 6939       3       groovy.lang.MetaClassImpl::inheritInterfaceNewMetaMethods (195 bytes)
Event: 7.779 Thread 0x000001654a996800 nmethod 6939 0x0000016534ab0310 code [0x0000016534ab0660, 0x0000016534ab1ac8]
Event: 7.779 Thread 0x000001654a996800 6941       3       java.beans.WeakIdentityMap::getIndex (7 bytes)
Event: 7.779 Thread 0x000001654a996800 nmethod 6941 0x0000016534ab2210 code [0x0000016534ab23c0, 0x0000016534ab24b8]
Event: 7.780 Thread 0x000001654a996800 6942       3       java.beans.ThreadGroupContext::getContext (16 bytes)
Event: 7.780 Thread 0x000001654a996800 nmethod 6942 0x0000016534ab2590 code [0x0000016534ab2760, 0x0000016534ab2a08]
Event: 7.780 Thread 0x000001654a996800 6943   !   3       java.beans.WeakIdentityMap::get (278 bytes)
Event: 7.781 Thread 0x000001654a996800 nmethod 6943 0x0000016534ab2b10 code [0x0000016534ab2e00, 0x0000016534ab4338]
Event: 7.781 Thread 0x000001654a996800 6944       3       java.beans.WeakIdentityMap$Entry::isMatched (22 bytes)
Event: 7.782 Thread 0x000001654a996800 nmethod 6944 0x0000016534ab4c90 code [0x0000016534ab4e40, 0x0000016534ab5098]
Event: 7.782 Thread 0x000001654a996800 6945   !   3       com.sun.beans.introspect.MethodInfo::get (143 bytes)
Event: 7.783 Thread 0x000001654a996800 nmethod 6945 0x0000016534ab5110 code [0x0000016534ab5480, 0x0000016534ab6ae8]
Event: 7.786 Thread 0x000001654a996800 6946       3       java.beans.Introspector::getTargetMethodInfo (250 bytes)
Event: 7.787 Thread 0x000001654a996800 nmethod 6946 0x0000016534ab7290 code [0x0000016534ab7640, 0x0000016534ab8d18]

GC Heap History (20 events):
Event: 2.280 GC heap before
{Heap before GC invocations=3 (full 0):
 garbage-first heap   total 129024K, used 45697K [0x0000000080000000, 0x0000000100000000)
  region size 1024K, 37 young (37888K), 7 survivors (7168K)
 Metaspace       used 20768K, capacity 21191K, committed 21296K, reserved 1069056K
  class space    used 2525K, capacity 2686K, committed 2688K, reserved 1048576K
}
Event: 2.286 GC heap after
{Heap after GC invocations=4 (full 0):
 garbage-first heap   total 129024K, used 17254K [0x0000000080000000, 0x0000000100000000)
  region size 1024K, 2 young (2048K), 2 survivors (2048K)
 Metaspace       used 20768K, capacity 21191K, committed 21296K, reserved 1069056K
  class space    used 2525K, capacity 2686K, committed 2688K, reserved 1048576K
}
Event: 2.813 GC heap before
{Heap before GC invocations=5 (full 0):
 garbage-first heap   total 129024K, used 73574K [0x0000000080000000, 0x0000000100000000)
  region size 1024K, 57 young (58368K), 2 survivors (2048K)
 Metaspace       used 26782K, capacity 27370K, committed 27516K, reserved 1073152K
  class space    used 3453K, capacity 3671K, committed 3788K, reserved 1048576K
}
Event: 2.816 GC heap after
{Heap after GC invocations=6 (full 0):
 garbage-first heap   total 129024K, used 19230K [0x0000000080000000, 0x0000000100000000)
  region size 1024K, 4 young (4096K), 4 survivors (4096K)
 Metaspace       used 26782K, capacity 27370K, committed 27516K, reserved 1073152K
  class space    used 3453K, capacity 3671K, committed 3788K, reserved 1048576K
}
Event: 3.470 GC heap before
{Heap before GC invocations=6 (full 0):
 garbage-first heap   total 129024K, used 74526K [0x0000000080000000, 0x0000000100000000)
  region size 1024K, 59 young (60416K), 4 survivors (4096K)
 Metaspace       used 35126K, capacity 35898K, committed 35964K, reserved 1081344K
  class space    used 4497K, capacity 4792K, committed 4812K, reserved 1048576K
}
Event: 3.479 GC heap after
{Heap after GC invocations=7 (full 0):
 garbage-first heap   total 129024K, used 22563K [0x0000000080000000, 0x0000000100000000)
  region size 1024K, 7 young (7168K), 7 survivors (7168K)
 Metaspace       used 35126K, capacity 35898K, committed 35964K, reserved 1081344K
  class space    used 4497K, capacity 4792K, committed 4812K, reserved 1048576K
}
Event: 4.154 GC heap before
{Heap before GC invocations=8 (full 0):
 garbage-first heap   total 129024K, used 94243K [0x0000000080000000, 0x0000000100000000)
  region size 1024K, 75 young (76800K), 7 survivors (7168K)
 Metaspace       used 40198K, capacity 41225K, committed 41468K, reserved 1085440K
  class space    used 5066K, capacity 5412K, committed 5452K, reserved 1048576K
}
Event: 4.165 GC heap after
{Heap after GC invocations=9 (full 0):
 garbage-first heap   total 129024K, used 28253K [0x0000000080000000, 0x0000000100000000)
  region size 1024K, 9 young (9216K), 9 survivors (9216K)
 Metaspace       used 40198K, capacity 41225K, committed 41468K, reserved 1085440K
  class space    used 5066K, capacity 5412K, committed 5452K, reserved 1048576K
}
Event: 4.722 GC heap before
{Heap before GC invocations=9 (full 0):
 garbage-first heap   total 129024K, used 93789K [0x0000000080000000, 0x0000000100000000)
  region size 1024K, 72 young (73728K), 9 survivors (9216K)
 Metaspace       used 45858K, capacity 47054K, committed 47228K, reserved 1089536K
  class space    used 5828K, capacity 6260K, committed 6348K, reserved 1048576K
}
Event: 4.731 GC heap after
{Heap after GC invocations=10 (full 0):
 garbage-first heap   total 155648K, used 30451K [0x0000000080000000, 0x0000000100000000)
  region size 1024K, 3 young (3072K), 3 survivors (3072K)
 Metaspace       used 45858K, capacity 47054K, committed 47228K, reserved 1089536K
  class space    used 5828K, capacity 6260K, committed 6348K, reserved 1048576K
}
Event: 5.514 GC heap before
{Heap before GC invocations=10 (full 0):
 garbage-first heap   total 155648K, used 118515K [0x0000000080000000, 0x0000000100000000)
  region size 1024K, 81 young (82944K), 3 survivors (3072K)
 Metaspace       used 48853K, capacity 50243K, committed 50428K, reserved 1093632K
  class space    used 6183K, capacity 6677K, committed 6732K, reserved 1048576K
}
Event: 5.523 GC heap after
{Heap after GC invocations=11 (full 0):
 garbage-first heap   total 155648K, used 49644K [0x0000000080000000, 0x0000000100000000)
  region size 1024K, 11 young (11264K), 11 survivors (11264K)
 Metaspace       used 48853K, capacity 50243K, committed 50428K, reserved 1093632K
  class space    used 6183K, capacity 6677K, committed 6732K, reserved 1048576K
}
Event: 6.280 GC heap before
{Heap before GC invocations=11 (full 0):
 garbage-first heap   total 155648K, used 116204K [0x0000000080000000, 0x0000000100000000)
  region size 1024K, 76 young (77824K), 11 survivors (11264K)
 Metaspace       used 57816K, capacity 59470K, committed 59644K, reserved 1101824K
  class space    used 7290K, capacity 7903K, committed 8012K, reserved 1048576K
}
Event: 6.289 GC heap after
{Heap after GC invocations=12 (full 0):
 garbage-first heap   total 155648K, used 53054K [0x0000000080000000, 0x0000000100000000)
  region size 1024K, 3 young (3072K), 3 survivors (3072K)
 Metaspace       used 57816K, capacity 59470K, committed 59644K, reserved 1101824K
  class space    used 7290K, capacity 7903K, committed 8012K, reserved 1048576K
}
Event: 6.343 GC heap before
{Heap before GC invocations=12 (full 0):
 garbage-first heap   total 155648K, used 55102K [0x0000000080000000, 0x0000000100000000)
  region size 1024K, 6 young (6144K), 3 survivors (3072K)
 Metaspace       used 58746K, capacity 60326K, committed 60368K, reserved 1101824K
  class space    used 7404K, capacity 7998K, committed 8012K, reserved 1048576K
}
Event: 6.350 GC heap after
{Heap after GC invocations=13 (full 0):
 garbage-first heap   total 155648K, used 52964K [0x0000000080000000, 0x0000000100000000)
  region size 1024K, 3 young (3072K), 3 survivors (3072K)
 Metaspace       used 58746K, capacity 60326K, committed 60368K, reserved 1101824K
  class space    used 7404K, capacity 7998K, committed 8012K, reserved 1048576K
}
Event: 6.979 GC heap before
{Heap before GC invocations=14 (full 0):
 garbage-first heap   total 155648K, used 106212K [0x0000000080000000, 0x0000000100000000)
  region size 1024K, 56 young (57344K), 3 survivors (3072K)
 Metaspace       used 63741K, capacity 65359K, committed 65692K, reserved 1105920K
  class space    used 7990K, capacity 8600K, committed 8728K, reserved 1048576K
}
Event: 6.987 GC heap after
{Heap after GC invocations=15 (full 0):
 garbage-first heap   total 155648K, used 57183K [0x0000000080000000, 0x0000000100000000)
  region size 1024K, 7 young (7168K), 7 survivors (7168K)
 Metaspace       used 63741K, capacity 65359K, committed 65692K, reserved 1105920K
  class space    used 7990K, capacity 8600K, committed 8728K, reserved 1048576K
}
Event: 7.639 GC heap before
{Heap before GC invocations=16 (full 0):
 garbage-first heap   total 155648K, used 112479K [0x0000000080000000, 0x0000000100000000)
  region size 1024K, 60 young (61440K), 7 survivors (7168K)
 Metaspace       used 67651K, capacity 69312K, committed 69404K, reserved 1110016K
  class space    used 8488K, capacity 9095K, committed 9112K, reserved 1048576K
}
Event: 7.647 GC heap after
{Heap after GC invocations=17 (full 0):
 garbage-first heap   total 187392K, used 60549K [0x0000000080000000, 0x0000000100000000)
  region size 1024K, 4 young (4096K), 4 survivors (4096K)
 Metaspace       used 67651K, capacity 69312K, committed 69404K, reserved 1110016K
  class space    used 8488K, capacity 9095K, committed 9112K, reserved 1048576K
}

Deoptimization events (20 events):
Event: 7.342 Thread 0x000001654d283800 Uncommon trap: trap_request=0xffffff4d fr.pc=0x000001653b2b2248 relative=0x00000000000051e8
Event: 7.342 Thread 0x000001654d283800 Uncommon trap: reason=unstable_if action=reinterpret pc=0x000001653b2b2248 method=sun.net.www.protocol.jar.Handler.parseURL(Ljava/net/URL;Ljava/lang/String;II)V @ 116 c2
Event: 7.342 Thread 0x000001654d283800 DEOPT PACKING pc=0x000001653b2b2248 sp=0x00000057cc8f8320
Event: 7.342 Thread 0x000001654d283800 DEOPT UNPACKING pc=0x00000165336da1af sp=0x00000057cc8f8218 mode 2
Event: 7.401 Thread 0x000001654d283800 Uncommon trap: trap_request=0xffffffdc fr.pc=0x000001653b4fe2ec relative=0x00000000000002ac
Event: 7.401 Thread 0x000001654d283800 Uncommon trap: reason=class_check action=make_not_entrant pc=0x000001653b4fe2ec method=java.util.ArrayList.toArray([Ljava/lang/Object;)[Ljava/lang/Object; @ 21 c2
Event: 7.401 Thread 0x000001654d283800 DEOPT PACKING pc=0x000001653b4fe2ec sp=0x00000057cc8f7730
Event: 7.401 Thread 0x000001654d283800 DEOPT UNPACKING pc=0x00000165336da1af sp=0x00000057cc8f7700 mode 2
Event: 7.614 Thread 0x000001654d283800 Uncommon trap: trap_request=0xffffff4d fr.pc=0x000001653b43200c relative=0x0000000000000bcc
Event: 7.614 Thread 0x000001654d283800 Uncommon trap: reason=unstable_if action=reinterpret pc=0x000001653b43200c method=java.lang.ClassLoader.loadClass(Ljava/lang/String;Z)Ljava/lang/Class; @ 29 c2
Event: 7.614 Thread 0x000001654d283800 DEOPT PACKING pc=0x000001653b43200c sp=0x00000057cc8f7280
Event: 7.614 Thread 0x000001654d283800 DEOPT UNPACKING pc=0x00000165336da1af sp=0x00000057cc8f7248 mode 2
Event: 7.629 Thread 0x000001654d283800 DEOPT PACKING pc=0x00000165340cc879 sp=0x00000057cc8f8930
Event: 7.629 Thread 0x000001654d283800 DEOPT UNPACKING pc=0x00000165336da95e sp=0x00000057cc8f7df8 mode 0
Event: 7.666 Thread 0x000001654d283800 Uncommon trap: trap_request=0xffffff4d fr.pc=0x000001653b302b80 relative=0x0000000000000340
Event: 7.666 Thread 0x000001654d283800 Uncommon trap: reason=unstable_if action=reinterpret pc=0x000001653b302b80 method=java.util.StringJoiner.add(Ljava/lang/CharSequence;)Ljava/util/StringJoiner; @ 33 c2
Event: 7.666 Thread 0x000001654d283800 DEOPT PACKING pc=0x000001653b302b80 sp=0x00000057cc8f5d90
Event: 7.666 Thread 0x000001654d283800 DEOPT UNPACKING pc=0x00000165336da1af sp=0x00000057cc8f5d40 mode 2
Event: 7.687 Thread 0x000001654d283800 DEOPT PACKING pc=0x000001653429a274 sp=0x00000057cc8f85d0
Event: 7.687 Thread 0x000001654d283800 DEOPT UNPACKING pc=0x00000165336da95e sp=0x00000057cc8f7b70 mode 0

Classes redefined (0 events):
No events

Internal exceptions (20 events):
Event: 7.751 Thread 0x000001654d283800 Exception <a 'java/lang/ClassNotFoundException'{0x000000008a7b5670}: com/android/build/gradle/internal/dsl/DefaultConfigBeanInfo> (0x000000008a7b5670) thrown at [./src/hotspot/share/classfile/systemDictionary.cpp, line 231]
Event: 7.751 Thread 0x000001654d283800 Exception <a 'java/lang/ClassNotFoundException'{0x000000008a7d1470}: com/android/build/gradle/internal/dsl/BaseFlavorBeanInfo> (0x000000008a7d1470) thrown at [./src/hotspot/share/classfile/systemDictionary.cpp, line 231]
Event: 7.751 Thread 0x000001654d283800 Exception <a 'java/lang/ClassNotFoundException'{0x000000008a7ed340}: com/android/builder/core/AbstractProductFlavorBeanInfo> (0x000000008a7ed340) thrown at [./src/hotspot/share/classfile/systemDictionary.cpp, line 231]
Event: 7.752 Thread 0x000001654d283800 Exception <a 'java/lang/ClassNotFoundException'{0x000000008a609530}: com/android/builder/internal/BaseConfigImplBeanInfo> (0x000000008a609530) thrown at [./src/hotspot/share/classfile/systemDictionary.cpp, line 231]
Event: 7.752 Thread 0x000001654d283800 Exception <a 'java/lang/ClassNotFoundException'{0x000000008a6252d0}: com/android/builder/internal/BaseConfigImplCustomizer> (0x000000008a6252d0) thrown at [./src/hotspot/share/classfile/systemDictionary.cpp, line 231]
Event: 7.753 Thread 0x000001654d283800 Exception <a 'java/lang/ClassNotFoundException'{0x000000008a6603f8}: com/android/builder/core/AbstractProductFlavorCustomizer> (0x000000008a6603f8) thrown at [./src/hotspot/share/classfile/systemDictionary.cpp, line 231]
Event: 7.754 Thread 0x000001654d283800 Exception <a 'java/lang/ClassNotFoundException'{0x000000008a6b7730}: com/android/build/gradle/internal/dsl/BaseFlavorCustomizer> (0x000000008a6b7730) thrown at [./src/hotspot/share/classfile/systemDictionary.cpp, line 231]
Event: 7.757 Thread 0x000001654d283800 Exception <a 'java/lang/ClassNotFoundException'{0x000000008a533f18}: com/android/build/gradle/internal/dsl/DefaultConfigCustomizer> (0x000000008a533f18) thrown at [./src/hotspot/share/classfile/systemDictionary.cpp, line 231]
Event: 7.757 Thread 0x000001654d283800 Exception <a 'java/lang/ClassNotFoundException'{0x000000008a56a540}: com/android/build/gradle/internal/dsl/DefaultConfig$AgpDecoratedCustomizer> (0x000000008a56a540) thrown at [./src/hotspot/share/classfile/systemDictionary.cpp, line 231]
Event: 7.759 Thread 0x000001654d283800 Exception <a 'java/lang/ClassNotFoundException'{0x000000008a5c98c8}: com/android/build/gradle/internal/dsl/DefaultConfig$AgpDecorated_DecoratedCustomizer> (0x000000008a5c98c8) thrown at [./src/hotspot/share/classfile/systemDictionary.cpp, line 231]
Event: 7.770 Thread 0x000001654d283800 Exception <a 'java/lang/ClassNotFoundException'{0x000000008a320f10}: org/gradle/api/internal/NamedDomainObjectContainerConfigureDelegateBeanInfo> (0x000000008a320f10) thrown at [./src/hotspot/share/classfile/systemDictionary.cpp, line 231]
Event: 7.771 Thread 0x000001654d283800 Exception <a 'java/lang/ClassNotFoundException'{0x000000008a35a738}: org/gradle/api/internal/NamedDomainObjectContainerConfigureDelegateCustomizer> (0x000000008a35a738) thrown at [./src/hotspot/share/classfile/systemDictionary.cpp, line 231]
Event: 7.779 Thread 0x000001654d283800 Exception <a 'java/lang/ClassNotFoundException'{0x000000008a1d3e80}: org/gradle/api/internal/FactoryNamedDomainObjectContainer_DecoratedBeanInfo> (0x000000008a1d3e80) thrown at [./src/hotspot/share/classfile/systemDictionary.cpp, line 231]
Event: 7.780 Thread 0x000001654d283800 Exception <a 'java/lang/ClassNotFoundException'{0x000000008a00a820}: org/gradle/api/internal/FactoryNamedDomainObjectContainerBeanInfo> (0x000000008a00a820) thrown at [./src/hotspot/share/classfile/systemDictionary.cpp, line 231]
Event: 7.781 Thread 0x000001654d283800 Exception <a 'java/lang/ClassNotFoundException'{0x000000008a041ee0}: org/gradle/api/internal/AbstractNamedDomainObjectContainerBeanInfo> (0x000000008a041ee0) thrown at [./src/hotspot/share/classfile/systemDictionary.cpp, line 231]
Event: 7.782 Thread 0x000001654d283800 Exception <a 'java/lang/ClassNotFoundException'{0x000000008a077f00}: org/gradle/api/internal/DefaultNamedDomainObjectSetBeanInfo> (0x000000008a077f00) thrown at [./src/hotspot/share/classfile/systemDictionary.cpp, line 231]
Event: 7.782 Thread 0x000001654d283800 Exception <a 'java/lang/ClassNotFoundException'{0x000000008a0ae2b8}: org/gradle/api/internal/DefaultNamedDomainObjectSetCustomizer> (0x000000008a0ae2b8) thrown at [./src/hotspot/share/classfile/systemDictionary.cpp, line 231]
Event: 7.784 Thread 0x000001654d283800 Exception <a 'java/lang/ClassNotFoundException'{0x000000008a0fb3e8}: org/gradle/api/internal/AbstractNamedDomainObjectContainerCustomizer> (0x000000008a0fb3e8) thrown at [./src/hotspot/share/classfile/systemDictionary.cpp, line 231]
Event: 7.785 Thread 0x000001654d283800 Exception <a 'java/lang/ClassNotFoundException'{0x0000000089f47178}: org/gradle/api/internal/FactoryNamedDomainObjectContainerCustomizer> (0x0000000089f47178) thrown at [./src/hotspot/share/classfile/systemDictionary.cpp, line 231]
Event: 7.786 Thread 0x000001654d283800 Exception <a 'java/lang/ClassNotFoundException'{0x0000000089f8aaf0}: org/gradle/api/internal/FactoryNamedDomainObjectContainer_DecoratedCustomizer> (0x0000000089f8aaf0) thrown at [./src/hotspot/share/classfile/systemDictionary.cpp, line 231]

Events (20 events):
Event: 7.784 loading class org/gradle/api/internal/AbstractNamedDomainObjectContainerCustomizer
Event: 7.784 loading class org/gradle/api/internal/AbstractNamedDomainObjectContainerCustomizer done
Event: 7.784 loading class org/gradle/api/internal/FactoryNamedDomainObjectContainerCustomizer
Event: 7.784 loading class org/gradle/api/internal/FactoryNamedDomainObjectContainerCustomizer done
Event: 7.784 loading class org/gradle/api/internal/FactoryNamedDomainObjectContainerCustomizer
Event: 7.784 loading class org/gradle/api/internal/FactoryNamedDomainObjectContainerCustomizer done
Event: 7.784 loading class org/gradle/api/internal/FactoryNamedDomainObjectContainerCustomizer
Event: 7.784 loading class org/gradle/api/internal/FactoryNamedDomainObjectContainerCustomizer done
Event: 7.785 loading class org/gradle/api/internal/FactoryNamedDomainObjectContainerCustomizer
Event: 7.785 loading class org/gradle/api/internal/FactoryNamedDomainObjectContainerCustomizer done
Event: 7.785 loading class org/gradle/api/internal/FactoryNamedDomainObjectContainer_DecoratedCustomizer
Event: 7.785 loading class org/gradle/api/internal/FactoryNamedDomainObjectContainer_DecoratedCustomizer done
Event: 7.785 loading class org/gradle/api/internal/FactoryNamedDomainObjectContainer_DecoratedCustomizer
Event: 7.785 loading class org/gradle/api/internal/FactoryNamedDomainObjectContainer_DecoratedCustomizer done
Event: 7.785 loading class org/gradle/api/internal/FactoryNamedDomainObjectContainer_DecoratedCustomizer
Event: 7.785 loading class org/gradle/api/internal/FactoryNamedDomainObjectContainer_DecoratedCustomizer done
Event: 7.786 loading class org/gradle/api/internal/FactoryNamedDomainObjectContainer_DecoratedCustomizer
Event: 7.786 loading class org/gradle/api/internal/FactoryNamedDomainObjectContainer_DecoratedCustomizer done
Event: 7.788 loading class groovy/runtime/metaclass/com/android/build/gradle/internal/dsl/BuildType$AgpDecorated_DecoratedMetaClass
Event: 7.788 loading class groovy/runtime/metaclass/com/android/build/gradle/internal/dsl/BuildType$AgpDecorated_DecoratedMetaClass done


Dynamic libraries:
0x00007ff6f3420000 - 0x00007ff6f342a000 	C:\Program Files\Android\Android Studio\jre\bin\java.exe
0x00007ffc850c0000 - 0x00007ffc852c9000 	C:\WINDOWS\SYSTEM32\ntdll.dll
0x00007ffc841e0000 - 0x00007ffc8429d000 	C:\WINDOWS\System32\KERNEL32.DLL
0x00007ffc82930000 - 0x00007ffc82cab000 	C:\WINDOWS\System32\KERNELBASE.dll
0x00007ffc82750000 - 0x00007ffc82861000 	C:\WINDOWS\System32\ucrtbase.dll
0x00007ffc44860000 - 0x00007ffc44879000 	C:\Program Files\Android\Android Studio\jre\bin\jli.dll
0x00007ffc47d40000 - 0x00007ffc47d57000 	C:\Program Files\Android\Android Studio\jre\bin\VCRUNTIME140.dll
0x00007ffc6dda0000 - 0x00007ffc6e045000 	C:\WINDOWS\WinSxS\amd64_microsoft.windows.common-controls_6595b64144ccf1df_6.0.22000.120_none_9d947278b86cc467\COMCTL32.dll
0x00007ffc84640000 - 0x00007ffc847ed000 	C:\WINDOWS\System32\USER32.dll
0x00007ffc83eb0000 - 0x00007ffc83f53000 	C:\WINDOWS\System32\msvcrt.dll
0x00007ffc84110000 - 0x00007ffc84139000 	C:\WINDOWS\System32\GDI32.dll
0x00007ffc82f10000 - 0x00007ffc82f36000 	C:\WINDOWS\System32\win32u.dll
0x00007ffc82590000 - 0x00007ffc826a8000 	C:\WINDOWS\System32\gdi32full.dll
0x00007ffc826b0000 - 0x00007ffc8274d000 	C:\WINDOWS\System32\msvcp_win.dll
0x00007ffc85040000 - 0x00007ffc85071000 	C:\WINDOWS\System32\IMM32.DLL
0x00007ffc17c40000 - 0x00007ffc17cdd000 	C:\Program Files\Android\Android Studio\jre\bin\msvcp140.dll
0x00007ffbfae60000 - 0x00007ffbfb962000 	C:\Program Files\Android\Android Studio\jre\bin\server\jvm.dll
0x00007ffc83e00000 - 0x00007ffc83eae000 	C:\WINDOWS\System32\ADVAPI32.dll
0x00007ffc84140000 - 0x00007ffc841de000 	C:\WINDOWS\System32\sechost.dll
0x00007ffc82f40000 - 0x00007ffc83060000 	C:\WINDOWS\System32\RPCRT4.dll
0x00007ffc83980000 - 0x00007ffc83988000 	C:\WINDOWS\System32\PSAPI.DLL
0x00007ffc6c020000 - 0x00007ffc6c029000 	C:\WINDOWS\SYSTEM32\WSOCK32.dll
0x00007ffc7abf0000 - 0x00007ffc7abfa000 	C:\WINDOWS\SYSTEM32\VERSION.dll
0x00007ffc72130000 - 0x00007ffc72163000 	C:\WINDOWS\SYSTEM32\WINMM.dll
0x00007ffc84fd0000 - 0x00007ffc8503f000 	C:\WINDOWS\System32\WS2_32.dll
0x00007ffc81700000 - 0x00007ffc81718000 	C:\WINDOWS\SYSTEM32\kernel.appcore.dll
0x00007ffc7d590000 - 0x00007ffc7d5a1000 	C:\Program Files\Android\Android Studio\jre\bin\verify.dll
0x00007ffc7fd60000 - 0x00007ffc7ff81000 	C:\WINDOWS\SYSTEM32\DBGHELP.DLL
0x00007ffc680a0000 - 0x00007ffc680d1000 	C:\WINDOWS\SYSTEM32\dbgcore.DLL
0x00007ffc82d20000 - 0x00007ffc82d9f000 	C:\WINDOWS\System32\bcryptPrimitives.dll
0x00007ffc6fcd0000 - 0x00007ffc6fcf9000 	C:\Program Files\Android\Android Studio\jre\bin\java.dll
0x00007ffc7e950000 - 0x00007ffc7e95b000 	C:\Program Files\Android\Android Studio\jre\bin\jimage.dll
0x00007ffc6fbd0000 - 0x00007ffc6fbe8000 	C:\Program Files\Android\Android Studio\jre\bin\zip.dll
0x00007ffc83060000 - 0x00007ffc83818000 	C:\WINDOWS\System32\SHELL32.dll
0x00007ffc80680000 - 0x00007ffc80ee5000 	C:\WINDOWS\SYSTEM32\windows.storage.dll
0x00007ffc84c50000 - 0x00007ffc84fc7000 	C:\WINDOWS\System32\combase.dll
0x00007ffc80510000 - 0x00007ffc80676000 	C:\WINDOWS\SYSTEM32\wintypes.dll
0x00007ffc84300000 - 0x00007ffc843ea000 	C:\WINDOWS\System32\SHCORE.dll
0x00007ffc842a0000 - 0x00007ffc842fd000 	C:\WINDOWS\System32\shlwapi.dll
0x00007ffc824c0000 - 0x00007ffc824e1000 	C:\WINDOWS\SYSTEM32\profapi.dll
0x00007ffc6fbb0000 - 0x00007ffc6fbca000 	C:\Program Files\Android\Android Studio\jre\bin\net.dll
0x00007ffc7bdf0000 - 0x00007ffc7befc000 	C:\WINDOWS\SYSTEM32\WINHTTP.dll
0x00007ffc81ba0000 - 0x00007ffc81c07000 	C:\WINDOWS\system32\mswsock.dll
0x00007ffc6fb90000 - 0x00007ffc6fba4000 	C:\Program Files\Android\Android Studio\jre\bin\nio.dll
0x00007ffc6fa50000 - 0x00007ffc6fa77000 	C:\Users\marcd\.gradle\native\e1d6ef7f7dcc3fd88c89a11ec53ec762bb8ba0a96d01ffa2cd45eb1d1d8dd5c5\windows-amd64\native-platform.dll
0x00007ffc0fa70000 - 0x00007ffc0fbb4000 	C:\Users\marcd\.gradle\native\5664cfc778a61ccfe75a443a1ab52a65af34e5dc3c78e0209fed803814484fcb\windows-amd64\native-platform-file-events.dll
0x00007ffc7e840000 - 0x00007ffc7e84a000 	C:\Program Files\Android\Android Studio\jre\bin\management.dll
0x00007ffc7d7c0000 - 0x00007ffc7d7cd000 	C:\Program Files\Android\Android Studio\jre\bin\management_ext.dll
0x00007ffc81df0000 - 0x00007ffc81e08000 	C:\WINDOWS\SYSTEM32\CRYPTSP.dll
0x00007ffc81660000 - 0x00007ffc81695000 	C:\WINDOWS\system32\rsaenh.dll
0x00007ffc81c90000 - 0x00007ffc81cb9000 	C:\WINDOWS\SYSTEM32\USERENV.dll
0x00007ffc81f70000 - 0x00007ffc81f97000 	C:\WINDOWS\SYSTEM32\bcrypt.dll
0x00007ffc81de0000 - 0x00007ffc81dec000 	C:\WINDOWS\SYSTEM32\CRYPTBASE.dll
0x00007ffc811b0000 - 0x00007ffc811dd000 	C:\WINDOWS\SYSTEM32\IPHLPAPI.DLL
0x00007ffc83820000 - 0x00007ffc83829000 	C:\WINDOWS\System32\NSI.dll
0x00007ffc7c650000 - 0x00007ffc7c669000 	C:\WINDOWS\SYSTEM32\dhcpcsvc6.DLL
0x00007ffc7c3c0000 - 0x00007ffc7c3de000 	C:\WINDOWS\SYSTEM32\dhcpcsvc.DLL
0x00007ffc81230000 - 0x00007ffc81318000 	C:\WINDOWS\SYSTEM32\DNSAPI.dll

dbghelp: loaded successfully - version: 4.0.5 - missing functions: none
symbol engine: initialized successfully - sym options: 0x614 - pdb path: .;C:\Program Files\Android\Android Studio\jre\bin;C:\WINDOWS\SYSTEM32;C:\WINDOWS\WinSxS\amd64_microsoft.windows.common-controls_6595b64144ccf1df_6.0.22000.120_none_9d947278b86cc467;C:\Program Files\Android\Android Studio\jre\bin\server;C:\Users\marcd\.gradle\native\e1d6ef7f7dcc3fd88c89a11ec53ec762bb8ba0a96d01ffa2cd45eb1d1d8dd5c5\windows-amd64;C:\Users\marcd\.gradle\native\5664cfc778a61ccfe75a443a1ab52a65af34e5dc3c78e0209fed803814484fcb\windows-amd64

VM Arguments:
jvm_args: --add-opens=java.base/java.util=ALL-UNNAMED --add-opens=java.base/java.lang=ALL-UNNAMED --add-opens=java.base/java.lang.invoke=ALL-UNNAMED --add-opens=java.base/java.util=ALL-UNNAMED --add-opens=java.prefs/java.util.prefs=ALL-UNNAMED --add-opens=java.prefs/java.util.prefs=ALL-UNNAMED --add-opens=java.base/java.nio.charset=ALL-UNNAMED --add-opens=java.base/java.net=ALL-UNNAMED --add-opens=java.base/java.util.concurrent.atomic=ALL-UNNAMED -Xmx2048m -Dfile.encoding=UTF-8 -Duser.country=PH -Duser.language=en -Duser.variant 
java_command: org.gradle.launcher.daemon.bootstrap.GradleDaemon 7.3.3
java_class_path (initial): C:\Users\marcd\.gradle\wrapper\dists\gradle-7.3.3-bin\6a41zxkdtcxs8rphpq6y0069z\gradle-7.3.3\lib\gradle-launcher-7.3.3.jar
Launcher Type: SUN_STANDARD

[Global flags]
     intx CICompilerCount                          = 4                                         {product} {ergonomic}
     uint ConcGCThreads                            = 2                                         {product} {ergonomic}
     uint G1ConcRefinementThreads                  = 8                                         {product} {ergonomic}
   size_t G1HeapRegionSize                         = 1048576                                   {product} {ergonomic}
    uintx GCDrainStackTargetSize                   = 64                                        {product} {ergonomic}
   size_t InitialHeapSize                          = 132120576                                 {product} {ergonomic}
   size_t MarkStackSize                            = 4194304                                   {product} {ergonomic}
   size_t MaxHeapSize                              = 2147483648                                {product} {command line}
   size_t MaxNewSize                               = 1287651328                                {product} {ergonomic}
   size_t MinHeapDeltaBytes                        = 1048576                                   {product} {ergonomic}
    uintx NonNMethodCodeHeapSize                   = 5836300                                {pd product} {ergonomic}
    uintx NonProfiledCodeHeapSize                  = 122910970                              {pd product} {ergonomic}
    uintx ProfiledCodeHeapSize                     = 122910970                              {pd product} {ergonomic}
    uintx ReservedCodeCacheSize                    = 251658240                              {pd product} {ergonomic}
     bool SegmentedCodeCache                       = true                                      {product} {ergonomic}
     bool UseCompressedClassPointers               = true                                 {lp64_product} {ergonomic}
     bool UseCompressedOops                        = true                                 {lp64_product} {ergonomic}
     bool UseG1GC                                  = true                                      {product} {ergonomic}
     bool UseLargePagesIndividualAllocation        = false                                  {pd product} {ergonomic}

Logging:
Log output configuration:
 #0: stdout all=warning uptime,level,tags
 #1: stderr all=off uptime,level,tags

Environment Variables:
JAVA_HOME=C:\Program Files\Java\jdk-11.0.16
PATH=C:\Program Files\Common Files\Oracle\Java\javapath;C:\Windows\system32;C:\Windows;C:\Windows\System32\Wbem;C:\Windows\System32\WindowsPowerShell\v1.0\;C:\Windows\System32\OpenSSH\;C:\Program Files (x86)\NVIDIA Corporation\PhysX\Common;C:\Program Files\NVIDIA Corporation\NVIDIA NvDLISR;C:\WINDOWS\system32;C:\WINDOWS;C:\WINDOWS\System32\Wbem;C:\WINDOWS\System32\WindowsPowerShell\v1.0\;C:\WINDOWS\System32\OpenSSH\;C:\Program Files\dotnet\;C:\Program Files\Microsoft VS Code\bin;C:\Program Files\nodejs\;C:\Program Files\Java\jdk-11.0.16\bin;C:\Program Files\MATLAB\R2022b\bin;C:\Program Files\Git\cmd;C:\Users\marcd\AppData\Local\Microsoft\WindowsApps;C:\Users\marcd\AppData\Roaming\npm;C:\Users\marcd\AppData\Local\GitHubDesktop\bin
USERNAME=marcd
OS=Windows_NT
PROCESSOR_IDENTIFIER=Intel64 Family 6 Model 158 Stepping 10, GenuineIntel



---------------  S Y S T E M  ---------------

OS: Windows 11 , 64 bit Build 22000 (10.0.22000.708)
OS uptime: 0 days 20:57 hours

CPU:total 8 (initial active 8) (4 cores per cpu, 2 threads per core) family 6 model 158 stepping 10 microcode 0xde, cmov, cx8, fxsr, mmx, sse, sse2, sse3, ssse3, sse4.1, sse4.2, popcnt, avx, avx2, aes, clmul, erms, 3dnowpref, lzcnt, ht, tsc, tscinvbit, bmi1, bmi2, adx, fma

Memory: 4k page, system-wide physical 8044M (441M free)
TotalPageFile size 16236M (AvailPageFile size 5M)
current process WorkingSet (physical memory assigned to process): 400M, peak: 400M
current process commit charge ("private bytes"): 440M, peak: 443M

vm_info: OpenJDK 64-Bit Server VM (11.0.13+0-b1751.21-8125866) for windows-amd64 JRE (11.0.13+0-b1751.21-8125866), built on Feb  2 2022 03:00:22 by "builder" with MS VC++ 14.0 (VS2015)

END.
