#
# There is insufficient memory for the Java Runtime Environment to continue.
# Native memory allocation (mmap) failed to map 132120576 bytes for Failed to commit area from 0x0000000082400000 to 0x000000008a200000 of length 132120576.
# Possible reasons:
#   The system is out of physical RAM or swap space
#   The process is running with CompressedOops enabled, and the Java Heap may be blocking the growth of the native heap
# Possible solutions:
#   Reduce memory load on the system
#   Increase physical memory or swap space
#   Check if swap backing store is full
#   Decrease Java heap size (-Xmx/-Xms)
#   Decrease number of Java threads
#   Decrease Java thread stack sizes (-Xss)
#   Set larger code cache with -XX:ReservedCodeCacheSize=
# This output file may be truncated or incomplete.
#
#  Out of Memory Error (./src/hotspot/os/windows/os_windows.cpp:3619), pid=16420, tid=8004
#
# JRE version:  (11.0.13) (build )
# Java VM: OpenJDK 64-Bit Server VM (11.0.13+0-b1751.21-8125866, mixed mode, sharing, tiered, compressed oops, g1 gc, windows-amd64)
# No core dump will be written. Minidumps are not enabled by default on client versions of Windows
#

---------------  S U M M A R Y ------------

Command Line: org.jetbrains.kotlin.cli.jvm.K2JVMCompiler @C:\Users\marcd\Documents\GitHub\FirePh\FirePH_BAMM-master\app\build\20221028_177568335100848317.compiler.options

Host: Intel(R) Core(TM) i5-9300H CPU @ 2.40GHz, 8 cores, 7G,  Windows 11 , 64 bit Build 22000 (10.0.22000.708)
Time: Fri Oct 28 14:17:57 2022 Malay Peninsula Standard Time elapsed time: 0.013972 seconds (0d 0h 0m 0s)

---------------  T H R E A D  ---------------

Current thread (0x000001e75f62d800):  JavaThread "Unknown thread" [_thread_in_vm, id=8004, stack(0x0000009d22800000,0x0000009d22900000)]

Stack: [0x0000009d22800000,0x0000009d22900000]
Native frames: (J=compiled Java code, j=interpreted, Vv=VM code, C=native code)
V  [jvm.dll+0x6100fa]
V  [jvm.dll+0x747090]
V  [jvm.dll+0x7486ad]
V  [jvm.dll+0x748d83]
V  [jvm.dll+0x24ab48]
V  [jvm.dll+0x60d164]
V  [jvm.dll+0x601e75]
V  [jvm.dll+0x308bdb]
V  [jvm.dll+0x308b4a]
V  [jvm.dll+0x308a22]
V  [jvm.dll+0x30d986]
V  [jvm.dll+0x357093]
V  [jvm.dll+0x357796]
V  [jvm.dll+0x357193]
V  [jvm.dll+0x2e3448]
V  [jvm.dll+0x2e45f7]
V  [jvm.dll+0x7242e7]
V  [jvm.dll+0x725adc]
V  [jvm.dll+0x364629]
V  [jvm.dll+0x707cee]
V  [jvm.dll+0x3d2633]
V  [jvm.dll+0x3d4a21]
C  [jli.dll+0x536b]
C  [ucrtbase.dll+0x26c0c]
C  [KERNEL32.DLL+0x154e0]
C  [ntdll.dll+0x485b]


---------------  P R O C E S S  ---------------

Threads class SMR info:
_java_thread_list=0x000001e75f397200, length=0, elements={
}

Java Threads: ( => current thread )

Other Threads:
  0x000001e75f645000 GCTaskThread "GC Thread#0" [stack: 0x0000009d22900000,0x0000009d22a00000] [id=9436]
  0x000001e75f674800 ConcurrentGCThread "G1 Main Marker" [stack: 0x0000009d22a00000,0x0000009d22b00000] [id=7204]
  0x000001e75f677000 ConcurrentGCThread "G1 Conc#0" [stack: 0x0000009d22b00000,0x0000009d22c00000] [id=23272]

[error occurred during error reporting (printing all threads), id 0xc0000005, EXCEPTION_ACCESS_VIOLATION (0xc0000005) at pc=0x00007ffb4b103dd7]

VM state:not at safepoint (not fully initialized)

VM Mutex/Monitor currently owned by a thread:  ([mutex/lock_event])
[0x000001e75f62b060] Heap_lock - owner thread: 0x000001e75f62d800

Heap address: 0x0000000082400000, size: 2012 MB, Compressed Oops mode: Non-zero based: 0x0000000082400000
Narrow klass base: 0x0000000000000000, Narrow klass shift: 0

GC Heap History (0 events):
No events

Deoptimization events (0 events):
No events

Classes redefined (0 events):
No events

Internal exceptions (0 events):
No events

Events (1 events):
Event: 0.010 Loaded shared library C:\Program Files\Android\Android Studio\jre\bin\zip.dll


Dynamic libraries:
0x00007ff6d1e50000 - 0x00007ff6d1e5a000 	C:\Program Files\Android\Android Studio\jre\bin\java.exe
0x00007ffbea660000 - 0x00007ffbea869000 	C:\WINDOWS\SYSTEM32\ntdll.dll
0x00007ffbe9ef0000 - 0x00007ffbe9fad000 	C:\WINDOWS\System32\KERNEL32.DLL
0x00007ffbe8160000 - 0x00007ffbe84db000 	C:\WINDOWS\System32\KERNELBASE.dll
0x00007ffbe8010000 - 0x00007ffbe8121000 	C:\WINDOWS\System32\ucrtbase.dll
0x00007ffbc4b90000 - 0x00007ffbc4ba7000 	C:\Program Files\Android\Android Studio\jre\bin\VCRUNTIME140.dll
0x00007ffbc7ba0000 - 0x00007ffbc7bb9000 	C:\Program Files\Android\Android Studio\jre\bin\jli.dll
0x00007ffbe93b0000 - 0x00007ffbe955d000 	C:\WINDOWS\System32\USER32.dll
0x00007ffbd08c0000 - 0x00007ffbd0b65000 	C:\WINDOWS\WinSxS\amd64_microsoft.windows.common-controls_6595b64144ccf1df_6.0.22000.120_none_9d947278b86cc467\COMCTL32.dll
0x00007ffbe8130000 - 0x00007ffbe8156000 	C:\WINDOWS\System32\win32u.dll
0x00007ffbe9fb0000 - 0x00007ffbea053000 	C:\WINDOWS\System32\msvcrt.dll
0x00007ffbe8cc0000 - 0x00007ffbe8ce9000 	C:\WINDOWS\System32\GDI32.dll
0x00007ffbe7e70000 - 0x00007ffbe7f88000 	C:\WINDOWS\System32\gdi32full.dll
0x00007ffbe7d60000 - 0x00007ffbe7dfd000 	C:\WINDOWS\System32\msvcp_win.dll
0x00007ffbea060000 - 0x00007ffbea091000 	C:\WINDOWS\System32\IMM32.DLL
0x00007ffb63c70000 - 0x00007ffb63d0d000 	C:\Program Files\Android\Android Studio\jre\bin\msvcp140.dll
0x00007ffb4ae10000 - 0x00007ffb4b912000 	C:\Program Files\Android\Android Studio\jre\bin\server\jvm.dll
0x00007ffbea0a0000 - 0x00007ffbea14e000 	C:\WINDOWS\System32\ADVAPI32.dll
0x00007ffbe8b30000 - 0x00007ffbe8bce000 	C:\WINDOWS\System32\sechost.dll
0x00007ffbea1e0000 - 0x00007ffbea300000 	C:\WINDOWS\System32\RPCRT4.dll
0x00007ffbea4d0000 - 0x00007ffbea4d8000 	C:\WINDOWS\System32\PSAPI.DLL
0x00007ffbcd140000 - 0x00007ffbcd149000 	C:\WINDOWS\SYSTEM32\WSOCK32.dll
0x00007ffbe0510000 - 0x00007ffbe0543000 	C:\WINDOWS\SYSTEM32\WINMM.dll
0x00007ffbe03e0000 - 0x00007ffbe03ea000 	C:\WINDOWS\SYSTEM32\VERSION.dll
0x00007ffbea460000 - 0x00007ffbea4cf000 	C:\WINDOWS\System32\WS2_32.dll
0x00007ffbe6ca0000 - 0x00007ffbe6cb8000 	C:\WINDOWS\SYSTEM32\kernel.appcore.dll
0x00007ffbd3640000 - 0x00007ffbd3651000 	C:\Program Files\Android\Android Studio\jre\bin\verify.dll
0x00007ffbe5010000 - 0x00007ffbe5231000 	C:\WINDOWS\SYSTEM32\DBGHELP.DLL
0x00007ffbc9ef0000 - 0x00007ffbc9f21000 	C:\WINDOWS\SYSTEM32\dbgcore.DLL
0x00007ffbe7f90000 - 0x00007ffbe800f000 	C:\WINDOWS\System32\bcryptPrimitives.dll
0x00007ffbd3470000 - 0x00007ffbd3499000 	C:\Program Files\Android\Android Studio\jre\bin\java.dll
0x00007ffbe4480000 - 0x00007ffbe448b000 	C:\Program Files\Android\Android Studio\jre\bin\jimage.dll
0x00007ffbd3380000 - 0x00007ffbd3398000 	C:\Program Files\Android\Android Studio\jre\bin\zip.dll

dbghelp: loaded successfully - version: 4.0.5 - missing functions: none
symbol engine: initialized successfully - sym options: 0x614 - pdb path: .;C:\Program Files\Android\Android Studio\jre\bin;C:\WINDOWS\SYSTEM32;C:\WINDOWS\WinSxS\amd64_microsoft.windows.common-controls_6595b64144ccf1df_6.0.22000.120_none_9d947278b86cc467;C:\Program Files\Android\Android Studio\jre\bin\server

VM Arguments:
java_command: org.jetbrains.kotlin.cli.jvm.K2JVMCompiler @C:\Users\marcd\Documents\GitHub\FirePh\FirePH_BAMM-master\app\build\20221028_177568335100848317.compiler.options
java_class_path (initial): C:\Users\marcd\.gradle\caches\modules-2\files-2.1\org.jetbrains.kotlin\kotlin-compiler-embeddable\1.6.10\88f2073f4020cdb83132cfe940ceb9a60aba54ea\kotlin-compiler-embeddable-1.6.10.jar;C:\Users\marcd\.gradle\caches\modules-2\files-2.1\org.jetbrains.kotlin\kotlin-reflect\1.6.10\1cbe9c92c12a94eea200d23c2bbaedaf3daf5132\kotlin-reflect-1.6.10.jar;C:\Users\marcd\.gradle\caches\modules-2\files-2.1\org.jetbrains.kotlin\kotlin-stdlib\1.6.10\b8af3fe6f1ca88526914929add63cf5e7c5049af\kotlin-stdlib-1.6.10.jar;C:\Users\marcd\.gradle\caches\modules-2\files-2.1\org.jetbrains.kotlin\kotlin-script-runtime\1.6.10\d0a7ff2e2500ef497ed0214ae40ad3c8387a6164\kotlin-script-runtime-1.6.10.jar;C:\Users\marcd\.gradle\caches\modules-2\files-2.1\org.jetbrains.kotlin\kotlin-daemon-embeddable\1.6.10\a56d79bcbea411fa6058e4ecffc2de73e742bd2a\kotlin-daemon-embeddable-1.6.10.jar;C:\Users\marcd\.gradle\caches\modules-2\files-2.1\org.jetbrains.intellij.deps\trove4j\1.0.20181211\216c2e14b070f334479d800987affe4054cd563f\trove4j-1.0.20181211.jar;C:\Users\marcd\.gradle\caches\modules-2\files-2.1\net.java.dev.jna\jna\5.6.0\330f2244e9030119ab3030fc3fededc86713d9cc\jna-5.6.0.jar;C:\Users\marcd\.gradle\caches\modules-2\files-2.1\org.jetbrains\annotations\13.0\919f0dfe192fb4e063e7dacadee7f8bb9a2672a9\annotations-13.0.jar;C:\Users\marcd\.gradle\caches\modules-2\files-2.1\org.jetbrains.kotlin\kotlin-stdlib-common\1.6.10\c118700e3a33c8a0d9adc920e9dec0831171925\kotlin-stdlib-common-1.6.10.jar
Launcher Type: SUN_STANDARD

[Global flags]
     intx CICompilerCount                          = 4                                         {product} {ergonomic}
     uint ConcGCThreads                            = 2                                         {product} {ergonomic}
     uint G1ConcRefinementThreads                  = 8                                         {product} {ergonomic}
   size_t G1HeapRegionSize                         = 1048576                                   {product} {ergonomic}
    uintx GCDrainStackTargetSize                   = 64                                        {product} {ergonomic}
   size_t InitialHeapSize                          = 132120576                                 {product} {ergonomic}
   size_t MarkStackSize                            = 4194304                                   {product} {ergonomic}
   size_t MaxHeapSize                              = 2109734912                                {product} {ergonomic}
   size_t MinHeapDeltaBytes                        = 1048576                                   {product} {ergonomic}
    uintx NonNMethodCodeHeapSize                   = 5836300                                {pd product} {ergonomic}
    uintx NonProfiledCodeHeapSize                  = 122910970                              {pd product} {ergonomic}
    uintx ProfiledCodeHeapSize                     = 122910970                              {pd product} {ergonomic}
    uintx ReservedCodeCacheSize                    = 251658240                              {pd product} {ergonomic}
     bool SegmentedCodeCache                       = true                                      {product} {ergonomic}
     bool UseCompressedClassPointers               = true                                 {lp64_product} {ergonomic}
     bool UseCompressedOops                        = true                                 {lp64_product} {ergonomic}
     bool UseG1GC                                  = true                                      {product} {ergonomic}
     bool UseLargePagesIndividualAllocation        = false                                  {pd product} {ergonomic}

Logging:
Log output configuration:
 #0: stdout all=warning uptime,level,tags
 #1: stderr all=off uptime,level,tags

Environment Variables:
JAVA_HOME=C:\Program Files\Java\jdk-11.0.16
PATH=C:\Program Files\Common Files\Oracle\Java\javapath;C:\Windows\system32;C:\Windows;C:\Windows\System32\Wbem;C:\Windows\System32\WindowsPowerShell\v1.0\;C:\Windows\System32\OpenSSH\;C:\Program Files (x86)\NVIDIA Corporation\PhysX\Common;C:\Program Files\NVIDIA Corporation\NVIDIA NvDLISR;C:\WINDOWS\system32;C:\WINDOWS;C:\WINDOWS\System32\Wbem;C:\WINDOWS\System32\WindowsPowerShell\v1.0\;C:\WINDOWS\System32\OpenSSH\;C:\Program Files\dotnet\;C:\Program Files\Microsoft VS Code\bin;C:\Program Files\nodejs\;C:\Program Files\Java\jdk-11.0.16\bin;C:\Program Files\MATLAB\R2022b\bin;C:\Program Files\Git\cmd;C:\Users\marcd\AppData\Local\Microsoft\WindowsApps;C:\Users\marcd\AppData\Roaming\npm;C:\Users\marcd\AppData\Local\GitHubDesktop\bin
USERNAME=marcd
OS=Windows_NT
PROCESSOR_IDENTIFIER=Intel64 Family 6 Model 158 Stepping 10, GenuineIntel



---------------  S Y S T E M  ---------------

OS: Windows 11 , 64 bit Build 22000 (10.0.22000.708)
OS uptime: 0 days 15:16 hours

CPU:total 8 (initial active 8) (4 cores per cpu, 2 threads per core) family 6 model 158 stepping 10 microcode 0xde, cmov, cx8, fxsr, mmx, sse, sse2, sse3, ssse3, sse4.1, sse4.2, popcnt, avx, avx2, aes, clmul, erms, 3dnowpref, lzcnt, ht, tsc, tscinvbit, bmi1, bmi2, adx, fma

Memory: 4k page, system-wide physical 8044M (834M free)
TotalPageFile size 16236M (AvailPageFile size 71M)
current process WorkingSet (physical memory assigned to process): 10M, peak: 10M
current process commit charge ("private bytes"): 60M, peak: 185M

vm_info: OpenJDK 64-Bit Server VM (11.0.13+0-b1751.21-8125866) for windows-amd64 JRE (11.0.13+0-b1751.21-8125866), built on Feb  2 2022 03:00:22 by "builder" with MS VC++ 14.0 (VS2015)

END.
