#
# There is insufficient memory for the Java Runtime Environment to continue.
# Native memory allocation (malloc) failed to allocate 69136 bytes for Chunk::new
# Possible reasons:
#   The system is out of physical RAM or swap space
#   The process is running with CompressedOops enabled, and the Java Heap may be blocking the growth of the native heap
# Possible solutions:
#   Reduce memory load on the system
#   Increase physical memory or swap space
#   Check if swap backing store is full
#   Decrease Java heap size (-Xmx/-Xms)
#   Decrease number of Java threads
#   Decrease Java thread stack sizes (-Xss)
#   Set larger code cache with -XX:ReservedCodeCacheSize=
#   JVM is running with Unscaled Compressed Oops mode in which the Java heap is
#     placed in the first 4GB address space. The Java Heap base address is the
#     maximum limit for the native heap growth. Please use -XX:HeapBaseMinAddress
#     to set the Java Heap base and to place the Java Heap above 4GB virtual address.
# This output file may be truncated or incomplete.
#
#  Out of Memory Error (./src/hotspot/share/memory/arena.cpp:197), pid=19524, tid=13444
#
# JRE version: OpenJDK Runtime Environment (11.0.13) (build 11.0.13+0-b1751.21-8125866)
# Java VM: OpenJDK 64-Bit Server VM (11.0.13+0-b1751.21-8125866, mixed mode, tiered, compressed oops, g1 gc, windows-amd64)
# No core dump will be written. Minidumps are not enabled by default on client versions of Windows
#

---------------  S U M M A R Y ------------

Command Line: --add-opens=java.base/java.util=ALL-UNNAMED --add-opens=java.base/java.lang=ALL-UNNAMED --add-opens=java.base/java.lang.invoke=ALL-UNNAMED --add-opens=java.base/java.util=ALL-UNNAMED --add-opens=java.prefs/java.util.prefs=ALL-UNNAMED --add-opens=java.prefs/java.util.prefs=ALL-UNNAMED --add-opens=java.base/java.nio.charset=ALL-UNNAMED --add-opens=java.base/java.net=ALL-UNNAMED --add-opens=java.base/java.util.concurrent.atomic=ALL-UNNAMED -Xmx2048m -Dfile.encoding=UTF-8 -Duser.country=PH -Duser.language=en -Duser.variant org.gradle.launcher.daemon.bootstrap.GradleDaemon 7.3.3

Host: Intel(R) Core(TM) i5-9300H CPU @ 2.40GHz, 8 cores, 7G,  Windows 11 , 64 bit Build 22000 (10.0.22000.708)
Time: Sat Oct 29 13:58:08 2022 Malay Peninsula Standard Time elapsed time: 5.636787 seconds (0d 0h 0m 5s)

---------------  T H R E A D  ---------------

Current thread (0x000001daaf056000):  JavaThread "C2 CompilerThread0" daemon [_thread_in_native, id=13444, stack(0x0000005fae100000,0x0000005fae200000)]


Current CompileTask:
C2:   5636 5321       4       groovy.lang.MetaClassImpl$1MOPIter::methodNameAction (325 bytes)

Stack: [0x0000005fae100000,0x0000005fae200000]
Native frames: (J=compiled Java code, j=interpreted, Vv=VM code, C=native code)
V  [jvm.dll+0x6100fa]
V  [jvm.dll+0x747090]
V  [jvm.dll+0x7486ad]
V  [jvm.dll+0x748d83]
V  [jvm.dll+0x24ab48]
V  [jvm.dll+0xc04dc]
V  [jvm.dll+0xc0a0c]
V  [jvm.dll+0x2c0047]
V  [jvm.dll+0x524238]
V  [jvm.dll+0x2045ac]
V  [jvm.dll+0x2023c2]
V  [jvm.dll+0x188e01]
V  [jvm.dll+0x21106b]
V  [jvm.dll+0x20f8c1]
V  [jvm.dll+0x70de0f]
V  [jvm.dll+0x706a75]
V  [jvm.dll+0x60ed66]
C  [ucrtbase.dll+0x26c0c]
C  [KERNEL32.DLL+0x154e0]
C  [ntdll.dll+0x485b]


---------------  P R O C E S S  ---------------

Threads class SMR info:
_java_thread_list=0x000001dab1844890, length=121, elements={
0x000001da9431b800, 0x000001daae7e8800, 0x000001daaeff8800, 0x000001daaf050800,
0x000001daaf051800, 0x000001daaf052800, 0x000001daaf056000, 0x000001daaf057000,
0x000001daaf05a000, 0x000001daaf1cf000, 0x000001dab07f6000, 0x000001dab0544800,
0x000001dab180a000, 0x000001dab1807800, 0x000001dab1584000, 0x000001dab0aa7000,
0x000001dab0c2d800, 0x000001dab0a07800, 0x000001dab0a08800, 0x000001dab12cc000,
0x000001dab09fc800, 0x000001dab09fd000, 0x000001dab09fe000, 0x000001dab09ff000,
0x000001dab09fb000, 0x000001dab09ff800, 0x000001dab09fa000, 0x000001dab09fb800,
0x000001dab0a00800, 0x000001dab1c02800, 0x000001dab1c05800, 0x000001dab1c03000,
0x000001dab1c07000, 0x000001dab1c04000, 0x000001dab1c01800, 0x000001dab1c0a800,
0x000001dab1c05000, 0x000001dab1c0d000, 0x000001dab1c09000, 0x000001dab1c08000,
0x000001dab1c0b800, 0x000001dab1c0e000, 0x000001dab1c0e800, 0x000001dab1c0f800,
0x000001dab1c0c000, 0x000001dab1c09800, 0x000001dab1c10000, 0x000001dab3e39800,
0x000001dab3e3c000, 0x000001dab3e38000, 0x000001dab3e3a800, 0x000001dab3e3b000,
0x000001dab3e38800, 0x000001dab3e41000, 0x000001dab3e3e800, 0x000001dab3e41800,
0x000001dab3e42800, 0x000001dab3e3f800, 0x000001dab3e40000, 0x000001dab3e3d000,
0x000001dab3e43800, 0x000001dab3e3d800, 0x000001dab3e44000, 0x000001dab3e45000,
0x000001dab3e46000, 0x000001dab3e46800, 0x000001dab349f000, 0x000001dab349e800,
0x000001dab34a3000, 0x000001dab34a5800, 0x000001dab34a0000, 0x000001dab34a6800,
0x000001dab34a5000, 0x000001dab34a4000, 0x000001dab34a1800, 0x000001dab34a0800,
0x000001dab34a7800, 0x000001dab34a8000, 0x000001dab34a2800, 0x000001dab34a9800,
0x000001dab34aa800, 0x000001dab34ab800, 0x000001dab34a9000, 0x000001dab34ac000,
0x000001dab34ad000, 0x000001dab3e8f800, 0x000001dab3e91000, 0x000001dab3e8c800,
0x000001dab3e92000, 0x000001dab3e8e800, 0x000001dab3e8d000, 0x000001dab3e93000,
0x000001dab3e90800, 0x000001dab3e93800, 0x000001dab3e8e000, 0x000001dab3e9a000,
0x000001dab3e99800, 0x000001dab3e95800, 0x000001dab3e96000, 0x000001dab3e98800,
0x000001dab3e94800, 0x000001dab3e9b000, 0x000001dab3e97000, 0x000001dab3e97800,
0x000001dab1ee9800, 0x000001dab1eec000, 0x000001dab1eed000, 0x000001dab1eeb800,
0x000001dab1ef0000, 0x000001dab1eef800, 0x000001dab1eea800, 0x000001dab1ef2800,
0x000001dab1ef3800, 0x000001dab1ef1000, 0x000001dab1ef2000, 0x000001dab1eee000,
0x000001dab1ef4800, 0x000001dab1eee800, 0x000001dab1ef5000, 0x000001dab1ef6000,
0x000001dab1ef7000
}

Java Threads: ( => current thread )
  0x000001da9431b800 JavaThread "main" [_thread_blocked, id=4424, stack(0x0000005fad500000,0x0000005fad600000)]
  0x000001daae7e8800 JavaThread "Reference Handler" daemon [_thread_blocked, id=23244, stack(0x0000005fadc00000,0x0000005fadd00000)]
  0x000001daaeff8800 JavaThread "Finalizer" daemon [_thread_blocked, id=16224, stack(0x0000005fadd00000,0x0000005fade00000)]
  0x000001daaf050800 JavaThread "Signal Dispatcher" daemon [_thread_blocked, id=20860, stack(0x0000005fade00000,0x0000005fadf00000)]
  0x000001daaf051800 JavaThread "Attach Listener" daemon [_thread_blocked, id=5784, stack(0x0000005fadf00000,0x0000005fae000000)]
  0x000001daaf052800 JavaThread "Service Thread" daemon [_thread_blocked, id=7816, stack(0x0000005fae000000,0x0000005fae100000)]
=>0x000001daaf056000 JavaThread "C2 CompilerThread0" daemon [_thread_in_native, id=13444, stack(0x0000005fae100000,0x0000005fae200000)]
  0x000001daaf057000 JavaThread "C1 CompilerThread0" daemon [_thread_blocked, id=23476, stack(0x0000005fae200000,0x0000005fae300000)]
  0x000001daaf05a000 JavaThread "Sweeper thread" daemon [_thread_blocked, id=4964, stack(0x0000005fae300000,0x0000005fae400000)]
  0x000001daaf1cf000 JavaThread "Common-Cleaner" daemon [_thread_blocked, id=11112, stack(0x0000005fae400000,0x0000005fae500000)]
  0x000001dab07f6000 JavaThread "Daemon health stats" [_thread_blocked, id=22124, stack(0x0000005fae800000,0x0000005fae900000)]
  0x000001dab0544800 JavaThread "Incoming local TCP Connector on port 62321" [_thread_in_native, id=17880, stack(0x0000005fae900000,0x0000005faea00000)]
  0x000001dab180a000 JavaThread "Daemon periodic checks" [_thread_blocked, id=12304, stack(0x0000005faea00000,0x0000005faeb00000)]
  0x000001dab1807800 JavaThread "Daemon" [_thread_blocked, id=22112, stack(0x0000005faeb00000,0x0000005faec00000)]
  0x000001dab1584000 JavaThread "Handler for socket connection from /127.0.0.1:62321 to /127.0.0.1:62322" [_thread_in_native, id=12716, stack(0x0000005faec00000,0x0000005faed00000)]
  0x000001dab0aa7000 JavaThread "Cancel handler" [_thread_blocked, id=10860, stack(0x0000005faed00000,0x0000005faee00000)]
  0x000001dab0c2d800 JavaThread "Daemon worker" [_thread_in_native, id=12340, stack(0x0000005faee00000,0x0000005faef00000)]
  0x000001dab0a07800 JavaThread "Asynchronous log dispatcher for DefaultDaemonConnection: socket connection from /127.0.0.1:62321 to /127.0.0.1:62322" [_thread_blocked, id=11888, stack(0x0000005faef00000,0x0000005faf000000)]
  0x000001dab0a08800 JavaThread "Stdin handler" [_thread_blocked, id=13448, stack(0x0000005faf000000,0x0000005faf100000)]
  0x000001dab12cc000 JavaThread "Daemon client event forwarder" [_thread_blocked, id=9344, stack(0x0000005faf100000,0x0000005faf200000)]
  0x000001dab09fc800 JavaThread "Cache worker for journal cache (C:\Users\marcd\.gradle\caches\journal-1)" [_thread_blocked, id=14620, stack(0x0000005faf700000,0x0000005faf800000)]
  0x000001dab09fd000 JavaThread "File lock request listener" [_thread_in_native, id=184, stack(0x0000005faf800000,0x0000005faf900000)]
  0x000001dab09fe000 JavaThread "Cache worker for file hash cache (C:\Users\marcd\.gradle\caches\7.3.3\fileHashes)" [_thread_blocked, id=9852, stack(0x0000005faf900000,0x0000005fafa00000)]
  0x000001dab09ff000 JavaThread "Cache worker for file hash cache (C:\Users\marcd\Documents\GitHub\FirePh\FirePH_BAMM-master\.gradle\7.3.3\fileHashes)" [_thread_blocked, id=2380, stack(0x0000005fafb00000,0x0000005fafc00000)]
  0x000001dab09fb000 JavaThread "File watcher server" daemon [_thread_in_native, id=11900, stack(0x0000005fafc00000,0x0000005fafd00000)]
  0x000001dab09ff800 JavaThread "File watcher consumer" daemon [_thread_blocked, id=13000, stack(0x0000005fafd00000,0x0000005fafe00000)]
  0x000001dab09fa000 JavaThread "Cache worker for checksums cache (C:\Users\marcd\Documents\GitHub\FirePh\FirePH_BAMM-master\.gradle\7.3.3\checksums)" [_thread_blocked, id=11964, stack(0x0000005fafe00000,0x0000005faff00000)]
  0x000001dab09fb800 JavaThread "Cache worker for cache directory md-supplier (C:\Users\marcd\.gradle\caches\7.3.3\md-supplier)" [_thread_blocked, id=13544, stack(0x0000005faff00000,0x0000005fb0000000)]
  0x000001dab0a00800 JavaThread "Cache worker for cache directory md-rule (C:\Users\marcd\.gradle\caches\7.3.3\md-rule)" [_thread_blocked, id=13352, stack(0x0000005fb0000000,0x0000005fb0100000)]
  0x000001dab1c02800 JavaThread "Cache worker for execution history cache (C:\Users\marcd\.gradle\caches\7.3.3\executionHistory)" [_thread_blocked, id=22308, stack(0x0000005fb0100000,0x0000005fb0200000)]
  0x000001dab1c05800 JavaThread "jar transforms" [_thread_blocked, id=3404, stack(0x0000005fb0200000,0x0000005fb0300000)]
  0x000001dab1c03000 JavaThread "Cache worker for file content cache (C:\Users\marcd\.gradle\caches\7.3.3\fileContent)" [_thread_blocked, id=10028, stack(0x0000005fb0300000,0x0000005fb0400000)]
  0x000001dab1c07000 JavaThread "jar transforms Thread 2" [_thread_blocked, id=21904, stack(0x0000005fb0400000,0x0000005fb0500000)]
  0x000001dab1c04000 JavaThread "Cache worker for dependencies-accessors (C:\Users\marcd\Documents\GitHub\FirePh\FirePH_BAMM-master\.gradle\7.3.3\dependencies-accessors)" [_thread_blocked, id=7552, stack(0x0000005fb0500000,0x0000005fb0600000)]
  0x000001dab1c01800 JavaThread "jar transforms Thread 3" [_thread_blocked, id=6228, stack(0x0000005fb0600000,0x0000005fb0700000)]
  0x000001dab1c0a800 JavaThread "Cache worker for Build Output Cleanup Cache (C:\Users\marcd\Documents\GitHub\FirePh\FirePH_BAMM-master\.gradle\buildOutputCleanup)" [_thread_blocked, id=12424, stack(0x0000005fb0700000,0x0000005fb0800000)]
  0x000001dab1c05000 JavaThread "Unconstrained build operations" [_thread_blocked, id=11268, stack(0x0000005fb0800000,0x0000005fb0900000)]
  0x000001dab1c0d000 JavaThread "Unconstrained build operations Thread 2" [_thread_blocked, id=1640, stack(0x0000005fb0900000,0x0000005fb0a00000)]
  0x000001dab1c09000 JavaThread "Unconstrained build operations Thread 3" [_thread_blocked, id=3804, stack(0x0000005fb0a00000,0x0000005fb0b00000)]
  0x000001dab1c08000 JavaThread "Unconstrained build operations Thread 4" [_thread_blocked, id=11768, stack(0x0000005fb0b00000,0x0000005fb0c00000)]
  0x000001dab1c0b800 JavaThread "Unconstrained build operations Thread 5" [_thread_blocked, id=22632, stack(0x0000005fb0c00000,0x0000005fb0d00000)]
  0x000001dab1c0e000 JavaThread "Unconstrained build operations Thread 6" [_thread_blocked, id=7696, stack(0x0000005fb0d00000,0x0000005fb0e00000)]
  0x000001dab1c0e800 JavaThread "Unconstrained build operations Thread 7" [_thread_blocked, id=23044, stack(0x0000005fb0e00000,0x0000005fb0f00000)]
  0x000001dab1c0f800 JavaThread "Unconstrained build operations Thread 8" [_thread_blocked, id=18308, stack(0x0000005fb0f00000,0x0000005fb1000000)]
  0x000001dab1c0c000 JavaThread "Unconstrained build operations Thread 9" [_thread_blocked, id=23280, stack(0x0000005fb1000000,0x0000005fb1100000)]
  0x000001dab1c09800 JavaThread "Unconstrained build operations Thread 10" [_thread_blocked, id=6760, stack(0x0000005fb1100000,0x0000005fb1200000)]
  0x000001dab1c10000 JavaThread "Unconstrained build operations Thread 11" [_thread_blocked, id=14640, stack(0x0000005fb1200000,0x0000005fb1300000)]
  0x000001dab3e39800 JavaThread "Unconstrained build operations Thread 12" [_thread_blocked, id=22076, stack(0x0000005fb1300000,0x0000005fb1400000)]
  0x000001dab3e3c000 JavaThread "Unconstrained build operations Thread 13" [_thread_blocked, id=21948, stack(0x0000005fb1400000,0x0000005fb1500000)]
  0x000001dab3e38000 JavaThread "Unconstrained build operations Thread 14" [_thread_blocked, id=6176, stack(0x0000005fb1500000,0x0000005fb1600000)]
  0x000001dab3e3a800 JavaThread "Unconstrained build operations Thread 15" [_thread_blocked, id=23400, stack(0x0000005fb1600000,0x0000005fb1700000)]
  0x000001dab3e3b000 JavaThread "Unconstrained build operations Thread 16" [_thread_blocked, id=4844, stack(0x0000005fb1700000,0x0000005fb1800000)]
  0x000001dab3e38800 JavaThread "Unconstrained build operations Thread 17" [_thread_blocked, id=12172, stack(0x0000005fb1800000,0x0000005fb1900000)]
  0x000001dab3e41000 JavaThread "Unconstrained build operations Thread 18" [_thread_blocked, id=14784, stack(0x0000005fb1900000,0x0000005fb1a00000)]
  0x000001dab3e3e800 JavaThread "Unconstrained build operations Thread 19" [_thread_blocked, id=18872, stack(0x0000005fb1a00000,0x0000005fb1b00000)]
  0x000001dab3e41800 JavaThread "Unconstrained build operations Thread 20" [_thread_blocked, id=21612, stack(0x0000005fb1b00000,0x0000005fb1c00000)]
  0x000001dab3e42800 JavaThread "Unconstrained build operations Thread 21" [_thread_blocked, id=21216, stack(0x0000005fb1c00000,0x0000005fb1d00000)]
  0x000001dab3e3f800 JavaThread "Unconstrained build operations Thread 22" [_thread_blocked, id=11072, stack(0x0000005fb1d00000,0x0000005fb1e00000)]
  0x000001dab3e40000 JavaThread "Unconstrained build operations Thread 23" [_thread_blocked, id=11992, stack(0x0000005fb1e00000,0x0000005fb1f00000)]
  0x000001dab3e3d000 JavaThread "Unconstrained build operations Thread 24" [_thread_blocked, id=21792, stack(0x0000005fb1f00000,0x0000005fb2000000)]
  0x000001dab3e43800 JavaThread "Unconstrained build operations Thread 25" [_thread_blocked, id=22512, stack(0x0000005fb2000000,0x0000005fb2100000)]
  0x000001dab3e3d800 JavaThread "Unconstrained build operations Thread 26" [_thread_blocked, id=16052, stack(0x0000005fb2100000,0x0000005fb2200000)]
  0x000001dab3e44000 JavaThread "Unconstrained build operations Thread 27" [_thread_blocked, id=13148, stack(0x0000005fb2200000,0x0000005fb2300000)]
  0x000001dab3e45000 JavaThread "Unconstrained build operations Thread 28" [_thread_blocked, id=23436, stack(0x0000005fb2300000,0x0000005fb2400000)]
  0x000001dab3e46000 JavaThread "Unconstrained build operations Thread 29" [_thread_blocked, id=22388, stack(0x0000005fb2400000,0x0000005fb2500000)]
  0x000001dab3e46800 JavaThread "Unconstrained build operations Thread 30" [_thread_blocked, id=6360, stack(0x0000005fb2500000,0x0000005fb2600000)]
  0x000001dab349f000 JavaThread "Unconstrained build operations Thread 31" [_thread_blocked, id=22348, stack(0x0000005fb2600000,0x0000005fb2700000)]
  0x000001dab349e800 JavaThread "Unconstrained build operations Thread 32" [_thread_blocked, id=14288, stack(0x0000005fb2700000,0x0000005fb2800000)]
  0x000001dab34a3000 JavaThread "Unconstrained build operations Thread 33" [_thread_blocked, id=10652, stack(0x0000005fb2800000,0x0000005fb2900000)]
  0x000001dab34a5800 JavaThread "Unconstrained build operations Thread 34" [_thread_blocked, id=13056, stack(0x0000005fb2900000,0x0000005fb2a00000)]
  0x000001dab34a0000 JavaThread "Unconstrained build operations Thread 35" [_thread_blocked, id=12868, stack(0x0000005fb2a00000,0x0000005fb2b00000)]
  0x000001dab34a6800 JavaThread "Unconstrained build operations Thread 36" [_thread_blocked, id=12168, stack(0x0000005fb2b00000,0x0000005fb2c00000)]
  0x000001dab34a5000 JavaThread "Unconstrained build operations Thread 37" [_thread_blocked, id=14876, stack(0x0000005fb2c00000,0x0000005fb2d00000)]
  0x000001dab34a4000 JavaThread "Unconstrained build operations Thread 38" [_thread_blocked, id=21572, stack(0x0000005fb2d00000,0x0000005fb2e00000)]
  0x000001dab34a1800 JavaThread "Unconstrained build operations Thread 39" [_thread_blocked, id=23008, stack(0x0000005fb2e00000,0x0000005fb2f00000)]
  0x000001dab34a0800 JavaThread "Unconstrained build operations Thread 40" [_thread_blocked, id=22764, stack(0x0000005fb2f00000,0x0000005fb3000000)]
  0x000001dab34a7800 JavaThread "Unconstrained build operations Thread 41" [_thread_blocked, id=22752, stack(0x0000005fb3000000,0x0000005fb3100000)]
  0x000001dab34a8000 JavaThread "Unconstrained build operations Thread 42" [_thread_blocked, id=14116, stack(0x0000005fb3100000,0x0000005fb3200000)]
  0x000001dab34a2800 JavaThread "Unconstrained build operations Thread 43" [_thread_blocked, id=22048, stack(0x0000005fb3200000,0x0000005fb3300000)]
  0x000001dab34a9800 JavaThread "Unconstrained build operations Thread 44" [_thread_blocked, id=21496, stack(0x0000005fb3300000,0x0000005fb3400000)]
  0x000001dab34aa800 JavaThread "Unconstrained build operations Thread 45" [_thread_blocked, id=8948, stack(0x0000005fb3400000,0x0000005fb3500000)]
  0x000001dab34ab800 JavaThread "Unconstrained build operations Thread 46" [_thread_blocked, id=20536, stack(0x0000005fb3500000,0x0000005fb3600000)]
  0x000001dab34a9000 JavaThread "Unconstrained build operations Thread 47" [_thread_blocked, id=1952, stack(0x0000005fb3600000,0x0000005fb3700000)]
  0x000001dab34ac000 JavaThread "Unconstrained build operations Thread 48" [_thread_blocked, id=21648, stack(0x0000005fb3700000,0x0000005fb3800000)]
  0x000001dab34ad000 JavaThread "Unconstrained build operations Thread 49" [_thread_blocked, id=21552, stack(0x0000005fb3800000,0x0000005fb3900000)]
  0x000001dab3e8f800 JavaThread "Unconstrained build operations Thread 50" [_thread_blocked, id=11152, stack(0x0000005fb3900000,0x0000005fb3a00000)]
  0x000001dab3e91000 JavaThread "Unconstrained build operations Thread 51" [_thread_blocked, id=6200, stack(0x0000005fb3a00000,0x0000005fb3b00000)]
  0x000001dab3e8c800 JavaThread "Unconstrained build operations Thread 52" [_thread_blocked, id=16336, stack(0x0000005fb3b00000,0x0000005fb3c00000)]
  0x000001dab3e92000 JavaThread "Unconstrained build operations Thread 53" [_thread_blocked, id=14896, stack(0x0000005fb3c00000,0x0000005fb3d00000)]
  0x000001dab3e8e800 JavaThread "Unconstrained build operations Thread 54" [_thread_blocked, id=13492, stack(0x0000005fb3d00000,0x0000005fb3e00000)]
  0x000001dab3e8d000 JavaThread "Unconstrained build operations Thread 55" [_thread_blocked, id=5788, stack(0x0000005fb3e00000,0x0000005fb3f00000)]
  0x000001dab3e93000 JavaThread "Unconstrained build operations Thread 56" [_thread_blocked, id=2348, stack(0x0000005fb3f00000,0x0000005fb4000000)]
  0x000001dab3e90800 JavaThread "Unconstrained build operations Thread 57" [_thread_blocked, id=20796, stack(0x0000005fb4000000,0x0000005fb4100000)]
  0x000001dab3e93800 JavaThread "Unconstrained build operations Thread 58" [_thread_blocked, id=22004, stack(0x0000005fb4100000,0x0000005fb4200000)]
  0x000001dab3e8e000 JavaThread "Unconstrained build operations Thread 59" [_thread_blocked, id=22400, stack(0x0000005fb4200000,0x0000005fb4300000)]
  0x000001dab3e9a000 JavaThread "Unconstrained build operations Thread 60" [_thread_blocked, id=7232, stack(0x0000005fb4300000,0x0000005fb4400000)]
  0x000001dab3e99800 JavaThread "Unconstrained build operations Thread 61" [_thread_blocked, id=6988, stack(0x0000005fb4400000,0x0000005fb4500000)]
  0x000001dab3e95800 JavaThread "Unconstrained build operations Thread 62" [_thread_blocked, id=21248, stack(0x0000005fb4500000,0x0000005fb4600000)]
  0x000001dab3e96000 JavaThread "Unconstrained build operations Thread 63" [_thread_blocked, id=2608, stack(0x0000005fb4600000,0x0000005fb4700000)]
  0x000001dab3e98800 JavaThread "Unconstrained build operations Thread 64" [_thread_blocked, id=20228, stack(0x0000005fb4700000,0x0000005fb4800000)]
  0x000001dab3e94800 JavaThread "Unconstrained build operations Thread 65" [_thread_blocked, id=10304, stack(0x0000005fb4800000,0x0000005fb4900000)]
  0x000001dab3e9b000 JavaThread "Unconstrained build operations Thread 66" [_thread_blocked, id=11108, stack(0x0000005fb4900000,0x0000005fb4a00000)]
  0x000001dab3e97000 JavaThread "Unconstrained build operations Thread 67" [_thread_blocked, id=23132, stack(0x0000005fb4a00000,0x0000005fb4b00000)]
  0x000001dab3e97800 JavaThread "Unconstrained build operations Thread 68" [_thread_blocked, id=12896, stack(0x0000005fb4b00000,0x0000005fb4c00000)]
  0x000001dab1ee9800 JavaThread "Unconstrained build operations Thread 69" [_thread_blocked, id=18372, stack(0x0000005fb4c00000,0x0000005fb4d00000)]
  0x000001dab1eec000 JavaThread "Unconstrained build operations Thread 70" [_thread_blocked, id=16616, stack(0x0000005fb4d00000,0x0000005fb4e00000)]
  0x000001dab1eed000 JavaThread "Unconstrained build operations Thread 71" [_thread_blocked, id=12412, stack(0x0000005fb4e00000,0x0000005fb4f00000)]
  0x000001dab1eeb800 JavaThread "Unconstrained build operations Thread 72" [_thread_blocked, id=12232, stack(0x0000005fb4f00000,0x0000005fb5000000)]
  0x000001dab1ef0000 JavaThread "Unconstrained build operations Thread 73" [_thread_blocked, id=20788, stack(0x0000005fb5000000,0x0000005fb5100000)]
  0x000001dab1eef800 JavaThread "Unconstrained build operations Thread 74" [_thread_blocked, id=4700, stack(0x0000005fb5100000,0x0000005fb5200000)]
  0x000001dab1eea800 JavaThread "Unconstrained build operations Thread 75" [_thread_blocked, id=6808, stack(0x0000005fb5200000,0x0000005fb5300000)]
  0x000001dab1ef2800 JavaThread "Unconstrained build operations Thread 76" [_thread_blocked, id=20276, stack(0x0000005fb5300000,0x0000005fb5400000)]
  0x000001dab1ef3800 JavaThread "Unconstrained build operations Thread 77" [_thread_blocked, id=22272, stack(0x0000005fb5400000,0x0000005fb5500000)]
  0x000001dab1ef1000 JavaThread "Unconstrained build operations Thread 78" [_thread_blocked, id=5056, stack(0x0000005fb5500000,0x0000005fb5600000)]
  0x000001dab1ef2000 JavaThread "Unconstrained build operations Thread 79" [_thread_blocked, id=11160, stack(0x0000005fb5600000,0x0000005fb5700000)]
  0x000001dab1eee000 JavaThread "Unconstrained build operations Thread 80" [_thread_blocked, id=10640, stack(0x0000005fb5700000,0x0000005fb5800000)]
  0x000001dab1ef4800 JavaThread "jar transforms Thread 4" [_thread_blocked, id=5944, stack(0x0000005fb5800000,0x0000005fb5900000)]
  0x000001dab1eee800 JavaThread "jar transforms Thread 5" [_thread_blocked, id=23504, stack(0x0000005fb5900000,0x0000005fb5a00000)]
  0x000001dab1ef5000 JavaThread "jar transforms Thread 6" [_thread_blocked, id=18444, stack(0x0000005fb5a00000,0x0000005fb5b00000)]
  0x000001dab1ef6000 JavaThread "jar transforms Thread 7" [_thread_blocked, id=11796, stack(0x0000005fb5b00000,0x0000005fb5c00000)]
  0x000001dab1ef7000 JavaThread "jar transforms Thread 8" [_thread_blocked, id=5012, stack(0x0000005fb5c00000,0x0000005fb5d00000)]

Other Threads:
  0x000001daae7e6800 VMThread "VM Thread" [stack: 0x0000005fadb00000,0x0000005fadc00000] [id=11048]
  0x000001daaf202000 WatcherThread [stack: 0x0000005fae500000,0x0000005fae600000] [id=22700]
  0x000001da94337000 GCTaskThread "GC Thread#0" [stack: 0x0000005fad600000,0x0000005fad700000] [id=6964]
  0x000001daafa9a000 GCTaskThread "GC Thread#1" [stack: 0x0000005fae600000,0x0000005fae700000] [id=12832]
  0x000001daafe43000 GCTaskThread "GC Thread#2" [stack: 0x0000005fae700000,0x0000005fae800000] [id=22680]
  0x000001dab0526800 GCTaskThread "GC Thread#3" [stack: 0x0000005faf200000,0x0000005faf300000] [id=19676]
  0x000001dab0523800 GCTaskThread "GC Thread#4" [stack: 0x0000005faf300000,0x0000005faf400000] [id=6752]
  0x000001dab0a31800 GCTaskThread "GC Thread#5" [stack: 0x0000005faf400000,0x0000005faf500000] [id=14324]
  0x000001dab0a14000 GCTaskThread "GC Thread#6" [stack: 0x0000005faf500000,0x0000005faf600000] [id=1528]
  0x000001dab0a15000 GCTaskThread "GC Thread#7" [stack: 0x0000005faf600000,0x0000005faf700000] [id=21488]
  0x000001da9436e800 ConcurrentGCThread "G1 Main Marker" [stack: 0x0000005fad700000,0x0000005fad800000] [id=7768]
  0x000001da94370800 ConcurrentGCThread "G1 Conc#0" [stack: 0x0000005fad800000,0x0000005fad900000] [id=23340]
  0x000001dab1422800 ConcurrentGCThread "G1 Conc#1" [stack: 0x0000005fafa00000,0x0000005fafb00000] [id=19136]
  0x000001daae632800 ConcurrentGCThread "G1 Refine#0" [stack: 0x0000005fad900000,0x0000005fada00000] [id=11800]
  0x000001daae635800 ConcurrentGCThread "G1 Young RemSet Sampling" [stack: 0x0000005fada00000,0x0000005fadb00000] [id=8328]

Threads with active compile tasks:
C2 CompilerThread0   5681 5321       4       groovy.lang.MetaClassImpl$1MOPIter::methodNameAction (325 bytes)

VM state:not at safepoint (normal execution)

VM Mutex/Monitor currently owned by a thread: None

Heap address: 0x0000000080000000, size: 2048 MB, Compressed Oops mode: 32-bit
Narrow klass base: 0x0000000000000000, Narrow klass shift: 3
Compressed class space size: 1073741824 Address: 0x0000000100000000

Heap:
 garbage-first heap   total 155648K, used 100811K [0x0000000080000000, 0x0000000100000000)
  region size 1024K, 72 young (73728K), 4 survivors (4096K)
 Metaspace       used 48542K, capacity 49919K, committed 50000K, reserved 1093632K
  class space    used 6114K, capacity 6612K, committed 6656K, reserved 1048576K
Heap Regions: E=young(eden), S=young(survivor), O=old, HS=humongous(starts), HC=humongous(continues), CS=collection set, F=free, A=archive, TAMS=top-at-mark-start (previous, next)
|   0|0x0000000080000000, 0x0000000080100000, 0x0000000080100000|100%| O|  |TAMS 0x0000000080100000, 0x0000000080000000| Untracked 
|   1|0x0000000080100000, 0x0000000080200000, 0x0000000080200000|100%| O|  |TAMS 0x0000000080200000, 0x0000000080100000| Untracked 
|   2|0x0000000080200000, 0x0000000080300000, 0x0000000080300000|100%| O|  |TAMS 0x0000000080300000, 0x0000000080200000| Untracked 
|   3|0x0000000080300000, 0x0000000080400000, 0x0000000080400000|100%|HS|  |TAMS 0x0000000080400000, 0x0000000080300000| Complete 
|   4|0x0000000080400000, 0x0000000080500000, 0x0000000080500000|100%|HC|  |TAMS 0x0000000080500000, 0x0000000080400000| Complete 
|   5|0x0000000080500000, 0x0000000080600000, 0x0000000080600000|100%|HC|  |TAMS 0x0000000080600000, 0x0000000080500000| Complete 
|   6|0x0000000080600000, 0x0000000080700000, 0x0000000080700000|100%| O|  |TAMS 0x0000000080700000, 0x0000000080600000| Untracked 
|   7|0x0000000080700000, 0x0000000080800000, 0x0000000080800000|100%| O|  |TAMS 0x0000000080800000, 0x0000000080700000| Untracked 
|   8|0x0000000080800000, 0x0000000080900000, 0x0000000080900000|100%| O|  |TAMS 0x0000000080900000, 0x0000000080800000| Untracked 
|   9|0x0000000080900000, 0x0000000080a00000, 0x0000000080a00000|100%| O|  |TAMS 0x0000000080a00000, 0x0000000080900000| Untracked 
|  10|0x0000000080a00000, 0x0000000080b00000, 0x0000000080b00000|100%| O|  |TAMS 0x0000000080b00000, 0x0000000080a00000| Untracked 
|  11|0x0000000080b00000, 0x0000000080c00000, 0x0000000080c00000|100%| O|  |TAMS 0x0000000080c00000, 0x0000000080b00000| Untracked 
|  12|0x0000000080c00000, 0x0000000080d00000, 0x0000000080d00000|100%| O|  |TAMS 0x0000000080d00000, 0x0000000080c00000| Untracked 
|  13|0x0000000080d00000, 0x0000000080e00000, 0x0000000080e00000|100%| O|  |TAMS 0x0000000080e00000, 0x0000000080d00000| Untracked 
|  14|0x0000000080e00000, 0x0000000080f00000, 0x0000000080f00000|100%| O|  |TAMS 0x0000000080f00000, 0x0000000080e00000| Untracked 
|  15|0x0000000080f00000, 0x0000000081000000, 0x0000000081000000|100%| O|  |TAMS 0x0000000080f5d800, 0x0000000080f00000| Untracked 
|  16|0x0000000081000000, 0x0000000081100000, 0x0000000081100000|100%|HS|  |TAMS 0x0000000081000000, 0x0000000081000000| Complete 
|  17|0x0000000081100000, 0x0000000081200000, 0x0000000081200000|100%| O|  |TAMS 0x0000000081100000, 0x0000000081100000| Untracked 
|  18|0x0000000081200000, 0x0000000081300000, 0x0000000081300000|100%| O|  |TAMS 0x0000000081200000, 0x0000000081200000| Untracked 
|  19|0x0000000081300000, 0x0000000081400000, 0x0000000081400000|100%| O|  |TAMS 0x0000000081300000, 0x0000000081300000| Untracked 
|  20|0x0000000081400000, 0x0000000081500000, 0x0000000081500000|100%| O|  |TAMS 0x0000000081400000, 0x0000000081400000| Untracked 
|  21|0x0000000081500000, 0x0000000081600000, 0x0000000081600000|100%| O|  |TAMS 0x0000000081500000, 0x0000000081500000| Untracked 
|  22|0x0000000081600000, 0x0000000081700000, 0x0000000081700000|100%| O|  |TAMS 0x0000000081600000, 0x0000000081600000| Untracked 
|  23|0x0000000081700000, 0x0000000081800000, 0x0000000081800000|100%| O|  |TAMS 0x0000000081700000, 0x0000000081700000| Untracked 
|  24|0x0000000081800000, 0x0000000081900000, 0x0000000081900000|100%| O|  |TAMS 0x0000000081800000, 0x0000000081800000| Untracked 
|  25|0x0000000081900000, 0x0000000081a00000, 0x0000000081a00000|100%| O|  |TAMS 0x0000000081900000, 0x0000000081900000| Untracked 
|  26|0x0000000081a00000, 0x0000000081b00000, 0x0000000081b00000|100%| O|  |TAMS 0x0000000081a00000, 0x0000000081a00000| Untracked 
|  27|0x0000000081b00000, 0x0000000081b46600, 0x0000000081c00000| 27%| O|  |TAMS 0x0000000081b00000, 0x0000000081b00000| Untracked 
|  28|0x0000000081c00000, 0x0000000081d00000, 0x0000000081d00000|100%|HS|  |TAMS 0x0000000081c00000, 0x0000000081c00000| Complete 
|  29|0x0000000081d00000, 0x0000000081e00000, 0x0000000081e00000|100%|HS|  |TAMS 0x0000000081d00000, 0x0000000081d00000| Complete 
|  30|0x0000000081e00000, 0x0000000081e00000, 0x0000000081f00000|  0%| F|  |TAMS 0x0000000081e00000, 0x0000000081e00000| Untracked 
|  31|0x0000000081f00000, 0x0000000081f00000, 0x0000000082000000|  0%| F|  |TAMS 0x0000000081f00000, 0x0000000081f00000| Untracked 
|  32|0x0000000082000000, 0x0000000082000000, 0x0000000082100000|  0%| F|  |TAMS 0x0000000082000000, 0x0000000082000000| Untracked 
|  33|0x0000000082100000, 0x0000000082100000, 0x0000000082200000|  0%| F|  |TAMS 0x0000000082100000, 0x0000000082100000| Untracked 
|  34|0x0000000082200000, 0x0000000082200000, 0x0000000082300000|  0%| F|  |TAMS 0x0000000082200000, 0x0000000082200000| Untracked 
|  35|0x0000000082300000, 0x0000000082300000, 0x0000000082400000|  0%| F|  |TAMS 0x0000000082300000, 0x0000000082300000| Untracked 
|  36|0x0000000082400000, 0x0000000082400000, 0x0000000082500000|  0%| F|  |TAMS 0x0000000082400000, 0x0000000082400000| Untracked 
|  37|0x0000000082500000, 0x0000000082500000, 0x0000000082600000|  0%| F|  |TAMS 0x0000000082500000, 0x0000000082500000| Untracked 
|  38|0x0000000082600000, 0x0000000082600000, 0x0000000082700000|  0%| F|  |TAMS 0x0000000082600000, 0x0000000082600000| Untracked 
|  39|0x0000000082700000, 0x0000000082700000, 0x0000000082800000|  0%| F|  |TAMS 0x0000000082700000, 0x0000000082700000| Untracked 
|  40|0x0000000082800000, 0x0000000082800000, 0x0000000082900000|  0%| F|  |TAMS 0x0000000082800000, 0x0000000082800000| Untracked 
|  41|0x0000000082900000, 0x0000000082900000, 0x0000000082a00000|  0%| F|  |TAMS 0x0000000082900000, 0x0000000082900000| Untracked 
|  42|0x0000000082a00000, 0x0000000082a00000, 0x0000000082b00000|  0%| F|  |TAMS 0x0000000082a00000, 0x0000000082a00000| Untracked 
|  43|0x0000000082b00000, 0x0000000082b00000, 0x0000000082c00000|  0%| F|  |TAMS 0x0000000082b00000, 0x0000000082b00000| Untracked 
|  44|0x0000000082c00000, 0x0000000082c00000, 0x0000000082d00000|  0%| F|  |TAMS 0x0000000082c00000, 0x0000000082c00000| Untracked 
|  45|0x0000000082d00000, 0x0000000082d00000, 0x0000000082e00000|  0%| F|  |TAMS 0x0000000082d00000, 0x0000000082d00000| Untracked 
|  46|0x0000000082e00000, 0x0000000082e00000, 0x0000000082f00000|  0%| F|  |TAMS 0x0000000082e00000, 0x0000000082e00000| Untracked 
|  47|0x0000000082f00000, 0x0000000082f00000, 0x0000000083000000|  0%| F|  |TAMS 0x0000000082f00000, 0x0000000082f00000| Untracked 
|  48|0x0000000083000000, 0x0000000083000000, 0x0000000083100000|  0%| F|  |TAMS 0x0000000083000000, 0x0000000083000000| Untracked 
|  49|0x0000000083100000, 0x0000000083100000, 0x0000000083200000|  0%| F|  |TAMS 0x0000000083100000, 0x0000000083100000| Untracked 
|  50|0x0000000083200000, 0x0000000083200000, 0x0000000083300000|  0%| F|  |TAMS 0x0000000083200000, 0x0000000083200000| Untracked 
|  51|0x0000000083300000, 0x0000000083300000, 0x0000000083400000|  0%| F|  |TAMS 0x0000000083300000, 0x0000000083300000| Untracked 
|  52|0x0000000083400000, 0x0000000083400000, 0x0000000083500000|  0%| F|  |TAMS 0x0000000083400000, 0x0000000083400000| Untracked 
|  53|0x0000000083500000, 0x0000000083500000, 0x0000000083600000|  0%| F|  |TAMS 0x0000000083500000, 0x0000000083500000| Untracked 
|  54|0x0000000083600000, 0x0000000083600000, 0x0000000083700000|  0%| F|  |TAMS 0x0000000083600000, 0x0000000083600000| Untracked 
|  55|0x0000000083700000, 0x0000000083700000, 0x0000000083800000|  0%| F|  |TAMS 0x0000000083700000, 0x0000000083700000| Untracked 
|  56|0x0000000083800000, 0x0000000083800000, 0x0000000083900000|  0%| F|  |TAMS 0x0000000083800000, 0x0000000083800000| Untracked 
|  57|0x0000000083900000, 0x0000000083900000, 0x0000000083a00000|  0%| F|  |TAMS 0x0000000083900000, 0x0000000083900000| Untracked 
|  58|0x0000000083a00000, 0x0000000083a2c8a0, 0x0000000083b00000| 17%| S|CS|TAMS 0x0000000083a00000, 0x0000000083a00000| Complete 
|  59|0x0000000083b00000, 0x0000000083c00000, 0x0000000083c00000|100%| S|CS|TAMS 0x0000000083b00000, 0x0000000083b00000| Complete 
|  60|0x0000000083c00000, 0x0000000083d00000, 0x0000000083d00000|100%| S|CS|TAMS 0x0000000083c00000, 0x0000000083c00000| Complete 
|  61|0x0000000083d00000, 0x0000000083e00000, 0x0000000083e00000|100%| S|CS|TAMS 0x0000000083d00000, 0x0000000083d00000| Complete 
|  62|0x0000000083e00000, 0x0000000083e00000, 0x0000000083f00000|  0%| F|  |TAMS 0x0000000083e00000, 0x0000000083e00000| Untracked 
|  63|0x0000000083f00000, 0x0000000083f00000, 0x0000000084000000|  0%| F|  |TAMS 0x0000000083f00000, 0x0000000083f00000| Untracked 
|  64|0x0000000084000000, 0x0000000084000000, 0x0000000084100000|  0%| F|  |TAMS 0x0000000084000000, 0x0000000084000000| Untracked 
|  65|0x0000000084100000, 0x0000000084100000, 0x0000000084200000|  0%| F|  |TAMS 0x0000000084100000, 0x0000000084100000| Untracked 
|  66|0x0000000084200000, 0x0000000084200000, 0x0000000084300000|  0%| F|  |TAMS 0x0000000084200000, 0x0000000084200000| Untracked 
|  67|0x0000000084300000, 0x0000000084300000, 0x0000000084400000|  0%| F|  |TAMS 0x0000000084300000, 0x0000000084300000| Untracked 
|  68|0x0000000084400000, 0x0000000084400000, 0x0000000084500000|  0%| F|  |TAMS 0x0000000084400000, 0x0000000084400000| Untracked 
|  69|0x0000000084500000, 0x0000000084500000, 0x0000000084600000|  0%| F|  |TAMS 0x0000000084500000, 0x0000000084500000| Untracked 
|  70|0x0000000084600000, 0x0000000084600000, 0x0000000084700000|  0%| F|  |TAMS 0x0000000084600000, 0x0000000084600000| Untracked 
|  71|0x0000000084700000, 0x0000000084700000, 0x0000000084800000|  0%| F|  |TAMS 0x0000000084700000, 0x0000000084700000| Untracked 
|  72|0x0000000084800000, 0x0000000084800000, 0x0000000084900000|  0%| F|  |TAMS 0x0000000084800000, 0x0000000084800000| Untracked 
|  73|0x0000000084900000, 0x0000000084900000, 0x0000000084a00000|  0%| F|  |TAMS 0x0000000084900000, 0x0000000084900000| Untracked 
|  74|0x0000000084a00000, 0x0000000084a00000, 0x0000000084b00000|  0%| F|  |TAMS 0x0000000084a00000, 0x0000000084a00000| Untracked 
|  75|0x0000000084b00000, 0x0000000084b00000, 0x0000000084c00000|  0%| F|  |TAMS 0x0000000084b00000, 0x0000000084b00000| Untracked 
|  76|0x0000000084c00000, 0x0000000084c00000, 0x0000000084d00000|  0%| F|  |TAMS 0x0000000084c00000, 0x0000000084c00000| Untracked 
|  77|0x0000000084d00000, 0x0000000084d00000, 0x0000000084e00000|  0%| F|  |TAMS 0x0000000084d00000, 0x0000000084d00000| Untracked 
|  78|0x0000000084e00000, 0x0000000084e00000, 0x0000000084f00000|  0%| F|  |TAMS 0x0000000084e00000, 0x0000000084e00000| Untracked 
|  79|0x0000000084f00000, 0x0000000084f00000, 0x0000000085000000|  0%| F|  |TAMS 0x0000000084f00000, 0x0000000084f00000| Untracked 
|  80|0x0000000085000000, 0x0000000085000000, 0x0000000085100000|  0%| F|  |TAMS 0x0000000085000000, 0x0000000085000000| Untracked 
|  81|0x0000000085100000, 0x0000000085100000, 0x0000000085200000|  0%| F|  |TAMS 0x0000000085100000, 0x0000000085100000| Untracked 
|  82|0x0000000085200000, 0x0000000085200000, 0x0000000085300000|  0%| F|  |TAMS 0x0000000085200000, 0x0000000085200000| Untracked 
|  83|0x0000000085300000, 0x0000000085332f18, 0x0000000085400000| 19%| E|  |TAMS 0x0000000085300000, 0x0000000085300000| Complete 
|  84|0x0000000085400000, 0x0000000085500000, 0x0000000085500000|100%| E|CS|TAMS 0x0000000085400000, 0x0000000085400000| Complete 
|  85|0x0000000085500000, 0x0000000085600000, 0x0000000085600000|100%| E|CS|TAMS 0x0000000085500000, 0x0000000085500000| Complete 
|  86|0x0000000085600000, 0x0000000085700000, 0x0000000085700000|100%| E|CS|TAMS 0x0000000085600000, 0x0000000085600000| Complete 
|  87|0x0000000085700000, 0x0000000085800000, 0x0000000085800000|100%| E|CS|TAMS 0x0000000085700000, 0x0000000085700000| Complete 
|  88|0x0000000085800000, 0x0000000085900000, 0x0000000085900000|100%| E|CS|TAMS 0x0000000085800000, 0x0000000085800000| Complete 
|  89|0x0000000085900000, 0x00000000859ffcd0, 0x0000000085a00000| 99%| E|  |TAMS 0x0000000085900000, 0x0000000085900000| Complete 
|  90|0x0000000085a00000, 0x0000000085b00000, 0x0000000085b00000|100%| E|CS|TAMS 0x0000000085a00000, 0x0000000085a00000| Complete 
|  91|0x0000000085b00000, 0x0000000085c00000, 0x0000000085c00000|100%| E|CS|TAMS 0x0000000085b00000, 0x0000000085b00000| Complete 
|  92|0x0000000085c00000, 0x0000000085d00000, 0x0000000085d00000|100%| E|CS|TAMS 0x0000000085c00000, 0x0000000085c00000| Complete 
|  93|0x0000000085d00000, 0x0000000085e00000, 0x0000000085e00000|100%| E|CS|TAMS 0x0000000085d00000, 0x0000000085d00000| Complete 
|  94|0x0000000085e00000, 0x0000000085f00000, 0x0000000085f00000|100%| E|CS|TAMS 0x0000000085e00000, 0x0000000085e00000| Complete 
|  95|0x0000000085f00000, 0x0000000086000000, 0x0000000086000000|100%| E|CS|TAMS 0x0000000085f00000, 0x0000000085f00000| Complete 
|  96|0x0000000086000000, 0x0000000086100000, 0x0000000086100000|100%| E|CS|TAMS 0x0000000086000000, 0x0000000086000000| Complete 
|  97|0x0000000086100000, 0x0000000086200000, 0x0000000086200000|100%| E|CS|TAMS 0x0000000086100000, 0x0000000086100000| Complete 
|  98|0x0000000086200000, 0x0000000086300000, 0x0000000086300000|100%| E|CS|TAMS 0x0000000086200000, 0x0000000086200000| Complete 
|  99|0x0000000086300000, 0x0000000086400000, 0x0000000086400000|100%| E|CS|TAMS 0x0000000086300000, 0x0000000086300000| Complete 
| 100|0x0000000086400000, 0x0000000086500000, 0x0000000086500000|100%| E|CS|TAMS 0x0000000086400000, 0x0000000086400000| Complete 
| 101|0x0000000086500000, 0x0000000086600000, 0x0000000086600000|100%| E|CS|TAMS 0x0000000086500000, 0x0000000086500000| Complete 
| 102|0x0000000086600000, 0x0000000086700000, 0x0000000086700000|100%| E|CS|TAMS 0x0000000086600000, 0x0000000086600000| Complete 
| 103|0x0000000086700000, 0x0000000086800000, 0x0000000086800000|100%| E|CS|TAMS 0x0000000086700000, 0x0000000086700000| Complete 
| 104|0x0000000086800000, 0x0000000086900000, 0x0000000086900000|100%| E|CS|TAMS 0x0000000086800000, 0x0000000086800000| Complete 
| 105|0x0000000086900000, 0x0000000086a00000, 0x0000000086a00000|100%| E|CS|TAMS 0x0000000086900000, 0x0000000086900000| Complete 
| 106|0x0000000086a00000, 0x0000000086b00000, 0x0000000086b00000|100%| E|CS|TAMS 0x0000000086a00000, 0x0000000086a00000| Complete 
| 107|0x0000000086b00000, 0x0000000086c00000, 0x0000000086c00000|100%| E|CS|TAMS 0x0000000086b00000, 0x0000000086b00000| Complete 
| 108|0x0000000086c00000, 0x0000000086d00000, 0x0000000086d00000|100%| E|CS|TAMS 0x0000000086c00000, 0x0000000086c00000| Complete 
| 109|0x0000000086d00000, 0x0000000086e00000, 0x0000000086e00000|100%| E|CS|TAMS 0x0000000086d00000, 0x0000000086d00000| Complete 
| 110|0x0000000086e00000, 0x0000000086f00000, 0x0000000086f00000|100%| E|CS|TAMS 0x0000000086e00000, 0x0000000086e00000| Complete 
| 111|0x0000000086f00000, 0x0000000087000000, 0x0000000087000000|100%| E|CS|TAMS 0x0000000086f00000, 0x0000000086f00000| Complete 
| 112|0x0000000087000000, 0x0000000087100000, 0x0000000087100000|100%| E|CS|TAMS 0x0000000087000000, 0x0000000087000000| Complete 
| 113|0x0000000087100000, 0x0000000087200000, 0x0000000087200000|100%| E|CS|TAMS 0x0000000087100000, 0x0000000087100000| Complete 
| 114|0x0000000087200000, 0x0000000087300000, 0x0000000087300000|100%| E|CS|TAMS 0x0000000087200000, 0x0000000087200000| Complete 
| 115|0x0000000087300000, 0x0000000087400000, 0x0000000087400000|100%| E|CS|TAMS 0x0000000087300000, 0x0000000087300000| Complete 
| 116|0x0000000087400000, 0x0000000087500000, 0x0000000087500000|100%| E|CS|TAMS 0x0000000087400000, 0x0000000087400000| Complete 
| 117|0x0000000087500000, 0x0000000087600000, 0x0000000087600000|100%| E|CS|TAMS 0x0000000087500000, 0x0000000087500000| Complete 
| 118|0x0000000087600000, 0x0000000087700000, 0x0000000087700000|100%| E|CS|TAMS 0x0000000087600000, 0x0000000087600000| Complete 
| 119|0x0000000087700000, 0x0000000087800000, 0x0000000087800000|100%| E|CS|TAMS 0x0000000087700000, 0x0000000087700000| Complete 
| 120|0x0000000087800000, 0x0000000087900000, 0x0000000087900000|100%| E|CS|TAMS 0x0000000087800000, 0x0000000087800000| Complete 
| 121|0x0000000087900000, 0x0000000087a00000, 0x0000000087a00000|100%| E|CS|TAMS 0x0000000087900000, 0x0000000087900000| Complete 
| 122|0x0000000087a00000, 0x0000000087b00000, 0x0000000087b00000|100%| E|CS|TAMS 0x0000000087a00000, 0x0000000087a00000| Complete 
| 123|0x0000000087b00000, 0x0000000087c00000, 0x0000000087c00000|100%| E|CS|TAMS 0x0000000087b00000, 0x0000000087b00000| Complete 
| 124|0x0000000087c00000, 0x0000000087d00000, 0x0000000087d00000|100%| E|CS|TAMS 0x0000000087c00000, 0x0000000087c00000| Complete 
| 125|0x0000000087d00000, 0x0000000087e00000, 0x0000000087e00000|100%| E|CS|TAMS 0x0000000087d00000, 0x0000000087d00000| Complete 
| 126|0x0000000087e00000, 0x0000000087f00000, 0x0000000087f00000|100%| E|CS|TAMS 0x0000000087e00000, 0x0000000087e00000| Complete 
| 127|0x0000000087f00000, 0x0000000088000000, 0x0000000088000000|100%| E|CS|TAMS 0x0000000087f00000, 0x0000000087f00000| Complete 
| 128|0x0000000088000000, 0x0000000088100000, 0x0000000088100000|100%| E|CS|TAMS 0x0000000088000000, 0x0000000088000000| Complete 
| 129|0x0000000088100000, 0x0000000088200000, 0x0000000088200000|100%| E|CS|TAMS 0x0000000088100000, 0x0000000088100000| Complete 
| 130|0x0000000088200000, 0x0000000088300000, 0x0000000088300000|100%| E|CS|TAMS 0x0000000088200000, 0x0000000088200000| Complete 
| 131|0x0000000088300000, 0x0000000088400000, 0x0000000088400000|100%| E|CS|TAMS 0x0000000088300000, 0x0000000088300000| Complete 
| 132|0x0000000088400000, 0x0000000088500000, 0x0000000088500000|100%| E|CS|TAMS 0x0000000088400000, 0x0000000088400000| Complete 
| 133|0x0000000088500000, 0x0000000088600000, 0x0000000088600000|100%| E|CS|TAMS 0x0000000088500000, 0x0000000088500000| Complete 
| 134|0x0000000088600000, 0x0000000088700000, 0x0000000088700000|100%| E|CS|TAMS 0x0000000088600000, 0x0000000088600000| Complete 
| 135|0x0000000088700000, 0x0000000088800000, 0x0000000088800000|100%| E|CS|TAMS 0x0000000088700000, 0x0000000088700000| Complete 
| 136|0x0000000088800000, 0x0000000088900000, 0x0000000088900000|100%| E|CS|TAMS 0x0000000088800000, 0x0000000088800000| Complete 
| 137|0x0000000088900000, 0x0000000088a00000, 0x0000000088a00000|100%| E|CS|TAMS 0x0000000088900000, 0x0000000088900000| Complete 
| 138|0x0000000088a00000, 0x0000000088b00000, 0x0000000088b00000|100%| E|CS|TAMS 0x0000000088a00000, 0x0000000088a00000| Complete 
| 139|0x0000000088b00000, 0x0000000088c00000, 0x0000000088c00000|100%| E|CS|TAMS 0x0000000088b00000, 0x0000000088b00000| Complete 
| 140|0x0000000088c00000, 0x0000000088d00000, 0x0000000088d00000|100%| E|CS|TAMS 0x0000000088c00000, 0x0000000088c00000| Complete 
| 141|0x0000000088d00000, 0x0000000088e00000, 0x0000000088e00000|100%| E|CS|TAMS 0x0000000088d00000, 0x0000000088d00000| Complete 
| 142|0x0000000088e00000, 0x0000000088f00000, 0x0000000088f00000|100%| E|CS|TAMS 0x0000000088e00000, 0x0000000088e00000| Complete 
| 143|0x0000000088f00000, 0x0000000089000000, 0x0000000089000000|100%| E|CS|TAMS 0x0000000088f00000, 0x0000000088f00000| Complete 
| 144|0x0000000089000000, 0x0000000089100000, 0x0000000089100000|100%| E|CS|TAMS 0x0000000089000000, 0x0000000089000000| Complete 
| 145|0x0000000089100000, 0x0000000089200000, 0x0000000089200000|100%| E|CS|TAMS 0x0000000089100000, 0x0000000089100000| Complete 
| 146|0x0000000089200000, 0x0000000089300000, 0x0000000089300000|100%| E|CS|TAMS 0x0000000089200000, 0x0000000089200000| Complete 
| 147|0x0000000089300000, 0x0000000089400000, 0x0000000089400000|100%| E|CS|TAMS 0x0000000089300000, 0x0000000089300000| Complete 
| 148|0x0000000089400000, 0x0000000089500000, 0x0000000089500000|100%| E|CS|TAMS 0x0000000089400000, 0x0000000089400000| Complete 
| 149|0x0000000089500000, 0x0000000089600000, 0x0000000089600000|100%| E|CS|TAMS 0x0000000089500000, 0x0000000089500000| Complete 
| 150|0x0000000089600000, 0x0000000089700000, 0x0000000089700000|100%| E|CS|TAMS 0x0000000089600000, 0x0000000089600000| Complete 
| 151|0x0000000089700000, 0x0000000089800000, 0x0000000089800000|100%| E|CS|TAMS 0x0000000089700000, 0x0000000089700000| Complete 

Card table byte_map: [0x000001daa7570000,0x000001daa7970000] _byte_map_base: 0x000001daa7170000

Marking Bits (Prev, Next): (CMBitMap*) 0x000001da943658b8, (CMBitMap*) 0x000001da943658f0
 Prev Bits: [0x000001daa7d70000, 0x000001daa9d70000)
 Next Bits: [0x000001daa9d70000, 0x000001daabd70000)

Polling page: 0x000001da92270000

Metaspace:

Usage:
  Non-class:     42.29 MB capacity,    41.43 MB ( 98%) used,   750.53 KB (  2%) free+waste,   128.94 KB ( <1%) overhead. 
      Class:      6.46 MB capacity,     5.97 MB ( 92%) used,   436.22 KB (  7%) free+waste,    61.19 KB ( <1%) overhead. 
       Both:     48.75 MB capacity,    47.40 MB ( 97%) used,     1.16 MB (  2%) free+waste,   190.13 KB ( <1%) overhead. 

Virtual space:
  Non-class space:       44.00 MB reserved,      42.33 MB ( 96%) committed 
      Class space:        1.00 GB reserved,       6.50 MB ( <1%) committed 
             Both:        1.04 GB reserved,      48.83 MB (  5%) committed 

Chunk freelists:
   Non-Class:  37.00 KB
       Class:  12.00 KB
        Both:  49.00 KB

MaxMetaspaceSize: 17179869184.00 GB
CompressedClassSpaceSize: 1.00 GB
Initial GC threshold: 20.80 MB
Current GC threshold: 58.88 MB
CDS: off

CodeHeap 'non-profiled nmethods': size=120000Kb used=2284Kb max_used=2284Kb free=117715Kb
 bounds [0x000001da9f910000, 0x000001da9fb80000, 0x000001daa6e40000]
CodeHeap 'profiled nmethods': size=120000Kb used=10407Kb max_used=10407Kb free=109592Kb
 bounds [0x000001da983e0000, 0x000001da98e10000, 0x000001da9f910000]
CodeHeap 'non-nmethods': size=5760Kb used=2289Kb max_used=2337Kb free=3471Kb
 bounds [0x000001da97e40000, 0x000001da980b0000, 0x000001da983e0000]
 total_blobs=6081 nmethods=5293 adapters=700
 compilation: enabled
              stopped_count=0, restarted_count=0
 full_count=0

Compilation events (20 events):
Event: 5.598 Thread 0x000001daaf057000 5319       3       org.codehaus.groovy.util.FastArray::get (7 bytes)
Event: 5.598 Thread 0x000001daaf057000 nmethod 5319 0x000001da98dea410 code [0x000001da98dea5c0, 0x000001da98dea6f8]
Event: 5.599 Thread 0x000001daaf057000 5323   !   3       java.beans.PropertyDescriptor::findPropertyType (144 bytes)
Event: 5.601 Thread 0x000001daaf057000 nmethod 5323 0x000001da98dea810 code [0x000001da98deae80, 0x000001da98dee408]
Event: 5.601 Thread 0x000001daaf057000 5324       3       org.codehaus.groovy.util.ComplexKeyHashMap$1::<init> (64 bytes)
Event: 5.601 Thread 0x000001daaf057000 nmethod 5324 0x000001da98deff90 code [0x000001da98df0160, 0x000001da98df04b8]
Event: 5.602 Thread 0x000001daaf057000 5325       3       org.codehaus.groovy.reflection.CachedClass::getNewMetaMethods (166 bytes)
Event: 5.603 Thread 0x000001daaf057000 nmethod 5325 0x000001da98df0610 code [0x000001da98df0940, 0x000001da98df1ca8]
Event: 5.603 Thread 0x000001daaf057000 5326       3       org.codehaus.groovy.reflection.CachedClass$8::initValue (127 bytes)
Event: 5.603 Thread 0x000001daaf057000 nmethod 5326 0x000001da98df2310 code [0x000001da98df2660, 0x000001da98df3d38]
Event: 5.604 Thread 0x000001daaf057000 5327       3       groovy.lang.MetaClassImpl::getNewMetaMethods (18 bytes)
Event: 5.604 Thread 0x000001daaf057000 nmethod 5327 0x000001da98df4490 code [0x000001da98df4640, 0x000001da98df4848]
Event: 5.610 Thread 0x000001daaf057000 5328       3       java.util.zip.ZipFile$Source::initCEN (697 bytes)
Event: 5.611 Thread 0x000001daaf056000 nmethod 5318 0x000001da9fb49a90 code [0x000001da9fb49c60, 0x000001da9fb4a878]
Event: 5.611 Thread 0x000001daaf056000 5321       4       groovy.lang.MetaClassImpl$1MOPIter::methodNameAction (325 bytes)
Event: 5.612 Thread 0x000001daaf057000 nmethod 5328 0x000001da98df4910 code [0x000001da98df4f60, 0x000001da98df89b8]
Event: 5.629 Thread 0x000001daaf057000 5329   !   3       sun.nio.fs.WindowsPath::getPathForWin32Calls (138 bytes)
Event: 5.630 Thread 0x000001daaf057000 nmethod 5329 0x000001da98dfa410 code [0x000001da98dfa720, 0x000001da98dfb8b8]
Event: 5.632 Thread 0x000001daaf057000 5330   !   3       java.util.zip.ZipFile$Source::<init> (158 bytes)
Event: 5.633 Thread 0x000001daaf057000 nmethod 5330 0x000001da98dfbe90 code [0x000001da98dfc240, 0x000001da98dfdc18]

GC Heap History (14 events):
Event: 0.605 GC heap before
{Heap before GC invocations=0 (full 0):
 garbage-first heap   total 129024K, used 29696K [0x0000000080000000, 0x0000000100000000)
  region size 1024K, 24 young (24576K), 0 survivors (0K)
 Metaspace       used 10202K, capacity 10425K, committed 10624K, reserved 1058816K
  class space    used 1051K, capacity 1139K, committed 1152K, reserved 1048576K
}
Event: 0.610 GC heap after
{Heap after GC invocations=1 (full 0):
 garbage-first heap   total 129024K, used 9397K [0x0000000080000000, 0x0000000100000000)
  region size 1024K, 3 young (3072K), 3 survivors (3072K)
 Metaspace       used 10202K, capacity 10425K, committed 10624K, reserved 1058816K
  class space    used 1051K, capacity 1139K, committed 1152K, reserved 1048576K
}
Event: 2.080 GC heap before
{Heap before GC invocations=1 (full 0):
 garbage-first heap   total 129024K, used 83125K [0x0000000080000000, 0x0000000100000000)
  region size 1024K, 75 young (76800K), 3 survivors (3072K)
 Metaspace       used 17582K, capacity 17977K, committed 18176K, reserved 1064960K
  class space    used 2049K, capacity 2211K, committed 2304K, reserved 1048576K
}
Event: 2.086 GC heap after
{Heap after GC invocations=2 (full 0):
 garbage-first heap   total 129024K, used 15945K [0x0000000080000000, 0x0000000100000000)
  region size 1024K, 10 young (10240K), 10 survivors (10240K)
 Metaspace       used 17582K, capacity 17977K, committed 18176K, reserved 1064960K
  class space    used 2049K, capacity 2211K, committed 2304K, reserved 1048576K
}
Event: 2.397 GC heap before
{Heap before GC invocations=2 (full 0):
 garbage-first heap   total 129024K, used 44617K [0x0000000080000000, 0x0000000100000000)
  region size 1024K, 39 young (39936K), 10 survivors (10240K)
 Metaspace       used 20776K, capacity 21185K, committed 21296K, reserved 1069056K
  class space    used 2528K, capacity 2684K, committed 2688K, reserved 1048576K
}
Event: 2.405 GC heap after
{Heap after GC invocations=3 (full 0):
 garbage-first heap   total 129024K, used 16938K [0x0000000080000000, 0x0000000100000000)
  region size 1024K, 2 young (2048K), 2 survivors (2048K)
 Metaspace       used 20776K, capacity 21185K, committed 21296K, reserved 1069056K
  class space    used 2528K, capacity 2684K, committed 2688K, reserved 1048576K
}
Event: 3.075 GC heap before
{Heap before GC invocations=4 (full 0):
 garbage-first heap   total 129024K, used 79402K [0x0000000080000000, 0x0000000100000000)
  region size 1024K, 63 young (64512K), 2 survivors (2048K)
 Metaspace       used 27282K, capacity 27915K, committed 28080K, reserved 1073152K
  class space    used 3533K, capacity 3747K, committed 3840K, reserved 1048576K
}
Event: 3.079 GC heap after
{Heap after GC invocations=5 (full 0):
 garbage-first heap   total 129024K, used 19097K [0x0000000080000000, 0x0000000100000000)
  region size 1024K, 4 young (4096K), 4 survivors (4096K)
 Metaspace       used 27282K, capacity 27915K, committed 28080K, reserved 1073152K
  class space    used 3533K, capacity 3747K, committed 3840K, reserved 1048576K
}
Event: 3.649 GC heap before
{Heap before GC invocations=5 (full 0):
 garbage-first heap   total 129024K, used 67225K [0x0000000080000000, 0x0000000100000000)
  region size 1024K, 52 young (53248K), 4 survivors (4096K)
 Metaspace       used 35037K, capacity 35808K, committed 35920K, reserved 1081344K
  class space    used 4480K, capacity 4783K, committed 4864K, reserved 1048576K
}
Event: 3.657 GC heap after
{Heap after GC invocations=6 (full 0):
 garbage-first heap   total 129024K, used 22232K [0x0000000080000000, 0x0000000100000000)
  region size 1024K, 7 young (7168K), 7 survivors (7168K)
 Metaspace       used 35037K, capacity 35808K, committed 35920K, reserved 1081344K
  class space    used 4480K, capacity 4783K, committed 4864K, reserved 1048576K
}
Event: 4.233 GC heap before
{Heap before GC invocations=7 (full 0):
 garbage-first heap   total 129024K, used 91864K [0x0000000080000000, 0x0000000100000000)
  region size 1024K, 73 young (74752K), 7 survivors (7168K)
 Metaspace       used 40167K, capacity 41160K, committed 41424K, reserved 1085440K
  class space    used 5059K, capacity 5412K, committed 5504K, reserved 1048576K
}
Event: 4.241 GC heap after
{Heap after GC invocations=8 (full 0):
 garbage-first heap   total 129024K, used 27593K [0x0000000080000000, 0x0000000100000000)
  region size 1024K, 9 young (9216K), 9 survivors (9216K)
 Metaspace       used 40167K, capacity 41160K, committed 41424K, reserved 1085440K
  class space    used 5059K, capacity 5412K, committed 5504K, reserved 1048576K
}
Event: 4.742 GC heap before
{Heap before GC invocations=8 (full 0):
 garbage-first heap   total 129024K, used 94153K [0x0000000080000000, 0x0000000100000000)
  region size 1024K, 73 young (74752K), 9 survivors (9216K)
 Metaspace       used 45739K, capacity 46934K, committed 47056K, reserved 1089536K
  class space    used 5806K, capacity 6220K, committed 6272K, reserved 1048576K
}
Event: 4.751 GC heap after
{Heap after GC invocations=9 (full 0):
 garbage-first heap   total 155648K, used 30155K [0x0000000080000000, 0x0000000100000000)
  region size 1024K, 4 young (4096K), 4 survivors (4096K)
 Metaspace       used 45739K, capacity 46934K, committed 47056K, reserved 1089536K
  class space    used 5806K, capacity 6220K, committed 6272K, reserved 1048576K
}

Deoptimization events (20 events):
Event: 5.505 Thread 0x000001dab1ef5000 Uncommon trap: reason=intrinsic_or_type_checked_inlining action=make_not_entrant pc=0x000001da9fb3021c method=java.util.ArrayList.toArray([Ljava/lang/Object;)[Ljava/lang/Object; @ 36 c2
Event: 5.505 Thread 0x000001dab1ef5000 DEOPT PACKING pc=0x000001da9fb3021c sp=0x0000005fb5afe940
Event: 5.505 Thread 0x000001dab1ef5000 DEOPT UNPACKING pc=0x000001da97e8a1af sp=0x0000005fb5afe898 mode 2
Event: 5.505 Thread 0x000001dab1eee800 Uncommon trap: reason=intrinsic_or_type_checked_inlining action=make_not_entrant pc=0x000001da9fb3021c method=java.util.ArrayList.toArray([Ljava/lang/Object;)[Ljava/lang/Object; @ 36 c2
Event: 5.505 Thread 0x000001dab1eee800 DEOPT PACKING pc=0x000001da9fb3021c sp=0x0000005fb59feb00
Event: 5.505 Thread 0x000001dab1eee800 DEOPT UNPACKING pc=0x000001da97e8a1af sp=0x0000005fb59fea58 mode 2
Event: 5.508 Thread 0x000001dab09fc800 DEOPT PACKING pc=0x000001da98d00bee sp=0x0000005faf7fe6c0
Event: 5.508 Thread 0x000001dab09fc800 DEOPT UNPACKING pc=0x000001da97e8a95e sp=0x0000005faf7fdb60 mode 0
Event: 5.517 Thread 0x000001dab09fc800 DEOPT PACKING pc=0x000001da98d00bee sp=0x0000005faf7fe6b0
Event: 5.517 Thread 0x000001dab09fc800 DEOPT UNPACKING pc=0x000001da97e8a95e sp=0x0000005faf7fdb50 mode 0
Event: 5.535 Thread 0x000001dab09fe000 DEOPT PACKING pc=0x000001da98d00bee sp=0x0000005faf9fe370
Event: 5.535 Thread 0x000001dab09fe000 DEOPT UNPACKING pc=0x000001da97e8a95e sp=0x0000005faf9fd810 mode 0
Event: 5.587 Thread 0x000001dab0c2d800 DEOPT PACKING pc=0x000001da984755b4 sp=0x0000005faeef94f0
Event: 5.588 Thread 0x000001dab0c2d800 DEOPT UNPACKING pc=0x000001da97e8a95e sp=0x0000005faeef8a40 mode 0
Event: 5.590 Thread 0x000001dab0c2d800 DEOPT PACKING pc=0x000001da98473721 sp=0x0000005faeef94b0
Event: 5.590 Thread 0x000001dab0c2d800 DEOPT UNPACKING pc=0x000001da97e8a95e sp=0x0000005faeef89a8 mode 0
Event: 5.609 Thread 0x000001dab0c2d800 DEOPT PACKING pc=0x000001da98706a5a sp=0x0000005faeef16d0
Event: 5.609 Thread 0x000001dab0c2d800 DEOPT UNPACKING pc=0x000001da97e8a95e sp=0x0000005faeef0b68 mode 0
Event: 5.623 Thread 0x000001dab0c2d800 DEOPT PACKING pc=0x000001da98df8184 sp=0x0000005faeef15f0
Event: 5.623 Thread 0x000001dab0c2d800 DEOPT UNPACKING pc=0x000001da97e8a95e sp=0x0000005faeef0be0 mode 0

Classes redefined (0 events):
No events

Internal exceptions (20 events):
Event: 4.589 Thread 0x000001dab0c2d800 Exception <a 'java/lang/ClassNotFoundException'{0x0000000085317c28}: org/gradle/api/internal/artifacts/dsl/dependencies/DefaultDependencyHandlerBeanInfo> (0x0000000085317c28) thrown at [./src/hotspot/share/classfile/systemDictionary.cpp, line 231]
Event: 4.590 Thread 0x000001dab0c2d800 Exception <a 'java/lang/ClassNotFoundException'{0x00000000853564f0}: org/gradle/api/internal/artifacts/dsl/dependencies/DefaultDependencyHandlerCustomizer> (0x00000000853564f0) thrown at [./src/hotspot/share/classfile/systemDictionary.cpp, line 231]
Event: 4.591 Thread 0x000001dab0c2d800 Exception <a 'java/lang/ClassNotFoundException'{0x00000000853bc1f8}: org/gradle/api/internal/artifacts/dsl/dependencies/DefaultDependencyHandler_DecoratedCustomizer> (0x00000000853bc1f8) thrown at [./src/hotspot/share/classfile/systemDictionary.cpp, line 231]
Event: 4.599 Thread 0x000001dab0c2d800 Exception <a 'java/lang/ClassNotFoundException'{0x00000000852ce928}: org/gradle/plugin/use/internal/PluginRequestCollector$PluginDependenciesSpecImplBeanInfo> (0x00000000852ce928) thrown at [./src/hotspot/share/classfile/systemDictionary.cpp, line 231]
Event: 4.600 Thread 0x000001dab0c2d800 Exception <a 'java/lang/ClassNotFoundException'{0x00000000852fdab8}: org/gradle/plugin/use/internal/PluginRequestCollector$PluginDependenciesSpecImplCustomizer> (0x00000000852fdab8) thrown at [./src/hotspot/share/classfile/systemDictionary.cpp, line 231]
Event: 4.603 Thread 0x000001dab0c2d800 Exception <a 'java/lang/ClassNotFoundException'{0x000000008515e6e0}: org/gradle/plugin/use/internal/PluginRequestCollector$PluginDependencySpecImplBeanInfo> (0x000000008515e6e0) thrown at [./src/hotspot/share/classfile/systemDictionary.cpp, line 231]
Event: 4.604 Thread 0x000001dab0c2d800 Exception <a 'java/lang/ClassNotFoundException'{0x000000008518cad0}: org/gradle/plugin/use/internal/PluginRequestCollector$PluginDependencySpecImplCustomizer> (0x000000008518cad0) thrown at [./src/hotspot/share/classfile/systemDictionary.cpp, line 231]
Event: 4.741 Thread 0x000001dab0c2d800 Exception <a 'java/lang/NoSuchMethodError'{0x0000000083ef5068}: 'int java.lang.invoke.DirectMethodHandle$Holder.invokeInterface(java.lang.Object, java.lang.Object)'> (0x0000000083ef5068) thrown at [./src/hotspot/share/interpreter/linkResolver.cpp, line 773]
Event: 4.742 Thread 0x000001dab0c2d800 Exception <a 'java/lang/IncompatibleClassChangeError'{0x0000000083ef8b48}: Found class java.lang.Object, but interface was expected> (0x0000000083ef8b48) thrown at [./src/hotspot/share/interpreter/linkResolver.cpp, line 839]
Event: 4.818 Thread 0x000001dab0c2d800 Exception <a 'java/lang/NoSuchMethodError'{0x00000000890d8c98}: 'int java.lang.invoke.DirectMethodHandle$Holder.invokeStaticInit(java.lang.Object)'> (0x00000000890d8c98) thrown at [./src/hotspot/share/interpreter/linkResolver.cpp, line 773]
Event: 4.844 Thread 0x000001dab0c2d800 Exception <a 'java/lang/NoSuchMethodError'{0x0000000088da6400}: 'void java.lang.invoke.DirectMethodHandle$Holder.invokeStatic(java.lang.Object, java.lang.Object, java.lang.Object, int, java.lang.Object)'> (0x0000000088da6400) thrown at [./src/hotspot/share/interpreter/linkResolver.cpp, line 773]
Event: 4.889 Thread 0x000001dab0c2d800 Exception <a 'java/lang/NoSuchMethodError'{0x0000000088971898}: 'java.lang.Object java.lang.invoke.DelegatingMethodHandle$Holder.reinvoke_L(java.lang.Object, java.lang.Object, java.lang.Object, java.lang.Object, java.lang.Object, java.lang.Object, java.lang.Object, java.lang.Object, java.lang.Object, java.lang.Object, java.lang.Object, java.lang.Object, java.lang.Object, java.lang.Object, java.lang.Object, java.lang.Object, java.lang.Object, java.lang.Object, java.lang.Object, java.lang.Object)'> (0x000000
Event: 4.889 Thread 0x000001dab0c2d800 Exception <a 'java/lang/NoSuchMethodError'{0x000000008897d338}: 'java.lang.Object java.lang.invoke.DirectMethodHandle$Holder.invokeSpecial(java.lang.Object, java.lang.Object, java.lang.Object, java.lang.Object, java.lang.Object, java.lang.Object, java.lang.Object, java.lang.Object, java.lang.Object, java.lang.Object, java.lang.Object, java.lang.Object, java.lang.Object, java.lang.Object, java.lang.Object, java.lang.Object, java.lang.Object, java.lang.Object, java.lang.Object, java.lang.Object)'> (0x0000000
Event: 4.890 Thread 0x000001dab0c2d800 Exception <a 'java/lang/NoSuchMethodError'{0x00000000889b5dd0}: 'java.lang.Object java.lang.invoke.Invokers$Holder.invoker(java.lang.Object, java.lang.Object, java.lang.Object, java.lang.Object, java.lang.Object, java.lang.Object, java.lang.Object, java.lang.Object, java.lang.Object, java.lang.Object, java.lang.Object, java.lang.Object, java.lang.Object, java.lang.Object, java.lang.Object, java.lang.Object, java.lang.Object, java.lang.Object, java.lang.Object, java.lang.Object)'> (0x00000000889b5dd0) throw
Event: 4.890 Thread 0x000001dab0c2d800 Exception <a 'java/lang/NoSuchMethodError'{0x00000000889bcee0}: 'java.lang.Object java.lang.invoke.DelegatingMethodHandle$Holder.delegate(java.lang.Object, java.lang.Object, java.lang.Object, java.lang.Object, java.lang.Object, java.lang.Object, java.lang.Object, java.lang.Object, java.lang.Object, java.lang.Object, java.lang.Object, java.lang.Object, java.lang.Object, java.lang.Object, java.lang.Object, java.lang.Object, java.lang.Object, java.lang.Object, java.lang.Object, java.lang.Object)'> (0x00000000
Event: 4.893 Thread 0x000001dab0c2d800 Exception <a 'java/lang/NoSuchMethodError'{0x00000000888048e0}: 'java.lang.Object java.lang.invoke.DirectMethodHandle$Holder.invokeStatic(java.lang.Object, java.lang.Object, java.lang.Object, java.lang.Object, java.lang.Object, java.lang.Object, java.lang.Object, java.lang.Object, java.lang.Object, java.lang.Object, java.lang.Object, java.lang.Object, java.lang.Object, java.lang.Object, java.lang.Object)'> (0x00000000888048e0) thrown at [./src/hotspot/share/interpreter/linkResolver.cpp, line 773]
Event: 4.893 Thread 0x000001dab0c2d800 Exception <a 'java/lang/NoSuchMethodError'{0x0000000088814d88}: 'java.lang.Object java.lang.invoke.DirectMethodHandle$Holder.invokeStatic(java.lang.Object, java.lang.Object, java.lang.Object, java.lang.Object, java.lang.Object, java.lang.Object, java.lang.Object, java.lang.Object, java.lang.Object, java.lang.Object, java.lang.Object, java.lang.Object, java.lang.Object, java.lang.Object, java.lang.Object, java.lang.Object)'> (0x0000000088814d88) thrown at [./src/hotspot/share/interpreter/linkResolver.cpp, l
Event: 4.894 Thread 0x000001dab0c2d800 Exception <a 'java/lang/NoSuchMethodError'{0x0000000088824fb8}: 'java.lang.Object java.lang.invoke.DelegatingMethodHandle$Holder.reinvoke_L(java.lang.Object, java.lang.Object, java.lang.Object, java.lang.Object, java.lang.Object, java.lang.Object, java.lang.Object, java.lang.Object, java.lang.Object, java.lang.Object, java.lang.Object, java.lang.Object, java.lang.Object, java.lang.Object, java.lang.Object, java.lang.Object, java.lang.Object, java.lang.Object, java.lang.Object)'> (0x0000000088824fb8) thrown
Event: 5.598 Thread 0x000001dab0c2d800 Exception <a 'java/lang/ClassNotFoundException'{0x00000000857e6b08}: build_385pdhyxe8b2sy5peqbl9964cBeanInfo> (0x00000000857e6b08) thrown at [./src/hotspot/share/classfile/systemDictionary.cpp, line 231]
Event: 5.598 Thread 0x000001dab0c2d800 Exception <a 'java/lang/ClassNotFoundException'{0x00000000857f1fb0}: build_385pdhyxe8b2sy5peqbl9964cCustomizer> (0x00000000857f1fb0) thrown at [./src/hotspot/share/classfile/systemDictionary.cpp, line 231]

Events (20 events):
Event: 5.598 loading class build_385pdhyxe8b2sy5peqbl9964cBeanInfo
Event: 5.598 loading class build_385pdhyxe8b2sy5peqbl9964cBeanInfo done
Event: 5.598 loading class build_385pdhyxe8b2sy5peqbl9964cCustomizer
Event: 5.598 loading class build_385pdhyxe8b2sy5peqbl9964cCustomizer done
Event: 5.598 loading class build_385pdhyxe8b2sy5peqbl9964cCustomizer
Event: 5.598 loading class build_385pdhyxe8b2sy5peqbl9964cCustomizer done
Event: 5.599 loading class org/gradle/api/tasks/Delete
Event: 5.599 loading class org/gradle/api/tasks/Delete done
Event: 5.599 loading class org/gradle/api/tasks/Delete
Event: 5.599 loading class org/gradle/api/tasks/Delete done
Event: 5.600 loading class groovy/runtime/metaclass/build_385pdhyxe8b2sy5peqbl9964c$_run_closure1MetaClass
Event: 5.600 loading class groovy/runtime/metaclass/build_385pdhyxe8b2sy5peqbl9964c$_run_closure1MetaClass done
Event: 5.601 loading class groovy/runtime/metaclass/org/gradle/api/internal/project/DefaultProject_DecoratedMetaClass
Event: 5.601 loading class groovy/runtime/metaclass/org/gradle/api/internal/project/DefaultProject_DecoratedMetaClass done
Event: 5.604 loading class org/gradle/api/internal/project/DefaultProject_DecoratedBeanInfo
Event: 5.604 loading class org/gradle/api/internal/project/DefaultProject_DecoratedBeanInfo done
Event: 5.604 loading class org/gradle/api/internal/project/DefaultProject_DecoratedBeanInfo
Event: 5.604 loading class org/gradle/api/internal/project/DefaultProject_DecoratedBeanInfo done
Event: 5.604 loading class org/gradle/api/internal/project/DefaultProject_DecoratedBeanInfo
Event: 5.604 loading class org/gradle/api/internal/project/DefaultProject_DecoratedBeanInfo done


Dynamic libraries:
0x00007ff6f3420000 - 0x00007ff6f342a000 	C:\Program Files\Android\Android Studio\jre\bin\java.exe
0x00007ffc850c0000 - 0x00007ffc852c9000 	C:\WINDOWS\SYSTEM32\ntdll.dll
0x00007ffc841e0000 - 0x00007ffc8429d000 	C:\WINDOWS\System32\KERNEL32.DLL
0x00007ffc82930000 - 0x00007ffc82cab000 	C:\WINDOWS\System32\KERNELBASE.dll
0x00007ffc82750000 - 0x00007ffc82861000 	C:\WINDOWS\System32\ucrtbase.dll
0x00007ffc44860000 - 0x00007ffc44879000 	C:\Program Files\Android\Android Studio\jre\bin\jli.dll
0x00007ffc47d40000 - 0x00007ffc47d57000 	C:\Program Files\Android\Android Studio\jre\bin\VCRUNTIME140.dll
0x00007ffc84640000 - 0x00007ffc847ed000 	C:\WINDOWS\System32\USER32.dll
0x00007ffc82f10000 - 0x00007ffc82f36000 	C:\WINDOWS\System32\win32u.dll
0x00007ffc6dda0000 - 0x00007ffc6e045000 	C:\WINDOWS\WinSxS\amd64_microsoft.windows.common-controls_6595b64144ccf1df_6.0.22000.120_none_9d947278b86cc467\COMCTL32.dll
0x00007ffc84110000 - 0x00007ffc84139000 	C:\WINDOWS\System32\GDI32.dll
0x00007ffc83eb0000 - 0x00007ffc83f53000 	C:\WINDOWS\System32\msvcrt.dll
0x00007ffc82590000 - 0x00007ffc826a8000 	C:\WINDOWS\System32\gdi32full.dll
0x00007ffc826b0000 - 0x00007ffc8274d000 	C:\WINDOWS\System32\msvcp_win.dll
0x00007ffc85040000 - 0x00007ffc85071000 	C:\WINDOWS\System32\IMM32.DLL
0x00007ffc17c40000 - 0x00007ffc17cdd000 	C:\Program Files\Android\Android Studio\jre\bin\msvcp140.dll
0x00007ffbfae60000 - 0x00007ffbfb962000 	C:\Program Files\Android\Android Studio\jre\bin\server\jvm.dll
0x00007ffc83e00000 - 0x00007ffc83eae000 	C:\WINDOWS\System32\ADVAPI32.dll
0x00007ffc84140000 - 0x00007ffc841de000 	C:\WINDOWS\System32\sechost.dll
0x00007ffc82f40000 - 0x00007ffc83060000 	C:\WINDOWS\System32\RPCRT4.dll
0x00007ffc83980000 - 0x00007ffc83988000 	C:\WINDOWS\System32\PSAPI.DLL
0x00007ffc72130000 - 0x00007ffc72163000 	C:\WINDOWS\SYSTEM32\WINMM.dll
0x00007ffc6c020000 - 0x00007ffc6c029000 	C:\WINDOWS\SYSTEM32\WSOCK32.dll
0x00007ffc7abf0000 - 0x00007ffc7abfa000 	C:\WINDOWS\SYSTEM32\VERSION.dll
0x00007ffc84fd0000 - 0x00007ffc8503f000 	C:\WINDOWS\System32\WS2_32.dll
0x00007ffc81700000 - 0x00007ffc81718000 	C:\WINDOWS\SYSTEM32\kernel.appcore.dll
0x00007ffc7d590000 - 0x00007ffc7d5a1000 	C:\Program Files\Android\Android Studio\jre\bin\verify.dll
0x00007ffc7fd60000 - 0x00007ffc7ff81000 	C:\WINDOWS\SYSTEM32\DBGHELP.DLL
0x00007ffc680a0000 - 0x00007ffc680d1000 	C:\WINDOWS\SYSTEM32\dbgcore.DLL
0x00007ffc82d20000 - 0x00007ffc82d9f000 	C:\WINDOWS\System32\bcryptPrimitives.dll
0x00007ffc6fcd0000 - 0x00007ffc6fcf9000 	C:\Program Files\Android\Android Studio\jre\bin\java.dll
0x00007ffc7e950000 - 0x00007ffc7e95b000 	C:\Program Files\Android\Android Studio\jre\bin\jimage.dll
0x00007ffc6fbd0000 - 0x00007ffc6fbe8000 	C:\Program Files\Android\Android Studio\jre\bin\zip.dll
0x00007ffc83060000 - 0x00007ffc83818000 	C:\WINDOWS\System32\SHELL32.dll
0x00007ffc80680000 - 0x00007ffc80ee5000 	C:\WINDOWS\SYSTEM32\windows.storage.dll
0x00007ffc84c50000 - 0x00007ffc84fc7000 	C:\WINDOWS\System32\combase.dll
0x00007ffc80510000 - 0x00007ffc80676000 	C:\WINDOWS\SYSTEM32\wintypes.dll
0x00007ffc84300000 - 0x00007ffc843ea000 	C:\WINDOWS\System32\SHCORE.dll
0x00007ffc842a0000 - 0x00007ffc842fd000 	C:\WINDOWS\System32\shlwapi.dll
0x00007ffc824c0000 - 0x00007ffc824e1000 	C:\WINDOWS\SYSTEM32\profapi.dll
0x00007ffc6fbb0000 - 0x00007ffc6fbca000 	C:\Program Files\Android\Android Studio\jre\bin\net.dll
0x00007ffc7bdf0000 - 0x00007ffc7befc000 	C:\WINDOWS\SYSTEM32\WINHTTP.dll
0x00007ffc81ba0000 - 0x00007ffc81c07000 	C:\WINDOWS\system32\mswsock.dll
0x00007ffc6fb90000 - 0x00007ffc6fba4000 	C:\Program Files\Android\Android Studio\jre\bin\nio.dll
0x00007ffc6fa50000 - 0x00007ffc6fa77000 	C:\Users\marcd\.gradle\native\e1d6ef7f7dcc3fd88c89a11ec53ec762bb8ba0a96d01ffa2cd45eb1d1d8dd5c5\windows-amd64\native-platform.dll
0x00007ffc19a90000 - 0x00007ffc19bd4000 	C:\Users\marcd\.gradle\native\5664cfc778a61ccfe75a443a1ab52a65af34e5dc3c78e0209fed803814484fcb\windows-amd64\native-platform-file-events.dll
0x00007ffc7e840000 - 0x00007ffc7e84a000 	C:\Program Files\Android\Android Studio\jre\bin\management.dll
0x00007ffc7d7c0000 - 0x00007ffc7d7cd000 	C:\Program Files\Android\Android Studio\jre\bin\management_ext.dll
0x00007ffc81df0000 - 0x00007ffc81e08000 	C:\WINDOWS\SYSTEM32\CRYPTSP.dll
0x00007ffc81660000 - 0x00007ffc81695000 	C:\WINDOWS\system32\rsaenh.dll
0x00007ffc81c90000 - 0x00007ffc81cb9000 	C:\WINDOWS\SYSTEM32\USERENV.dll
0x00007ffc81f70000 - 0x00007ffc81f97000 	C:\WINDOWS\SYSTEM32\bcrypt.dll
0x00007ffc81de0000 - 0x00007ffc81dec000 	C:\WINDOWS\SYSTEM32\CRYPTBASE.dll
0x00007ffc811b0000 - 0x00007ffc811dd000 	C:\WINDOWS\SYSTEM32\IPHLPAPI.DLL
0x00007ffc83820000 - 0x00007ffc83829000 	C:\WINDOWS\System32\NSI.dll
0x00007ffc7c650000 - 0x00007ffc7c669000 	C:\WINDOWS\SYSTEM32\dhcpcsvc6.DLL
0x00007ffc7c3c0000 - 0x00007ffc7c3de000 	C:\WINDOWS\SYSTEM32\dhcpcsvc.DLL
0x00007ffc81230000 - 0x00007ffc81318000 	C:\WINDOWS\SYSTEM32\DNSAPI.dll

dbghelp: loaded successfully - version: 4.0.5 - missing functions: none
symbol engine: initialized successfully - sym options: 0x614 - pdb path: .;C:\Program Files\Android\Android Studio\jre\bin;C:\WINDOWS\SYSTEM32;C:\WINDOWS\WinSxS\amd64_microsoft.windows.common-controls_6595b64144ccf1df_6.0.22000.120_none_9d947278b86cc467;C:\Program Files\Android\Android Studio\jre\bin\server;C:\Users\marcd\.gradle\native\e1d6ef7f7dcc3fd88c89a11ec53ec762bb8ba0a96d01ffa2cd45eb1d1d8dd5c5\windows-amd64;C:\Users\marcd\.gradle\native\5664cfc778a61ccfe75a443a1ab52a65af34e5dc3c78e0209fed803814484fcb\windows-amd64

VM Arguments:
jvm_args: --add-opens=java.base/java.util=ALL-UNNAMED --add-opens=java.base/java.lang=ALL-UNNAMED --add-opens=java.base/java.lang.invoke=ALL-UNNAMED --add-opens=java.base/java.util=ALL-UNNAMED --add-opens=java.prefs/java.util.prefs=ALL-UNNAMED --add-opens=java.prefs/java.util.prefs=ALL-UNNAMED --add-opens=java.base/java.nio.charset=ALL-UNNAMED --add-opens=java.base/java.net=ALL-UNNAMED --add-opens=java.base/java.util.concurrent.atomic=ALL-UNNAMED -Xmx2048m -Dfile.encoding=UTF-8 -Duser.country=PH -Duser.language=en -Duser.variant 
java_command: org.gradle.launcher.daemon.bootstrap.GradleDaemon 7.3.3
java_class_path (initial): C:\Users\marcd\.gradle\wrapper\dists\gradle-7.3.3-bin\6a41zxkdtcxs8rphpq6y0069z\gradle-7.3.3\lib\gradle-launcher-7.3.3.jar
Launcher Type: SUN_STANDARD

[Global flags]
     intx CICompilerCount                          = 4                                         {product} {ergonomic}
     uint ConcGCThreads                            = 2                                         {product} {ergonomic}
     uint G1ConcRefinementThreads                  = 8                                         {product} {ergonomic}
   size_t G1HeapRegionSize                         = 1048576                                   {product} {ergonomic}
    uintx GCDrainStackTargetSize                   = 64                                        {product} {ergonomic}
   size_t InitialHeapSize                          = 132120576                                 {product} {ergonomic}
   size_t MarkStackSize                            = 4194304                                   {product} {ergonomic}
   size_t MaxHeapSize                              = 2147483648                                {product} {command line}
   size_t MaxNewSize                               = 1287651328                                {product} {ergonomic}
   size_t MinHeapDeltaBytes                        = 1048576                                   {product} {ergonomic}
    uintx NonNMethodCodeHeapSize                   = 5836300                                {pd product} {ergonomic}
    uintx NonProfiledCodeHeapSize                  = 122910970                              {pd product} {ergonomic}
    uintx ProfiledCodeHeapSize                     = 122910970                              {pd product} {ergonomic}
    uintx ReservedCodeCacheSize                    = 251658240                              {pd product} {ergonomic}
     bool SegmentedCodeCache                       = true                                      {product} {ergonomic}
     bool UseCompressedClassPointers               = true                                 {lp64_product} {ergonomic}
     bool UseCompressedOops                        = true                                 {lp64_product} {ergonomic}
     bool UseG1GC                                  = true                                      {product} {ergonomic}
     bool UseLargePagesIndividualAllocation        = false                                  {pd product} {ergonomic}

Logging:
Log output configuration:
 #0: stdout all=warning uptime,level,tags
 #1: stderr all=off uptime,level,tags

Environment Variables:
JAVA_HOME=C:\Program Files\Java\jdk-11.0.16
PATH=C:\Program Files\Common Files\Oracle\Java\javapath;C:\Windows\system32;C:\Windows;C:\Windows\System32\Wbem;C:\Windows\System32\WindowsPowerShell\v1.0\;C:\Windows\System32\OpenSSH\;C:\Program Files (x86)\NVIDIA Corporation\PhysX\Common;C:\Program Files\NVIDIA Corporation\NVIDIA NvDLISR;C:\WINDOWS\system32;C:\WINDOWS;C:\WINDOWS\System32\Wbem;C:\WINDOWS\System32\WindowsPowerShell\v1.0\;C:\WINDOWS\System32\OpenSSH\;C:\Program Files\dotnet\;C:\Program Files\Microsoft VS Code\bin;C:\Program Files\nodejs\;C:\Program Files\Java\jdk-11.0.16\bin;C:\Program Files\MATLAB\R2022b\bin;C:\Program Files\Git\cmd;C:\Users\marcd\AppData\Local\Microsoft\WindowsApps;C:\Users\marcd\AppData\Roaming\npm;C:\Users\marcd\AppData\Local\GitHubDesktop\bin
USERNAME=marcd
OS=Windows_NT
PROCESSOR_IDENTIFIER=Intel64 Family 6 Model 158 Stepping 10, GenuineIntel



---------------  S Y S T E M  ---------------

OS: Windows 11 , 64 bit Build 22000 (10.0.22000.708)
OS uptime: 0 days 20:52 hours

CPU:total 8 (initial active 8) (4 cores per cpu, 2 threads per core) family 6 model 158 stepping 10 microcode 0xde, cmov, cx8, fxsr, mmx, sse, sse2, sse3, ssse3, sse4.1, sse4.2, popcnt, avx, avx2, aes, clmul, erms, 3dnowpref, lzcnt, ht, tsc, tscinvbit, bmi1, bmi2, adx, fma

Memory: 4k page, system-wide physical 8044M (238M free)
TotalPageFile size 16236M (AvailPageFile size 34M)
current process WorkingSet (physical memory assigned to process): 297M, peak: 297M
current process commit charge ("private bytes"): 348M, peak: 348M

vm_info: OpenJDK 64-Bit Server VM (11.0.13+0-b1751.21-8125866) for windows-amd64 JRE (11.0.13+0-b1751.21-8125866), built on Feb  2 2022 03:00:22 by "builder" with MS VC++ 14.0 (VS2015)

END.
