#
# There is insufficient memory for the Java Runtime Environment to continue.
# Native memory allocation (mmap) failed to map 69206016 bytes for Failed to commit area from 0x000000008ee00000 to 0x0000000093000000 of length 69206016.
# Possible reasons:
#   The system is out of physical RAM or swap space
#   The process is running with CompressedOops enabled, and the Java Heap may be blocking the growth of the native heap
# Possible solutions:
#   Reduce memory load on the system
#   Increase physical memory or swap space
#   Check if swap backing store is full
#   Decrease Java heap size (-Xmx/-Xms)
#   Decrease number of Java threads
#   Decrease Java thread stack sizes (-Xss)
#   Set larger code cache with -XX:ReservedCodeCacheSize=
#   JVM is running with Unscaled Compressed Oops mode in which the Java heap is
#     placed in the first 4GB address space. The Java Heap base address is the
#     maximum limit for the native heap growth. Please use -XX:HeapBaseMinAddress
#     to set the Java Heap base and to place the Java Heap above 4GB virtual address.
# This output file may be truncated or incomplete.
#
#  Out of Memory Error (./src/hotspot/os/windows/os_windows.cpp:3619), pid=3280, tid=22920
#
# JRE version: OpenJDK Runtime Environment (11.0.13) (build 11.0.13+0-b1751.21-8125866)
# Java VM: OpenJDK 64-Bit Server VM (11.0.13+0-b1751.21-8125866, mixed mode, tiered, compressed oops, g1 gc, windows-amd64)
# No core dump will be written. Minidumps are not enabled by default on client versions of Windows
#

---------------  S U M M A R Y ------------

Command Line: --add-opens=java.base/java.util=ALL-UNNAMED --add-opens=java.base/java.lang=ALL-UNNAMED --add-opens=java.base/java.lang.invoke=ALL-UNNAMED --add-opens=java.base/java.util=ALL-UNNAMED --add-opens=java.prefs/java.util.prefs=ALL-UNNAMED --add-opens=java.prefs/java.util.prefs=ALL-UNNAMED --add-opens=java.base/java.nio.charset=ALL-UNNAMED --add-opens=java.base/java.net=ALL-UNNAMED --add-opens=java.base/java.util.concurrent.atomic=ALL-UNNAMED -Xmx2048m -Dfile.encoding=UTF-8 -Duser.country=PH -Duser.language=en -Duser.variant org.gradle.launcher.daemon.bootstrap.GradleDaemon 7.3.3

Host: Intel(R) Core(TM) i5-9300H CPU @ 2.40GHz, 8 cores, 7G,  Windows 11 , 64 bit Build 22000 (10.0.22000.708)
Time: Sat Oct 29 14:03:37 2022 Malay Peninsula Standard Time elapsed time: 17.368831 seconds (0d 0h 0m 17s)

---------------  T H R E A D  ---------------

Current thread (0x00000265aaf39800):  VMThread "VM Thread" [stack: 0x000000dd23100000,0x000000dd23200000] [id=22920]

Stack: [0x000000dd23100000,0x000000dd23200000]
[error occurred during error reporting (printing stack bounds), id 0xc0000005, EXCEPTION_ACCESS_VIOLATION (0xc0000005) at pc=0x0000026593df112d]

Native frames: (J=compiled Java code, j=interpreted, Vv=VM code, C=native code)
V  [jvm.dll+0x6100fa]
V  [jvm.dll+0x747090]
V  [jvm.dll+0x7486ad]
V  [jvm.dll+0x748ce5]
V  [jvm.dll+0x748c9b]
V  [jvm.dll+0x60f224]
V  [jvm.dll+0x60f9b8]
C  [ntdll.dll+0xa8b1f]
C  [ntdll.dll+0x35b9a]
C  [ntdll.dll+0xa7b2e]
C  0x0000026593df112d

VM_Operation (0x000000dd2c0fd8f0): G1CollectForAllocation, mode: safepoint, requested by thread 0x00000265ad015000


---------------  P R O C E S S  ---------------

Threads class SMR info:
_java_thread_list=0x00000265b13285c0, length=139, elements={
0x000002658eafd000, 0x00000265aaf3b000, 0x00000265aaf44800, 0x00000265aaf56000,
0x00000265aaf59000, 0x00000265aaf5a800, 0x00000265aaf5d800, 0x00000265aaf5f800,
0x00000265aaf60800, 0x00000265aba22000, 0x00000265aed88800, 0x00000265acb41000,
0x00000265ae518000, 0x00000265adc27800, 0x00000265aedef800, 0x00000265ac8d5000,
0x00000265aef74800, 0x00000265adbc6000, 0x00000265ae47a000, 0x00000265adc92000,
0x00000265ade06800, 0x00000265ade06000, 0x00000265ade07800, 0x00000265ade08000,
0x00000265ade09000, 0x00000265ade0a000, 0x00000265ade0a800, 0x00000265ade05000,
0x00000265ade0b800, 0x00000265b2b24800, 0x00000265b2b23800, 0x00000265b2b25000,
0x00000265b2b26000, 0x00000265b2b27000, 0x00000265b2b27800, 0x00000265b2b22800,
0x00000265b2b22000, 0x00000265b2b29800, 0x00000265b2b2a000, 0x00000265b2b2d800,
0x00000265b2b28800, 0x00000265b2b2f000, 0x00000265b2b30000, 0x00000265b2b2b000,
0x00000265b2b2b800, 0x00000265b2b2c800, 0x00000265b2b2e000, 0x00000265ae020800,
0x00000265ae01e000, 0x00000265ae022000, 0x00000265ae01c800, 0x00000265ae01d000,
0x00000265ae021800, 0x00000265ae023000, 0x00000265ae023800, 0x00000265ae024800,
0x00000265ae01f000, 0x00000265ae025800, 0x00000265ae01f800, 0x00000265ae02a000,
0x00000265ae028800, 0x00000265ae028000, 0x00000265ae027000, 0x00000265ae029800,
0x00000265ae026000, 0x00000265ae02b000, 0x00000265ac653800, 0x00000265ac651800,
0x00000265ac652800, 0x00000265ac64f800, 0x00000265ac64d800, 0x00000265ac651000,
0x00000265ac650000, 0x00000265ac654000, 0x00000265ac64e800, 0x00000265b3446800,
0x00000265b344b800, 0x00000265b344a800, 0x00000265b3449800, 0x00000265b3445800,
0x00000265b344c000, 0x00000265b3449000, 0x00000265b3448000, 0x00000265b3447000,
0x00000265b3450000, 0x00000265b3451000, 0x00000265b3452800, 0x00000265b3452000,
0x00000265b344e800, 0x00000265b344d000, 0x00000265b3453800, 0x00000265b344d800,
0x00000265b344f800, 0x00000265b3454800, 0x00000265b0ee8000, 0x00000265b0eea800,
0x00000265b0ee8800, 0x00000265b0eed000, 0x00000265b0ee9800, 0x00000265b0eeb000,
0x00000265b0ee7000, 0x00000265b0ef0000, 0x00000265b0eec000, 0x00000265b0ef1800,
0x00000265b0ef3800, 0x00000265b0eed800, 0x00000265b0ef4000, 0x00000265b0eee800,
0x00000265b0ef1000, 0x00000265b0ef2800, 0x00000265b0ef5000, 0x00000265b0eef000,
0x00000265b0ef6000, 0x00000265b0b24000, 0x00000265b0b27800, 0x00000265b0b26000,
0x00000265b0b26800, 0x00000265b0b2a000, 0x00000265b0b2a800, 0x00000265b0b25000,
0x00000265b0b29000, 0x00000265b0b2b800, 0x00000265b0b2e000, 0x00000265b0b28800,
0x00000265b0b30800, 0x00000265b0b2c800, 0x00000265b0b33000, 0x00000265b0b32000,
0x00000265b0b31800, 0x00000265b0b2d000, 0x00000265b0b2f000, 0x00000265b0b2f800,
0x00000265ad011800, 0x00000265ad014000, 0x00000265ad015000, 0x00000265ad010800,
0x00000265ad012800, 0x00000265ad013000, 0x00000265ad015800
}

Java Threads: ( => current thread )
  0x000002658eafd000 JavaThread "main" [_thread_blocked, id=11260, stack(0x000000dd22b00000,0x000000dd22c00000)]
  0x00000265aaf3b000 JavaThread "Reference Handler" daemon [_thread_blocked, id=13348, stack(0x000000dd23200000,0x000000dd23300000)]
  0x00000265aaf44800 JavaThread "Finalizer" daemon [_thread_blocked, id=16752, stack(0x000000dd23300000,0x000000dd23400000)]
  0x00000265aaf56000 JavaThread "Signal Dispatcher" daemon [_thread_blocked, id=5220, stack(0x000000dd23400000,0x000000dd23500000)]
  0x00000265aaf59000 JavaThread "Attach Listener" daemon [_thread_blocked, id=10876, stack(0x000000dd23500000,0x000000dd23600000)]
  0x00000265aaf5a800 JavaThread "Service Thread" daemon [_thread_blocked, id=6564, stack(0x000000dd23600000,0x000000dd23700000)]
  0x00000265aaf5d800 JavaThread "C2 CompilerThread0" daemon [_thread_blocked, id=9276, stack(0x000000dd23700000,0x000000dd23800000)]
  0x00000265aaf5f800 JavaThread "C1 CompilerThread0" daemon [_thread_blocked, id=7664, stack(0x000000dd23800000,0x000000dd23900000)]
  0x00000265aaf60800 JavaThread "Sweeper thread" daemon [_thread_blocked, id=21688, stack(0x000000dd23900000,0x000000dd23a00000)]
  0x00000265aba22000 JavaThread "Common-Cleaner" daemon [_thread_blocked, id=11212, stack(0x000000dd23a00000,0x000000dd23b00000)]
  0x00000265aed88800 JavaThread "Daemon health stats" [_thread_blocked, id=17768, stack(0x000000dd24000000,0x000000dd24100000)]
  0x00000265acb41000 JavaThread "Incoming local TCP Connector on port 56348" [_thread_in_native, id=18204, stack(0x000000dd23c00000,0x000000dd23d00000)]
  0x00000265ae518000 JavaThread "Daemon periodic checks" [_thread_blocked, id=15024, stack(0x000000dd23f00000,0x000000dd24000000)]
  0x00000265adc27800 JavaThread "Daemon" [_thread_blocked, id=22652, stack(0x000000dd24100000,0x000000dd24200000)]
  0x00000265aedef800 JavaThread "Handler for socket connection from /127.0.0.1:56348 to /127.0.0.1:56349" [_thread_in_native, id=9348, stack(0x000000dd24200000,0x000000dd24300000)]
  0x00000265ac8d5000 JavaThread "Cancel handler" [_thread_blocked, id=19160, stack(0x000000dd24300000,0x000000dd24400000)]
  0x00000265aef74800 JavaThread "Daemon worker" [_thread_blocked, id=4744, stack(0x000000dd24400000,0x000000dd24500000)]
  0x00000265adbc6000 JavaThread "Asynchronous log dispatcher for DefaultDaemonConnection: socket connection from /127.0.0.1:56348 to /127.0.0.1:56349" [_thread_blocked, id=13896, stack(0x000000dd24600000,0x000000dd24700000)]
  0x00000265ae47a000 JavaThread "Stdin handler" [_thread_blocked, id=3460, stack(0x000000dd24700000,0x000000dd24800000)]
  0x00000265adc92000 JavaThread "Daemon client event forwarder" [_thread_blocked, id=304, stack(0x000000dd24800000,0x000000dd24900000)]
  0x00000265ade06800 JavaThread "Cache worker for journal cache (C:\Users\marcd\.gradle\caches\journal-1)" [_thread_blocked, id=23752, stack(0x000000dd24e00000,0x000000dd24f00000)]
  0x00000265ade06000 JavaThread "File lock request listener" [_thread_in_native, id=4420, stack(0x000000dd24f00000,0x000000dd25000000)]
  0x00000265ade07800 JavaThread "Cache worker for file hash cache (C:\Users\marcd\.gradle\caches\7.3.3\fileHashes)" [_thread_blocked, id=3716, stack(0x000000dd25000000,0x000000dd25100000)]
  0x00000265ade08000 JavaThread "Cache worker for file hash cache (C:\Users\marcd\Documents\GitHub\FirePh\FirePH_BAMM-master\.gradle\7.3.3\fileHashes)" [_thread_blocked, id=22848, stack(0x000000dd25200000,0x000000dd25300000)]
  0x00000265ade09000 JavaThread "File watcher server" daemon [_thread_blocked, id=12364, stack(0x000000dd25300000,0x000000dd25400000)]
  0x00000265ade0a000 JavaThread "File watcher consumer" daemon [_thread_blocked, id=2668, stack(0x000000dd25400000,0x000000dd25500000)]
  0x00000265ade0a800 JavaThread "Cache worker for checksums cache (C:\Users\marcd\Documents\GitHub\FirePh\FirePH_BAMM-master\.gradle\7.3.3\checksums)" [_thread_blocked, id=2484, stack(0x000000dd25600000,0x000000dd25700000)]
  0x00000265ade05000 JavaThread "Cache worker for cache directory md-supplier (C:\Users\marcd\.gradle\caches\7.3.3\md-supplier)" [_thread_blocked, id=2372, stack(0x000000dd25700000,0x000000dd25800000)]
  0x00000265ade0b800 JavaThread "Cache worker for cache directory md-rule (C:\Users\marcd\.gradle\caches\7.3.3\md-rule)" [_thread_blocked, id=13372, stack(0x000000dd25800000,0x000000dd25900000)]
  0x00000265b2b24800 JavaThread "Cache worker for execution history cache (C:\Users\marcd\.gradle\caches\7.3.3\executionHistory)" [_thread_blocked, id=2028, stack(0x000000dd25900000,0x000000dd25a00000)]
  0x00000265b2b23800 JavaThread "jar transforms" [_thread_blocked, id=23776, stack(0x000000dd25a00000,0x000000dd25b00000)]
  0x00000265b2b25000 JavaThread "Cache worker for file content cache (C:\Users\marcd\.gradle\caches\7.3.3\fileContent)" [_thread_blocked, id=3296, stack(0x000000dd25b00000,0x000000dd25c00000)]
  0x00000265b2b26000 JavaThread "jar transforms Thread 2" [_thread_blocked, id=13280, stack(0x000000dd25c00000,0x000000dd25d00000)]
  0x00000265b2b27000 JavaThread "Cache worker for dependencies-accessors (C:\Users\marcd\Documents\GitHub\FirePh\FirePH_BAMM-master\.gradle\7.3.3\dependencies-accessors)" [_thread_blocked, id=21596, stack(0x000000dd25d00000,0x000000dd25e00000)]
  0x00000265b2b27800 JavaThread "jar transforms Thread 3" [_thread_blocked, id=7796, stack(0x000000dd25e00000,0x000000dd25f00000)]
  0x00000265b2b22800 JavaThread "Cache worker for Build Output Cleanup Cache (C:\Users\marcd\Documents\GitHub\FirePh\FirePH_BAMM-master\.gradle\buildOutputCleanup)" [_thread_blocked, id=14208, stack(0x000000dd25f00000,0x000000dd26000000)]
  0x00000265b2b22000 JavaThread "Unconstrained build operations" [_thread_blocked, id=2552, stack(0x000000dd26000000,0x000000dd26100000)]
  0x00000265b2b29800 JavaThread "Unconstrained build operations Thread 2" [_thread_blocked, id=23516, stack(0x000000dd26100000,0x000000dd26200000)]
  0x00000265b2b2a000 JavaThread "Unconstrained build operations Thread 3" [_thread_blocked, id=18060, stack(0x000000dd26200000,0x000000dd26300000)]
  0x00000265b2b2d800 JavaThread "Unconstrained build operations Thread 4" [_thread_blocked, id=2868, stack(0x000000dd26300000,0x000000dd26400000)]
  0x00000265b2b28800 JavaThread "Unconstrained build operations Thread 5" [_thread_blocked, id=22664, stack(0x000000dd26400000,0x000000dd26500000)]
  0x00000265b2b2f000 JavaThread "Unconstrained build operations Thread 6" [_thread_blocked, id=10632, stack(0x000000dd26500000,0x000000dd26600000)]
  0x00000265b2b30000 JavaThread "Unconstrained build operations Thread 7" [_thread_blocked, id=10680, stack(0x000000dd26600000,0x000000dd26700000)]
  0x00000265b2b2b000 JavaThread "Unconstrained build operations Thread 8" [_thread_blocked, id=5568, stack(0x000000dd26700000,0x000000dd26800000)]
  0x00000265b2b2b800 JavaThread "Unconstrained build operations Thread 9" [_thread_blocked, id=1096, stack(0x000000dd26800000,0x000000dd26900000)]
  0x00000265b2b2c800 JavaThread "Unconstrained build operations Thread 10" [_thread_blocked, id=22408, stack(0x000000dd26900000,0x000000dd26a00000)]
  0x00000265b2b2e000 JavaThread "Unconstrained build operations Thread 11" [_thread_blocked, id=10216, stack(0x000000dd26a00000,0x000000dd26b00000)]
  0x00000265ae020800 JavaThread "Unconstrained build operations Thread 12" [_thread_blocked, id=20628, stack(0x000000dd26b00000,0x000000dd26c00000)]
  0x00000265ae01e000 JavaThread "Unconstrained build operations Thread 13" [_thread_blocked, id=16760, stack(0x000000dd26c00000,0x000000dd26d00000)]
  0x00000265ae022000 JavaThread "Unconstrained build operations Thread 14" [_thread_blocked, id=19508, stack(0x000000dd26d00000,0x000000dd26e00000)]
  0x00000265ae01c800 JavaThread "Unconstrained build operations Thread 15" [_thread_blocked, id=20544, stack(0x000000dd26e00000,0x000000dd26f00000)]
  0x00000265ae01d000 JavaThread "Unconstrained build operations Thread 16" [_thread_blocked, id=6636, stack(0x000000dd26f00000,0x000000dd27000000)]
  0x00000265ae021800 JavaThread "Unconstrained build operations Thread 17" [_thread_blocked, id=23072, stack(0x000000dd27000000,0x000000dd27100000)]
  0x00000265ae023000 JavaThread "Unconstrained build operations Thread 18" [_thread_blocked, id=6548, stack(0x000000dd27100000,0x000000dd27200000)]
  0x00000265ae023800 JavaThread "Unconstrained build operations Thread 19" [_thread_blocked, id=21012, stack(0x000000dd27200000,0x000000dd27300000)]
  0x00000265ae024800 JavaThread "Unconstrained build operations Thread 20" [_thread_blocked, id=22336, stack(0x000000dd27300000,0x000000dd27400000)]
  0x00000265ae01f000 JavaThread "Unconstrained build operations Thread 21" [_thread_blocked, id=9612, stack(0x000000dd27400000,0x000000dd27500000)]
  0x00000265ae025800 JavaThread "Unconstrained build operations Thread 22" [_thread_blocked, id=1596, stack(0x000000dd27500000,0x000000dd27600000)]
  0x00000265ae01f800 JavaThread "Unconstrained build operations Thread 23" [_thread_blocked, id=13504, stack(0x000000dd27600000,0x000000dd27700000)]
  0x00000265ae02a000 JavaThread "Unconstrained build operations Thread 24" [_thread_blocked, id=14756, stack(0x000000dd27700000,0x000000dd27800000)]
  0x00000265ae028800 JavaThread "Unconstrained build operations Thread 25" [_thread_blocked, id=17992, stack(0x000000dd27800000,0x000000dd27900000)]
  0x00000265ae028000 JavaThread "Unconstrained build operations Thread 26" [_thread_blocked, id=14816, stack(0x000000dd27900000,0x000000dd27a00000)]
  0x00000265ae027000 JavaThread "Unconstrained build operations Thread 27" [_thread_blocked, id=14836, stack(0x000000dd27a00000,0x000000dd27b00000)]
  0x00000265ae029800 JavaThread "Unconstrained build operations Thread 28" [_thread_blocked, id=23500, stack(0x000000dd27b00000,0x000000dd27c00000)]
  0x00000265ae026000 JavaThread "Unconstrained build operations Thread 29" [_thread_blocked, id=19584, stack(0x000000dd27c00000,0x000000dd27d00000)]
  0x00000265ae02b000 JavaThread "Unconstrained build operations Thread 30" [_thread_blocked, id=11344, stack(0x000000dd27d00000,0x000000dd27e00000)]
  0x00000265ac653800 JavaThread "Unconstrained build operations Thread 31" [_thread_blocked, id=3776, stack(0x000000dd27e00000,0x000000dd27f00000)]
  0x00000265ac651800 JavaThread "Unconstrained build operations Thread 32" [_thread_blocked, id=10512, stack(0x000000dd27f00000,0x000000dd28000000)]
  0x00000265ac652800 JavaThread "Unconstrained build operations Thread 33" [_thread_blocked, id=7476, stack(0x000000dd28000000,0x000000dd28100000)]
  0x00000265ac64f800 JavaThread "Unconstrained build operations Thread 34" [_thread_blocked, id=11152, stack(0x000000dd28100000,0x000000dd28200000)]
  0x00000265ac64d800 JavaThread "Unconstrained build operations Thread 35" [_thread_blocked, id=22424, stack(0x000000dd28200000,0x000000dd28300000)]
  0x00000265ac651000 JavaThread "Unconstrained build operations Thread 36" [_thread_blocked, id=23656, stack(0x000000dd28300000,0x000000dd28400000)]
  0x00000265ac650000 JavaThread "Unconstrained build operations Thread 37" [_thread_blocked, id=4252, stack(0x000000dd28400000,0x000000dd28500000)]
  0x00000265ac654000 JavaThread "Unconstrained build operations Thread 38" [_thread_blocked, id=23000, stack(0x000000dd28500000,0x000000dd28600000)]
  0x00000265ac64e800 JavaThread "Unconstrained build operations Thread 39" [_thread_blocked, id=23488, stack(0x000000dd28600000,0x000000dd28700000)]
  0x00000265b3446800 JavaThread "Unconstrained build operations Thread 40" [_thread_blocked, id=16576, stack(0x000000dd28700000,0x000000dd28800000)]
  0x00000265b344b800 JavaThread "Unconstrained build operations Thread 41" [_thread_blocked, id=18612, stack(0x000000dd28800000,0x000000dd28900000)]
  0x00000265b344a800 JavaThread "Unconstrained build operations Thread 42" [_thread_blocked, id=20472, stack(0x000000dd28900000,0x000000dd28a00000)]
  0x00000265b3449800 JavaThread "Unconstrained build operations Thread 43" [_thread_blocked, id=18276, stack(0x000000dd28a00000,0x000000dd28b00000)]
  0x00000265b3445800 JavaThread "Unconstrained build operations Thread 44" [_thread_blocked, id=19056, stack(0x000000dd28b00000,0x000000dd28c00000)]
  0x00000265b344c000 JavaThread "Unconstrained build operations Thread 45" [_thread_blocked, id=13876, stack(0x000000dd28c00000,0x000000dd28d00000)]
  0x00000265b3449000 JavaThread "Unconstrained build operations Thread 46" [_thread_blocked, id=23336, stack(0x000000dd28d00000,0x000000dd28e00000)]
  0x00000265b3448000 JavaThread "Unconstrained build operations Thread 47" [_thread_blocked, id=292, stack(0x000000dd28e00000,0x000000dd28f00000)]
  0x00000265b3447000 JavaThread "Unconstrained build operations Thread 48" [_thread_blocked, id=2472, stack(0x000000dd28f00000,0x000000dd29000000)]
  0x00000265b3450000 JavaThread "Unconstrained build operations Thread 49" [_thread_blocked, id=13516, stack(0x000000dd29000000,0x000000dd29100000)]
  0x00000265b3451000 JavaThread "Unconstrained build operations Thread 50" [_thread_blocked, id=7364, stack(0x000000dd29100000,0x000000dd29200000)]
  0x00000265b3452800 JavaThread "Unconstrained build operations Thread 51" [_thread_blocked, id=7152, stack(0x000000dd29200000,0x000000dd29300000)]
  0x00000265b3452000 JavaThread "Unconstrained build operations Thread 52" [_thread_blocked, id=9752, stack(0x000000dd29300000,0x000000dd29400000)]
  0x00000265b344e800 JavaThread "Unconstrained build operations Thread 53" [_thread_blocked, id=20920, stack(0x000000dd29400000,0x000000dd29500000)]
  0x00000265b344d000 JavaThread "Unconstrained build operations Thread 54" [_thread_blocked, id=13268, stack(0x000000dd29500000,0x000000dd29600000)]
  0x00000265b3453800 JavaThread "Unconstrained build operations Thread 55" [_thread_blocked, id=17436, stack(0x000000dd29600000,0x000000dd29700000)]
  0x00000265b344d800 JavaThread "Unconstrained build operations Thread 56" [_thread_blocked, id=4320, stack(0x000000dd29700000,0x000000dd29800000)]
  0x00000265b344f800 JavaThread "Unconstrained build operations Thread 57" [_thread_blocked, id=20056, stack(0x000000dd29800000,0x000000dd29900000)]
  0x00000265b3454800 JavaThread "Unconstrained build operations Thread 58" [_thread_blocked, id=7740, stack(0x000000dd29900000,0x000000dd29a00000)]
  0x00000265b0ee8000 JavaThread "Unconstrained build operations Thread 59" [_thread_blocked, id=20536, stack(0x000000dd29a00000,0x000000dd29b00000)]
  0x00000265b0eea800 JavaThread "Unconstrained build operations Thread 60" [_thread_blocked, id=22244, stack(0x000000dd29b00000,0x000000dd29c00000)]
  0x00000265b0ee8800 JavaThread "Unconstrained build operations Thread 61" [_thread_blocked, id=19008, stack(0x000000dd29c00000,0x000000dd29d00000)]
  0x00000265b0eed000 JavaThread "Unconstrained build operations Thread 62" [_thread_blocked, id=2884, stack(0x000000dd29d00000,0x000000dd29e00000)]
  0x00000265b0ee9800 JavaThread "Unconstrained build operations Thread 63" [_thread_blocked, id=22056, stack(0x000000dd29e00000,0x000000dd29f00000)]
  0x00000265b0eeb000 JavaThread "Unconstrained build operations Thread 64" [_thread_blocked, id=24540, stack(0x000000dd29f00000,0x000000dd2a000000)]
  0x00000265b0ee7000 JavaThread "Unconstrained build operations Thread 65" [_thread_blocked, id=24096, stack(0x000000dd2a000000,0x000000dd2a100000)]
  0x00000265b0ef0000 JavaThread "Unconstrained build operations Thread 66" [_thread_blocked, id=21260, stack(0x000000dd2a100000,0x000000dd2a200000)]
  0x00000265b0eec000 JavaThread "Unconstrained build operations Thread 67" [_thread_blocked, id=16540, stack(0x000000dd2a200000,0x000000dd2a300000)]
  0x00000265b0ef1800 JavaThread "Unconstrained build operations Thread 68" [_thread_blocked, id=15020, stack(0x000000dd2a300000,0x000000dd2a400000)]
  0x00000265b0ef3800 JavaThread "Unconstrained build operations Thread 69" [_thread_blocked, id=2376, stack(0x000000dd2a400000,0x000000dd2a500000)]
  0x00000265b0eed800 JavaThread "Unconstrained build operations Thread 70" [_thread_blocked, id=20696, stack(0x000000dd2a500000,0x000000dd2a600000)]
  0x00000265b0ef4000 JavaThread "Unconstrained build operations Thread 71" [_thread_blocked, id=20076, stack(0x000000dd2a600000,0x000000dd2a700000)]
  0x00000265b0eee800 JavaThread "Unconstrained build operations Thread 72" [_thread_blocked, id=16532, stack(0x000000dd2a700000,0x000000dd2a800000)]
  0x00000265b0ef1000 JavaThread "Unconstrained build operations Thread 73" [_thread_blocked, id=4160, stack(0x000000dd2a800000,0x000000dd2a900000)]
  0x00000265b0ef2800 JavaThread "Unconstrained build operations Thread 74" [_thread_blocked, id=24380, stack(0x000000dd2a900000,0x000000dd2aa00000)]
  0x00000265b0ef5000 JavaThread "Unconstrained build operations Thread 75" [_thread_blocked, id=24376, stack(0x000000dd2aa00000,0x000000dd2ab00000)]
  0x00000265b0eef000 JavaThread "Unconstrained build operations Thread 76" [_thread_blocked, id=21612, stack(0x000000dd2ab00000,0x000000dd2ac00000)]
  0x00000265b0ef6000 JavaThread "Unconstrained build operations Thread 77" [_thread_blocked, id=16572, stack(0x000000dd2ac00000,0x000000dd2ad00000)]
  0x00000265b0b24000 JavaThread "Unconstrained build operations Thread 78" [_thread_blocked, id=22996, stack(0x000000dd2ad00000,0x000000dd2ae00000)]
  0x00000265b0b27800 JavaThread "Unconstrained build operations Thread 79" [_thread_blocked, id=13400, stack(0x000000dd2ae00000,0x000000dd2af00000)]
  0x00000265b0b26000 JavaThread "Unconstrained build operations Thread 80" [_thread_blocked, id=1356, stack(0x000000dd2af00000,0x000000dd2b000000)]
  0x00000265b0b26800 JavaThread "jar transforms Thread 4" [_thread_blocked, id=19124, stack(0x000000dd2b000000,0x000000dd2b100000)]
  0x00000265b0b2a000 JavaThread "jar transforms Thread 5" [_thread_blocked, id=13620, stack(0x000000dd2b100000,0x000000dd2b200000)]
  0x00000265b0b2a800 JavaThread "jar transforms Thread 6" [_thread_blocked, id=8172, stack(0x000000dd2b200000,0x000000dd2b300000)]
  0x00000265b0b25000 JavaThread "jar transforms Thread 7" [_thread_blocked, id=22916, stack(0x000000dd2b300000,0x000000dd2b400000)]
  0x00000265b0b29000 JavaThread "jar transforms Thread 8" [_thread_blocked, id=18308, stack(0x000000dd2b400000,0x000000dd2b500000)]
  0x00000265b0b2b800 JavaThread "Memory manager" [_thread_blocked, id=24440, stack(0x000000dd24500000,0x000000dd24600000)]
  0x00000265b0b2e000 JavaThread "build event listener" [_thread_blocked, id=11120, stack(0x000000dd25500000,0x000000dd25600000)]
  0x00000265b0b28800 JavaThread "build event listener" [_thread_blocked, id=20700, stack(0x000000dd2b500000,0x000000dd2b600000)]
  0x00000265b0b30800 JavaThread "Execution worker for ':'" [_thread_blocked, id=1156, stack(0x000000dd2b600000,0x000000dd2b700000)]
  0x00000265b0b2c800 JavaThread "Execution worker for ':' Thread 2" [_thread_blocked, id=5304, stack(0x000000dd2b700000,0x000000dd2b800000)]
  0x00000265b0b33000 JavaThread "Execution worker for ':' Thread 3" [_thread_blocked, id=8720, stack(0x000000dd2b800000,0x000000dd2b900000)]
  0x00000265b0b32000 JavaThread "Execution worker for ':' Thread 4" [_thread_blocked, id=23556, stack(0x000000dd2b900000,0x000000dd2ba00000)]
  0x00000265b0b31800 JavaThread "Execution worker for ':' Thread 5" [_thread_blocked, id=2744, stack(0x000000dd2ba00000,0x000000dd2bb00000)]
  0x00000265b0b2d000 JavaThread "Execution worker for ':' Thread 6" [_thread_blocked, id=22520, stack(0x000000dd2bb00000,0x000000dd2bc00000)]
  0x00000265b0b2f000 JavaThread "Execution worker for ':' Thread 7" [_thread_blocked, id=23976, stack(0x000000dd2bc00000,0x000000dd2bd00000)]
  0x00000265b0b2f800 JavaThread "Cache worker for execution history cache (C:\Users\marcd\Documents\GitHub\FirePh\FirePH_BAMM-master\.gradle\7.3.3\executionHistory)" [_thread_blocked, id=8964, stack(0x000000dd2bd00000,0x000000dd2be00000)]
  0x00000265ad011800 JavaThread "WorkerExecutor Queue" [_thread_blocked, id=23040, stack(0x000000dd2be00000,0x000000dd2bf00000)]
  0x00000265ad014000 JavaThread "WorkerExecutor Queue Thread 2" [_thread_blocked, id=1220, stack(0x000000dd2bf00000,0x000000dd2c000000)]
  0x00000265ad015000 JavaThread "WorkerExecutor Queue Thread 3" [_thread_blocked, id=14680, stack(0x000000dd2c000000,0x000000dd2c100000)]
  0x00000265ad010800 JavaThread "WorkerExecutor Queue Thread 4" [_thread_blocked, id=3440, stack(0x000000dd2c100000,0x000000dd2c200000)]
  0x00000265ad012800 JavaThread "pool-3-thread-1" [_thread_blocked, id=14316, stack(0x000000dd2c200000,0x000000dd2c300000)]
  0x00000265ad013000 JavaThread "stderr" [_thread_in_native, id=18540, stack(0x000000dd2c300000,0x000000dd2c400000)]
  0x00000265ad015800 JavaThread "stdout" [_thread_in_native, id=1204, stack(0x000000dd2c400000,0x000000dd2c500000)]

Other Threads:
=>0x00000265aaf39800 VMThread "VM Thread" [stack: 0x000000dd23100000,0x000000dd23200000] [id=22920]
  0x00000265aba6a000 WatcherThread [stack: 0x000000dd23b00000,0x000000dd23c00000] [id=7696]
  0x000002658eb1a000 GCTaskThread "GC Thread#0" [stack: 0x000000dd22c00000,0x000000dd22d00000] [id=19736]
  0x00000265ac442800 GCTaskThread "GC Thread#1" [stack: 0x000000dd23d00000,0x000000dd23e00000] [id=23544]
  0x00000265abf04000 GCTaskThread "GC Thread#2" [stack: 0x000000dd23e00000,0x000000dd23f00000] [id=21388]
  0x00000265ad686800 GCTaskThread "GC Thread#3" [stack: 0x000000dd24900000,0x000000dd24a00000] [id=16336]
  0x00000265aeebd800 GCTaskThread "GC Thread#4" [stack: 0x000000dd24a00000,0x000000dd24b00000] [id=12672]
  0x00000265aeebe800 GCTaskThread "GC Thread#5" [stack: 0x000000dd24b00000,0x000000dd24c00000] [id=508]
  0x00000265acacd800 GCTaskThread "GC Thread#6" [stack: 0x000000dd24c00000,0x000000dd24d00000] [id=23044]
  0x00000265acace000 GCTaskThread "GC Thread#7" [stack: 0x000000dd24d00000,0x000000dd24e00000] [id=6764]
  0x000002658eb4c000 ConcurrentGCThread "G1 Main Marker" [stack: 0x000000dd22d00000,0x000000dd22e00000] [id=5996]
  0x000002658eb4e800 ConcurrentGCThread "G1 Conc#0" [stack: 0x000000dd22e00000,0x000000dd22f00000] [id=4964]
  0x00000265ad0ac800 ConcurrentGCThread "G1 Conc#1" [stack: 0x000000dd25100000,0x000000dd25200000] [id=22452]
  0x000002658ebdd800 ConcurrentGCThread "G1 Refine#0" [stack: 0x000000dd22f00000,0x000000dd23000000] [id=12980]
  0x00000265ae931000 ConcurrentGCThread "G1 Refine#1" [stack: 0x000000dd2c500000,0x000000dd2c600000] [id=23572]
  0x00000265ae935800 ConcurrentGCThread "G1 Refine#2" [stack: 0x000000dd2c600000,0x000000dd2c700000] [id=23924]
  0x00000265ae931800 ConcurrentGCThread "G1 Refine#3" [stack: 0x000000dd2c700000,0x000000dd2c800000] [id=18180]
  0x00000265aad82800 ConcurrentGCThread "G1 Young RemSet Sampling" [stack: 0x000000dd23000000,0x000000dd23100000] [id=16612]

Threads with active compile tasks:
C2 CompilerThread0  17401 11296       4       com.android.tools.r8.internal.Xt::b (639 bytes)

VM state:at safepoint (normal execution)

VM Mutex/Monitor currently owned by a thread:  ([mutex/lock_event])
[0x000002658eafa270] Threads_lock - owner thread: 0x00000265aaf39800
[0x000002658eaf8800] Heap_lock - owner thread: 0x00000265ad015000

Heap address: 0x0000000080000000, size: 2048 MB, Compressed Oops mode: 32-bit
Narrow klass base: 0x0000000000000000, Narrow klass shift: 3
Compressed class space size: 1073741824 Address: 0x0000000100000000

Heap:
 garbage-first heap   total 311296K, used 203204K [0x0000000080000000, 0x0000000100000000)
  region size 1024K, 2 young (2048K), 2 survivors (2048K)
 Metaspace       used 95198K, capacity 97579K, committed 98076K, reserved 1134592K
  class space    used 12195K, capacity 13072K, committed 13208K, reserved 1048576K
Heap Regions: E=young(eden), S=young(survivor), O=old, HS=humongous(starts), HC=humongous(continues), CS=collection set, F=free, A=archive, TAMS=top-at-mark-start (previous, next)
|   0|0x0000000080000000, 0x0000000080100000, 0x0000000080100000|100%| O|  |TAMS 0x0000000080100000, 0x0000000080000000| Updating 
|   1|0x0000000080100000, 0x0000000080200000, 0x0000000080200000|100%| O|  |TAMS 0x0000000080200000, 0x0000000080100000| Updating 
|   2|0x0000000080200000, 0x0000000080300000, 0x0000000080300000|100%| O|  |TAMS 0x0000000080300000, 0x0000000080200000| Updating 
|   3|0x0000000080300000, 0x0000000080400000, 0x0000000080400000|100%|HS|  |TAMS 0x0000000080400000, 0x0000000080300000| Complete 
|   4|0x0000000080400000, 0x0000000080500000, 0x0000000080500000|100%|HC|  |TAMS 0x0000000080500000, 0x0000000080400000| Complete 
|   5|0x0000000080500000, 0x0000000080600000, 0x0000000080600000|100%|HC|  |TAMS 0x0000000080600000, 0x0000000080500000| Complete 
|   6|0x0000000080600000, 0x0000000080700000, 0x0000000080700000|100%| O|  |TAMS 0x0000000080700000, 0x0000000080600000| Updating 
|   7|0x0000000080700000, 0x0000000080800000, 0x0000000080800000|100%| O|  |TAMS 0x0000000080800000, 0x0000000080700000| Updating 
|   8|0x0000000080800000, 0x0000000080900000, 0x0000000080900000|100%| O|  |TAMS 0x0000000080900000, 0x0000000080800000| Updating 
|   9|0x0000000080900000, 0x0000000080a00000, 0x0000000080a00000|100%| O|  |TAMS 0x0000000080a00000, 0x0000000080900000| Updating 
|  10|0x0000000080a00000, 0x0000000080b00000, 0x0000000080b00000|100%| O|  |TAMS 0x0000000080b00000, 0x0000000080a00000| Updating 
|  11|0x0000000080b00000, 0x0000000080c00000, 0x0000000080c00000|100%| O|  |TAMS 0x0000000080c00000, 0x0000000080b00000| Updating 
|  12|0x0000000080c00000, 0x0000000080d00000, 0x0000000080d00000|100%| O|  |TAMS 0x0000000080d00000, 0x0000000080c00000| Updating 
|  13|0x0000000080d00000, 0x0000000080e00000, 0x0000000080e00000|100%| O|  |TAMS 0x0000000080e00000, 0x0000000080d00000| Updating 
|  14|0x0000000080e00000, 0x0000000080f00000, 0x0000000080f00000|100%| O|  |TAMS 0x0000000080f00000, 0x0000000080e00000| Updating 
|  15|0x0000000080f00000, 0x0000000081000000, 0x0000000081000000|100%| O|  |TAMS 0x0000000081000000, 0x0000000080f00000| Updating 
|  16|0x0000000081000000, 0x0000000081100000, 0x0000000081100000|100%|HS|  |TAMS 0x0000000081100000, 0x0000000081000000| Complete 
|  17|0x0000000081100000, 0x0000000081200000, 0x0000000081200000|100%| O|  |TAMS 0x0000000081200000, 0x0000000081100000| Updating 
|  18|0x0000000081200000, 0x0000000081300000, 0x0000000081300000|100%| O|  |TAMS 0x0000000081300000, 0x0000000081200000| Updating 
|  19|0x0000000081300000, 0x0000000081400000, 0x0000000081400000|100%| O|  |TAMS 0x0000000081400000, 0x0000000081300000| Updating 
|  20|0x0000000081400000, 0x0000000081500000, 0x0000000081500000|100%| O|  |TAMS 0x0000000081500000, 0x0000000081400000| Updating 
|  21|0x0000000081500000, 0x0000000081600000, 0x0000000081600000|100%| O|  |TAMS 0x0000000081600000, 0x0000000081500000| Updating 
|  22|0x0000000081600000, 0x0000000081700000, 0x0000000081700000|100%| O|  |TAMS 0x0000000081700000, 0x0000000081600000| Updating 
|  23|0x0000000081700000, 0x0000000081800000, 0x0000000081800000|100%| O|  |TAMS 0x0000000081800000, 0x0000000081700000| Updating 
|  24|0x0000000081800000, 0x0000000081900000, 0x0000000081900000|100%| O|  |TAMS 0x0000000081900000, 0x0000000081800000| Updating 
|  25|0x0000000081900000, 0x0000000081a00000, 0x0000000081a00000|100%| O|  |TAMS 0x0000000081a00000, 0x0000000081900000| Updating 
|  26|0x0000000081a00000, 0x0000000081b00000, 0x0000000081b00000|100%| O|  |TAMS 0x0000000081b00000, 0x0000000081a00000| Updating 
|  27|0x0000000081b00000, 0x0000000081c00000, 0x0000000081c00000|100%| O|  |TAMS 0x0000000081c00000, 0x0000000081b00000| Updating 
|  28|0x0000000081c00000, 0x0000000081d00000, 0x0000000081d00000|100%|HS|  |TAMS 0x0000000081d00000, 0x0000000081c00000| Complete 
|  29|0x0000000081d00000, 0x0000000081e00000, 0x0000000081e00000|100%|HS|  |TAMS 0x0000000081e00000, 0x0000000081d00000| Complete 
|  30|0x0000000081e00000, 0x0000000081f00000, 0x0000000081f00000|100%|HS|  |TAMS 0x0000000081f00000, 0x0000000081e00000| Complete 
|  31|0x0000000081f00000, 0x0000000082000000, 0x0000000082000000|100%|HC|  |TAMS 0x0000000082000000, 0x0000000081f00000| Complete 
|  32|0x0000000082000000, 0x0000000082100000, 0x0000000082100000|100%|HC|  |TAMS 0x0000000082100000, 0x0000000082000000| Complete 
|  33|0x0000000082100000, 0x0000000082200000, 0x0000000082200000|100%|HS|  |TAMS 0x0000000082200000, 0x0000000082100000| Complete 
|  34|0x0000000082200000, 0x0000000082300000, 0x0000000082300000|100%|HC|  |TAMS 0x0000000082300000, 0x0000000082200000| Complete 
|  35|0x0000000082300000, 0x0000000082400000, 0x0000000082400000|100%| O|  |TAMS 0x0000000082400000, 0x0000000082300000| Updating 
|  36|0x0000000082400000, 0x0000000082500000, 0x0000000082500000|100%| O|  |TAMS 0x0000000082500000, 0x0000000082400000| Updating 
|  37|0x0000000082500000, 0x0000000082600000, 0x0000000082600000|100%| O|  |TAMS 0x0000000082600000, 0x0000000082500000| Updating 
|  38|0x0000000082600000, 0x0000000082700000, 0x0000000082700000|100%| O|  |TAMS 0x0000000082700000, 0x0000000082600000| Updating 
|  39|0x0000000082700000, 0x0000000082800000, 0x0000000082800000|100%| O|  |TAMS 0x0000000082800000, 0x0000000082700000| Updating 
|  40|0x0000000082800000, 0x0000000082900000, 0x0000000082900000|100%| O|  |TAMS 0x0000000082900000, 0x0000000082800000| Updating 
|  41|0x0000000082900000, 0x0000000082a00000, 0x0000000082a00000|100%| O|  |TAMS 0x0000000082a00000, 0x0000000082900000| Updating 
|  42|0x0000000082a00000, 0x0000000082b00000, 0x0000000082b00000|100%| O|  |TAMS 0x0000000082b00000, 0x0000000082a00000| Updating 
|  43|0x0000000082b00000, 0x0000000082c00000, 0x0000000082c00000|100%| O|  |TAMS 0x0000000082c00000, 0x0000000082b00000| Updating 
|  44|0x0000000082c00000, 0x0000000082d00000, 0x0000000082d00000|100%| O|  |TAMS 0x0000000082d00000, 0x0000000082c00000| Updating 
|  45|0x0000000082d00000, 0x0000000082e00000, 0x0000000082e00000|100%| O|  |TAMS 0x0000000082e00000, 0x0000000082d00000| Updating 
|  46|0x0000000082e00000, 0x0000000082f00000, 0x0000000082f00000|100%| O|  |TAMS 0x0000000082f00000, 0x0000000082e00000| Updating 
|  47|0x0000000082f00000, 0x0000000083000000, 0x0000000083000000|100%| O|  |TAMS 0x0000000083000000, 0x0000000082f00000| Updating 
|  48|0x0000000083000000, 0x0000000083100000, 0x0000000083100000|100%| O|  |TAMS 0x0000000083100000, 0x0000000083000000| Updating 
|  49|0x0000000083100000, 0x0000000083200000, 0x0000000083200000|100%| O|  |TAMS 0x0000000083200000, 0x0000000083100000| Updating 
|  50|0x0000000083200000, 0x0000000083300000, 0x0000000083300000|100%| O|  |TAMS 0x0000000083300000, 0x0000000083200000| Updating 
|  51|0x0000000083300000, 0x0000000083400000, 0x0000000083400000|100%| O|  |TAMS 0x0000000083400000, 0x0000000083300000| Updating 
|  52|0x0000000083400000, 0x0000000083500000, 0x0000000083500000|100%| O|  |TAMS 0x0000000083500000, 0x0000000083400000| Updating 
|  53|0x0000000083500000, 0x0000000083600000, 0x0000000083600000|100%| O|  |TAMS 0x0000000083600000, 0x0000000083500000| Updating 
|  54|0x0000000083600000, 0x0000000083700000, 0x0000000083700000|100%| O|  |TAMS 0x0000000083700000, 0x0000000083600000| Updating 
|  55|0x0000000083700000, 0x0000000083800000, 0x0000000083800000|100%| O|  |TAMS 0x0000000083800000, 0x0000000083700000| Updating 
|  56|0x0000000083800000, 0x0000000083900000, 0x0000000083900000|100%| O|  |TAMS 0x0000000083900000, 0x0000000083800000| Updating 
|  57|0x0000000083900000, 0x0000000083a00000, 0x0000000083a00000|100%| O|  |TAMS 0x0000000083a00000, 0x0000000083900000| Updating 
|  58|0x0000000083a00000, 0x0000000083b00000, 0x0000000083b00000|100%| O|  |TAMS 0x0000000083b00000, 0x0000000083a00000| Updating 
|  59|0x0000000083b00000, 0x0000000083c00000, 0x0000000083c00000|100%| O|  |TAMS 0x0000000083c00000, 0x0000000083b00000| Updating 
|  60|0x0000000083c00000, 0x0000000083d00000, 0x0000000083d00000|100%| O|  |TAMS 0x0000000083d00000, 0x0000000083c00000| Updating 
|  61|0x0000000083d00000, 0x0000000083e00000, 0x0000000083e00000|100%| O|  |TAMS 0x0000000083e00000, 0x0000000083d00000| Updating 
|  62|0x0000000083e00000, 0x0000000083f00000, 0x0000000083f00000|100%| O|  |TAMS 0x0000000083f00000, 0x0000000083e00000| Updating 
|  63|0x0000000083f00000, 0x0000000084000000, 0x0000000084000000|100%| O|  |TAMS 0x0000000084000000, 0x0000000083f00000| Updating 
|  64|0x0000000084000000, 0x0000000084100000, 0x0000000084100000|100%| O|  |TAMS 0x0000000084100000, 0x0000000084000000| Updating 
|  65|0x0000000084100000, 0x0000000084200000, 0x0000000084200000|100%| O|  |TAMS 0x0000000084200000, 0x0000000084100000| Updating 
|  66|0x0000000084200000, 0x0000000084300000, 0x0000000084300000|100%| O|  |TAMS 0x0000000084300000, 0x0000000084200000| Updating 
|  67|0x0000000084300000, 0x0000000084400000, 0x0000000084400000|100%| O|  |TAMS 0x0000000084400000, 0x0000000084300000| Updating 
|  68|0x0000000084400000, 0x0000000084500000, 0x0000000084500000|100%| O|  |TAMS 0x0000000084500000, 0x0000000084400000| Updating 
|  69|0x0000000084500000, 0x0000000084600000, 0x0000000084600000|100%| O|  |TAMS 0x0000000084600000, 0x0000000084500000| Updating 
|  70|0x0000000084600000, 0x0000000084700000, 0x0000000084700000|100%| O|  |TAMS 0x0000000084700000, 0x0000000084600000| Updating 
|  71|0x0000000084700000, 0x0000000084800000, 0x0000000084800000|100%| O|  |TAMS 0x0000000084800000, 0x0000000084700000| Updating 
|  72|0x0000000084800000, 0x0000000084900000, 0x0000000084900000|100%| O|  |TAMS 0x0000000084900000, 0x0000000084800000| Updating 
|  73|0x0000000084900000, 0x0000000084a00000, 0x0000000084a00000|100%| O|  |TAMS 0x0000000084a00000, 0x0000000084900000| Updating 
|  74|0x0000000084a00000, 0x0000000084b00000, 0x0000000084b00000|100%| O|  |TAMS 0x0000000084b00000, 0x0000000084a00000| Updating 
|  75|0x0000000084b00000, 0x0000000084c00000, 0x0000000084c00000|100%| O|  |TAMS 0x0000000084c00000, 0x0000000084b00000| Updating 
|  76|0x0000000084c00000, 0x0000000084d00000, 0x0000000084d00000|100%| O|  |TAMS 0x0000000084d00000, 0x0000000084c00000| Updating 
|  77|0x0000000084d00000, 0x0000000084e00000, 0x0000000084e00000|100%| O|  |TAMS 0x0000000084e00000, 0x0000000084d00000| Updating 
|  78|0x0000000084e00000, 0x0000000084f00000, 0x0000000084f00000|100%| O|  |TAMS 0x0000000084f00000, 0x0000000084e00000| Updating 
|  79|0x0000000084f00000, 0x0000000085000000, 0x0000000085000000|100%| O|  |TAMS 0x0000000085000000, 0x0000000084f00000| Updating 
|  80|0x0000000085000000, 0x0000000085100000, 0x0000000085100000|100%| O|  |TAMS 0x0000000085100000, 0x0000000085000000| Updating 
|  81|0x0000000085100000, 0x0000000085200000, 0x0000000085200000|100%| O|  |TAMS 0x0000000085200000, 0x0000000085100000| Updating 
|  82|0x0000000085200000, 0x0000000085300000, 0x0000000085300000|100%| O|  |TAMS 0x0000000085300000, 0x0000000085200000| Updating 
|  83|0x0000000085300000, 0x0000000085400000, 0x0000000085400000|100%| O|  |TAMS 0x0000000085400000, 0x0000000085300000| Updating 
|  84|0x0000000085400000, 0x0000000085500000, 0x0000000085500000|100%| O|  |TAMS 0x0000000085500000, 0x0000000085400000| Updating 
|  85|0x0000000085500000, 0x0000000085600000, 0x0000000085600000|100%| O|  |TAMS 0x0000000085600000, 0x0000000085500000| Updating 
|  86|0x0000000085600000, 0x0000000085700000, 0x0000000085700000|100%|HS|  |TAMS 0x0000000085700000, 0x0000000085600000| Complete 
|  87|0x0000000085700000, 0x0000000085800000, 0x0000000085800000|100%|HC|  |TAMS 0x0000000085800000, 0x0000000085700000| Complete 
|  88|0x0000000085800000, 0x0000000085900000, 0x0000000085900000|100%|HS|  |TAMS 0x0000000085900000, 0x0000000085800000| Complete 
|  89|0x0000000085900000, 0x0000000085a00000, 0x0000000085a00000|100%|HS|  |TAMS 0x0000000085a00000, 0x0000000085900000| Complete 
|  90|0x0000000085a00000, 0x0000000085b00000, 0x0000000085b00000|100%|HC|  |TAMS 0x0000000085b00000, 0x0000000085a00000| Complete 
|  91|0x0000000085b00000, 0x0000000085c00000, 0x0000000085c00000|100%|HC|  |TAMS 0x0000000085c00000, 0x0000000085b00000| Complete 
|  92|0x0000000085c00000, 0x0000000085d00000, 0x0000000085d00000|100%|HC|  |TAMS 0x0000000085d00000, 0x0000000085c00000| Complete 
|  93|0x0000000085d00000, 0x0000000085e00000, 0x0000000085e00000|100%|HC|  |TAMS 0x0000000085e00000, 0x0000000085d00000| Complete 
|  94|0x0000000085e00000, 0x0000000085f00000, 0x0000000085f00000|100%|HC|  |TAMS 0x0000000085f00000, 0x0000000085e00000| Complete 
|  95|0x0000000085f00000, 0x0000000086000000, 0x0000000086000000|100%|HS|  |TAMS 0x0000000086000000, 0x0000000085f00000| Complete 
|  96|0x0000000086000000, 0x0000000086100000, 0x0000000086100000|100%|HC|  |TAMS 0x0000000086100000, 0x0000000086000000| Complete 
|  97|0x0000000086100000, 0x0000000086200000, 0x0000000086200000|100%|HC|  |TAMS 0x0000000086200000, 0x0000000086100000| Complete 
|  98|0x0000000086200000, 0x0000000086300000, 0x0000000086300000|100%|HS|  |TAMS 0x0000000086300000, 0x0000000086200000| Complete 
|  99|0x0000000086300000, 0x0000000086400000, 0x0000000086400000|100%|HS|  |TAMS 0x0000000086400000, 0x0000000086300000| Complete 
| 100|0x0000000086400000, 0x0000000086500000, 0x0000000086500000|100%|HS|  |TAMS 0x0000000086500000, 0x0000000086400000| Complete 
| 101|0x0000000086500000, 0x0000000086600000, 0x0000000086600000|100%|HS|  |TAMS 0x0000000086600000, 0x0000000086500000| Complete 
| 102|0x0000000086600000, 0x0000000086700000, 0x0000000086700000|100%|HS|  |TAMS 0x0000000086700000, 0x0000000086600000| Complete 
| 103|0x0000000086700000, 0x0000000086800000, 0x0000000086800000|100%|HC|  |TAMS 0x0000000086800000, 0x0000000086700000| Complete 
| 104|0x0000000086800000, 0x0000000086900000, 0x0000000086900000|100%|HS|  |TAMS 0x0000000086900000, 0x0000000086800000| Complete 
| 105|0x0000000086900000, 0x0000000086a00000, 0x0000000086a00000|100%|HC|  |TAMS 0x0000000086a00000, 0x0000000086900000| Complete 
| 106|0x0000000086a00000, 0x0000000086b00000, 0x0000000086b00000|100%|HC|  |TAMS 0x0000000086b00000, 0x0000000086a00000| Complete 
| 107|0x0000000086b00000, 0x0000000086c00000, 0x0000000086c00000|100%|HS|  |TAMS 0x0000000086c00000, 0x0000000086b00000| Complete 
| 108|0x0000000086c00000, 0x0000000086d00000, 0x0000000086d00000|100%|HC|  |TAMS 0x0000000086d00000, 0x0000000086c00000| Complete 
| 109|0x0000000086d00000, 0x0000000086e00000, 0x0000000086e00000|100%| O|  |TAMS 0x0000000086e00000, 0x0000000086d00000| Updating 
| 110|0x0000000086e00000, 0x0000000086f00000, 0x0000000086f00000|100%| O|  |TAMS 0x0000000086f00000, 0x0000000086e00000| Updating 
| 111|0x0000000086f00000, 0x0000000087000000, 0x0000000087000000|100%| O|  |TAMS 0x0000000087000000, 0x0000000086f00000| Updating 
| 112|0x0000000087000000, 0x0000000087100000, 0x0000000087100000|100%| O|  |TAMS 0x0000000087100000, 0x0000000087000000| Updating 
| 113|0x0000000087100000, 0x0000000087200000, 0x0000000087200000|100%| O|  |TAMS 0x0000000087200000, 0x0000000087100000| Updating 
| 114|0x0000000087200000, 0x0000000087300000, 0x0000000087300000|100%| O|  |TAMS 0x0000000087300000, 0x0000000087200000| Updating 
| 115|0x0000000087300000, 0x0000000087400000, 0x0000000087400000|100%| O|  |TAMS 0x0000000087400000, 0x0000000087300000| Updating 
| 116|0x0000000087400000, 0x0000000087500000, 0x0000000087500000|100%|HS|  |TAMS 0x0000000087500000, 0x0000000087400000| Complete 
| 117|0x0000000087500000, 0x0000000087600000, 0x0000000087600000|100%|HC|  |TAMS 0x0000000087600000, 0x0000000087500000| Complete 
| 118|0x0000000087600000, 0x0000000087700000, 0x0000000087700000|100%|HC|  |TAMS 0x0000000087700000, 0x0000000087600000| Complete 
| 119|0x0000000087700000, 0x0000000087800000, 0x0000000087800000|100%|HS|  |TAMS 0x0000000087800000, 0x0000000087700000| Complete 
| 120|0x0000000087800000, 0x0000000087900000, 0x0000000087900000|100%|HC|  |TAMS 0x0000000087900000, 0x0000000087800000| Complete 
| 121|0x0000000087900000, 0x0000000087a00000, 0x0000000087a00000|100%| O|  |TAMS 0x0000000087a00000, 0x0000000087900000| Updating 
| 122|0x0000000087a00000, 0x0000000087b00000, 0x0000000087b00000|100%| O|  |TAMS 0x0000000087b00000, 0x0000000087a00000| Updating 
| 123|0x0000000087b00000, 0x0000000087c00000, 0x0000000087c00000|100%|HS|  |TAMS 0x0000000087c00000, 0x0000000087b00000| Complete 
| 124|0x0000000087c00000, 0x0000000087d00000, 0x0000000087d00000|100%| O|  |TAMS 0x0000000087d00000, 0x0000000087c00000| Updating 
| 125|0x0000000087d00000, 0x0000000087e00000, 0x0000000087e00000|100%| O|  |TAMS 0x0000000087e00000, 0x0000000087d00000| Updating 
| 126|0x0000000087e00000, 0x0000000087f00000, 0x0000000087f00000|100%| O|  |TAMS 0x0000000087f00000, 0x0000000087e00000| Updating 
| 127|0x0000000087f00000, 0x0000000088000000, 0x0000000088000000|100%| O|  |TAMS 0x0000000088000000, 0x0000000087f00000| Updating 
| 128|0x0000000088000000, 0x0000000088100000, 0x0000000088100000|100%| O|  |TAMS 0x0000000088000000, 0x0000000088000000| Untracked 
| 129|0x0000000088100000, 0x0000000088200000, 0x0000000088200000|100%|HS|  |TAMS 0x0000000088200000, 0x0000000088100000| Complete 
| 130|0x0000000088200000, 0x0000000088300000, 0x0000000088300000|100%|HC|  |TAMS 0x0000000088300000, 0x0000000088200000| Complete 
| 131|0x0000000088300000, 0x0000000088400000, 0x0000000088400000|100%| O|  |TAMS 0x0000000088400000, 0x0000000088300000| Updating 
| 132|0x0000000088400000, 0x0000000088500000, 0x0000000088500000|100%| O|  |TAMS 0x0000000088500000, 0x0000000088400000| Updating 
| 133|0x0000000088500000, 0x0000000088600000, 0x0000000088600000|100%| O|  |TAMS 0x0000000088600000, 0x0000000088500000| Updating 
| 134|0x0000000088600000, 0x0000000088700000, 0x0000000088700000|100%| O|  |TAMS 0x0000000088700000, 0x0000000088600000| Updating 
| 135|0x0000000088700000, 0x0000000088800000, 0x0000000088800000|100%| O|  |TAMS 0x0000000088800000, 0x0000000088700000| Updating 
| 136|0x0000000088800000, 0x0000000088900000, 0x0000000088900000|100%| O|  |TAMS 0x0000000088900000, 0x0000000088800000| Updating 
| 137|0x0000000088900000, 0x0000000088a00000, 0x0000000088a00000|100%| O|  |TAMS 0x0000000088a00000, 0x0000000088900000| Updating 
| 138|0x0000000088a00000, 0x0000000088b00000, 0x0000000088b00000|100%| O|  |TAMS 0x0000000088b00000, 0x0000000088a00000| Updating 
| 139|0x0000000088b00000, 0x0000000088c00000, 0x0000000088c00000|100%| O|  |TAMS 0x0000000088c00000, 0x0000000088b00000| Updating 
| 140|0x0000000088c00000, 0x0000000088d00000, 0x0000000088d00000|100%| O|  |TAMS 0x0000000088d00000, 0x0000000088c00000| Updating 
| 141|0x0000000088d00000, 0x0000000088e00000, 0x0000000088e00000|100%| O|  |TAMS 0x0000000088e00000, 0x0000000088d00000| Updating 
| 142|0x0000000088e00000, 0x0000000088f00000, 0x0000000088f00000|100%| O|  |TAMS 0x0000000088f00000, 0x0000000088e00000| Updating 
| 143|0x0000000088f00000, 0x0000000089000000, 0x0000000089000000|100%| O|  |TAMS 0x0000000089000000, 0x0000000088f00000| Updating 
| 144|0x0000000089000000, 0x0000000089100000, 0x0000000089100000|100%| O|  |TAMS 0x0000000089100000, 0x0000000089000000| Updating 
| 145|0x0000000089100000, 0x0000000089200000, 0x0000000089200000|100%| O|  |TAMS 0x0000000089200000, 0x0000000089100000| Updating 
| 146|0x0000000089200000, 0x0000000089300000, 0x0000000089300000|100%| O|  |TAMS 0x00000000892a4e00, 0x0000000089200000| Updating 
| 147|0x0000000089300000, 0x0000000089400000, 0x0000000089400000|100%|HS|  |TAMS 0x0000000089400000, 0x0000000089300000| Complete 
| 148|0x0000000089400000, 0x0000000089500000, 0x0000000089500000|100%|HC|  |TAMS 0x0000000089500000, 0x0000000089400000| Complete 
| 149|0x0000000089500000, 0x0000000089600000, 0x0000000089600000|100%|HC|  |TAMS 0x0000000089600000, 0x0000000089500000| Complete 
| 150|0x0000000089600000, 0x0000000089700000, 0x0000000089700000|100%|HC|  |TAMS 0x0000000089700000, 0x0000000089600000| Complete 
| 151|0x0000000089700000, 0x0000000089800000, 0x0000000089800000|100%|HC|  |TAMS 0x0000000089800000, 0x0000000089700000| Complete 
| 152|0x0000000089800000, 0x0000000089900000, 0x0000000089900000|100%|HC|  |TAMS 0x0000000089900000, 0x0000000089800000| Complete 
| 153|0x0000000089900000, 0x0000000089a00000, 0x0000000089a00000|100%|HS|  |TAMS 0x0000000089900000, 0x0000000089900000| Complete 
| 154|0x0000000089a00000, 0x0000000089b00000, 0x0000000089b00000|100%| O|  |TAMS 0x0000000089a00000, 0x0000000089a00000| Untracked 
| 155|0x0000000089b00000, 0x0000000089c00000, 0x0000000089c00000|100%| O|  |TAMS 0x0000000089b00000, 0x0000000089b00000| Untracked 
| 156|0x0000000089c00000, 0x0000000089d00000, 0x0000000089d00000|100%|HS|  |TAMS 0x0000000089d00000, 0x0000000089c00000| Complete 
| 157|0x0000000089d00000, 0x0000000089e00000, 0x0000000089e00000|100%|HC|  |TAMS 0x0000000089e00000, 0x0000000089d00000| Complete 
| 158|0x0000000089e00000, 0x0000000089f00000, 0x0000000089f00000|100%|HC|  |TAMS 0x0000000089f00000, 0x0000000089e00000| Complete 
| 159|0x0000000089f00000, 0x000000008a000000, 0x000000008a000000|100%| O|  |TAMS 0x0000000089f00000, 0x0000000089f00000| Untracked 
| 160|0x000000008a000000, 0x000000008a100000, 0x000000008a100000|100%|HS|  |TAMS 0x000000008a100000, 0x000000008a000000| Complete 
| 161|0x000000008a100000, 0x000000008a200000, 0x000000008a200000|100%| O|  |TAMS 0x000000008a100000, 0x000000008a100000| Untracked 
| 162|0x000000008a200000, 0x000000008a300000, 0x000000008a300000|100%|HS|  |TAMS 0x000000008a300000, 0x000000008a200000| Complete 
| 163|0x000000008a300000, 0x000000008a400000, 0x000000008a400000|100%| O|  |TAMS 0x000000008a300000, 0x000000008a300000| Untracked 
| 164|0x000000008a400000, 0x000000008a500000, 0x000000008a500000|100%|HS|  |TAMS 0x000000008a500000, 0x000000008a400000| Complete 
| 165|0x000000008a500000, 0x000000008a600000, 0x000000008a600000|100%| O|  |TAMS 0x000000008a500000, 0x000000008a500000| Untracked 
| 166|0x000000008a600000, 0x000000008a700000, 0x000000008a700000|100%|HS|  |TAMS 0x000000008a700000, 0x000000008a600000| Complete 
| 167|0x000000008a700000, 0x000000008a800000, 0x000000008a800000|100%| O|  |TAMS 0x000000008a700000, 0x000000008a700000| Untracked 
| 168|0x000000008a800000, 0x000000008a900000, 0x000000008a900000|100%| O|  |TAMS 0x000000008a800000, 0x000000008a800000| Untracked 
| 169|0x000000008a900000, 0x000000008aa00000, 0x000000008aa00000|100%| O|  |TAMS 0x000000008a900000, 0x000000008a900000| Untracked 
| 170|0x000000008aa00000, 0x000000008ab00000, 0x000000008ab00000|100%|HS|  |TAMS 0x000000008ab00000, 0x000000008aa00000| Complete 
| 171|0x000000008ab00000, 0x000000008ac00000, 0x000000008ac00000|100%|HC|  |TAMS 0x000000008ac00000, 0x000000008ab00000| Complete 
| 172|0x000000008ac00000, 0x000000008ad00000, 0x000000008ad00000|100%| O|  |TAMS 0x000000008ac00000, 0x000000008ac00000| Untracked 
| 173|0x000000008ad00000, 0x000000008ae00000, 0x000000008ae00000|100%| O|  |TAMS 0x000000008ad00000, 0x000000008ad00000| Updating 
| 174|0x000000008ae00000, 0x000000008af00000, 0x000000008af00000|100%|HS|  |TAMS 0x000000008ae00000, 0x000000008ae00000| Complete 
| 175|0x000000008af00000, 0x000000008b000000, 0x000000008b000000|100%|HC|  |TAMS 0x000000008af00000, 0x000000008af00000| Complete 
| 176|0x000000008b000000, 0x000000008b100000, 0x000000008b100000|100%| O|  |TAMS 0x000000008b000000, 0x000000008b000000| Untracked 
| 177|0x000000008b100000, 0x000000008b200000, 0x000000008b200000|100%| O|  |TAMS 0x000000008b100000, 0x000000008b100000| Untracked 
| 178|0x000000008b200000, 0x000000008b300000, 0x000000008b300000|100%|HS|  |TAMS 0x000000008b300000, 0x000000008b200000| Complete 
| 179|0x000000008b300000, 0x000000008b400000, 0x000000008b400000|100%|HC|  |TAMS 0x000000008b400000, 0x000000008b300000| Complete 
| 180|0x000000008b400000, 0x000000008b500000, 0x000000008b500000|100%|HC|  |TAMS 0x000000008b500000, 0x000000008b400000| Complete 
| 181|0x000000008b500000, 0x000000008b571200, 0x000000008b600000| 44%| O|  |TAMS 0x000000008b500000, 0x000000008b500000| Untracked 
| 182|0x000000008b600000, 0x000000008b600000, 0x000000008b700000|  0%| F|  |TAMS 0x000000008b600000, 0x000000008b600000| Untracked 
| 183|0x000000008b700000, 0x000000008b700000, 0x000000008b800000|  0%| F|  |TAMS 0x000000008b700000, 0x000000008b700000| Untracked 
| 184|0x000000008b800000, 0x000000008b900000, 0x000000008b900000|100%|HS|  |TAMS 0x000000008b900000, 0x000000008b800000| Complete 
| 185|0x000000008b900000, 0x000000008ba00000, 0x000000008ba00000|100%|HC|  |TAMS 0x000000008ba00000, 0x000000008b900000| Complete 
| 186|0x000000008ba00000, 0x000000008ba00000, 0x000000008bb00000|  0%| F|  |TAMS 0x000000008ba00000, 0x000000008ba00000| Untracked 
| 187|0x000000008bb00000, 0x000000008bb00000, 0x000000008bc00000|  0%| F|  |TAMS 0x000000008bb00000, 0x000000008bb00000| Untracked 
| 188|0x000000008bc00000, 0x000000008bc00000, 0x000000008bd00000|  0%| F|  |TAMS 0x000000008bc00000, 0x000000008bc00000| Untracked 
| 189|0x000000008bd00000, 0x000000008bd00000, 0x000000008be00000|  0%| F|  |TAMS 0x000000008bd00000, 0x000000008bd00000| Untracked 
| 190|0x000000008be00000, 0x000000008be00000, 0x000000008bf00000|  0%| F|  |TAMS 0x000000008be00000, 0x000000008be00000| Untracked 
| 191|0x000000008bf00000, 0x000000008bf00000, 0x000000008c000000|  0%| F|  |TAMS 0x000000008bf00000, 0x000000008bf00000| Untracked 
| 192|0x000000008c000000, 0x000000008c100000, 0x000000008c100000|100%|HS|  |TAMS 0x000000008c100000, 0x000000008c000000| Complete 
| 193|0x000000008c100000, 0x000000008c200000, 0x000000008c200000|100%|HC|  |TAMS 0x000000008c200000, 0x000000008c100000| Complete 
| 194|0x000000008c200000, 0x000000008c300000, 0x000000008c300000|100%|HC|  |TAMS 0x000000008c300000, 0x000000008c200000| Complete 
| 195|0x000000008c300000, 0x000000008c300000, 0x000000008c400000|  0%| F|  |TAMS 0x000000008c300000, 0x000000008c300000| Untracked 
| 196|0x000000008c400000, 0x000000008c400000, 0x000000008c500000|  0%| F|  |TAMS 0x000000008c400000, 0x000000008c400000| Untracked 
| 197|0x000000008c500000, 0x000000008c500000, 0x000000008c600000|  0%| F|  |TAMS 0x000000008c500000, 0x000000008c500000| Untracked 
| 198|0x000000008c600000, 0x000000008c600000, 0x000000008c700000|  0%| F|  |TAMS 0x000000008c600000, 0x000000008c600000| Untracked 
| 199|0x000000008c700000, 0x000000008c700000, 0x000000008c800000|  0%| F|  |TAMS 0x000000008c700000, 0x000000008c700000| Untracked 
| 200|0x000000008c800000, 0x000000008c800000, 0x000000008c900000|  0%| F|  |TAMS 0x000000008c800000, 0x000000008c800000| Untracked 
| 201|0x000000008c900000, 0x000000008c900000, 0x000000008ca00000|  0%| F|  |TAMS 0x000000008c900000, 0x000000008c900000| Untracked 
| 202|0x000000008ca00000, 0x000000008ca00000, 0x000000008cb00000|  0%| F|  |TAMS 0x000000008ca00000, 0x000000008ca00000| Untracked 
| 203|0x000000008cb00000, 0x000000008cb00000, 0x000000008cc00000|  0%| F|  |TAMS 0x000000008cb00000, 0x000000008cb00000| Untracked 
| 204|0x000000008cc00000, 0x000000008cc00000, 0x000000008cd00000|  0%| F|  |TAMS 0x000000008cc00000, 0x000000008cc00000| Untracked 
| 205|0x000000008cd00000, 0x000000008cd00000, 0x000000008ce00000|  0%| F|  |TAMS 0x000000008cd00000, 0x000000008cd00000| Untracked 
| 206|0x000000008ce00000, 0x000000008ce00000, 0x000000008cf00000|  0%| F|  |TAMS 0x000000008ce00000, 0x000000008ce00000| Untracked 
| 207|0x000000008cf00000, 0x000000008cf00000, 0x000000008d000000|  0%| F|  |TAMS 0x000000008cf00000, 0x000000008cf00000| Untracked 
| 208|0x000000008d000000, 0x000000008d000000, 0x000000008d100000|  0%| F|  |TAMS 0x000000008d000000, 0x000000008d000000| Untracked 
| 209|0x000000008d100000, 0x000000008d100000, 0x000000008d200000|  0%| F|  |TAMS 0x000000008d100000, 0x000000008d100000| Untracked 
| 210|0x000000008d200000, 0x000000008d200000, 0x000000008d300000|  0%| F|  |TAMS 0x000000008d200000, 0x000000008d200000| Untracked 
| 211|0x000000008d300000, 0x000000008d300000, 0x000000008d400000|  0%| F|  |TAMS 0x000000008d300000, 0x000000008d300000| Untracked 
| 212|0x000000008d400000, 0x000000008d400000, 0x000000008d500000|  0%| F|  |TAMS 0x000000008d400000, 0x000000008d400000| Untracked 
| 213|0x000000008d500000, 0x000000008d500000, 0x000000008d600000|  0%| F|  |TAMS 0x000000008d500000, 0x000000008d500000| Untracked 
| 214|0x000000008d600000, 0x000000008d600000, 0x000000008d700000|  0%| F|  |TAMS 0x000000008d600000, 0x000000008d600000| Untracked 
| 215|0x000000008d700000, 0x000000008d700000, 0x000000008d800000|  0%| F|  |TAMS 0x000000008d700000, 0x000000008d700000| Untracked 
| 216|0x000000008d800000, 0x000000008d800000, 0x000000008d900000|  0%| F|  |TAMS 0x000000008d800000, 0x000000008d800000| Untracked 
| 217|0x000000008d900000, 0x000000008da00000, 0x000000008da00000|100%| S|CS|TAMS 0x000000008d900000, 0x000000008d900000| Complete 
| 218|0x000000008da00000, 0x000000008db00000, 0x000000008db00000|100%| S|CS|TAMS 0x000000008da00000, 0x000000008da00000| Complete 
| 219|0x000000008db00000, 0x000000008db00000, 0x000000008dc00000|  0%| F|  |TAMS 0x000000008db00000, 0x000000008db00000| Untracked 
| 220|0x000000008dc00000, 0x000000008dc00000, 0x000000008dd00000|  0%| F|  |TAMS 0x000000008dc00000, 0x000000008dc00000| Untracked 
| 221|0x000000008dd00000, 0x000000008de00000, 0x000000008de00000|100%| O|  |TAMS 0x000000008de00000, 0x000000008dd00000| Updating 
| 222|0x000000008de00000, 0x000000008df00000, 0x000000008df00000|100%| O|  |TAMS 0x000000008df00000, 0x000000008de00000| Updating 
| 223|0x000000008df00000, 0x000000008df00000, 0x000000008e000000|  0%| F|  |TAMS 0x000000008df00000, 0x000000008df00000| Untracked 
| 224|0x000000008e000000, 0x000000008e100000, 0x000000008e100000|100%| O|  |TAMS 0x000000008e100000, 0x000000008e000000| Updating 
| 225|0x000000008e100000, 0x000000008e200000, 0x000000008e200000|100%| O|  |TAMS 0x000000008e200000, 0x000000008e100000| Updating 
| 226|0x000000008e200000, 0x000000008e200000, 0x000000008e300000|  0%| F|  |TAMS 0x000000008e200000, 0x000000008e200000| Untracked 
| 227|0x000000008e300000, 0x000000008e400000, 0x000000008e400000|100%| O|  |TAMS 0x000000008e400000, 0x000000008e300000| Updating 
| 228|0x000000008e400000, 0x000000008e400000, 0x000000008e500000|  0%| F|  |TAMS 0x000000008e400000, 0x000000008e400000| Untracked 
| 229|0x000000008e500000, 0x000000008e600000, 0x000000008e600000|100%| O|  |TAMS 0x000000008e600000, 0x000000008e500000| Updating 
| 230|0x000000008e600000, 0x000000008e600000, 0x000000008e700000|  0%| F|  |TAMS 0x000000008e600000, 0x000000008e600000| Untracked 
| 231|0x000000008e700000, 0x000000008e800000, 0x000000008e800000|100%| O|  |TAMS 0x000000008e800000, 0x000000008e700000| Updating 
| 232|0x000000008e800000, 0x000000008e900000, 0x000000008e900000|100%| O|  |TAMS 0x000000008e900000, 0x000000008e800000| Updating 
| 233|0x000000008e900000, 0x000000008e900000, 0x000000008ea00000|  0%| F|  |TAMS 0x000000008e900000, 0x000000008e900000| Untracked 
| 234|0x000000008ea00000, 0x000000008eb00000, 0x000000008eb00000|100%| O|  |TAMS 0x000000008eb00000, 0x000000008ea00000| Updating 
| 235|0x000000008eb00000, 0x000000008ec00000, 0x000000008ec00000|100%| O|  |TAMS 0x000000008ec00000, 0x000000008eb00000| Updating 
| 236|0x000000008ec00000, 0x000000008ec00000, 0x000000008ed00000|  0%| F|  |TAMS 0x000000008ec00000, 0x000000008ec00000| Untracked 
| 237|0x000000008ed00000, 0x000000008ed00000, 0x000000008ee00000|  0%| F|  |TAMS 0x000000008ed00000, 0x000000008ed00000| Untracked 

Card table byte_map: [0x00000265a3c60000,0x00000265a4060000] _byte_map_base: 0x00000265a3860000

Marking Bits (Prev, Next): (CMBitMap*) 0x000002658eb434d8, (CMBitMap*) 0x000002658eb43510
 Prev Bits: [0x00000265a4460000, 0x00000265a6460000)
 Next Bits: [0x00000265a6460000, 0x00000265a8460000)

Polling page: 0x000002658ebe0000

Metaspace:

Usage:
  Non-class:     82.53 MB capacity,    81.06 MB ( 98%) used,     1.21 MB (  1%) free+waste,   266.06 KB ( <1%) overhead. 
      Class:     12.77 MB capacity,    11.91 MB ( 93%) used,   758.10 KB (  6%) free+waste,   118.56 KB ( <1%) overhead. 
       Both:     95.29 MB capacity,    92.97 MB ( 98%) used,     1.95 MB (  2%) free+waste,   384.63 KB ( <1%) overhead. 

Virtual space:
  Non-class space:       84.00 MB reserved,      82.88 MB ( 99%) committed 
      Class space:        1.00 GB reserved,      12.90 MB (  1%) committed 
             Both:        1.08 GB reserved,      95.78 MB (  9%) committed 

Chunk freelists:
   Non-Class:  233.00 KB
       Class:  112.00 KB
        Both:  345.00 KB

MaxMetaspaceSize: 17179869184.00 GB
CompressedClassSpaceSize: 1.00 GB
Initial GC threshold: 20.80 MB
Current GC threshold: 159.63 MB
CDS: off

CodeHeap 'non-profiled nmethods': size=120000Kb used=5357Kb max_used=5357Kb free=114642Kb
 bounds [0x000002659b8c0000, 0x000002659be00000, 0x00000265a2df0000]
CodeHeap 'profiled nmethods': size=120000Kb used=22524Kb max_used=22524Kb free=97475Kb
 bounds [0x0000026594390000, 0x0000026595990000, 0x000002659b8c0000]
CodeHeap 'non-nmethods': size=5760Kb used=2390Kb max_used=2428Kb free=3370Kb
 bounds [0x0000026593df0000, 0x0000026594060000, 0x0000026594390000]
 total_blobs=12031 nmethods=11120 adapters=823
 compilation: enabled
              stopped_count=0, restarted_count=0
 full_count=0

Compilation events (20 events):
Event: 17.178 Thread 0x00000265aaf5f800 11326 %     3       com.android.tools.r8.internal.Iq::a @ 69 (175 bytes)
Event: 17.179 Thread 0x00000265aaf5f800 nmethod 11326% 0x000002659598ae90 code [0x000002659598b0e0, 0x000002659598ba58]
Event: 17.251 Thread 0x00000265aaf5d800 nmethod 11209% 0x000002659bdee390 code [0x000002659bdee9a0, 0x000002659bdf4b78]
Event: 17.252 Thread 0x00000265aaf5d800 11300   !   4       java.util.concurrent.ConcurrentHashMap::putVal (432 bytes)
Event: 17.253 Thread 0x00000265aaf5f800 11328       3       com.android.tools.r8.internal.Iq::a (175 bytes)
Event: 17.254 Thread 0x00000265aaf5f800 nmethod 11328 0x000002659598be10 code [0x000002659598c040, 0x000002659598c938]
Event: 17.268 Thread 0x00000265aaf5f800 11333 %     3       com.android.tools.r8.internal.bA::a @ 0 (368 bytes)
Event: 17.269 Thread 0x00000265aaf5f800 nmethod 11333% 0x000002659598cc90 code [0x000002659598cf20, 0x000002659598d9f8]
Event: 17.269 Thread 0x00000265aaf5f800 11334       2       com.android.tools.r8.internal.HG::d (194 bytes)
Event: 17.270 Thread 0x00000265aaf5f800 nmethod 11334 0x000002659598dd90 code [0x000002659598dfe0, 0x000002659598e7b8]
Event: 17.315 Thread 0x00000265aaf5d800 nmethod 11300 0x000002659bdf8b10 code [0x000002659bdf8d40, 0x000002659bdfa320]
Event: 17.315 Thread 0x00000265aaf5d800 11315       4       jdk.internal.util.ArraysSupport::mismatch (73 bytes)
Event: 17.316 Thread 0x00000265aaf5f800 11335       1       com.android.tools.r8.internal.Xt::b (6 bytes)
Event: 17.317 Thread 0x00000265aaf5f800 nmethod 11335 0x000002659bdfae90 code [0x000002659bdfb040, 0x000002659bdfb0f8]
Event: 17.317 Thread 0x00000265aaf5f800 11336       2       com.android.tools.r8.internal.nI::a (34 bytes)
Event: 17.318 Thread 0x00000265aaf5d800 nmethod 11315 0x000002659bdfb190 code [0x000002659bdfb320, 0x000002659bdfb4f8]
Event: 17.318 Thread 0x00000265aaf5d800 11296       4       com.android.tools.r8.internal.Xt::b (639 bytes)
Event: 17.318 Thread 0x00000265aaf5f800 nmethod 11336 0x000002659598ec10 code [0x000002659598edc0, 0x000002659598ef98]
Event: 17.328 Thread 0x00000265aaf5f800 11341       2       com.android.tools.r8.graph.f1::d0 (4 bytes)
Event: 17.328 Thread 0x00000265aaf5f800 nmethod 11341 0x000002659598f090 code [0x000002659598f240, 0x000002659598f318]

GC Heap History (20 events):
Event: 15.411 GC heap after
{Heap after GC invocations=22 (full 0):
 garbage-first heap   total 187392K, used 88011K [0x0000000080000000, 0x0000000100000000)
  region size 1024K, 10 young (10240K), 10 survivors (10240K)
 Metaspace       used 86903K, capacity 89311K, committed 89372K, reserved 1126400K
  class space    used 11232K, capacity 12133K, committed 12184K, reserved 1048576K
}
Event: 15.745 GC heap before
{Heap before GC invocations=22 (full 0):
 garbage-first heap   total 187392K, used 152523K [0x0000000080000000, 0x0000000100000000)
  region size 1024K, 74 young (75776K), 10 survivors (10240K)
 Metaspace       used 88986K, capacity 91505K, committed 91676K, reserved 1128448K
  class space    used 11446K, capacity 12354K, committed 12440K, reserved 1048576K
}
Event: 15.755 GC heap after
{Heap after GC invocations=23 (full 0):
 garbage-first heap   total 187392K, used 91372K [0x0000000080000000, 0x0000000100000000)
  region size 1024K, 4 young (4096K), 4 survivors (4096K)
 Metaspace       used 88986K, capacity 91505K, committed 91676K, reserved 1128448K
  class space    used 11446K, capacity 12354K, committed 12440K, reserved 1048576K
}
Event: 16.012 GC heap before
{Heap before GC invocations=23 (full 0):
 garbage-first heap   total 187392K, used 152812K [0x0000000080000000, 0x0000000100000000)
  region size 1024K, 66 young (67584K), 4 survivors (4096K)
 Metaspace       used 90682K, capacity 93192K, committed 93468K, reserved 1130496K
  class space    used 11658K, capacity 12590K, committed 12696K, reserved 1048576K
}
Event: 16.024 GC heap after
{Heap after GC invocations=24 (full 0):
 garbage-first heap   total 187392K, used 93534K [0x0000000080000000, 0x0000000100000000)
  region size 1024K, 6 young (6144K), 6 survivors (6144K)
 Metaspace       used 90682K, capacity 93192K, committed 93468K, reserved 1130496K
  class space    used 11658K, capacity 12590K, committed 12696K, reserved 1048576K
}
Event: 16.597 GC heap before
{Heap before GC invocations=25 (full 0):
 garbage-first heap   total 187392K, used 160094K [0x0000000080000000, 0x0000000100000000)
  region size 1024K, 47 young (48128K), 6 survivors (6144K)
 Metaspace       used 94834K, capacity 97171K, committed 97820K, reserved 1134592K
  class space    used 12152K, capacity 13000K, committed 13208K, reserved 1048576K
}
Event: 16.611 GC heap after
{Heap after GC invocations=26 (full 0):
 garbage-first heap   total 225280K, used 128909K [0x0000000080000000, 0x0000000100000000)
  region size 1024K, 9 young (9216K), 9 survivors (9216K)
 Metaspace       used 94834K, capacity 97171K, committed 97820K, reserved 1134592K
  class space    used 12152K, capacity 13000K, committed 13208K, reserved 1048576K
}
Event: 16.732 GC heap before
{Heap before GC invocations=26 (full 0):
 garbage-first heap   total 225280K, used 224141K [0x0000000080000000, 0x0000000100000000)
  region size 1024K, 34 young (34816K), 9 survivors (9216K)
 Metaspace       used 95140K, capacity 97564K, committed 98076K, reserved 1134592K
  class space    used 12184K, capacity 13067K, committed 13208K, reserved 1048576K
}
Event: 16.744 GC heap after
{Heap after GC invocations=27 (full 0):
 garbage-first heap   total 243712K, used 164812K [0x0000000080000000, 0x0000000100000000)
  region size 1024K, 8 young (8192K), 8 survivors (8192K)
 Metaspace       used 95140K, capacity 97564K, committed 98076K, reserved 1134592K
  class space    used 12184K, capacity 13067K, committed 13208K, reserved 1048576K
}
Event: 16.827 GC heap before
{Heap before GC invocations=28 (full 0):
 garbage-first heap   total 243712K, used 176076K [0x0000000080000000, 0x0000000100000000)
  region size 1024K, 20 young (20480K), 8 survivors (8192K)
 Metaspace       used 95161K, capacity 97565K, committed 98076K, reserved 1134592K
  class space    used 12185K, capacity 13067K, committed 13208K, reserved 1048576K
}
Event: 16.838 GC heap after
{Heap after GC invocations=29 (full 0):
 garbage-first heap   total 243712K, used 170395K [0x0000000080000000, 0x0000000100000000)
  region size 1024K, 6 young (6144K), 6 survivors (6144K)
 Metaspace       used 95161K, capacity 97565K, committed 98076K, reserved 1134592K
  class space    used 12185K, capacity 13067K, committed 13208K, reserved 1048576K
}
Event: 17.014 GC heap before
{Heap before GC invocations=29 (full 0):
 garbage-first heap   total 243712K, used 195995K [0x0000000080000000, 0x0000000100000000)
  region size 1024K, 29 young (29696K), 6 survivors (6144K)
 Metaspace       used 95163K, capacity 97565K, committed 98076K, reserved 1134592K
  class space    used 12185K, capacity 13067K, committed 13208K, reserved 1048576K
}
Event: 17.035 GC heap after
{Heap after GC invocations=30 (full 0):
 garbage-first heap   total 243712K, used 183219K [0x0000000080000000, 0x0000000100000000)
  region size 1024K, 4 young (4096K), 4 survivors (4096K)
 Metaspace       used 95163K, capacity 97565K, committed 98076K, reserved 1134592K
  class space    used 12185K, capacity 13067K, committed 13208K, reserved 1048576K
}
Event: 17.089 GC heap before
{Heap before GC invocations=31 (full 0):
 garbage-first heap   total 243712K, used 189363K [0x0000000080000000, 0x0000000100000000)
  region size 1024K, 11 young (11264K), 4 survivors (4096K)
 Metaspace       used 95197K, capacity 97579K, committed 98076K, reserved 1134592K
  class space    used 12195K, capacity 13072K, committed 13208K, reserved 1048576K
}
Event: 17.104 GC heap after
{Heap after GC invocations=32 (full 0):
 garbage-first heap   total 243712K, used 186746K [0x0000000080000000, 0x0000000100000000)
  region size 1024K, 3 young (3072K), 3 survivors (3072K)
 Metaspace       used 95197K, capacity 97579K, committed 98076K, reserved 1134592K
  class space    used 12195K, capacity 13072K, committed 13208K, reserved 1048576K
}
Event: 17.198 GC heap before
{Heap before GC invocations=32 (full 0):
 garbage-first heap   total 243712K, used 201082K [0x0000000080000000, 0x0000000100000000)
  region size 1024K, 16 young (16384K), 3 survivors (3072K)
 Metaspace       used 95198K, capacity 97579K, committed 98076K, reserved 1134592K
  class space    used 12195K, capacity 13072K, committed 13208K, reserved 1048576K
}
Event: 17.210 GC heap after
{Heap after GC invocations=33 (full 0):
 garbage-first heap   total 243712K, used 193345K [0x0000000080000000, 0x0000000100000000)
  region size 1024K, 2 young (2048K), 2 survivors (2048K)
 Metaspace       used 95198K, capacity 97579K, committed 98076K, reserved 1134592K
  class space    used 12195K, capacity 13072K, committed 13208K, reserved 1048576K
}
Event: 17.279 GC heap before
{Heap before GC invocations=33 (full 0):
 garbage-first heap   total 243712K, used 204609K [0x0000000080000000, 0x0000000100000000)
  region size 1024K, 13 young (13312K), 2 survivors (2048K)
 Metaspace       used 95198K, capacity 97579K, committed 98076K, reserved 1134592K
  class space    used 12195K, capacity 13072K, committed 13208K, reserved 1048576K
}
Event: 17.291 GC heap after
{Heap after GC invocations=34 (full 0):
 garbage-first heap   total 243712K, used 198269K [0x0000000080000000, 0x0000000100000000)
  region size 1024K, 2 young (2048K), 2 survivors (2048K)
 Metaspace       used 95198K, capacity 97579K, committed 98076K, reserved 1134592K
  class space    used 12195K, capacity 13072K, committed 13208K, reserved 1048576K
}
Event: 17.353 GC heap before
{Heap before GC invocations=34 (full 0):
 garbage-first heap   total 243712K, used 207485K [0x0000000080000000, 0x0000000100000000)
  region size 1024K, 11 young (11264K), 2 survivors (2048K)
 Metaspace       used 95198K, capacity 97579K, committed 98076K, reserved 1134592K
  class space    used 12195K, capacity 13072K, committed 13208K, reserved 1048576K
}

Deoptimization events (20 events):
Event: 17.324 Thread 0x00000265ad015000 DEOPT PACKING pc=0x000002659591d29e sp=0x000000dd2c0fdb90
Event: 17.324 Thread 0x00000265ad015000 DEOPT UNPACKING pc=0x0000026593e3a95e sp=0x000000dd2c0fd240 mode 0
Event: 17.326 Thread 0x00000265ad015000 DEOPT PACKING pc=0x000002659591d29e sp=0x000000dd2c0fdb90
Event: 17.326 Thread 0x00000265ad015000 DEOPT UNPACKING pc=0x0000026593e3a95e sp=0x000000dd2c0fd240 mode 0
Event: 17.327 Thread 0x00000265ad015000 DEOPT PACKING pc=0x000002659591d29e sp=0x000000dd2c0fdb90
Event: 17.327 Thread 0x00000265ad015000 DEOPT UNPACKING pc=0x0000026593e3a95e sp=0x000000dd2c0fd240 mode 0
Event: 17.328 Thread 0x00000265ad015000 DEOPT PACKING pc=0x000002659591d29e sp=0x000000dd2c0fdb90
Event: 17.328 Thread 0x00000265ad015000 DEOPT UNPACKING pc=0x0000026593e3a95e sp=0x000000dd2c0fd240 mode 0
Event: 17.329 Thread 0x00000265ad015000 DEOPT PACKING pc=0x000002659591d29e sp=0x000000dd2c0fdb90
Event: 17.329 Thread 0x00000265ad015000 DEOPT UNPACKING pc=0x0000026593e3a95e sp=0x000000dd2c0fd240 mode 0
Event: 17.330 Thread 0x00000265ad015000 DEOPT PACKING pc=0x000002659591d29e sp=0x000000dd2c0fdb90
Event: 17.330 Thread 0x00000265ad015000 DEOPT UNPACKING pc=0x0000026593e3a95e sp=0x000000dd2c0fd240 mode 0
Event: 17.331 Thread 0x00000265ad015000 DEOPT PACKING pc=0x000002659591d29e sp=0x000000dd2c0fdb90
Event: 17.331 Thread 0x00000265ad015000 DEOPT UNPACKING pc=0x0000026593e3a95e sp=0x000000dd2c0fd240 mode 0
Event: 17.339 Thread 0x00000265ad015000 DEOPT PACKING pc=0x000002659591d29e sp=0x000000dd2c0fdb90
Event: 17.339 Thread 0x00000265ad015000 DEOPT UNPACKING pc=0x0000026593e3a95e sp=0x000000dd2c0fd240 mode 0
Event: 17.340 Thread 0x00000265ad015000 DEOPT PACKING pc=0x000002659591d29e sp=0x000000dd2c0fdb90
Event: 17.340 Thread 0x00000265ad015000 DEOPT UNPACKING pc=0x0000026593e3a95e sp=0x000000dd2c0fd240 mode 0
Event: 17.348 Thread 0x00000265ad015000 DEOPT PACKING pc=0x0000026595958d77 sp=0x000000dd2c0fdb40
Event: 17.348 Thread 0x00000265ad015000 DEOPT UNPACKING pc=0x0000026593e3a95e sp=0x000000dd2c0fd040 mode 0

Classes redefined (0 events):
No events

Internal exceptions (20 events):
Event: 15.458 Thread 0x00000265b0b30800 Exception <a 'sun/nio/fs/WindowsException'{0x000000008b3d0040}> (0x000000008b3d0040) thrown at [./src/hotspot/share/prims/jni.cpp, line 616]
Event: 15.458 Thread 0x00000265b0b30800 Exception <a 'sun/nio/fs/WindowsException'{0x000000008b3d0f10}> (0x000000008b3d0f10) thrown at [./src/hotspot/share/prims/jni.cpp, line 616]
Event: 15.459 Thread 0x00000265b0b30800 Exception <a 'sun/nio/fs/WindowsException'{0x000000008b3d1378}> (0x000000008b3d1378) thrown at [./src/hotspot/share/prims/jni.cpp, line 616]
Event: 15.459 Thread 0x00000265b0b30800 Exception <a 'sun/nio/fs/WindowsException'{0x000000008b3d2230}> (0x000000008b3d2230) thrown at [./src/hotspot/share/prims/jni.cpp, line 616]
Event: 15.459 Thread 0x00000265b0b30800 Exception <a 'sun/nio/fs/WindowsException'{0x000000008b3d25b0}> (0x000000008b3d25b0) thrown at [./src/hotspot/share/prims/jni.cpp, line 616]
Event: 15.459 Thread 0x00000265b0b30800 Exception <a 'sun/nio/fs/WindowsException'{0x000000008b3d3480}> (0x000000008b3d3480) thrown at [./src/hotspot/share/prims/jni.cpp, line 616]
Event: 15.459 Thread 0x00000265b0b30800 Exception <a 'sun/nio/fs/WindowsException'{0x000000008b3d37a0}> (0x000000008b3d37a0) thrown at [./src/hotspot/share/prims/jni.cpp, line 616]
Event: 15.459 Thread 0x00000265b0b30800 Exception <a 'sun/nio/fs/WindowsException'{0x000000008b3d4640}> (0x000000008b3d4640) thrown at [./src/hotspot/share/prims/jni.cpp, line 616]
Event: 15.472 Thread 0x00000265b0b30800 Exception <a 'java/lang/NoSuchMethodError'{0x000000008b15f228}: <clinit>> (0x000000008b15f228) thrown at [./src/hotspot/share/prims/jni.cpp, line 1366]
Event: 15.474 Thread 0x00000265b0b30800 Exception <a 'java/lang/NoSuchMethodError'{0x000000008b193060}: <clinit>> (0x000000008b193060) thrown at [./src/hotspot/share/prims/jni.cpp, line 1366]
Event: 15.475 Thread 0x00000265b0b30800 Exception <a 'java/lang/NoSuchMethodError'{0x000000008b1ca4b0}: <clinit>> (0x000000008b1ca4b0) thrown at [./src/hotspot/share/prims/jni.cpp, line 1366]
Event: 15.476 Thread 0x00000265b0b30800 Exception <a 'java/lang/NoSuchMethodError'{0x000000008b1dceb0}: <clinit>> (0x000000008b1dceb0) thrown at [./src/hotspot/share/prims/jni.cpp, line 1366]
Event: 16.371 Thread 0x00000265ad015000 Exception <a 'sun/nio/fs/WindowsException'{0x0000000089b51128}> (0x0000000089b51128) thrown at [./src/hotspot/share/prims/jni.cpp, line 616]
Event: 16.590 Thread 0x00000265ad015000 Exception <a 'java/lang/NoSuchMethodError'{0x0000000088f882b0}: 'java.lang.Object java.lang.invoke.DirectMethodHandle$Holder.invokeStaticInit(java.lang.Object, java.lang.Object, java.lang.Object, java.lang.Object, java.lang.Object, java.lang.Object, java.lang.Object, java.lang.Object, java.lang.Object, java.lang.Object, java.lang.Object, java.lang.Object, java.lang.Object, java.lang.Object, java.lang.Object, java.lang.Object, java.lang.Object, java.lang.Object, int, java.lang.Object, java.lang.Object)'> (0
Event: 16.594 Thread 0x00000265ad011800 Exception <a 'java/lang/NoSuchMethodError'{0x00000000894a2358}: 'void java.lang.invoke.DirectMethodHandle$Holder.invokeStatic(java.lang.Object, long)'> (0x00000000894a2358) thrown at [./src/hotspot/share/interpreter/linkResolver.cpp, line 773]
Event: 16.594 Thread 0x00000265ad011800 Exception <a 'java/lang/NoSuchMethodError'{0x00000000894a7570}: 'java.lang.Object java.lang.invoke.DirectMethodHandle$Holder.invokeStatic(java.lang.Object, long)'> (0x00000000894a7570) thrown at [./src/hotspot/share/interpreter/linkResolver.cpp, line 773]
Event: 16.596 Thread 0x00000265ad011800 Exception <a 'java/lang/NoSuchMethodError'{0x00000000894b58d8}: 'java.lang.Object java.lang.invoke.DirectMethodHandle$Holder.invokeStaticInit(java.lang.Object, java.lang.Object, long, java.lang.Object)'> (0x00000000894b58d8) thrown at [./src/hotspot/share/interpreter/linkResolver.cpp, line 773]
Event: 16.596 Thread 0x00000265ad011800 Exception <a 'java/lang/NoSuchMethodError'{0x00000000894bba70}: 'java.lang.Object java.lang.invoke.DirectMethodHandle$Holder.invokeStatic(java.lang.Object, java.lang.Object, long)'> (0x00000000894bba70) thrown at [./src/hotspot/share/interpreter/linkResolver.cpp, line 773]
Event: 16.611 Thread 0x00000265ad011800 Exception <a 'java/lang/NoSuchMethodError'{0x0000000088d00488}: 'java.lang.Object java.lang.invoke.Invokers$Holder.linkToTargetMethod(java.lang.Object, long, java.lang.Object)'> (0x0000000088d00488) thrown at [./src/hotspot/share/interpreter/linkResolver.cpp, line 773]
Event: 17.087 Thread 0x00000265ad011800 Exception <a 'java/lang/NoSuchMethodError'{0x000000008df75d78}: 'int java.lang.invoke.DirectMethodHandle$Holder.invokeSpecialIFC(java.lang.Object, java.lang.Object, java.lang.Object)'> (0x000000008df75d78) thrown at [./src/hotspot/share/interpreter/linkResolver.cpp, line 773]

Events (20 events):
Event: 17.083 loading class com/google/common/base/Optional done
Event: 17.084 loading class com/google/common/base/Present
Event: 17.084 loading class com/google/common/base/Present done
Event: 17.084 loading class com/google/common/base/Absent
Event: 17.084 loading class com/google/common/base/Absent done
Event: 17.085 loading class com/google/common/collect/AbstractIterator$State
Event: 17.085 loading class com/google/common/collect/AbstractIterator$State done
Event: 17.086 loading class com/google/common/collect/AbstractIterator$1
Event: 17.086 loading class com/google/common/collect/AbstractIterator$1 done
Event: 17.086 Executing VM operation: CGC_Operation
Event: 17.087 Executing VM operation: CGC_Operation done
Event: 17.089 Executing VM operation: G1CollectForAllocation
Event: 17.104 Executing VM operation: G1CollectForAllocation done
Event: 17.198 Executing VM operation: G1CollectForAllocation
Event: 17.210 Executing VM operation: G1CollectForAllocation done
Event: 17.278 Executing VM operation: G1CollectForAllocation
Event: 17.291 Executing VM operation: G1CollectForAllocation done
Event: 17.302 Executing VM operation: CGC_Operation
Event: 17.313 Executing VM operation: CGC_Operation done
Event: 17.353 Executing VM operation: G1CollectForAllocation


Dynamic libraries:
0x00007ff6f3420000 - 0x00007ff6f342a000 	C:\Program Files\Android\Android Studio\jre\bin\java.exe
0x00007ffc850c0000 - 0x00007ffc852c9000 	C:\WINDOWS\SYSTEM32\ntdll.dll
0x00007ffc841e0000 - 0x00007ffc8429d000 	C:\WINDOWS\System32\KERNEL32.DLL
0x00007ffc82930000 - 0x00007ffc82cab000 	C:\WINDOWS\System32\KERNELBASE.dll
0x00007ffc82750000 - 0x00007ffc82861000 	C:\WINDOWS\System32\ucrtbase.dll
0x00007ffc44860000 - 0x00007ffc44879000 	C:\Program Files\Android\Android Studio\jre\bin\jli.dll
0x00007ffc47d40000 - 0x00007ffc47d57000 	C:\Program Files\Android\Android Studio\jre\bin\VCRUNTIME140.dll
0x00007ffc84640000 - 0x00007ffc847ed000 	C:\WINDOWS\System32\USER32.dll
0x00007ffc6dda0000 - 0x00007ffc6e045000 	C:\WINDOWS\WinSxS\amd64_microsoft.windows.common-controls_6595b64144ccf1df_6.0.22000.120_none_9d947278b86cc467\COMCTL32.dll
0x00007ffc82f10000 - 0x00007ffc82f36000 	C:\WINDOWS\System32\win32u.dll
0x00007ffc83eb0000 - 0x00007ffc83f53000 	C:\WINDOWS\System32\msvcrt.dll
0x00007ffc84110000 - 0x00007ffc84139000 	C:\WINDOWS\System32\GDI32.dll
0x00007ffc82590000 - 0x00007ffc826a8000 	C:\WINDOWS\System32\gdi32full.dll
0x00007ffc826b0000 - 0x00007ffc8274d000 	C:\WINDOWS\System32\msvcp_win.dll
0x00007ffc85040000 - 0x00007ffc85071000 	C:\WINDOWS\System32\IMM32.DLL
0x00007ffc17c40000 - 0x00007ffc17cdd000 	C:\Program Files\Android\Android Studio\jre\bin\msvcp140.dll
0x00007ffbfae60000 - 0x00007ffbfb962000 	C:\Program Files\Android\Android Studio\jre\bin\server\jvm.dll
0x00007ffc83e00000 - 0x00007ffc83eae000 	C:\WINDOWS\System32\ADVAPI32.dll
0x00007ffc84140000 - 0x00007ffc841de000 	C:\WINDOWS\System32\sechost.dll
0x00007ffc82f40000 - 0x00007ffc83060000 	C:\WINDOWS\System32\RPCRT4.dll
0x00007ffc83980000 - 0x00007ffc83988000 	C:\WINDOWS\System32\PSAPI.DLL
0x00007ffc72130000 - 0x00007ffc72163000 	C:\WINDOWS\SYSTEM32\WINMM.dll
0x00007ffc6c020000 - 0x00007ffc6c029000 	C:\WINDOWS\SYSTEM32\WSOCK32.dll
0x00007ffc7abf0000 - 0x00007ffc7abfa000 	C:\WINDOWS\SYSTEM32\VERSION.dll
0x00007ffc84fd0000 - 0x00007ffc8503f000 	C:\WINDOWS\System32\WS2_32.dll
0x00007ffc81700000 - 0x00007ffc81718000 	C:\WINDOWS\SYSTEM32\kernel.appcore.dll
0x00007ffc7d590000 - 0x00007ffc7d5a1000 	C:\Program Files\Android\Android Studio\jre\bin\verify.dll
0x00007ffc7fd60000 - 0x00007ffc7ff81000 	C:\WINDOWS\SYSTEM32\DBGHELP.DLL
0x00007ffc680a0000 - 0x00007ffc680d1000 	C:\WINDOWS\SYSTEM32\dbgcore.DLL
0x00007ffc82d20000 - 0x00007ffc82d9f000 	C:\WINDOWS\System32\bcryptPrimitives.dll
0x00007ffc6fcd0000 - 0x00007ffc6fcf9000 	C:\Program Files\Android\Android Studio\jre\bin\java.dll
0x00007ffc7e950000 - 0x00007ffc7e95b000 	C:\Program Files\Android\Android Studio\jre\bin\jimage.dll
0x00007ffc6fbd0000 - 0x00007ffc6fbe8000 	C:\Program Files\Android\Android Studio\jre\bin\zip.dll
0x00007ffc83060000 - 0x00007ffc83818000 	C:\WINDOWS\System32\SHELL32.dll
0x00007ffc80680000 - 0x00007ffc80ee5000 	C:\WINDOWS\SYSTEM32\windows.storage.dll
0x00007ffc84c50000 - 0x00007ffc84fc7000 	C:\WINDOWS\System32\combase.dll
0x00007ffc80510000 - 0x00007ffc80676000 	C:\WINDOWS\SYSTEM32\wintypes.dll
0x00007ffc84300000 - 0x00007ffc843ea000 	C:\WINDOWS\System32\SHCORE.dll
0x00007ffc842a0000 - 0x00007ffc842fd000 	C:\WINDOWS\System32\shlwapi.dll
0x00007ffc824c0000 - 0x00007ffc824e1000 	C:\WINDOWS\SYSTEM32\profapi.dll
0x00007ffc6fbb0000 - 0x00007ffc6fbca000 	C:\Program Files\Android\Android Studio\jre\bin\net.dll
0x00007ffc7bdf0000 - 0x00007ffc7befc000 	C:\WINDOWS\SYSTEM32\WINHTTP.dll
0x00007ffc81ba0000 - 0x00007ffc81c07000 	C:\WINDOWS\system32\mswsock.dll
0x00007ffc6fb90000 - 0x00007ffc6fba4000 	C:\Program Files\Android\Android Studio\jre\bin\nio.dll
0x00007ffc6fa50000 - 0x00007ffc6fa77000 	C:\Users\marcd\.gradle\native\e1d6ef7f7dcc3fd88c89a11ec53ec762bb8ba0a96d01ffa2cd45eb1d1d8dd5c5\windows-amd64\native-platform.dll
0x00007ffc0fa70000 - 0x00007ffc0fbb4000 	C:\Users\marcd\.gradle\native\5664cfc778a61ccfe75a443a1ab52a65af34e5dc3c78e0209fed803814484fcb\windows-amd64\native-platform-file-events.dll
0x00007ffc7e840000 - 0x00007ffc7e84a000 	C:\Program Files\Android\Android Studio\jre\bin\management.dll
0x00007ffc7d7c0000 - 0x00007ffc7d7cd000 	C:\Program Files\Android\Android Studio\jre\bin\management_ext.dll
0x00007ffc81df0000 - 0x00007ffc81e08000 	C:\WINDOWS\SYSTEM32\CRYPTSP.dll
0x00007ffc81660000 - 0x00007ffc81695000 	C:\WINDOWS\system32\rsaenh.dll
0x00007ffc81c90000 - 0x00007ffc81cb9000 	C:\WINDOWS\SYSTEM32\USERENV.dll
0x00007ffc81f70000 - 0x00007ffc81f97000 	C:\WINDOWS\SYSTEM32\bcrypt.dll
0x00007ffc81de0000 - 0x00007ffc81dec000 	C:\WINDOWS\SYSTEM32\CRYPTBASE.dll
0x00007ffc811b0000 - 0x00007ffc811dd000 	C:\WINDOWS\SYSTEM32\IPHLPAPI.DLL
0x00007ffc83820000 - 0x00007ffc83829000 	C:\WINDOWS\System32\NSI.dll
0x00007ffc7c650000 - 0x00007ffc7c669000 	C:\WINDOWS\SYSTEM32\dhcpcsvc6.DLL
0x00007ffc7c3c0000 - 0x00007ffc7c3de000 	C:\WINDOWS\SYSTEM32\dhcpcsvc.DLL
0x00007ffc81230000 - 0x00007ffc81318000 	C:\WINDOWS\SYSTEM32\DNSAPI.dll

dbghelp: loaded successfully - version: 4.0.5 - missing functions: none
symbol engine: initialized successfully - sym options: 0x614 - pdb path: .;C:\Program Files\Android\Android Studio\jre\bin;C:\WINDOWS\SYSTEM32;C:\WINDOWS\WinSxS\amd64_microsoft.windows.common-controls_6595b64144ccf1df_6.0.22000.120_none_9d947278b86cc467;C:\Program Files\Android\Android Studio\jre\bin\server;C:\Users\marcd\.gradle\native\e1d6ef7f7dcc3fd88c89a11ec53ec762bb8ba0a96d01ffa2cd45eb1d1d8dd5c5\windows-amd64;C:\Users\marcd\.gradle\native\5664cfc778a61ccfe75a443a1ab52a65af34e5dc3c78e0209fed803814484fcb\windows-amd64

VM Arguments:
jvm_args: --add-opens=java.base/java.util=ALL-UNNAMED --add-opens=java.base/java.lang=ALL-UNNAMED --add-opens=java.base/java.lang.invoke=ALL-UNNAMED --add-opens=java.base/java.util=ALL-UNNAMED --add-opens=java.prefs/java.util.prefs=ALL-UNNAMED --add-opens=java.prefs/java.util.prefs=ALL-UNNAMED --add-opens=java.base/java.nio.charset=ALL-UNNAMED --add-opens=java.base/java.net=ALL-UNNAMED --add-opens=java.base/java.util.concurrent.atomic=ALL-UNNAMED -Xmx2048m -Dfile.encoding=UTF-8 -Duser.country=PH -Duser.language=en -Duser.variant 
java_command: org.gradle.launcher.daemon.bootstrap.GradleDaemon 7.3.3
java_class_path (initial): C:\Users\marcd\.gradle\wrapper\dists\gradle-7.3.3-bin\6a41zxkdtcxs8rphpq6y0069z\gradle-7.3.3\lib\gradle-launcher-7.3.3.jar
Launcher Type: SUN_STANDARD

[Global flags]
     intx CICompilerCount                          = 4                                         {product} {ergonomic}
     uint ConcGCThreads                            = 2                                         {product} {ergonomic}
     uint G1ConcRefinementThreads                  = 8                                         {product} {ergonomic}
   size_t G1HeapRegionSize                         = 1048576                                   {product} {ergonomic}
    uintx GCDrainStackTargetSize                   = 64                                        {product} {ergonomic}
   size_t InitialHeapSize                          = 132120576                                 {product} {ergonomic}
   size_t MarkStackSize                            = 4194304                                   {product} {ergonomic}
   size_t MaxHeapSize                              = 2147483648                                {product} {command line}
   size_t MaxNewSize                               = 1287651328                                {product} {ergonomic}
   size_t MinHeapDeltaBytes                        = 1048576                                   {product} {ergonomic}
    uintx NonNMethodCodeHeapSize                   = 5836300                                {pd product} {ergonomic}
    uintx NonProfiledCodeHeapSize                  = 122910970                              {pd product} {ergonomic}
    uintx ProfiledCodeHeapSize                     = 122910970                              {pd product} {ergonomic}
    uintx ReservedCodeCacheSize                    = 251658240                              {pd product} {ergonomic}
     bool SegmentedCodeCache                       = true                                      {product} {ergonomic}
     bool UseCompressedClassPointers               = true                                 {lp64_product} {ergonomic}
     bool UseCompressedOops                        = true                                 {lp64_product} {ergonomic}
     bool UseG1GC                                  = true                                      {product} {ergonomic}
     bool UseLargePagesIndividualAllocation        = false                                  {pd product} {ergonomic}

Logging:
Log output configuration:
 #0: stdout all=warning uptime,level,tags
 #1: stderr all=off uptime,level,tags

Environment Variables:
JAVA_HOME=C:\Program Files\Java\jdk-11.0.16
PATH=C:\Program Files\Common Files\Oracle\Java\javapath;C:\Windows\system32;C:\Windows;C:\Windows\System32\Wbem;C:\Windows\System32\WindowsPowerShell\v1.0\;C:\Windows\System32\OpenSSH\;C:\Program Files (x86)\NVIDIA Corporation\PhysX\Common;C:\Program Files\NVIDIA Corporation\NVIDIA NvDLISR;C:\WINDOWS\system32;C:\WINDOWS;C:\WINDOWS\System32\Wbem;C:\WINDOWS\System32\WindowsPowerShell\v1.0\;C:\WINDOWS\System32\OpenSSH\;C:\Program Files\dotnet\;C:\Program Files\Microsoft VS Code\bin;C:\Program Files\nodejs\;C:\Program Files\Java\jdk-11.0.16\bin;C:\Program Files\MATLAB\R2022b\bin;C:\Program Files\Git\cmd;C:\Users\marcd\AppData\Local\Microsoft\WindowsApps;C:\Users\marcd\AppData\Roaming\npm;C:\Users\marcd\AppData\Local\GitHubDesktop\bin
USERNAME=marcd
OS=Windows_NT
PROCESSOR_IDENTIFIER=Intel64 Family 6 Model 158 Stepping 10, GenuineIntel



---------------  S Y S T E M  ---------------

OS: Windows 11 , 64 bit Build 22000 (10.0.22000.708)
OS uptime: 0 days 20:58 hours

CPU:total 8 (initial active 8) (4 cores per cpu, 2 threads per core) family 6 model 158 stepping 10 microcode 0xde, cmov, cx8, fxsr, mmx, sse, sse2, sse3, ssse3, sse4.1, sse4.2, popcnt, avx, avx2, aes, clmul, erms, 3dnowpref, lzcnt, ht, tsc, tscinvbit, bmi1, bmi2, adx, fma

Memory: 4k page, system-wide physical 8044M (317M free)
TotalPageFile size 16236M (AvailPageFile size 70M)
current process WorkingSet (physical memory assigned to process): 502M, peak: 504M
current process commit charge ("private bytes"): 548M, peak: 614M

vm_info: OpenJDK 64-Bit Server VM (11.0.13+0-b1751.21-8125866) for windows-amd64 JRE (11.0.13+0-b1751.21-8125866), built on Feb  2 2022 03:00:22 by "builder" with MS VC++ 14.0 (VS2015)

END.
