#
# There is insufficient memory for the Java Runtime Environment to continue.
# Native memory allocation (mmap) failed to map 249561088 bytes for Failed to commit area from 0x0000000091600000 to 0x00000000a0400000 of length 249561088.
# Possible reasons:
#   The system is out of physical RAM or swap space
#   The process is running with CompressedOops enabled, and the Java Heap may be blocking the growth of the native heap
# Possible solutions:
#   Reduce memory load on the system
#   Increase physical memory or swap space
#   Check if swap backing store is full
#   Decrease Java heap size (-Xmx/-Xms)
#   Decrease number of Java threads
#   Decrease Java thread stack sizes (-Xss)
#   Set larger code cache with -XX:ReservedCodeCacheSize=
#   JVM is running with Unscaled Compressed Oops mode in which the Java heap is
#     placed in the first 4GB address space. The Java Heap base address is the
#     maximum limit for the native heap growth. Please use -XX:HeapBaseMinAddress
#     to set the Java Heap base and to place the Java Heap above 4GB virtual address.
# This output file may be truncated or incomplete.
#
#  Out of Memory Error (./src/hotspot/os/windows/os_windows.cpp:3619), pid=22752, tid=21520
#
# JRE version: OpenJDK Runtime Environment (11.0.13) (build 11.0.13+0-b1751.21-8125866)
# Java VM: OpenJDK 64-Bit Server VM (11.0.13+0-b1751.21-8125866, mixed mode, tiered, compressed oops, g1 gc, windows-amd64)
# No core dump will be written. Minidumps are not enabled by default on client versions of Windows
#

---------------  S U M M A R Y ------------

Command Line: --add-opens=java.base/java.util=ALL-UNNAMED --add-opens=java.base/java.lang=ALL-UNNAMED --add-opens=java.base/java.lang.invoke=ALL-UNNAMED --add-opens=java.base/java.util=ALL-UNNAMED --add-opens=java.prefs/java.util.prefs=ALL-UNNAMED --add-opens=java.prefs/java.util.prefs=ALL-UNNAMED --add-opens=java.base/java.nio.charset=ALL-UNNAMED --add-opens=java.base/java.net=ALL-UNNAMED --add-opens=java.base/java.util.concurrent.atomic=ALL-UNNAMED -Xmx2048m -Dfile.encoding=UTF-8 -Duser.country=PH -Duser.language=en -Duser.variant org.gradle.launcher.daemon.bootstrap.GradleDaemon 7.3.3

Host: Intel(R) Core(TM) i5-9300H CPU @ 2.40GHz, 8 cores, 7G,  Windows 11 , 64 bit Build 22000 (10.0.22000.708)
Time: Sat Oct 29 13:48:13 2022 Malay Peninsula Standard Time elapsed time: 14.364508 seconds (0d 0h 0m 14s)

---------------  T H R E A D  ---------------

Current thread (0x000001c0af505000):  VMThread "VM Thread" [stack: 0x0000000629500000,0x0000000629600000] [id=21520]

Stack: [0x0000000629500000,0x0000000629600000]
[error occurred during error reporting (printing stack bounds), id 0xc0000005, EXCEPTION_ACCESS_VIOLATION (0xc0000005) at pc=0x000001c098b9112d]

Native frames: (J=compiled Java code, j=interpreted, Vv=VM code, C=native code)
V  [jvm.dll+0x6100fa]
V  [jvm.dll+0x747090]
V  [jvm.dll+0x7486ad]
V  [jvm.dll+0x748ce5]
V  [jvm.dll+0x748c9b]
V  [jvm.dll+0x60f224]
V  [jvm.dll+0x60f9b8]
C  [ntdll.dll+0xa8b1f]
C  [ntdll.dll+0x35b9a]
C  [ntdll.dll+0xa7b2e]
C  0x000001c098b9112d

VM_Operation (0x00000006334fde70): G1CollectForAllocation, mode: safepoint, requested by thread 0x000001c0bacab800


---------------  P R O C E S S  ---------------

Threads class SMR info:
_java_thread_list=0x000001c0b8ddc130, length=148, elements={
0x000001c09506c800, 0x000001c0af506800, 0x000001c0af514000, 0x000001c0afe84800,
0x000001c0afe86000, 0x000001c0afe87000, 0x000001c0afe8a000, 0x000001c0afe8d000,
0x000001c0af535000, 0x000001c0affe7800, 0x000001c0b16c3800, 0x000001c0b3369000,
0x000001c0b01a6800, 0x000001c0b145e800, 0x000001c0b3985800, 0x000001c0b3c7b800,
0x000001c0b146a800, 0x000001c0b397a000, 0x000001c0b281d000, 0x000001c0b3727800,
0x000001c0b3bcc800, 0x000001c0b3721800, 0x000001c0b371e800, 0x000001c0b371d000,
0x000001c0b3722800, 0x000001c0b3723800, 0x000001c0b3721000, 0x000001c0b371d800,
0x000001c0b371f000, 0x000001c0b3720000, 0x000001c0b3953800, 0x000001c0b3955800,
0x000001c0b3954800, 0x000001c0b3957000, 0x000001c0b3959800, 0x000001c0b395a800,
0x000001c0b395d800, 0x000001c0b395c000, 0x000001c0b395b000, 0x000001c0b395c800,
0x000001c0b3958000, 0x000001c0b395e800, 0x000001c0b395f000, 0x000001c0b3960000,
0x000001c0b3961000, 0x000001c0b113f000, 0x000001c0b113d800, 0x000001c0b113f800,
0x000001c0b1140800, 0x000001c0b1141800, 0x000001c0b113b800, 0x000001c0b1142000,
0x000001c0b113c800, 0x000001c0b113e000, 0x000001c0b1143000, 0x000001c0b1148000,
0x000001c0b1148800, 0x000001c0b1145800, 0x000001c0b1144800, 0x000001c0b1149800,
0x000001c0b1147000, 0x000001c0b1146800, 0x000001c0b1144000, 0x000001c0b114a800,
0x000001c0b0c5f000, 0x000001c0b0c5e000, 0x000001c0b0c60000, 0x000001c0b0c60800,
0x000001c0b0c5d800, 0x000001c0b0c61800, 0x000001c0b0c5b800, 0x000001c0b0c62000,
0x000001c0b0c5c800, 0x000001c0b0c66800, 0x000001c0b0c64800, 0x000001c0b0c63000,
0x000001c0b0c69800, 0x000001c0b0c64000, 0x000001c0b0c65800, 0x000001c0b0c68000,
0x000001c0b0c67000, 0x000001c0b0c69000, 0x000001c0b0c6a800, 0x000001c0b18cd800,
0x000001c0b18ca800, 0x000001c0b18c8000, 0x000001c0b18cd000, 0x000001c0b18cb000,
0x000001c0b18c8800, 0x000001c0b18c9800, 0x000001c0b18ce800, 0x000001c0b18d0000,
0x000001c0b18cf800, 0x000001c0b18d1800, 0x000001c0b18d1000, 0x000001c0b18cc000,
0x000001c0b18d4000, 0x000001c0b18d5000, 0x000001c0b18d6800, 0x000001c0b18d2800,
0x000001c0b18d3800, 0x000001c0b18d6000, 0x000001c0b10ed800, 0x000001c0b10ea000,
0x000001c0b10ec800, 0x000001c0b10f0000, 0x000001c0b10ec000, 0x000001c0b10f0800,
0x000001c0b10eb000, 0x000001c0b10f1800, 0x000001c0b10f4000, 0x000001c0b10ee000,
0x000001c0b10ef000, 0x000001c0b10f6800, 0x000001c0b10f5000, 0x000001c0b10f2800,
0x000001c0b10f7000, 0x000001c0b10f5800, 0x000001c0b10f9000, 0x000001c0b10f8000,
0x000001c0b10f3000, 0x000001c0b105e800, 0x000001c0b105f800, 0x000001c0b105d000,
0x000001c0b105b800, 0x000001c0b1060000, 0x000001c0b105c000, 0x000001c0b105a800,
0x000001c0b1063800, 0x000001c0b105d800, 0x000001c0b1066800, 0x000001c0b1066000,
0x000001c0b1061000, 0x000001c0b1064800, 0x000001c0b1065000, 0x000001c0b1067800,
0x000001c0b1062000, 0x000001c0b1068800, 0x000001c0b1062800, 0x000001c0b1069000,
0x000001c0baca9800, 0x000001c0bacad800, 0x000001c0bacae800, 0x000001c0bacaf800,
0x000001c0bacb0000, 0x000001c0bacaa800, 0x000001c0bacb1000, 0x000001c0bacab800
}

Java Threads: ( => current thread )
  0x000001c09506c800 JavaThread "main" [_thread_blocked, id=18192, stack(0x0000000628f00000,0x0000000629000000)]
  0x000001c0af506800 JavaThread "Reference Handler" daemon [_thread_blocked, id=8940, stack(0x0000000629600000,0x0000000629700000)]
  0x000001c0af514000 JavaThread "Finalizer" daemon [_thread_blocked, id=14732, stack(0x0000000629700000,0x0000000629800000)]
  0x000001c0afe84800 JavaThread "Signal Dispatcher" daemon [_thread_blocked, id=6628, stack(0x0000000629800000,0x0000000629900000)]
  0x000001c0afe86000 JavaThread "Attach Listener" daemon [_thread_blocked, id=20296, stack(0x0000000629900000,0x0000000629a00000)]
  0x000001c0afe87000 JavaThread "Service Thread" daemon [_thread_blocked, id=22200, stack(0x0000000629a00000,0x0000000629b00000)]
  0x000001c0afe8a000 JavaThread "C2 CompilerThread0" daemon [_thread_blocked, id=1220, stack(0x0000000629b00000,0x0000000629c00000)]
  0x000001c0afe8d000 JavaThread "C1 CompilerThread0" daemon [_thread_blocked, id=4796, stack(0x0000000629c00000,0x0000000629d00000)]
  0x000001c0af535000 JavaThread "Sweeper thread" daemon [_thread_blocked, id=20076, stack(0x0000000629d00000,0x0000000629e00000)]
  0x000001c0affe7800 JavaThread "Common-Cleaner" daemon [_thread_blocked, id=21568, stack(0x0000000629e00000,0x0000000629f00000)]
  0x000001c0b16c3800 JavaThread "Daemon health stats" [_thread_blocked, id=10580, stack(0x000000062a400000,0x000000062a500000)]
  0x000001c0b3369000 JavaThread "Incoming local TCP Connector on port 61322" [_thread_in_native, id=21336, stack(0x000000062a000000,0x000000062a100000)]
  0x000001c0b01a6800 JavaThread "Daemon periodic checks" [_thread_blocked, id=22988, stack(0x000000062a300000,0x000000062a400000)]
  0x000001c0b145e800 JavaThread "Daemon" [_thread_blocked, id=17696, stack(0x000000062a500000,0x000000062a600000)]
  0x000001c0b3985800 JavaThread "Handler for socket connection from /127.0.0.1:61322 to /127.0.0.1:61324" [_thread_in_native, id=12980, stack(0x000000062a600000,0x000000062a700000)]
  0x000001c0b3c7b800 JavaThread "Cancel handler" [_thread_blocked, id=1884, stack(0x000000062a700000,0x000000062a800000)]
  0x000001c0b146a800 JavaThread "Daemon worker" [_thread_blocked, id=2320, stack(0x000000062a800000,0x000000062a900000)]
  0x000001c0b397a000 JavaThread "C2 CompilerThread1" daemon [_thread_in_native, id=1616, stack(0x000000062a900000,0x000000062aa00000)]
  0x000001c0b281d000 JavaThread "Asynchronous log dispatcher for DefaultDaemonConnection: socket connection from /127.0.0.1:61322 to /127.0.0.1:61324" [_thread_blocked, id=19664, stack(0x000000062aa00000,0x000000062ab00000)]
  0x000001c0b3727800 JavaThread "Stdin handler" [_thread_blocked, id=9256, stack(0x000000062ab00000,0x000000062ac00000)]
  0x000001c0b3bcc800 JavaThread "Daemon client event forwarder" [_thread_blocked, id=12192, stack(0x000000062ac00000,0x000000062ad00000)]
  0x000001c0b3721800 JavaThread "Cache worker for journal cache (C:\Users\marcd\.gradle\caches\journal-1)" [_thread_blocked, id=18052, stack(0x000000062b200000,0x000000062b300000)]
  0x000001c0b371e800 JavaThread "File lock request listener" [_thread_in_native, id=8768, stack(0x000000062b300000,0x000000062b400000)]
  0x000001c0b371d000 JavaThread "Cache worker for file hash cache (C:\Users\marcd\.gradle\caches\7.3.3\fileHashes)" [_thread_blocked, id=22712, stack(0x000000062b400000,0x000000062b500000)]
  0x000001c0b3722800 JavaThread "Cache worker for file hash cache (C:\Users\marcd\Documents\GitHub\FirePh\FirePH_BAMM-master\.gradle\7.3.3\fileHashes)" [_thread_blocked, id=21492, stack(0x000000062b600000,0x000000062b700000)]
  0x000001c0b3723800 JavaThread "File watcher server" daemon [_thread_blocked, id=4744, stack(0x000000062b700000,0x000000062b800000)]
  0x000001c0b3721000 JavaThread "File watcher consumer" daemon [_thread_blocked, id=14688, stack(0x000000062b800000,0x000000062b900000)]
  0x000001c0b371d800 JavaThread "Cache worker for checksums cache (C:\Users\marcd\Documents\GitHub\FirePh\FirePH_BAMM-master\.gradle\7.3.3\checksums)" [_thread_blocked, id=11960, stack(0x000000062b900000,0x000000062ba00000)]
  0x000001c0b371f000 JavaThread "Cache worker for cache directory md-supplier (C:\Users\marcd\.gradle\caches\7.3.3\md-supplier)" [_thread_blocked, id=22896, stack(0x000000062ba00000,0x000000062bb00000)]
  0x000001c0b3720000 JavaThread "Cache worker for cache directory md-rule (C:\Users\marcd\.gradle\caches\7.3.3\md-rule)" [_thread_blocked, id=6684, stack(0x000000062bb00000,0x000000062bc00000)]
  0x000001c0b3953800 JavaThread "Cache worker for execution history cache (C:\Users\marcd\.gradle\caches\7.3.3\executionHistory)" [_thread_blocked, id=23500, stack(0x000000062bc00000,0x000000062bd00000)]
  0x000001c0b3955800 JavaThread "jar transforms" [_thread_blocked, id=21928, stack(0x000000062bd00000,0x000000062be00000)]
  0x000001c0b3954800 JavaThread "Cache worker for file content cache (C:\Users\marcd\.gradle\caches\7.3.3\fileContent)" [_thread_blocked, id=11512, stack(0x000000062be00000,0x000000062bf00000)]
  0x000001c0b3957000 JavaThread "jar transforms Thread 2" [_thread_blocked, id=10672, stack(0x000000062bf00000,0x000000062c000000)]
  0x000001c0b3959800 JavaThread "Cache worker for dependencies-accessors (C:\Users\marcd\Documents\GitHub\FirePh\FirePH_BAMM-master\.gradle\7.3.3\dependencies-accessors)" [_thread_blocked, id=3956, stack(0x000000062c000000,0x000000062c100000)]
  0x000001c0b395a800 JavaThread "jar transforms Thread 3" [_thread_blocked, id=4760, stack(0x000000062c100000,0x000000062c200000)]
  0x000001c0b395d800 JavaThread "Cache worker for Build Output Cleanup Cache (C:\Users\marcd\Documents\GitHub\FirePh\FirePH_BAMM-master\.gradle\buildOutputCleanup)" [_thread_blocked, id=22160, stack(0x000000062c200000,0x000000062c300000)]
  0x000001c0b395c000 JavaThread "Unconstrained build operations" [_thread_blocked, id=22748, stack(0x000000062c300000,0x000000062c400000)]
  0x000001c0b395b000 JavaThread "Unconstrained build operations Thread 2" [_thread_blocked, id=22796, stack(0x000000062c400000,0x000000062c500000)]
  0x000001c0b395c800 JavaThread "Unconstrained build operations Thread 3" [_thread_blocked, id=10544, stack(0x000000062c500000,0x000000062c600000)]
  0x000001c0b3958000 JavaThread "Unconstrained build operations Thread 4" [_thread_blocked, id=18072, stack(0x000000062c600000,0x000000062c700000)]
  0x000001c0b395e800 JavaThread "Unconstrained build operations Thread 5" [_thread_blocked, id=16824, stack(0x000000062c700000,0x000000062c800000)]
  0x000001c0b395f000 JavaThread "Unconstrained build operations Thread 6" [_thread_blocked, id=23504, stack(0x000000062c800000,0x000000062c900000)]
  0x000001c0b3960000 JavaThread "Unconstrained build operations Thread 7" [_thread_blocked, id=16212, stack(0x000000062c900000,0x000000062ca00000)]
  0x000001c0b3961000 JavaThread "Unconstrained build operations Thread 8" [_thread_blocked, id=23532, stack(0x000000062ca00000,0x000000062cb00000)]
  0x000001c0b113f000 JavaThread "Unconstrained build operations Thread 9" [_thread_blocked, id=8504, stack(0x000000062cb00000,0x000000062cc00000)]
  0x000001c0b113d800 JavaThread "Unconstrained build operations Thread 10" [_thread_blocked, id=20964, stack(0x000000062cc00000,0x000000062cd00000)]
  0x000001c0b113f800 JavaThread "Unconstrained build operations Thread 11" [_thread_blocked, id=23076, stack(0x000000062cd00000,0x000000062ce00000)]
  0x000001c0b1140800 JavaThread "Unconstrained build operations Thread 12" [_thread_blocked, id=22696, stack(0x000000062ce00000,0x000000062cf00000)]
  0x000001c0b1141800 JavaThread "Unconstrained build operations Thread 13" [_thread_blocked, id=14284, stack(0x000000062cf00000,0x000000062d000000)]
  0x000001c0b113b800 JavaThread "Unconstrained build operations Thread 14" [_thread_blocked, id=12520, stack(0x000000062d000000,0x000000062d100000)]
  0x000001c0b1142000 JavaThread "Unconstrained build operations Thread 15" [_thread_blocked, id=18284, stack(0x000000062d100000,0x000000062d200000)]
  0x000001c0b113c800 JavaThread "Unconstrained build operations Thread 16" [_thread_blocked, id=1484, stack(0x000000062d200000,0x000000062d300000)]
  0x000001c0b113e000 JavaThread "Unconstrained build operations Thread 17" [_thread_blocked, id=13304, stack(0x000000062d300000,0x000000062d400000)]
  0x000001c0b1143000 JavaThread "Unconstrained build operations Thread 18" [_thread_blocked, id=9676, stack(0x000000062d400000,0x000000062d500000)]
  0x000001c0b1148000 JavaThread "Unconstrained build operations Thread 19" [_thread_blocked, id=480, stack(0x000000062d500000,0x000000062d600000)]
  0x000001c0b1148800 JavaThread "Unconstrained build operations Thread 20" [_thread_blocked, id=14432, stack(0x000000062d600000,0x000000062d700000)]
  0x000001c0b1145800 JavaThread "Unconstrained build operations Thread 21" [_thread_blocked, id=2340, stack(0x000000062d700000,0x000000062d800000)]
  0x000001c0b1144800 JavaThread "Unconstrained build operations Thread 22" [_thread_blocked, id=2348, stack(0x000000062d800000,0x000000062d900000)]
  0x000001c0b1149800 JavaThread "Unconstrained build operations Thread 23" [_thread_blocked, id=18516, stack(0x000000062d900000,0x000000062da00000)]
  0x000001c0b1147000 JavaThread "Unconstrained build operations Thread 24" [_thread_blocked, id=22140, stack(0x000000062da00000,0x000000062db00000)]
  0x000001c0b1146800 JavaThread "Unconstrained build operations Thread 25" [_thread_blocked, id=3092, stack(0x000000062db00000,0x000000062dc00000)]
  0x000001c0b1144000 JavaThread "Unconstrained build operations Thread 26" [_thread_blocked, id=6640, stack(0x000000062dc00000,0x000000062dd00000)]
  0x000001c0b114a800 JavaThread "Unconstrained build operations Thread 27" [_thread_blocked, id=22592, stack(0x000000062dd00000,0x000000062de00000)]
  0x000001c0b0c5f000 JavaThread "Unconstrained build operations Thread 28" [_thread_blocked, id=13492, stack(0x000000062de00000,0x000000062df00000)]
  0x000001c0b0c5e000 JavaThread "Unconstrained build operations Thread 29" [_thread_blocked, id=1044, stack(0x000000062df00000,0x000000062e000000)]
  0x000001c0b0c60000 JavaThread "Unconstrained build operations Thread 30" [_thread_blocked, id=22300, stack(0x000000062e000000,0x000000062e100000)]
  0x000001c0b0c60800 JavaThread "Unconstrained build operations Thread 31" [_thread_blocked, id=18012, stack(0x000000062e100000,0x000000062e200000)]
  0x000001c0b0c5d800 JavaThread "Unconstrained build operations Thread 32" [_thread_blocked, id=3972, stack(0x000000062e200000,0x000000062e300000)]
  0x000001c0b0c61800 JavaThread "Unconstrained build operations Thread 33" [_thread_blocked, id=11872, stack(0x000000062e300000,0x000000062e400000)]
  0x000001c0b0c5b800 JavaThread "Unconstrained build operations Thread 34" [_thread_blocked, id=19884, stack(0x000000062e400000,0x000000062e500000)]
  0x000001c0b0c62000 JavaThread "Unconstrained build operations Thread 35" [_thread_blocked, id=13184, stack(0x000000062e500000,0x000000062e600000)]
  0x000001c0b0c5c800 JavaThread "Unconstrained build operations Thread 36" [_thread_blocked, id=19056, stack(0x000000062e600000,0x000000062e700000)]
  0x000001c0b0c66800 JavaThread "Unconstrained build operations Thread 37" [_thread_blocked, id=2668, stack(0x000000062e700000,0x000000062e800000)]
  0x000001c0b0c64800 JavaThread "Unconstrained build operations Thread 38" [_thread_blocked, id=4600, stack(0x000000062e800000,0x000000062e900000)]
  0x000001c0b0c63000 JavaThread "Unconstrained build operations Thread 39" [_thread_blocked, id=4820, stack(0x000000062e900000,0x000000062ea00000)]
  0x000001c0b0c69800 JavaThread "Unconstrained build operations Thread 40" [_thread_blocked, id=22876, stack(0x000000062ea00000,0x000000062eb00000)]
  0x000001c0b0c64000 JavaThread "Unconstrained build operations Thread 41" [_thread_blocked, id=20248, stack(0x000000062eb00000,0x000000062ec00000)]
  0x000001c0b0c65800 JavaThread "Unconstrained build operations Thread 42" [_thread_blocked, id=21324, stack(0x000000062ec00000,0x000000062ed00000)]
  0x000001c0b0c68000 JavaThread "Unconstrained build operations Thread 43" [_thread_blocked, id=10836, stack(0x000000062ed00000,0x000000062ee00000)]
  0x000001c0b0c67000 JavaThread "Unconstrained build operations Thread 44" [_thread_blocked, id=1708, stack(0x000000062ee00000,0x000000062ef00000)]
  0x000001c0b0c69000 JavaThread "Unconstrained build operations Thread 45" [_thread_blocked, id=22124, stack(0x000000062ef00000,0x000000062f000000)]
  0x000001c0b0c6a800 JavaThread "Unconstrained build operations Thread 46" [_thread_blocked, id=21916, stack(0x000000062f000000,0x000000062f100000)]
  0x000001c0b18cd800 JavaThread "Unconstrained build operations Thread 47" [_thread_blocked, id=17572, stack(0x000000062f100000,0x000000062f200000)]
  0x000001c0b18ca800 JavaThread "Unconstrained build operations Thread 48" [_thread_blocked, id=14620, stack(0x000000062f200000,0x000000062f300000)]
  0x000001c0b18c8000 JavaThread "Unconstrained build operations Thread 49" [_thread_blocked, id=5588, stack(0x000000062f300000,0x000000062f400000)]
  0x000001c0b18cd000 JavaThread "Unconstrained build operations Thread 50" [_thread_blocked, id=21528, stack(0x000000062f400000,0x000000062f500000)]
  0x000001c0b18cb000 JavaThread "Unconstrained build operations Thread 51" [_thread_blocked, id=18048, stack(0x000000062f500000,0x000000062f600000)]
  0x000001c0b18c8800 JavaThread "Unconstrained build operations Thread 52" [_thread_blocked, id=3104, stack(0x000000062f600000,0x000000062f700000)]
  0x000001c0b18c9800 JavaThread "Unconstrained build operations Thread 53" [_thread_blocked, id=22248, stack(0x000000062f700000,0x000000062f800000)]
  0x000001c0b18ce800 JavaThread "Unconstrained build operations Thread 54" [_thread_blocked, id=17644, stack(0x000000062f800000,0x000000062f900000)]
  0x000001c0b18d0000 JavaThread "Unconstrained build operations Thread 55" [_thread_blocked, id=14756, stack(0x000000062f900000,0x000000062fa00000)]
  0x000001c0b18cf800 JavaThread "Unconstrained build operations Thread 56" [_thread_blocked, id=2868, stack(0x000000062fa00000,0x000000062fb00000)]
  0x000001c0b18d1800 JavaThread "Unconstrained build operations Thread 57" [_thread_blocked, id=22704, stack(0x000000062fb00000,0x000000062fc00000)]
  0x000001c0b18d1000 JavaThread "Unconstrained build operations Thread 58" [_thread_blocked, id=22600, stack(0x000000062fc00000,0x000000062fd00000)]
  0x000001c0b18cc000 JavaThread "Unconstrained build operations Thread 59" [_thread_blocked, id=1636, stack(0x000000062fd00000,0x000000062fe00000)]
  0x000001c0b18d4000 JavaThread "Unconstrained build operations Thread 60" [_thread_blocked, id=11120, stack(0x000000062fe00000,0x000000062ff00000)]
  0x000001c0b18d5000 JavaThread "Unconstrained build operations Thread 61" [_thread_blocked, id=9192, stack(0x000000062ff00000,0x0000000630000000)]
  0x000001c0b18d6800 JavaThread "Unconstrained build operations Thread 62" [_thread_blocked, id=11728, stack(0x0000000630000000,0x0000000630100000)]
  0x000001c0b18d2800 JavaThread "Unconstrained build operations Thread 63" [_thread_blocked, id=10396, stack(0x0000000630100000,0x0000000630200000)]
  0x000001c0b18d3800 JavaThread "Unconstrained build operations Thread 64" [_thread_blocked, id=7140, stack(0x0000000630200000,0x0000000630300000)]
  0x000001c0b18d6000 JavaThread "Unconstrained build operations Thread 65" [_thread_blocked, id=7160, stack(0x0000000630300000,0x0000000630400000)]
  0x000001c0b10ed800 JavaThread "Unconstrained build operations Thread 66" [_thread_blocked, id=6792, stack(0x0000000630400000,0x0000000630500000)]
  0x000001c0b10ea000 JavaThread "Unconstrained build operations Thread 67" [_thread_blocked, id=1420, stack(0x0000000630500000,0x0000000630600000)]
  0x000001c0b10ec800 JavaThread "Unconstrained build operations Thread 68" [_thread_blocked, id=12492, stack(0x0000000630600000,0x0000000630700000)]
  0x000001c0b10f0000 JavaThread "Unconstrained build operations Thread 69" [_thread_blocked, id=19956, stack(0x0000000630700000,0x0000000630800000)]
  0x000001c0b10ec000 JavaThread "Unconstrained build operations Thread 70" [_thread_blocked, id=21008, stack(0x0000000630800000,0x0000000630900000)]
  0x000001c0b10f0800 JavaThread "Unconstrained build operations Thread 71" [_thread_blocked, id=23064, stack(0x0000000630900000,0x0000000630a00000)]
  0x000001c0b10eb000 JavaThread "Unconstrained build operations Thread 72" [_thread_blocked, id=22848, stack(0x0000000630a00000,0x0000000630b00000)]
  0x000001c0b10f1800 JavaThread "Unconstrained build operations Thread 73" [_thread_blocked, id=7664, stack(0x0000000630b00000,0x0000000630c00000)]
  0x000001c0b10f4000 JavaThread "Unconstrained build operations Thread 74" [_thread_blocked, id=23464, stack(0x0000000630c00000,0x0000000630d00000)]
  0x000001c0b10ee000 JavaThread "Unconstrained build operations Thread 75" [_thread_blocked, id=22344, stack(0x0000000630d00000,0x0000000630e00000)]
  0x000001c0b10ef000 JavaThread "Unconstrained build operations Thread 76" [_thread_blocked, id=10676, stack(0x0000000630e00000,0x0000000630f00000)]
  0x000001c0b10f6800 JavaThread "Unconstrained build operations Thread 77" [_thread_blocked, id=22104, stack(0x0000000630f00000,0x0000000631000000)]
  0x000001c0b10f5000 JavaThread "Unconstrained build operations Thread 78" [_thread_blocked, id=8416, stack(0x0000000631000000,0x0000000631100000)]
  0x000001c0b10f2800 JavaThread "Unconstrained build operations Thread 79" [_thread_blocked, id=23396, stack(0x0000000631100000,0x0000000631200000)]
  0x000001c0b10f7000 JavaThread "Unconstrained build operations Thread 80" [_thread_blocked, id=20796, stack(0x0000000631200000,0x0000000631300000)]
  0x000001c0b10f5800 JavaThread "jar transforms Thread 4" [_thread_blocked, id=6808, stack(0x0000000631300000,0x0000000631400000)]
  0x000001c0b10f9000 JavaThread "jar transforms Thread 5" [_thread_blocked, id=4700, stack(0x0000000631400000,0x0000000631500000)]
  0x000001c0b10f8000 JavaThread "jar transforms Thread 6" [_thread_blocked, id=21392, stack(0x0000000631500000,0x0000000631600000)]
  0x000001c0b10f3000 JavaThread "jar transforms Thread 7" [_thread_blocked, id=5052, stack(0x0000000631600000,0x0000000631700000)]
  0x000001c0b105e800 JavaThread "jar transforms Thread 8" [_thread_blocked, id=7716, stack(0x0000000631700000,0x0000000631800000)]
  0x000001c0b105f800 JavaThread "Memory manager" [_thread_blocked, id=11448, stack(0x0000000631800000,0x0000000631900000)]
  0x000001c0b105d000 JavaThread "build event listener" [_thread_blocked, id=21684, stack(0x0000000631900000,0x0000000631a00000)]
  0x000001c0b105b800 JavaThread "build event listener" [_thread_blocked, id=22364, stack(0x0000000631a00000,0x0000000631b00000)]
  0x000001c0b1060000 JavaThread "Execution worker for ':'" [_thread_blocked, id=16132, stack(0x0000000631b00000,0x0000000631c00000)]
  0x000001c0b105c000 JavaThread "Execution worker for ':' Thread 2" [_thread_blocked, id=304, stack(0x0000000631c00000,0x0000000631d00000)]
  0x000001c0b105a800 JavaThread "Execution worker for ':' Thread 3" [_thread_blocked, id=2256, stack(0x0000000631d00000,0x0000000631e00000)]
  0x000001c0b1063800 JavaThread "Execution worker for ':' Thread 4" [_thread_blocked, id=22112, stack(0x0000000631e00000,0x0000000631f00000)]
  0x000001c0b105d800 JavaThread "Execution worker for ':' Thread 5" [_thread_blocked, id=10100, stack(0x0000000631f00000,0x0000000632000000)]
  0x000001c0b1066800 JavaThread "Execution worker for ':' Thread 6" [_thread_blocked, id=19112, stack(0x0000000632000000,0x0000000632100000)]
  0x000001c0b1066000 JavaThread "Execution worker for ':' Thread 7" [_thread_blocked, id=7500, stack(0x0000000632100000,0x0000000632200000)]
  0x000001c0b1061000 JavaThread "Cache worker for execution history cache (C:\Users\marcd\Documents\GitHub\FirePh\FirePH_BAMM-master\.gradle\7.3.3\executionHistory)" [_thread_blocked, id=15352, stack(0x0000000632200000,0x0000000632300000)]
  0x000001c0b1064800 JavaThread "WorkerExecutor Queue" [_thread_blocked, id=4392, stack(0x0000000632300000,0x0000000632400000)]
  0x000001c0b1065000 JavaThread "WorkerExecutor Queue Thread 2" [_thread_blocked, id=9856, stack(0x0000000632400000,0x0000000632500000)]
  0x000001c0b1067800 JavaThread "WorkerExecutor Queue Thread 3" [_thread_blocked, id=7628, stack(0x0000000632500000,0x0000000632600000)]
  0x000001c0b1062000 JavaThread "WorkerExecutor Queue Thread 4" [_thread_blocked, id=23520, stack(0x0000000632600000,0x0000000632700000)]
  0x000001c0b1068800 JavaThread "pool-3-thread-1" [_thread_blocked, id=19964, stack(0x0000000632700000,0x0000000632800000)]
  0x000001c0b1062800 JavaThread "stderr" [_thread_in_native, id=13516, stack(0x0000000632800000,0x0000000632900000)]
  0x000001c0b1069000 JavaThread "stdout" [_thread_in_native, id=22776, stack(0x0000000632900000,0x0000000632a00000)]
  0x000001c0baca9800 JavaThread "ForkJoinPool-1-worker-3" daemon [_thread_blocked, id=14980, stack(0x0000000632d00000,0x0000000632e00000)]
  0x000001c0bacad800 JavaThread "ForkJoinPool-1-worker-5" daemon [_thread_blocked, id=19136, stack(0x0000000632e00000,0x0000000632f00000)]
  0x000001c0bacae800 JavaThread "ForkJoinPool-1-worker-7" daemon [_thread_blocked, id=22548, stack(0x0000000632f00000,0x0000000633000000)]
  0x000001c0bacaf800 JavaThread "ForkJoinPool-1-worker-9" daemon [_thread_blocked, id=908, stack(0x0000000633000000,0x0000000633100000)]
  0x000001c0bacb0000 JavaThread "ForkJoinPool-1-worker-11" daemon [_thread_blocked, id=14832, stack(0x0000000633100000,0x0000000633200000)]
  0x000001c0bacaa800 JavaThread "ForkJoinPool-1-worker-13" daemon [_thread_blocked, id=14140, stack(0x0000000633200000,0x0000000633300000)]
  0x000001c0bacb1000 JavaThread "ForkJoinPool-1-worker-15" daemon [_thread_blocked, id=23176, stack(0x0000000633300000,0x0000000633400000)]
  0x000001c0bacab800 JavaThread "ForkJoinPool-1-worker-1" daemon [_thread_blocked, id=5320, stack(0x0000000633400000,0x0000000633500000)]

Other Threads:
=>0x000001c0af505000 VMThread "VM Thread" [stack: 0x0000000629500000,0x0000000629600000] [id=21520]
  0x000001c0b0046800 WatcherThread [stack: 0x0000000629f00000,0x000000062a000000] [id=7600]
  0x000001c095087800 GCTaskThread "GC Thread#0" [stack: 0x0000000629000000,0x0000000629100000] [id=920]
  0x000001c0b114b800 GCTaskThread "GC Thread#1" [stack: 0x000000062a100000,0x000000062a200000] [id=21808]
  0x000001c0b08e0800 GCTaskThread "GC Thread#2" [stack: 0x000000062a200000,0x000000062a300000] [id=20520]
  0x000001c0b15a2800 GCTaskThread "GC Thread#3" [stack: 0x000000062ad00000,0x000000062ae00000] [id=18616]
  0x000001c0b4322800 GCTaskThread "GC Thread#4" [stack: 0x000000062ae00000,0x000000062af00000] [id=16108]
  0x000001c0b19e2000 GCTaskThread "GC Thread#5" [stack: 0x000000062af00000,0x000000062b000000] [id=23128]
  0x000001c0b2039000 GCTaskThread "GC Thread#6" [stack: 0x000000062b000000,0x000000062b100000] [id=5260]
  0x000001c0b142f000 GCTaskThread "GC Thread#7" [stack: 0x000000062b100000,0x000000062b200000] [id=16368]
  0x000001c0950b9800 ConcurrentGCThread "G1 Main Marker" [stack: 0x0000000629100000,0x0000000629200000] [id=9696]
  0x000001c0950bb800 ConcurrentGCThread "G1 Conc#0" [stack: 0x0000000629200000,0x0000000629300000] [id=20764]
  0x000001c0b1c2e000 ConcurrentGCThread "G1 Conc#1" [stack: 0x000000062b500000,0x000000062b600000] [id=13208]
  0x000001c0af350800 ConcurrentGCThread "G1 Refine#0" [stack: 0x0000000629300000,0x0000000629400000] [id=2284]
  0x000001c0b879b000 ConcurrentGCThread "G1 Refine#1" [stack: 0x0000000632a00000,0x0000000632b00000] [id=9400]
  0x000001c0b8794800 ConcurrentGCThread "G1 Refine#2" [stack: 0x0000000632b00000,0x0000000632c00000] [id=14716]
  0x000001c0b8795800 ConcurrentGCThread "G1 Refine#3" [stack: 0x0000000632c00000,0x0000000632d00000] [id=18024]
  0x000001c0b879a000 ConcurrentGCThread "G1 Refine#4" [stack: 0x0000000633500000,0x0000000633600000] [id=20696]
  0x000001c0af351800 ConcurrentGCThread "G1 Young RemSet Sampling" [stack: 0x0000000629400000,0x0000000629500000] [id=13072]

Threads with active compile tasks:
C2 CompilerThread0  14392 11737       4       com.android.tools.r8.code.M0::hashCode (31 bytes)
C1 CompilerThread0  14392 11822       2       com.android.tools.r8.graph.W::hashCode (11 bytes)
C2 CompilerThread1  14392 11565       4       com.android.tools.r8.code.y1::a (4129 bytes)

VM state:at safepoint (normal execution)

VM Mutex/Monitor currently owned by a thread:  ([mutex/lock_event])
[0x000001c0950674f0] Threads_lock - owner thread: 0x000001c0af505000
[0x000001c095067190] Heap_lock - owner thread: 0x000001c0bacab800

Heap address: 0x0000000080000000, size: 2048 MB, Compressed Oops mode: 32-bit
Narrow klass base: 0x0000000000000000, Narrow klass shift: 3
Compressed class space size: 1073741824 Address: 0x0000000100000000

Heap:
 garbage-first heap   total 528384K, used 224781K [0x0000000080000000, 0x0000000100000000)
  region size 1024K, 3 young (3072K), 3 survivors (3072K)
 Metaspace       used 97461K, capacity 99946K, committed 100124K, reserved 1136640K
  class space    used 12678K, capacity 13622K, committed 13720K, reserved 1048576K
Heap Regions: E=young(eden), S=young(survivor), O=old, HS=humongous(starts), HC=humongous(continues), CS=collection set, F=free, A=archive, TAMS=top-at-mark-start (previous, next)
|   0|0x0000000080000000, 0x0000000080100000, 0x0000000080100000|100%| O|  |TAMS 0x0000000080100000, 0x0000000080000000| Untracked 
|   1|0x0000000080100000, 0x0000000080200000, 0x0000000080200000|100%| O|  |TAMS 0x0000000080200000, 0x0000000080100000| Untracked 
|   2|0x0000000080200000, 0x0000000080300000, 0x0000000080300000|100%| O|  |TAMS 0x0000000080300000, 0x0000000080200000| Untracked 
|   3|0x0000000080300000, 0x0000000080400000, 0x0000000080400000|100%|HS|  |TAMS 0x0000000080400000, 0x0000000080300000| Complete 
|   4|0x0000000080400000, 0x0000000080500000, 0x0000000080500000|100%|HC|  |TAMS 0x0000000080500000, 0x0000000080400000| Complete 
|   5|0x0000000080500000, 0x0000000080600000, 0x0000000080600000|100%|HC|  |TAMS 0x0000000080600000, 0x0000000080500000| Complete 
|   6|0x0000000080600000, 0x0000000080700000, 0x0000000080700000|100%| O|  |TAMS 0x0000000080700000, 0x0000000080600000| Untracked 
|   7|0x0000000080700000, 0x0000000080800000, 0x0000000080800000|100%| O|  |TAMS 0x0000000080800000, 0x0000000080700000| Untracked 
|   8|0x0000000080800000, 0x0000000080900000, 0x0000000080900000|100%| O|  |TAMS 0x0000000080900000, 0x0000000080800000| Untracked 
|   9|0x0000000080900000, 0x0000000080a00000, 0x0000000080a00000|100%| O|  |TAMS 0x0000000080a00000, 0x0000000080900000| Untracked 
|  10|0x0000000080a00000, 0x0000000080b00000, 0x0000000080b00000|100%| O|  |TAMS 0x0000000080b00000, 0x0000000080a00000| Untracked 
|  11|0x0000000080b00000, 0x0000000080c00000, 0x0000000080c00000|100%| O|  |TAMS 0x0000000080c00000, 0x0000000080b00000| Untracked 
|  12|0x0000000080c00000, 0x0000000080d00000, 0x0000000080d00000|100%| O|  |TAMS 0x0000000080d00000, 0x0000000080c00000| Untracked 
|  13|0x0000000080d00000, 0x0000000080e00000, 0x0000000080e00000|100%| O|  |TAMS 0x0000000080e00000, 0x0000000080d00000| Untracked 
|  14|0x0000000080e00000, 0x0000000080f00000, 0x0000000080f00000|100%| O|  |TAMS 0x0000000080f00000, 0x0000000080e00000| Untracked 
|  15|0x0000000080f00000, 0x0000000081000000, 0x0000000081000000|100%| O|  |TAMS 0x0000000081000000, 0x0000000080f00000| Untracked 
|  16|0x0000000081000000, 0x0000000081100000, 0x0000000081100000|100%| O|  |TAMS 0x0000000081100000, 0x0000000081000000| Untracked 
|  17|0x0000000081100000, 0x0000000081200000, 0x0000000081200000|100%|HS|  |TAMS 0x0000000081200000, 0x0000000081100000| Complete 
|  18|0x0000000081200000, 0x0000000081300000, 0x0000000081300000|100%| O|  |TAMS 0x0000000081300000, 0x0000000081200000| Untracked 
|  19|0x0000000081300000, 0x0000000081400000, 0x0000000081400000|100%| O|  |TAMS 0x0000000081400000, 0x0000000081300000| Untracked 
|  20|0x0000000081400000, 0x0000000081500000, 0x0000000081500000|100%| O|  |TAMS 0x0000000081500000, 0x0000000081400000| Untracked 
|  21|0x0000000081500000, 0x0000000081600000, 0x0000000081600000|100%| O|  |TAMS 0x0000000081600000, 0x0000000081500000| Untracked 
|  22|0x0000000081600000, 0x0000000081700000, 0x0000000081700000|100%| O|  |TAMS 0x0000000081700000, 0x0000000081600000| Untracked 
|  23|0x0000000081700000, 0x0000000081800000, 0x0000000081800000|100%| O|  |TAMS 0x0000000081800000, 0x0000000081700000| Untracked 
|  24|0x0000000081800000, 0x0000000081900000, 0x0000000081900000|100%| O|  |TAMS 0x0000000081900000, 0x0000000081800000| Untracked 
|  25|0x0000000081900000, 0x0000000081a00000, 0x0000000081a00000|100%| O|  |TAMS 0x0000000081a00000, 0x0000000081900000| Untracked 
|  26|0x0000000081a00000, 0x0000000081b00000, 0x0000000081b00000|100%| O|  |TAMS 0x0000000081b00000, 0x0000000081a00000| Untracked 
|  27|0x0000000081b00000, 0x0000000081c00000, 0x0000000081c00000|100%| O|  |TAMS 0x0000000081c00000, 0x0000000081b00000| Untracked 
|  28|0x0000000081c00000, 0x0000000081d00000, 0x0000000081d00000|100%| O|  |TAMS 0x0000000081d00000, 0x0000000081c00000| Untracked 
|  29|0x0000000081d00000, 0x0000000081e00000, 0x0000000081e00000|100%|HS|  |TAMS 0x0000000081e00000, 0x0000000081d00000| Complete 
|  30|0x0000000081e00000, 0x0000000081f00000, 0x0000000081f00000|100%|HS|  |TAMS 0x0000000081f00000, 0x0000000081e00000| Complete 
|  31|0x0000000081f00000, 0x0000000082000000, 0x0000000082000000|100%|HS|  |TAMS 0x0000000082000000, 0x0000000081f00000| Complete 
|  32|0x0000000082000000, 0x0000000082100000, 0x0000000082100000|100%|HC|  |TAMS 0x0000000082100000, 0x0000000082000000| Complete 
|  33|0x0000000082100000, 0x0000000082200000, 0x0000000082200000|100%|HC|  |TAMS 0x0000000082200000, 0x0000000082100000| Complete 
|  34|0x0000000082200000, 0x0000000082300000, 0x0000000082300000|100%|HS|  |TAMS 0x0000000082300000, 0x0000000082200000| Complete 
|  35|0x0000000082300000, 0x0000000082400000, 0x0000000082400000|100%|HC|  |TAMS 0x0000000082400000, 0x0000000082300000| Complete 
|  36|0x0000000082400000, 0x0000000082500000, 0x0000000082500000|100%| O|  |TAMS 0x0000000082500000, 0x0000000082400000| Untracked 
|  37|0x0000000082500000, 0x0000000082600000, 0x0000000082600000|100%| O|  |TAMS 0x0000000082600000, 0x0000000082500000| Untracked 
|  38|0x0000000082600000, 0x0000000082700000, 0x0000000082700000|100%| O|  |TAMS 0x0000000082700000, 0x0000000082600000| Untracked 
|  39|0x0000000082700000, 0x0000000082800000, 0x0000000082800000|100%| O|  |TAMS 0x0000000082800000, 0x0000000082700000| Untracked 
|  40|0x0000000082800000, 0x0000000082900000, 0x0000000082900000|100%| O|  |TAMS 0x0000000082900000, 0x0000000082800000| Untracked 
|  41|0x0000000082900000, 0x0000000082a00000, 0x0000000082a00000|100%| O|  |TAMS 0x0000000082a00000, 0x0000000082900000| Untracked 
|  42|0x0000000082a00000, 0x0000000082b00000, 0x0000000082b00000|100%| O|  |TAMS 0x0000000082b00000, 0x0000000082a00000| Untracked 
|  43|0x0000000082b00000, 0x0000000082c00000, 0x0000000082c00000|100%| O|  |TAMS 0x0000000082c00000, 0x0000000082b00000| Untracked 
|  44|0x0000000082c00000, 0x0000000082d00000, 0x0000000082d00000|100%| O|  |TAMS 0x0000000082d00000, 0x0000000082c00000| Untracked 
|  45|0x0000000082d00000, 0x0000000082e00000, 0x0000000082e00000|100%| O|  |TAMS 0x0000000082e00000, 0x0000000082d00000| Untracked 
|  46|0x0000000082e00000, 0x0000000082f00000, 0x0000000082f00000|100%| O|  |TAMS 0x0000000082f00000, 0x0000000082e00000| Untracked 
|  47|0x0000000082f00000, 0x0000000083000000, 0x0000000083000000|100%| O|  |TAMS 0x0000000083000000, 0x0000000082f00000| Untracked 
|  48|0x0000000083000000, 0x0000000083100000, 0x0000000083100000|100%| O|  |TAMS 0x0000000083100000, 0x0000000083000000| Untracked 
|  49|0x0000000083100000, 0x0000000083200000, 0x0000000083200000|100%| O|  |TAMS 0x0000000083200000, 0x0000000083100000| Untracked 
|  50|0x0000000083200000, 0x0000000083300000, 0x0000000083300000|100%| O|  |TAMS 0x0000000083300000, 0x0000000083200000| Untracked 
|  51|0x0000000083300000, 0x0000000083400000, 0x0000000083400000|100%| O|  |TAMS 0x0000000083400000, 0x0000000083300000| Untracked 
|  52|0x0000000083400000, 0x0000000083500000, 0x0000000083500000|100%| O|  |TAMS 0x0000000083500000, 0x0000000083400000| Untracked 
|  53|0x0000000083500000, 0x0000000083600000, 0x0000000083600000|100%| O|  |TAMS 0x0000000083600000, 0x0000000083500000| Untracked 
|  54|0x0000000083600000, 0x0000000083700000, 0x0000000083700000|100%| O|  |TAMS 0x0000000083700000, 0x0000000083600000| Untracked 
|  55|0x0000000083700000, 0x0000000083800000, 0x0000000083800000|100%| O|  |TAMS 0x0000000083800000, 0x0000000083700000| Untracked 
|  56|0x0000000083800000, 0x0000000083900000, 0x0000000083900000|100%| O|  |TAMS 0x0000000083900000, 0x0000000083800000| Untracked 
|  57|0x0000000083900000, 0x0000000083a00000, 0x0000000083a00000|100%| O|  |TAMS 0x0000000083a00000, 0x0000000083900000| Untracked 
|  58|0x0000000083a00000, 0x0000000083b00000, 0x0000000083b00000|100%| O|  |TAMS 0x0000000083b00000, 0x0000000083a00000| Untracked 
|  59|0x0000000083b00000, 0x0000000083c00000, 0x0000000083c00000|100%| O|  |TAMS 0x0000000083c00000, 0x0000000083b00000| Untracked 
|  60|0x0000000083c00000, 0x0000000083d00000, 0x0000000083d00000|100%| O|  |TAMS 0x0000000083d00000, 0x0000000083c00000| Untracked 
|  61|0x0000000083d00000, 0x0000000083e00000, 0x0000000083e00000|100%| O|  |TAMS 0x0000000083e00000, 0x0000000083d00000| Untracked 
|  62|0x0000000083e00000, 0x0000000083f00000, 0x0000000083f00000|100%| O|  |TAMS 0x0000000083f00000, 0x0000000083e00000| Untracked 
|  63|0x0000000083f00000, 0x0000000084000000, 0x0000000084000000|100%| O|  |TAMS 0x0000000084000000, 0x0000000083f00000| Untracked 
|  64|0x0000000084000000, 0x0000000084100000, 0x0000000084100000|100%| O|  |TAMS 0x0000000084100000, 0x0000000084000000| Untracked 
|  65|0x0000000084100000, 0x0000000084200000, 0x0000000084200000|100%| O|  |TAMS 0x0000000084200000, 0x0000000084100000| Untracked 
|  66|0x0000000084200000, 0x0000000084300000, 0x0000000084300000|100%| O|  |TAMS 0x0000000084300000, 0x0000000084200000| Untracked 
|  67|0x0000000084300000, 0x0000000084400000, 0x0000000084400000|100%| O|  |TAMS 0x0000000084400000, 0x0000000084300000| Untracked 
|  68|0x0000000084400000, 0x0000000084500000, 0x0000000084500000|100%| O|  |TAMS 0x0000000084500000, 0x0000000084400000| Untracked 
|  69|0x0000000084500000, 0x0000000084600000, 0x0000000084600000|100%| O|  |TAMS 0x0000000084600000, 0x0000000084500000| Untracked 
|  70|0x0000000084600000, 0x0000000084700000, 0x0000000084700000|100%| O|  |TAMS 0x0000000084700000, 0x0000000084600000| Untracked 
|  71|0x0000000084700000, 0x0000000084800000, 0x0000000084800000|100%| O|  |TAMS 0x0000000084800000, 0x0000000084700000| Untracked 
|  72|0x0000000084800000, 0x0000000084900000, 0x0000000084900000|100%| O|  |TAMS 0x0000000084900000, 0x0000000084800000| Untracked 
|  73|0x0000000084900000, 0x0000000084a00000, 0x0000000084a00000|100%| O|  |TAMS 0x0000000084a00000, 0x0000000084900000| Untracked 
|  74|0x0000000084a00000, 0x0000000084b00000, 0x0000000084b00000|100%| O|  |TAMS 0x0000000084b00000, 0x0000000084a00000| Untracked 
|  75|0x0000000084b00000, 0x0000000084c00000, 0x0000000084c00000|100%| O|  |TAMS 0x0000000084c00000, 0x0000000084b00000| Untracked 
|  76|0x0000000084c00000, 0x0000000084d00000, 0x0000000084d00000|100%| O|  |TAMS 0x0000000084d00000, 0x0000000084c00000| Untracked 
|  77|0x0000000084d00000, 0x0000000084e00000, 0x0000000084e00000|100%| O|  |TAMS 0x0000000084e00000, 0x0000000084d00000| Untracked 
|  78|0x0000000084e00000, 0x0000000084f00000, 0x0000000084f00000|100%| O|  |TAMS 0x0000000084f00000, 0x0000000084e00000| Untracked 
|  79|0x0000000084f00000, 0x0000000085000000, 0x0000000085000000|100%| O|  |TAMS 0x0000000085000000, 0x0000000084f00000| Untracked 
|  80|0x0000000085000000, 0x0000000085100000, 0x0000000085100000|100%| O|  |TAMS 0x0000000085100000, 0x0000000085000000| Untracked 
|  81|0x0000000085100000, 0x0000000085200000, 0x0000000085200000|100%| O|  |TAMS 0x0000000085200000, 0x0000000085100000| Untracked 
|  82|0x0000000085200000, 0x0000000085300000, 0x0000000085300000|100%| O|  |TAMS 0x0000000085300000, 0x0000000085200000| Untracked 
|  83|0x0000000085300000, 0x0000000085400000, 0x0000000085400000|100%| O|  |TAMS 0x0000000085400000, 0x0000000085300000| Untracked 
|  84|0x0000000085400000, 0x0000000085500000, 0x0000000085500000|100%| O|  |TAMS 0x0000000085500000, 0x0000000085400000| Untracked 
|  85|0x0000000085500000, 0x0000000085600000, 0x0000000085600000|100%| O|  |TAMS 0x0000000085600000, 0x0000000085500000| Untracked 
|  86|0x0000000085600000, 0x0000000085700000, 0x0000000085700000|100%|HS|  |TAMS 0x0000000085700000, 0x0000000085600000| Complete 
|  87|0x0000000085700000, 0x0000000085800000, 0x0000000085800000|100%|HC|  |TAMS 0x0000000085800000, 0x0000000085700000| Complete 
|  88|0x0000000085800000, 0x0000000085900000, 0x0000000085900000|100%|HS|  |TAMS 0x0000000085900000, 0x0000000085800000| Complete 
|  89|0x0000000085900000, 0x0000000085a00000, 0x0000000085a00000|100%|HS|  |TAMS 0x0000000085a00000, 0x0000000085900000| Complete 
|  90|0x0000000085a00000, 0x0000000085b00000, 0x0000000085b00000|100%|HC|  |TAMS 0x0000000085b00000, 0x0000000085a00000| Complete 
|  91|0x0000000085b00000, 0x0000000085c00000, 0x0000000085c00000|100%|HC|  |TAMS 0x0000000085c00000, 0x0000000085b00000| Complete 
|  92|0x0000000085c00000, 0x0000000085d00000, 0x0000000085d00000|100%|HC|  |TAMS 0x0000000085d00000, 0x0000000085c00000| Complete 
|  93|0x0000000085d00000, 0x0000000085e00000, 0x0000000085e00000|100%|HC|  |TAMS 0x0000000085e00000, 0x0000000085d00000| Complete 
|  94|0x0000000085e00000, 0x0000000085f00000, 0x0000000085f00000|100%|HC|  |TAMS 0x0000000085f00000, 0x0000000085e00000| Complete 
|  95|0x0000000085f00000, 0x0000000086000000, 0x0000000086000000|100%|HS|  |TAMS 0x0000000086000000, 0x0000000085f00000| Complete 
|  96|0x0000000086000000, 0x0000000086100000, 0x0000000086100000|100%|HC|  |TAMS 0x0000000086100000, 0x0000000086000000| Complete 
|  97|0x0000000086100000, 0x0000000086200000, 0x0000000086200000|100%|HC|  |TAMS 0x0000000086200000, 0x0000000086100000| Complete 
|  98|0x0000000086200000, 0x0000000086300000, 0x0000000086300000|100%|HS|  |TAMS 0x0000000086300000, 0x0000000086200000| Complete 
|  99|0x0000000086300000, 0x0000000086400000, 0x0000000086400000|100%|HS|  |TAMS 0x0000000086400000, 0x0000000086300000| Complete 
| 100|0x0000000086400000, 0x0000000086500000, 0x0000000086500000|100%|HS|  |TAMS 0x0000000086500000, 0x0000000086400000| Complete 
| 101|0x0000000086500000, 0x0000000086600000, 0x0000000086600000|100%|HS|  |TAMS 0x0000000086600000, 0x0000000086500000| Complete 
| 102|0x0000000086600000, 0x0000000086700000, 0x0000000086700000|100%|HS|  |TAMS 0x0000000086700000, 0x0000000086600000| Complete 
| 103|0x0000000086700000, 0x0000000086800000, 0x0000000086800000|100%|HC|  |TAMS 0x0000000086800000, 0x0000000086700000| Complete 
| 104|0x0000000086800000, 0x0000000086900000, 0x0000000086900000|100%|HS|  |TAMS 0x0000000086900000, 0x0000000086800000| Complete 
| 105|0x0000000086900000, 0x0000000086a00000, 0x0000000086a00000|100%|HC|  |TAMS 0x0000000086a00000, 0x0000000086900000| Complete 
| 106|0x0000000086a00000, 0x0000000086b00000, 0x0000000086b00000|100%|HC|  |TAMS 0x0000000086b00000, 0x0000000086a00000| Complete 
| 107|0x0000000086b00000, 0x0000000086c00000, 0x0000000086c00000|100%|HS|  |TAMS 0x0000000086c00000, 0x0000000086b00000| Complete 
| 108|0x0000000086c00000, 0x0000000086d00000, 0x0000000086d00000|100%|HC|  |TAMS 0x0000000086d00000, 0x0000000086c00000| Complete 
| 109|0x0000000086d00000, 0x0000000086e00000, 0x0000000086e00000|100%| O|  |TAMS 0x0000000086e00000, 0x0000000086d00000| Untracked 
| 110|0x0000000086e00000, 0x0000000086f00000, 0x0000000086f00000|100%| O|  |TAMS 0x0000000086f00000, 0x0000000086e00000| Untracked 
| 111|0x0000000086f00000, 0x0000000087000000, 0x0000000087000000|100%| O|  |TAMS 0x0000000087000000, 0x0000000086f00000| Untracked 
| 112|0x0000000087000000, 0x0000000087100000, 0x0000000087100000|100%|HS|  |TAMS 0x0000000087100000, 0x0000000087000000| Complete 
| 113|0x0000000087100000, 0x0000000087200000, 0x0000000087200000|100%|HC|  |TAMS 0x0000000087200000, 0x0000000087100000| Complete 
| 114|0x0000000087200000, 0x0000000087300000, 0x0000000087300000|100%|HC|  |TAMS 0x0000000087300000, 0x0000000087200000| Complete 
| 115|0x0000000087300000, 0x0000000087400000, 0x0000000087400000|100%| O|  |TAMS 0x0000000087400000, 0x0000000087300000| Untracked 
| 116|0x0000000087400000, 0x0000000087500000, 0x0000000087500000|100%| O|  |TAMS 0x0000000087500000, 0x0000000087400000| Untracked 
| 117|0x0000000087500000, 0x0000000087600000, 0x0000000087600000|100%| O|  |TAMS 0x0000000087600000, 0x0000000087500000| Untracked 
| 118|0x0000000087600000, 0x0000000087700000, 0x0000000087700000|100%| O|  |TAMS 0x0000000087700000, 0x0000000087600000| Untracked 
| 119|0x0000000087700000, 0x0000000087800000, 0x0000000087800000|100%| O|  |TAMS 0x0000000087800000, 0x0000000087700000| Untracked 
| 120|0x0000000087800000, 0x0000000087900000, 0x0000000087900000|100%| O|  |TAMS 0x0000000087900000, 0x0000000087800000| Untracked 
| 121|0x0000000087900000, 0x0000000087a00000, 0x0000000087a00000|100%| O|  |TAMS 0x0000000087a00000, 0x0000000087900000| Untracked 
| 122|0x0000000087a00000, 0x0000000087b00000, 0x0000000087b00000|100%| O|  |TAMS 0x0000000087b00000, 0x0000000087a00000| Untracked 
| 123|0x0000000087b00000, 0x0000000087c00000, 0x0000000087c00000|100%| O|  |TAMS 0x0000000087c00000, 0x0000000087b00000| Untracked 
| 124|0x0000000087c00000, 0x0000000087d00000, 0x0000000087d00000|100%| O|  |TAMS 0x0000000087d00000, 0x0000000087c00000| Untracked 
| 125|0x0000000087d00000, 0x0000000087e00000, 0x0000000087e00000|100%| O|  |TAMS 0x0000000087e00000, 0x0000000087d00000| Untracked 
| 126|0x0000000087e00000, 0x0000000087f00000, 0x0000000087f00000|100%| O|  |TAMS 0x0000000087f00000, 0x0000000087e00000| Untracked 
| 127|0x0000000087f00000, 0x0000000088000000, 0x0000000088000000|100%|HS|  |TAMS 0x0000000088000000, 0x0000000087f00000| Complete 
| 128|0x0000000088000000, 0x0000000088100000, 0x0000000088100000|100%|HC|  |TAMS 0x0000000088100000, 0x0000000088000000| Complete 
| 129|0x0000000088100000, 0x0000000088200000, 0x0000000088200000|100%| O|  |TAMS 0x0000000088200000, 0x0000000088100000| Untracked 
| 130|0x0000000088200000, 0x0000000088300000, 0x0000000088300000|100%|HS|  |TAMS 0x0000000088300000, 0x0000000088200000| Complete 
| 131|0x0000000088300000, 0x0000000088400000, 0x0000000088400000|100%| O|  |TAMS 0x0000000088400000, 0x0000000088300000| Untracked 
| 132|0x0000000088400000, 0x0000000088500000, 0x0000000088500000|100%| O|  |TAMS 0x0000000088500000, 0x0000000088400000| Untracked 
| 133|0x0000000088500000, 0x0000000088600000, 0x0000000088600000|100%| O|  |TAMS 0x0000000088600000, 0x0000000088500000| Untracked 
| 134|0x0000000088600000, 0x0000000088700000, 0x0000000088700000|100%| O|  |TAMS 0x0000000088700000, 0x0000000088600000| Untracked 
| 135|0x0000000088700000, 0x0000000088800000, 0x0000000088800000|100%| O|  |TAMS 0x0000000088800000, 0x0000000088700000| Untracked 
| 136|0x0000000088800000, 0x0000000088900000, 0x0000000088900000|100%| O|  |TAMS 0x0000000088800000, 0x0000000088800000| Untracked 
| 137|0x0000000088900000, 0x0000000088a00000, 0x0000000088a00000|100%|HS|  |TAMS 0x0000000088a00000, 0x0000000088900000| Complete 
| 138|0x0000000088a00000, 0x0000000088b00000, 0x0000000088b00000|100%|HC|  |TAMS 0x0000000088b00000, 0x0000000088a00000| Complete 
| 139|0x0000000088b00000, 0x0000000088c00000, 0x0000000088c00000|100%|HS|  |TAMS 0x0000000088c00000, 0x0000000088b00000| Complete 
| 140|0x0000000088c00000, 0x0000000088d00000, 0x0000000088d00000|100%| O|  |TAMS 0x0000000088d00000, 0x0000000088c00000| Untracked 
| 141|0x0000000088d00000, 0x0000000088e00000, 0x0000000088e00000|100%| O|  |TAMS 0x0000000088e00000, 0x0000000088d00000| Untracked 
| 142|0x0000000088e00000, 0x0000000088f00000, 0x0000000088f00000|100%|HS|  |TAMS 0x0000000088f00000, 0x0000000088e00000| Complete 
| 143|0x0000000088f00000, 0x0000000089000000, 0x0000000089000000|100%|HC|  |TAMS 0x0000000089000000, 0x0000000088f00000| Complete 
| 144|0x0000000089000000, 0x0000000089100000, 0x0000000089100000|100%|HC|  |TAMS 0x0000000089100000, 0x0000000089000000| Complete 
| 145|0x0000000089100000, 0x0000000089200000, 0x0000000089200000|100%|HC|  |TAMS 0x0000000089200000, 0x0000000089100000| Complete 
| 146|0x0000000089200000, 0x0000000089300000, 0x0000000089300000|100%|HC|  |TAMS 0x0000000089300000, 0x0000000089200000| Complete 
| 147|0x0000000089300000, 0x0000000089400000, 0x0000000089400000|100%|HC|  |TAMS 0x0000000089400000, 0x0000000089300000| Complete 
| 148|0x0000000089400000, 0x0000000089500000, 0x0000000089500000|100%| O|  |TAMS 0x0000000089500000, 0x0000000089400000| Untracked 
| 149|0x0000000089500000, 0x0000000089600000, 0x0000000089600000|100%| O|  |TAMS 0x0000000089600000, 0x0000000089500000| Untracked 
| 150|0x0000000089600000, 0x0000000089700000, 0x0000000089700000|100%| O|  |TAMS 0x0000000089700000, 0x0000000089600000| Untracked 
| 151|0x0000000089700000, 0x0000000089800000, 0x0000000089800000|100%| O|  |TAMS 0x0000000089800000, 0x0000000089700000| Untracked 
| 152|0x0000000089800000, 0x0000000089900000, 0x0000000089900000|100%| O|  |TAMS 0x0000000089900000, 0x0000000089800000| Untracked 
| 153|0x0000000089900000, 0x0000000089a00000, 0x0000000089a00000|100%| O|  |TAMS 0x0000000089a00000, 0x0000000089900000| Untracked 
| 154|0x0000000089a00000, 0x0000000089b00000, 0x0000000089b00000|100%|HS|  |TAMS 0x0000000089b00000, 0x0000000089a00000| Complete 
| 155|0x0000000089b00000, 0x0000000089c00000, 0x0000000089c00000|100%|HC|  |TAMS 0x0000000089c00000, 0x0000000089b00000| Complete 
| 156|0x0000000089c00000, 0x0000000089d00000, 0x0000000089d00000|100%|HC|  |TAMS 0x0000000089d00000, 0x0000000089c00000| Complete 
| 157|0x0000000089d00000, 0x0000000089e00000, 0x0000000089e00000|100%| O|  |TAMS 0x0000000089e00000, 0x0000000089d00000| Untracked 
| 158|0x0000000089e00000, 0x0000000089f00000, 0x0000000089f00000|100%|HS|  |TAMS 0x0000000089f00000, 0x0000000089e00000| Complete 
| 159|0x0000000089f00000, 0x000000008a000000, 0x000000008a000000|100%| O|  |TAMS 0x000000008a000000, 0x0000000089f00000| Untracked 
| 160|0x000000008a000000, 0x000000008a100000, 0x000000008a100000|100%|HS|  |TAMS 0x000000008a100000, 0x000000008a000000| Complete 
| 161|0x000000008a100000, 0x000000008a200000, 0x000000008a200000|100%| O|  |TAMS 0x000000008a200000, 0x000000008a100000| Untracked 
| 162|0x000000008a200000, 0x000000008a300000, 0x000000008a300000|100%|HS|  |TAMS 0x000000008a300000, 0x000000008a200000| Complete 
| 163|0x000000008a300000, 0x000000008a400000, 0x000000008a400000|100%| O|  |TAMS 0x000000008a400000, 0x000000008a300000| Untracked 
| 164|0x000000008a400000, 0x000000008a500000, 0x000000008a500000|100%|HS|  |TAMS 0x000000008a500000, 0x000000008a400000| Complete 
| 165|0x000000008a500000, 0x000000008a600000, 0x000000008a600000|100%| O|  |TAMS 0x000000008a600000, 0x000000008a500000| Untracked 
| 166|0x000000008a600000, 0x000000008a700000, 0x000000008a700000|100%| O|  |TAMS 0x000000008a700000, 0x000000008a600000| Untracked 
| 167|0x000000008a700000, 0x000000008a800000, 0x000000008a800000|100%| O|  |TAMS 0x000000008a800000, 0x000000008a700000| Untracked 
| 168|0x000000008a800000, 0x000000008a900000, 0x000000008a900000|100%|HS|  |TAMS 0x000000008a900000, 0x000000008a800000| Complete 
| 169|0x000000008a900000, 0x000000008aa00000, 0x000000008aa00000|100%|HC|  |TAMS 0x000000008aa00000, 0x000000008a900000| Complete 
| 170|0x000000008aa00000, 0x000000008ab00000, 0x000000008ab00000|100%| O|  |TAMS 0x000000008ab00000, 0x000000008aa00000| Untracked 
| 171|0x000000008ab00000, 0x000000008ac00000, 0x000000008ac00000|100%| O|  |TAMS 0x000000008ac00000, 0x000000008ab00000| Untracked 
| 172|0x000000008ac00000, 0x000000008ad00000, 0x000000008ad00000|100%| O|  |TAMS 0x000000008ad00000, 0x000000008ac00000| Untracked 
| 173|0x000000008ad00000, 0x000000008ae00000, 0x000000008ae00000|100%| O|  |TAMS 0x000000008ae00000, 0x000000008ad00000| Untracked 
| 174|0x000000008ae00000, 0x000000008af00000, 0x000000008af00000|100%| O|  |TAMS 0x000000008af00000, 0x000000008ae00000| Untracked 
| 175|0x000000008af00000, 0x000000008b000000, 0x000000008b000000|100%| O|  |TAMS 0x000000008b000000, 0x000000008af00000| Untracked 
| 176|0x000000008b000000, 0x000000008b100000, 0x000000008b100000|100%| O|  |TAMS 0x000000008b100000, 0x000000008b000000| Untracked 
| 177|0x000000008b100000, 0x000000008b200000, 0x000000008b200000|100%| O|  |TAMS 0x000000008b200000, 0x000000008b100000| Untracked 
| 178|0x000000008b200000, 0x000000008b300000, 0x000000008b300000|100%| O|  |TAMS 0x000000008b300000, 0x000000008b200000| Untracked 
| 179|0x000000008b300000, 0x000000008b400000, 0x000000008b400000|100%|HS|  |TAMS 0x000000008b400000, 0x000000008b300000| Complete 
| 180|0x000000008b400000, 0x000000008b500000, 0x000000008b500000|100%|HC|  |TAMS 0x000000008b500000, 0x000000008b400000| Complete 
| 181|0x000000008b500000, 0x000000008b600000, 0x000000008b600000|100%|HC|  |TAMS 0x000000008b600000, 0x000000008b500000| Complete 
| 182|0x000000008b600000, 0x000000008b700000, 0x000000008b700000|100%| O|  |TAMS 0x000000008b700000, 0x000000008b600000| Untracked 
| 183|0x000000008b700000, 0x000000008b800000, 0x000000008b800000|100%| O|  |TAMS 0x000000008b700000, 0x000000008b700000| Untracked 
| 184|0x000000008b800000, 0x000000008b900000, 0x000000008b900000|100%| O|  |TAMS 0x000000008b800000, 0x000000008b800000| Untracked 
| 185|0x000000008b900000, 0x000000008ba00000, 0x000000008ba00000|100%|HS|  |TAMS 0x000000008ba00000, 0x000000008b900000| Complete 
| 186|0x000000008ba00000, 0x000000008bb00000, 0x000000008bb00000|100%|HC|  |TAMS 0x000000008bb00000, 0x000000008ba00000| Complete 
| 187|0x000000008bb00000, 0x000000008bc00000, 0x000000008bc00000|100%|HS|  |TAMS 0x000000008bb00000, 0x000000008bb00000| Complete 
| 188|0x000000008bc00000, 0x000000008bd00000, 0x000000008bd00000|100%|HC|  |TAMS 0x000000008bc00000, 0x000000008bc00000| Complete 
| 189|0x000000008bd00000, 0x000000008be00000, 0x000000008be00000|100%| O|  |TAMS 0x000000008bd00000, 0x000000008bd00000| Untracked 
| 190|0x000000008be00000, 0x000000008bf00000, 0x000000008bf00000|100%| O|  |TAMS 0x000000008be00000, 0x000000008be00000| Untracked 
| 191|0x000000008bf00000, 0x000000008c000000, 0x000000008c000000|100%| O|  |TAMS 0x000000008bf00000, 0x000000008bf00000| Untracked 
| 192|0x000000008c000000, 0x000000008c100000, 0x000000008c100000|100%| O|  |TAMS 0x000000008c000000, 0x000000008c000000| Untracked 
| 193|0x000000008c100000, 0x000000008c200000, 0x000000008c200000|100%| O|  |TAMS 0x000000008c100000, 0x000000008c100000| Untracked 
| 194|0x000000008c200000, 0x000000008c300000, 0x000000008c300000|100%| O|  |TAMS 0x000000008c200000, 0x000000008c200000| Untracked 
| 195|0x000000008c300000, 0x000000008c400000, 0x000000008c400000|100%|HS|  |TAMS 0x000000008c400000, 0x000000008c300000| Complete 
| 196|0x000000008c400000, 0x000000008c500000, 0x000000008c500000|100%|HC|  |TAMS 0x000000008c500000, 0x000000008c400000| Complete 
| 197|0x000000008c500000, 0x000000008c600000, 0x000000008c600000|100%|HC|  |TAMS 0x000000008c600000, 0x000000008c500000| Complete 
| 198|0x000000008c600000, 0x000000008c700000, 0x000000008c700000|100%| O|  |TAMS 0x000000008c600000, 0x000000008c600000| Untracked 
| 199|0x000000008c700000, 0x000000008c800000, 0x000000008c800000|100%| O|  |TAMS 0x000000008c700000, 0x000000008c700000| Untracked 
| 200|0x000000008c800000, 0x000000008c900000, 0x000000008c900000|100%| O|  |TAMS 0x000000008c800000, 0x000000008c800000| Untracked 
| 201|0x000000008c900000, 0x000000008ca00000, 0x000000008ca00000|100%| O|  |TAMS 0x000000008c900000, 0x000000008c900000| Untracked 
| 202|0x000000008ca00000, 0x000000008cb00000, 0x000000008cb00000|100%| O|  |TAMS 0x000000008ca00000, 0x000000008ca00000| Untracked 
| 203|0x000000008cb00000, 0x000000008cc00000, 0x000000008cc00000|100%| O|  |TAMS 0x000000008cb00000, 0x000000008cb00000| Untracked 
| 204|0x000000008cc00000, 0x000000008cd00000, 0x000000008cd00000|100%| O|  |TAMS 0x000000008cc00000, 0x000000008cc00000| Untracked 
| 205|0x000000008cd00000, 0x000000008ce00000, 0x000000008ce00000|100%| O|  |TAMS 0x000000008cd00000, 0x000000008cd00000| Untracked 
| 206|0x000000008ce00000, 0x000000008cf00000, 0x000000008cf00000|100%| O|  |TAMS 0x000000008ce00000, 0x000000008ce00000| Untracked 
| 207|0x000000008cf00000, 0x000000008d000000, 0x000000008d000000|100%| O|  |TAMS 0x000000008cf00000, 0x000000008cf00000| Untracked 
| 208|0x000000008d000000, 0x000000008d100000, 0x000000008d100000|100%| O|  |TAMS 0x000000008d000000, 0x000000008d000000| Untracked 
| 209|0x000000008d100000, 0x000000008d200000, 0x000000008d200000|100%| O|  |TAMS 0x000000008d100000, 0x000000008d100000| Untracked 
| 210|0x000000008d200000, 0x000000008d300000, 0x000000008d300000|100%| O|  |TAMS 0x000000008d200000, 0x000000008d200000| Untracked 
| 211|0x000000008d300000, 0x000000008d400000, 0x000000008d400000|100%| O|  |TAMS 0x000000008d300000, 0x000000008d300000| Untracked 
| 212|0x000000008d400000, 0x000000008d500000, 0x000000008d500000|100%| O|  |TAMS 0x000000008d400000, 0x000000008d400000| Untracked 
| 213|0x000000008d500000, 0x000000008d583400, 0x000000008d600000| 51%| O|  |TAMS 0x000000008d500000, 0x000000008d500000| Untracked 
| 214|0x000000008d600000, 0x000000008d600000, 0x000000008d700000|  0%| F|  |TAMS 0x000000008d600000, 0x000000008d600000| Untracked 
| 215|0x000000008d700000, 0x000000008d700000, 0x000000008d800000|  0%| F|  |TAMS 0x000000008d700000, 0x000000008d700000| Untracked 
| 216|0x000000008d800000, 0x000000008d800000, 0x000000008d900000|  0%| F|  |TAMS 0x000000008d800000, 0x000000008d800000| Untracked 
| 217|0x000000008d900000, 0x000000008d900000, 0x000000008da00000|  0%| F|  |TAMS 0x000000008d900000, 0x000000008d900000| Untracked 
| 218|0x000000008da00000, 0x000000008da00000, 0x000000008db00000|  0%| F|  |TAMS 0x000000008da00000, 0x000000008da00000| Untracked 
| 219|0x000000008db00000, 0x000000008db00000, 0x000000008dc00000|  0%| F|  |TAMS 0x000000008db00000, 0x000000008db00000| Untracked 
| 220|0x000000008dc00000, 0x000000008dc00000, 0x000000008dd00000|  0%| F|  |TAMS 0x000000008dc00000, 0x000000008dc00000| Untracked 
| 221|0x000000008dd00000, 0x000000008dd00000, 0x000000008de00000|  0%| F|  |TAMS 0x000000008dd00000, 0x000000008dd00000| Untracked 
| 222|0x000000008de00000, 0x000000008de00000, 0x000000008df00000|  0%| F|  |TAMS 0x000000008de00000, 0x000000008de00000| Untracked 
| 223|0x000000008df00000, 0x000000008df00000, 0x000000008e000000|  0%| F|  |TAMS 0x000000008df00000, 0x000000008df00000| Untracked 
| 224|0x000000008e000000, 0x000000008e000000, 0x000000008e100000|  0%| F|  |TAMS 0x000000008e000000, 0x000000008e000000| Untracked 
| 225|0x000000008e100000, 0x000000008e100000, 0x000000008e200000|  0%| F|  |TAMS 0x000000008e100000, 0x000000008e100000| Untracked 
| 226|0x000000008e200000, 0x000000008e200000, 0x000000008e300000|  0%| F|  |TAMS 0x000000008e200000, 0x000000008e200000| Untracked 
| 227|0x000000008e300000, 0x000000008e300000, 0x000000008e400000|  0%| F|  |TAMS 0x000000008e300000, 0x000000008e300000| Untracked 
| 228|0x000000008e400000, 0x000000008e500000, 0x000000008e500000|100%| O|  |TAMS 0x000000008e500000, 0x000000008e400000| Untracked 
| 229|0x000000008e500000, 0x000000008e600000, 0x000000008e600000|100%| O|  |TAMS 0x000000008e600000, 0x000000008e500000| Untracked 
| 230|0x000000008e600000, 0x000000008e700000, 0x000000008e700000|100%| O|  |TAMS 0x000000008e700000, 0x000000008e600000| Untracked 
| 231|0x000000008e700000, 0x000000008e700000, 0x000000008e800000|  0%| F|  |TAMS 0x000000008e700000, 0x000000008e700000| Untracked 
| 232|0x000000008e800000, 0x000000008e800000, 0x000000008e900000|  0%| F|  |TAMS 0x000000008e800000, 0x000000008e800000| Untracked 
| 233|0x000000008e900000, 0x000000008e900000, 0x000000008ea00000|  0%| F|  |TAMS 0x000000008e900000, 0x000000008e900000| Untracked 
| 234|0x000000008ea00000, 0x000000008ea00000, 0x000000008eb00000|  0%| F|  |TAMS 0x000000008ea00000, 0x000000008ea00000| Untracked 
| 235|0x000000008eb00000, 0x000000008eb00000, 0x000000008ec00000|  0%| F|  |TAMS 0x000000008eb00000, 0x000000008eb00000| Untracked 
| 236|0x000000008ec00000, 0x000000008ec00000, 0x000000008ed00000|  0%| F|  |TAMS 0x000000008ec00000, 0x000000008ec00000| Untracked 
| 237|0x000000008ed00000, 0x000000008ed00000, 0x000000008ee00000|  0%| F|  |TAMS 0x000000008ed00000, 0x000000008ed00000| Untracked 
| 238|0x000000008ee00000, 0x000000008ee00000, 0x000000008ef00000|  0%| F|  |TAMS 0x000000008ee00000, 0x000000008ee00000| Untracked 
| 239|0x000000008ef00000, 0x000000008ef00000, 0x000000008f000000|  0%| F|  |TAMS 0x000000008ef00000, 0x000000008ef00000| Untracked 
| 240|0x000000008f000000, 0x000000008f000000, 0x000000008f100000|  0%| F|  |TAMS 0x000000008f000000, 0x000000008f000000| Untracked 
| 241|0x000000008f100000, 0x000000008f100000, 0x000000008f200000|  0%| F|  |TAMS 0x000000008f100000, 0x000000008f100000| Untracked 
| 242|0x000000008f200000, 0x000000008f200000, 0x000000008f300000|  0%| F|  |TAMS 0x000000008f200000, 0x000000008f200000| Untracked 
| 243|0x000000008f300000, 0x000000008f300000, 0x000000008f400000|  0%| F|  |TAMS 0x000000008f300000, 0x000000008f300000| Untracked 
| 244|0x000000008f400000, 0x000000008f400000, 0x000000008f500000|  0%| F|  |TAMS 0x000000008f400000, 0x000000008f400000| Untracked 
| 245|0x000000008f500000, 0x000000008f500000, 0x000000008f600000|  0%| F|  |TAMS 0x000000008f500000, 0x000000008f500000| Untracked 
| 246|0x000000008f600000, 0x000000008f600000, 0x000000008f700000|  0%| F|  |TAMS 0x000000008f600000, 0x000000008f600000| Untracked 
| 247|0x000000008f700000, 0x000000008f700000, 0x000000008f800000|  0%| F|  |TAMS 0x000000008f700000, 0x000000008f700000| Untracked 
| 248|0x000000008f800000, 0x000000008f800000, 0x000000008f900000|  0%| F|  |TAMS 0x000000008f800000, 0x000000008f800000| Untracked 
| 249|0x000000008f900000, 0x000000008f900000, 0x000000008fa00000|  0%| F|  |TAMS 0x000000008f900000, 0x000000008f900000| Untracked 
| 250|0x000000008fa00000, 0x000000008fa00000, 0x000000008fb00000|  0%| F|  |TAMS 0x000000008fa00000, 0x000000008fa00000| Untracked 
| 251|0x000000008fb00000, 0x000000008fb00000, 0x000000008fc00000|  0%| F|  |TAMS 0x000000008fb00000, 0x000000008fb00000| Untracked 
| 252|0x000000008fc00000, 0x000000008fc00000, 0x000000008fd00000|  0%| F|  |TAMS 0x000000008fc00000, 0x000000008fc00000| Untracked 
| 253|0x000000008fd00000, 0x000000008fd00000, 0x000000008fe00000|  0%| F|  |TAMS 0x000000008fd00000, 0x000000008fd00000| Untracked 
| 254|0x000000008fe00000, 0x000000008fe00000, 0x000000008ff00000|  0%| F|  |TAMS 0x000000008fe00000, 0x000000008fe00000| Untracked 
| 255|0x000000008ff00000, 0x0000000090000000, 0x0000000090000000|100%| S|CS|TAMS 0x000000008ff00000, 0x000000008ff00000| Complete 
| 256|0x0000000090000000, 0x0000000090100000, 0x0000000090100000|100%| S|CS|TAMS 0x0000000090000000, 0x0000000090000000| Complete 
| 257|0x0000000090100000, 0x0000000090200000, 0x0000000090200000|100%| S|CS|TAMS 0x0000000090100000, 0x0000000090100000| Complete 
| 258|0x0000000090200000, 0x0000000090200000, 0x0000000090300000|  0%| F|  |TAMS 0x0000000090200000, 0x0000000090200000| Untracked 
| 259|0x0000000090300000, 0x0000000090300000, 0x0000000090400000|  0%| F|  |TAMS 0x0000000090300000, 0x0000000090300000| Untracked 
| 260|0x0000000090400000, 0x0000000090400000, 0x0000000090500000|  0%| F|  |TAMS 0x0000000090400000, 0x0000000090400000| Untracked 
| 261|0x0000000090500000, 0x0000000090500000, 0x0000000090600000|  0%| F|  |TAMS 0x0000000090500000, 0x0000000090500000| Untracked 
| 262|0x0000000090600000, 0x0000000090600000, 0x0000000090700000|  0%| F|  |TAMS 0x0000000090600000, 0x0000000090600000| Untracked 
| 263|0x0000000090700000, 0x0000000090700000, 0x0000000090800000|  0%| F|  |TAMS 0x0000000090700000, 0x0000000090700000| Untracked 
| 264|0x0000000090800000, 0x0000000090800000, 0x0000000090900000|  0%| F|  |TAMS 0x0000000090800000, 0x0000000090800000| Untracked 
| 265|0x0000000090900000, 0x0000000090900000, 0x0000000090a00000|  0%| F|  |TAMS 0x0000000090900000, 0x0000000090900000| Untracked 
| 266|0x0000000090a00000, 0x0000000090a00000, 0x0000000090b00000|  0%| F|  |TAMS 0x0000000090a00000, 0x0000000090a00000| Untracked 
| 267|0x0000000090b00000, 0x0000000090b00000, 0x0000000090c00000|  0%| F|  |TAMS 0x0000000090b00000, 0x0000000090b00000| Untracked 
| 268|0x0000000090c00000, 0x0000000090c00000, 0x0000000090d00000|  0%| F|  |TAMS 0x0000000090c00000, 0x0000000090c00000| Untracked 
| 269|0x0000000090d00000, 0x0000000090d00000, 0x0000000090e00000|  0%| F|  |TAMS 0x0000000090d00000, 0x0000000090d00000| Untracked 
| 270|0x0000000090e00000, 0x0000000090e00000, 0x0000000090f00000|  0%| F|  |TAMS 0x0000000090e00000, 0x0000000090e00000| Untracked 
| 271|0x0000000090f00000, 0x0000000090f00000, 0x0000000091000000|  0%| F|  |TAMS 0x0000000090f00000, 0x0000000090f00000| Untracked 
| 272|0x0000000091000000, 0x0000000091000000, 0x0000000091100000|  0%| F|  |TAMS 0x0000000091000000, 0x0000000091000000| Untracked 
| 273|0x0000000091100000, 0x0000000091100000, 0x0000000091200000|  0%| F|  |TAMS 0x0000000091100000, 0x0000000091100000| Untracked 
| 274|0x0000000091200000, 0x0000000091200000, 0x0000000091300000|  0%| F|  |TAMS 0x0000000091200000, 0x0000000091200000| Untracked 
| 275|0x0000000091300000, 0x0000000091300000, 0x0000000091400000|  0%| F|  |TAMS 0x0000000091300000, 0x0000000091300000| Untracked 
| 276|0x0000000091400000, 0x0000000091400000, 0x0000000091500000|  0%| F|  |TAMS 0x0000000091400000, 0x0000000091400000| Untracked 
| 277|0x0000000091500000, 0x0000000091500000, 0x0000000091600000|  0%| F|  |TAMS 0x0000000091500000, 0x0000000091500000| Untracked 

Card table byte_map: [0x000001c0a82c0000,0x000001c0a86c0000] _byte_map_base: 0x000001c0a7ec0000

Marking Bits (Prev, Next): (CMBitMap*) 0x000001c0950b09d0, (CMBitMap*) 0x000001c0950b0998
 Prev Bits: [0x000001c0aaac0000, 0x000001c0acac0000)
 Next Bits: [0x000001c0a8ac0000, 0x000001c0aaac0000)

Polling page: 0x000001c094850000

Metaspace:

Usage:
  Non-class:     84.30 MB capacity,    82.80 MB ( 98%) used,     1.23 MB (  1%) free+waste,   281.19 KB ( <1%) overhead. 
      Class:     13.30 MB capacity,    12.38 MB ( 93%) used,   815.77 KB (  6%) free+waste,   127.75 KB ( <1%) overhead. 
       Both:     97.60 MB capacity,    95.18 MB ( 98%) used,     2.03 MB (  2%) free+waste,   408.94 KB ( <1%) overhead. 

Virtual space:
  Non-class space:       86.00 MB reserved,      84.38 MB ( 98%) committed 
      Class space:        1.00 GB reserved,      13.40 MB (  1%) committed 
             Both:        1.08 GB reserved,      97.78 MB (  9%) committed 

Chunk freelists:
   Non-Class:  80.00 KB
       Class:  10.00 KB
        Both:  90.00 KB

MaxMetaspaceSize: 17179869184.00 GB
CompressedClassSpaceSize: 1.00 GB
Initial GC threshold: 20.80 MB
Current GC threshold: 162.96 MB
CDS: off

CodeHeap 'non-profiled nmethods': size=120000Kb used=6412Kb max_used=6412Kb free=113587Kb
 bounds [0x000001c0a0660000, 0x000001c0a0cb0000, 0x000001c0a7b90000]
CodeHeap 'profiled nmethods': size=120000Kb used=23952Kb max_used=23952Kb free=96047Kb
 bounds [0x000001c099130000, 0x000001c09a8a0000, 0x000001c0a0660000]
CodeHeap 'non-nmethods': size=5760Kb used=2397Kb max_used=2429Kb free=3362Kb
 bounds [0x000001c098b90000, 0x000001c098e00000, 0x000001c099130000]
 total_blobs=12551 nmethods=11632 adapters=831
 compilation: enabled
              stopped_count=0, restarted_count=0
 full_count=0

Compilation events (20 events):
Event: 14.336 Thread 0x000001c0afe8d000 nmethod 11684 0x000001c0a0ca2090 code [0x000001c0a0ca2240, 0x000001c0a0ca22f8]
Event: 14.336 Thread 0x000001c0afe8d000 11823       2       com.android.tools.r8.dex.j$$Lambda$1247/0x0000000100bbcc40::get (8 bytes)
Event: 14.336 Thread 0x000001c0afe8d000 nmethod 11823 0x000001c09a893110 code [0x000001c09a8932c0, 0x000001c09a8933e8]
Event: 14.336 Thread 0x000001c0afe8d000 11688       1       com.android.tools.r8.graph.O$b::a (5 bytes)
Event: 14.336 Thread 0x000001c0afe8d000 nmethod 11688 0x000001c0a0ca2390 code [0x000001c0a0ca2540, 0x000001c0a0ca25d8]
Event: 14.336 Thread 0x000001c0afe8d000 11689       1       com.android.tools.r8.graph.O$b::b (5 bytes)
Event: 14.336 Thread 0x000001c0afe8d000 nmethod 11689 0x000001c0a0ca2690 code [0x000001c0a0ca2840, 0x000001c0a0ca28d8]
Event: 14.336 Thread 0x000001c0afe8d000 11824       2       com.android.tools.r8.dex.g::<init> (60 bytes)
Event: 14.337 Thread 0x000001c0afe8d000 nmethod 11824 0x000001c09a893510 code [0x000001c09a8936e0, 0x000001c09a893998]
Event: 14.337 Thread 0x000001c0afe8d000 11555       1       java.util.AbstractList$ListItr::nextIndex (5 bytes)
Event: 14.337 Thread 0x000001c0afe8d000 nmethod 11555 0x000001c0a0ca2990 code [0x000001c0a0ca2b40, 0x000001c0a0ca2bf8]
Event: 14.337 Thread 0x000001c0afe8d000 11702       1       com.android.tools.r8.graph.j1::I0 (2 bytes)
Event: 14.337 Thread 0x000001c0afe8d000 nmethod 11702 0x000001c0a0ca2c90 code [0x000001c0a0ca2e40, 0x000001c0a0ca2ef8]
Event: 14.337 Thread 0x000001c0afe8d000 11826       2       com.android.tools.r8.code.X0::hashCode (31 bytes)
Event: 14.337 Thread 0x000001c0afe8d000 nmethod 11826 0x000001c09a893a10 code [0x000001c09a893be0, 0x000001c09a893d58]
Event: 14.337 Thread 0x000001c0afe8d000 11825       2       java.lang.Integer::compare (20 bytes)
Event: 14.337 Thread 0x000001c0afe8d000 nmethod 11825 0x000001c09a893e90 code [0x000001c09a894040, 0x000001c09a894158]
Event: 14.337 Thread 0x000001c0afe8d000 11750       1       com.android.tools.r8.internal.cH::size (5 bytes)
Event: 14.337 Thread 0x000001c0afe8d000 nmethod 11750 0x000001c0a0ca2f90 code [0x000001c0a0ca3140, 0x000001c0a0ca31f8]
Event: 14.337 Thread 0x000001c0afe8d000 11822       2       com.android.tools.r8.graph.W::hashCode (11 bytes)

GC Heap History (20 events):
Event: 12.114 GC heap after
{Heap after GC invocations=23 (full 0):
 garbage-first heap   total 187392K, used 87453K [0x0000000080000000, 0x0000000100000000)
  region size 1024K, 9 young (9216K), 9 survivors (9216K)
 Metaspace       used 86566K, capacity 88964K, committed 89116K, reserved 1126400K
  class space    used 11227K, capacity 12154K, committed 12184K, reserved 1048576K
}
Event: 12.481 GC heap before
{Heap before GC invocations=23 (full 0):
 garbage-first heap   total 187392K, used 146845K [0x0000000080000000, 0x0000000100000000)
  region size 1024K, 68 young (69632K), 9 survivors (9216K)
 Metaspace       used 88558K, capacity 91064K, committed 91420K, reserved 1128448K
  class space    used 11403K, capacity 12314K, committed 12440K, reserved 1048576K
}
Event: 12.490 GC heap after
{Heap after GC invocations=24 (full 0):
 garbage-first heap   total 187392K, used 91524K [0x0000000080000000, 0x0000000100000000)
  region size 1024K, 5 young (5120K), 5 survivors (5120K)
 Metaspace       used 88558K, capacity 91064K, committed 91420K, reserved 1128448K
  class space    used 11403K, capacity 12314K, committed 12440K, reserved 1048576K
}
Event: 12.708 GC heap before
{Heap before GC invocations=24 (full 0):
 garbage-first heap   total 187392K, used 148868K [0x0000000080000000, 0x0000000100000000)
  region size 1024K, 62 young (63488K), 5 survivors (5120K)
 Metaspace       used 89788K, capacity 92246K, committed 92316K, reserved 1128448K
  class space    used 11565K, capacity 12515K, committed 12568K, reserved 1048576K
}
Event: 12.716 GC heap after
{Heap after GC invocations=25 (full 0):
 garbage-first heap   total 225280K, used 93724K [0x0000000080000000, 0x0000000100000000)
  region size 1024K, 7 young (7168K), 7 survivors (7168K)
 Metaspace       used 89788K, capacity 92246K, committed 92316K, reserved 1128448K
  class space    used 11565K, capacity 12515K, committed 12568K, reserved 1048576K
}
Event: 12.943 GC heap before
{Heap before GC invocations=26 (full 0):
 garbage-first heap   total 225280K, used 146972K [0x0000000080000000, 0x0000000100000000)
  region size 1024K, 38 young (38912K), 7 survivors (7168K)
 Metaspace       used 90718K, capacity 93071K, committed 93724K, reserved 1130496K
  class space    used 11631K, capacity 12482K, committed 12696K, reserved 1048576K
}
Event: 12.953 GC heap after
{Heap after GC invocations=27 (full 0):
 garbage-first heap   total 225280K, used 123867K [0x0000000080000000, 0x0000000100000000)
  region size 1024K, 10 young (10240K), 10 survivors (10240K)
 Metaspace       used 90718K, capacity 93071K, committed 93724K, reserved 1130496K
  class space    used 11631K, capacity 12482K, committed 12696K, reserved 1048576K
}
Event: 13.283 GC heap before
{Heap before GC invocations=28 (full 0):
 garbage-first heap   total 225280K, used 155611K [0x0000000080000000, 0x0000000100000000)
  region size 1024K, 40 young (40960K), 10 survivors (10240K)
 Metaspace       used 94676K, capacity 96950K, committed 97564K, reserved 1134592K
  class space    used 12145K, capacity 12989K, committed 13208K, reserved 1048576K
}
Event: 13.292 GC heap after
{Heap after GC invocations=29 (full 0):
 garbage-first heap   total 225280K, used 129989K [0x0000000080000000, 0x0000000100000000)
  region size 1024K, 4 young (4096K), 4 survivors (4096K)
 Metaspace       used 94676K, capacity 96950K, committed 97564K, reserved 1134592K
  class space    used 12145K, capacity 12989K, committed 13208K, reserved 1048576K
}
Event: 13.388 GC heap before
{Heap before GC invocations=29 (full 0):
 garbage-first heap   total 225280K, used 223173K [0x0000000080000000, 0x0000000100000000)
  region size 1024K, 27 young (27648K), 4 survivors (4096K)
 Metaspace       used 94924K, capacity 97208K, committed 97820K, reserved 1134592K
  class space    used 12178K, capacity 13035K, committed 13208K, reserved 1048576K
}
Event: 13.396 GC heap after
{Heap after GC invocations=30 (full 0):
 garbage-first heap   total 236544K, used 163986K [0x0000000080000000, 0x0000000100000000)
  region size 1024K, 8 young (8192K), 8 survivors (8192K)
 Metaspace       used 94924K, capacity 97208K, committed 97820K, reserved 1134592K
  class space    used 12178K, capacity 13035K, committed 13208K, reserved 1048576K
}
Event: 13.533 GC heap before
{Heap before GC invocations=31 (full 0):
 garbage-first heap   total 236544K, used 177298K [0x0000000080000000, 0x0000000100000000)
  region size 1024K, 23 young (23552K), 8 survivors (8192K)
 Metaspace       used 95028K, capacity 97433K, committed 98204K, reserved 1134592K
  class space    used 12184K, capacity 13067K, committed 13336K, reserved 1048576K
}
Event: 13.557 GC heap after
{Heap after GC invocations=32 (full 0):
 garbage-first heap   total 284672K, used 171107K [0x0000000080000000, 0x0000000100000000)
  region size 1024K, 6 young (6144K), 6 survivors (6144K)
 Metaspace       used 95028K, capacity 97433K, committed 98204K, reserved 1134592K
  class space    used 12184K, capacity 13067K, committed 13336K, reserved 1048576K
}
Event: 13.815 GC heap before
{Heap before GC invocations=33 (full 0):
 garbage-first heap   total 284672K, used 217187K [0x0000000080000000, 0x0000000100000000)
  region size 1024K, 48 young (49152K), 6 survivors (6144K)
 Metaspace       used 95097K, capacity 97511K, committed 98204K, reserved 1134592K
  class space    used 12194K, capacity 13072K, committed 13336K, reserved 1048576K
}
Event: 13.844 GC heap after
{Heap after GC invocations=34 (full 0):
 garbage-first heap   total 284672K, used 192380K [0x0000000080000000, 0x0000000100000000)
  region size 1024K, 6 young (6144K), 6 survivors (6144K)
 Metaspace       used 95097K, capacity 97511K, committed 98204K, reserved 1134592K
  class space    used 12194K, capacity 13072K, committed 13336K, reserved 1048576K
}
Event: 13.914 GC heap before
{Heap before GC invocations=34 (full 0):
 garbage-first heap   total 284672K, used 209788K [0x0000000080000000, 0x0000000100000000)
  region size 1024K, 25 young (25600K), 6 survivors (6144K)
 Metaspace       used 95098K, capacity 97511K, committed 98204K, reserved 1134592K
  class space    used 12194K, capacity 13072K, committed 13336K, reserved 1048576K
}
Event: 13.939 GC heap after
{Heap after GC invocations=35 (full 0):
 garbage-first heap   total 284672K, used 200960K [0x0000000080000000, 0x0000000100000000)
  region size 1024K, 5 young (5120K), 5 survivors (5120K)
 Metaspace       used 95098K, capacity 97511K, committed 98204K, reserved 1134592K
  class space    used 12194K, capacity 13072K, committed 13336K, reserved 1048576K
}
Event: 14.239 GC heap before
{Heap before GC invocations=35 (full 0):
 garbage-first heap   total 284672K, used 226304K [0x0000000080000000, 0x0000000100000000)
  region size 1024K, 30 young (30720K), 5 survivors (5120K)
 Metaspace       used 97419K, capacity 99946K, committed 100124K, reserved 1136640K
  class space    used 12678K, capacity 13622K, committed 13720K, reserved 1048576K
}
Event: 14.265 GC heap after
{Heap after GC invocations=36 (full 0):
 garbage-first heap   total 284672K, used 212473K [0x0000000080000000, 0x0000000100000000)
  region size 1024K, 4 young (4096K), 4 survivors (4096K)
 Metaspace       used 97419K, capacity 99946K, committed 100124K, reserved 1136640K
  class space    used 12678K, capacity 13622K, committed 13720K, reserved 1048576K
}
Event: 14.339 GC heap before
{Heap before GC invocations=37 (full 0):
 garbage-first heap   total 284672K, used 232953K [0x0000000080000000, 0x0000000100000000)
  region size 1024K, 24 young (24576K), 4 survivors (4096K)
 Metaspace       used 97461K, capacity 99946K, committed 100124K, reserved 1136640K
  class space    used 12678K, capacity 13622K, committed 13720K, reserved 1048576K
}

Deoptimization events (20 events):
Event: 13.903 Thread 0x000001c0b1067800 DEOPT PACKING pc=0x000001c09a785f9e sp=0x00000006325fd8c0
Event: 13.903 Thread 0x000001c0b1067800 DEOPT UNPACKING pc=0x000001c098bda95e sp=0x00000006325fcf70 mode 0
Event: 13.909 Thread 0x000001c0b1067800 DEOPT PACKING pc=0x000001c09a785f9e sp=0x00000006325fd8c0
Event: 13.909 Thread 0x000001c0b1067800 DEOPT UNPACKING pc=0x000001c098bda95e sp=0x00000006325fcf70 mode 0
Event: 13.910 Thread 0x000001c0b1067800 DEOPT PACKING pc=0x000001c09a785f9e sp=0x00000006325fd8c0
Event: 13.910 Thread 0x000001c0b1067800 DEOPT UNPACKING pc=0x000001c098bda95e sp=0x00000006325fcf70 mode 0
Event: 13.952 Thread 0x000001c0b1067800 DEOPT PACKING pc=0x000001c09a7e927e sp=0x00000006325fd8a0
Event: 13.952 Thread 0x000001c0b1067800 DEOPT UNPACKING pc=0x000001c098bda95e sp=0x00000006325fcd18 mode 0
Event: 14.085 Thread 0x000001c0bacaa800 Uncommon trap: trap_request=0xffffff4d fr.pc=0x000001c0a0bb6bac relative=0x000000000000036c
Event: 14.085 Thread 0x000001c0bacaa800 Uncommon trap: reason=unstable_if action=reinterpret pc=0x000001c0a0bb6bac method=java.util.concurrent.ConcurrentLinkedQueue.offer(Ljava/lang/Object;)Z @ 42 c2
Event: 14.085 Thread 0x000001c0bacaa800 DEOPT PACKING pc=0x000001c0a0bb6bac sp=0x00000006332fed20
Event: 14.085 Thread 0x000001c0bacaa800 DEOPT UNPACKING pc=0x000001c098bda1af sp=0x00000006332fec68 mode 2
Event: 14.096 Thread 0x000001c0bacaf800 Uncommon trap: trap_request=0xffffff4d fr.pc=0x000001c0a0c6d13c relative=0x000000000000019c
Event: 14.097 Thread 0x000001c0bacaf800 Uncommon trap: reason=unstable_if action=reinterpret pc=0x000001c0a0c6d13c method=jdk.internal.util.ArraysSupport.mismatch([B[BI)I @ 14 c2
Event: 14.097 Thread 0x000001c0bacaf800 DEOPT PACKING pc=0x000001c0a0c6d13c sp=0x00000006330fe710
Event: 14.097 Thread 0x000001c0bacaf800 DEOPT UNPACKING pc=0x000001c098bda1af sp=0x00000006330fe648 mode 2
Event: 14.101 Thread 0x000001c0bacaf800 Uncommon trap: trap_request=0xffffff4d fr.pc=0x000001c0a0c6c038 relative=0x0000000000000198
Event: 14.101 Thread 0x000001c0bacaf800 Uncommon trap: reason=unstable_if action=reinterpret pc=0x000001c0a0c6c038 method=jdk.internal.util.ArraysSupport.mismatch([B[BI)I @ 14 c2
Event: 14.101 Thread 0x000001c0bacaf800 DEOPT PACKING pc=0x000001c0a0c6c038 sp=0x00000006330fe670
Event: 14.101 Thread 0x000001c0bacaf800 DEOPT UNPACKING pc=0x000001c098bda1af sp=0x00000006330fe630 mode 2

Classes redefined (0 events):
No events

Internal exceptions (20 events):
Event: 12.271 Thread 0x000001c0b1060000 Exception <a 'java/lang/NoSuchMethodError'{0x000000008a306b10}: <clinit>> (0x000000008a306b10) thrown at [./src/hotspot/share/prims/jni.cpp, line 1366]
Event: 12.273 Thread 0x000001c0b1060000 Exception <a 'java/lang/NoSuchMethodError'{0x000000008a33a868}: <clinit>> (0x000000008a33a868) thrown at [./src/hotspot/share/prims/jni.cpp, line 1366]
Event: 12.275 Thread 0x000001c0b1060000 Exception <a 'java/lang/NoSuchMethodError'{0x000000008a371cb0}: <clinit>> (0x000000008a371cb0) thrown at [./src/hotspot/share/prims/jni.cpp, line 1366]
Event: 12.276 Thread 0x000001c0b1060000 Exception <a 'java/lang/NoSuchMethodError'{0x000000008a384428}: <clinit>> (0x000000008a384428) thrown at [./src/hotspot/share/prims/jni.cpp, line 1366]
Event: 13.035 Thread 0x000001c0b1067800 Exception <a 'sun/nio/fs/WindowsException'{0x000000008d111ca8}> (0x000000008d111ca8) thrown at [./src/hotspot/share/prims/jni.cpp, line 616]
Event: 13.277 Thread 0x000001c0b1067800 Exception <a 'java/lang/NoSuchMethodError'{0x000000008be12c40}: 'java.lang.Object java.lang.invoke.DirectMethodHandle$Holder.invokeStaticInit(java.lang.Object, java.lang.Object, java.lang.Object, java.lang.Object, java.lang.Object, java.lang.Object, java.lang.Object, java.lang.Object, java.lang.Object, java.lang.Object, java.lang.Object, java.lang.Object, java.lang.Object, java.lang.Object, java.lang.Object, java.lang.Object, java.lang.Object, java.lang.Object, int, java.lang.Object, java.lang.Object)'> (0
Event: 13.377 Thread 0x000001c0b1064800 Exception <a 'java/lang/NoSuchMethodError'{0x000000008c6f9660}: 'void java.lang.invoke.DirectMethodHandle$Holder.invokeStatic(java.lang.Object, long)'> (0x000000008c6f9660) thrown at [./src/hotspot/share/interpreter/linkResolver.cpp, line 773]
Event: 13.378 Thread 0x000001c0b1064800 Exception <a 'java/lang/NoSuchMethodError'{0x000000008c6fe878}: 'java.lang.Object java.lang.invoke.DirectMethodHandle$Holder.invokeStatic(java.lang.Object, long)'> (0x000000008c6fe878) thrown at [./src/hotspot/share/interpreter/linkResolver.cpp, line 773]
Event: 13.381 Thread 0x000001c0b1064800 Exception <a 'java/lang/NoSuchMethodError'{0x000000008bc70018}: 'java.lang.Object java.lang.invoke.DirectMethodHandle$Holder.invokeStaticInit(java.lang.Object, java.lang.Object, long, java.lang.Object)'> (0x000000008bc70018) thrown at [./src/hotspot/share/interpreter/linkResolver.cpp, line 773]
Event: 13.381 Thread 0x000001c0b1064800 Exception <a 'java/lang/NoSuchMethodError'{0x000000008bc761b0}: 'java.lang.Object java.lang.invoke.DirectMethodHandle$Holder.invokeStatic(java.lang.Object, java.lang.Object, long)'> (0x000000008bc761b0) thrown at [./src/hotspot/share/interpreter/linkResolver.cpp, line 773]
Event: 13.381 Thread 0x000001c0b1064800 Exception <a 'java/lang/NoSuchMethodError'{0x000000008bc7c728}: 'java.lang.Object java.lang.invoke.Invokers$Holder.linkToTargetMethod(java.lang.Object, long, java.lang.Object)'> (0x000000008bc7c728) thrown at [./src/hotspot/share/interpreter/linkResolver.cpp, line 773]
Event: 13.606 Thread 0x000001c0b1064800 Exception <a 'java/lang/NoSuchMethodError'{0x0000000090eabdf0}: 'int java.lang.invoke.DirectMethodHandle$Holder.invokeSpecialIFC(java.lang.Object, java.lang.Object, java.lang.Object)'> (0x0000000090eabdf0) thrown at [./src/hotspot/share/interpreter/linkResolver.cpp, line 773]
Event: 14.001 Thread 0x000001c0bacad800 Exception <a 'java/lang/IncompatibleClassChangeError'{0x0000000090d058f0}: Found class java.lang.Object, but interface was expected> (0x0000000090d058f0) thrown at [./src/hotspot/share/interpreter/linkResolver.cpp, line 839]
Event: 14.002 Thread 0x000001c0bacb1000 Exception <a 'java/lang/NoSuchMethodError'{0x0000000090d2e8d0}: 'java.lang.Object java.lang.invoke.DirectMethodHandle$Holder.newInvokeSpecial(java.lang.Object, int)'> (0x0000000090d2e8d0) thrown at [./src/hotspot/share/interpreter/linkResolver.cpp, line 773]
Event: 14.078 Thread 0x000001c0bacaa800 Exception <a 'java/lang/NoSuchMethodError'{0x0000000090d40f28}: 'long java.lang.invoke.DirectMethodHandle$Holder.invokeStatic(java.lang.Object, java.lang.Object, java.lang.Object)'> (0x0000000090d40f28) thrown at [./src/hotspot/share/interpreter/linkResolver.cpp, line 773]
Event: 14.081 Thread 0x000001c0bacad800 Exception <a 'java/lang/IncompatibleClassChangeError'{0x0000000090abe7e8}: Found class java.lang.Object, but interface was expected> (0x0000000090abe7e8) thrown at [./src/hotspot/share/interpreter/linkResolver.cpp, line 839]
Event: 14.081 Thread 0x000001c0bacb0000 Exception <a 'java/lang/IncompatibleClassChangeError'{0x0000000090d52f38}: Found class java.lang.Object, but interface was expected> (0x0000000090d52f38) thrown at [./src/hotspot/share/interpreter/linkResolver.cpp, line 839]
Event: 14.081 Thread 0x000001c0bacab800 Exception <a 'java/lang/IncompatibleClassChangeError'{0x0000000090a9b2c0}: Found class java.lang.Object, but interface was expected> (0x0000000090a9b2c0) thrown at [./src/hotspot/share/interpreter/linkResolver.cpp, line 839]
Event: 14.082 Thread 0x000001c0bacb0000 Exception <a 'java/lang/IncompatibleClassChangeError'{0x0000000090ad25d0}: Found class java.lang.Object, but interface was expected> (0x0000000090ad25d0) thrown at [./src/hotspot/share/interpreter/linkResolver.cpp, line 839]
Event: 14.082 Thread 0x000001c0bacad800 Exception <a 'java/lang/IncompatibleClassChangeError'{0x0000000090ac1210}: Found class java.lang.Object, but interface was expected> (0x0000000090ac1210) thrown at [./src/hotspot/share/interpreter/linkResolver.cpp, line 839]

Events (20 events):
Event: 14.144 loading class com/android/tools/r8/graph/N2 done
Event: 14.144 loading class com/android/tools/r8/graph/N2
Event: 14.144 loading class com/android/tools/r8/graph/N2 done
Event: 14.144 loading class com/android/tools/r8/graph/N2
Event: 14.144 loading class com/android/tools/r8/graph/N2 done
Event: 14.144 loading class com/android/tools/r8/graph/N2
Event: 14.144 loading class com/android/tools/r8/graph/N2 done
Event: 14.146 loading class com/android/tools/r8/internal/YG
Event: 14.146 loading class com/android/tools/r8/internal/YG done
Event: 14.146 loading class com/android/tools/r8/internal/dH
Event: 14.146 loading class com/android/tools/r8/internal/dH done
Event: 14.146 loading class com/android/tools/r8/internal/bB
Event: 14.146 loading class com/android/tools/r8/internal/bB done
Event: 14.191 loading class com/android/tools/r8/internal/Ej
Event: 14.191 loading class com/android/tools/r8/internal/Ej done
Event: 14.238 Executing VM operation: G1CollectForAllocation
Event: 14.265 Executing VM operation: G1CollectForAllocation done
Event: 14.287 Executing VM operation: CGC_Operation
Event: 14.287 Executing VM operation: CGC_Operation done
Event: 14.337 Executing VM operation: G1CollectForAllocation


Dynamic libraries:
0x00007ff6f3420000 - 0x00007ff6f342a000 	C:\Program Files\Android\Android Studio\jre\bin\java.exe
0x00007ffc850c0000 - 0x00007ffc852c9000 	C:\WINDOWS\SYSTEM32\ntdll.dll
0x00007ffc841e0000 - 0x00007ffc8429d000 	C:\WINDOWS\System32\KERNEL32.DLL
0x00007ffc82930000 - 0x00007ffc82cab000 	C:\WINDOWS\System32\KERNELBASE.dll
0x00007ffc82750000 - 0x00007ffc82861000 	C:\WINDOWS\System32\ucrtbase.dll
0x00007ffc44860000 - 0x00007ffc44879000 	C:\Program Files\Android\Android Studio\jre\bin\jli.dll
0x00007ffc47d40000 - 0x00007ffc47d57000 	C:\Program Files\Android\Android Studio\jre\bin\VCRUNTIME140.dll
0x00007ffc84640000 - 0x00007ffc847ed000 	C:\WINDOWS\System32\USER32.dll
0x00007ffc6dda0000 - 0x00007ffc6e045000 	C:\WINDOWS\WinSxS\amd64_microsoft.windows.common-controls_6595b64144ccf1df_6.0.22000.120_none_9d947278b86cc467\COMCTL32.dll
0x00007ffc82f10000 - 0x00007ffc82f36000 	C:\WINDOWS\System32\win32u.dll
0x00007ffc84110000 - 0x00007ffc84139000 	C:\WINDOWS\System32\GDI32.dll
0x00007ffc83eb0000 - 0x00007ffc83f53000 	C:\WINDOWS\System32\msvcrt.dll
0x00007ffc82590000 - 0x00007ffc826a8000 	C:\WINDOWS\System32\gdi32full.dll
0x00007ffc826b0000 - 0x00007ffc8274d000 	C:\WINDOWS\System32\msvcp_win.dll
0x00007ffc85040000 - 0x00007ffc85071000 	C:\WINDOWS\System32\IMM32.DLL
0x00007ffc17c40000 - 0x00007ffc17cdd000 	C:\Program Files\Android\Android Studio\jre\bin\msvcp140.dll
0x00007ffbfae60000 - 0x00007ffbfb962000 	C:\Program Files\Android\Android Studio\jre\bin\server\jvm.dll
0x00007ffc83e00000 - 0x00007ffc83eae000 	C:\WINDOWS\System32\ADVAPI32.dll
0x00007ffc84140000 - 0x00007ffc841de000 	C:\WINDOWS\System32\sechost.dll
0x00007ffc82f40000 - 0x00007ffc83060000 	C:\WINDOWS\System32\RPCRT4.dll
0x00007ffc83980000 - 0x00007ffc83988000 	C:\WINDOWS\System32\PSAPI.DLL
0x00007ffc6c020000 - 0x00007ffc6c029000 	C:\WINDOWS\SYSTEM32\WSOCK32.dll
0x00007ffc7abf0000 - 0x00007ffc7abfa000 	C:\WINDOWS\SYSTEM32\VERSION.dll
0x00007ffc72130000 - 0x00007ffc72163000 	C:\WINDOWS\SYSTEM32\WINMM.dll
0x00007ffc84fd0000 - 0x00007ffc8503f000 	C:\WINDOWS\System32\WS2_32.dll
0x00007ffc81700000 - 0x00007ffc81718000 	C:\WINDOWS\SYSTEM32\kernel.appcore.dll
0x00007ffc7d590000 - 0x00007ffc7d5a1000 	C:\Program Files\Android\Android Studio\jre\bin\verify.dll
0x00007ffc7fd60000 - 0x00007ffc7ff81000 	C:\WINDOWS\SYSTEM32\DBGHELP.DLL
0x00007ffc680a0000 - 0x00007ffc680d1000 	C:\WINDOWS\SYSTEM32\dbgcore.DLL
0x00007ffc82d20000 - 0x00007ffc82d9f000 	C:\WINDOWS\System32\bcryptPrimitives.dll
0x00007ffc6fcd0000 - 0x00007ffc6fcf9000 	C:\Program Files\Android\Android Studio\jre\bin\java.dll
0x00007ffc7e950000 - 0x00007ffc7e95b000 	C:\Program Files\Android\Android Studio\jre\bin\jimage.dll
0x00007ffc6fbd0000 - 0x00007ffc6fbe8000 	C:\Program Files\Android\Android Studio\jre\bin\zip.dll
0x00007ffc83060000 - 0x00007ffc83818000 	C:\WINDOWS\System32\SHELL32.dll
0x00007ffc80680000 - 0x00007ffc80ee5000 	C:\WINDOWS\SYSTEM32\windows.storage.dll
0x00007ffc84c50000 - 0x00007ffc84fc7000 	C:\WINDOWS\System32\combase.dll
0x00007ffc80510000 - 0x00007ffc80676000 	C:\WINDOWS\SYSTEM32\wintypes.dll
0x00007ffc84300000 - 0x00007ffc843ea000 	C:\WINDOWS\System32\SHCORE.dll
0x00007ffc842a0000 - 0x00007ffc842fd000 	C:\WINDOWS\System32\shlwapi.dll
0x00007ffc824c0000 - 0x00007ffc824e1000 	C:\WINDOWS\SYSTEM32\profapi.dll
0x00007ffc6fbb0000 - 0x00007ffc6fbca000 	C:\Program Files\Android\Android Studio\jre\bin\net.dll
0x00007ffc7bdf0000 - 0x00007ffc7befc000 	C:\WINDOWS\SYSTEM32\WINHTTP.dll
0x00007ffc81ba0000 - 0x00007ffc81c07000 	C:\WINDOWS\system32\mswsock.dll
0x00007ffc6fb90000 - 0x00007ffc6fba4000 	C:\Program Files\Android\Android Studio\jre\bin\nio.dll
0x00007ffc6fa50000 - 0x00007ffc6fa77000 	C:\Users\marcd\.gradle\native\e1d6ef7f7dcc3fd88c89a11ec53ec762bb8ba0a96d01ffa2cd45eb1d1d8dd5c5\windows-amd64\native-platform.dll
0x00007ffc1a220000 - 0x00007ffc1a364000 	C:\Users\marcd\.gradle\native\5664cfc778a61ccfe75a443a1ab52a65af34e5dc3c78e0209fed803814484fcb\windows-amd64\native-platform-file-events.dll
0x00007ffc7e840000 - 0x00007ffc7e84a000 	C:\Program Files\Android\Android Studio\jre\bin\management.dll
0x00007ffc7d7c0000 - 0x00007ffc7d7cd000 	C:\Program Files\Android\Android Studio\jre\bin\management_ext.dll
0x00007ffc81df0000 - 0x00007ffc81e08000 	C:\WINDOWS\SYSTEM32\CRYPTSP.dll
0x00007ffc81660000 - 0x00007ffc81695000 	C:\WINDOWS\system32\rsaenh.dll
0x00007ffc81c90000 - 0x00007ffc81cb9000 	C:\WINDOWS\SYSTEM32\USERENV.dll
0x00007ffc81f70000 - 0x00007ffc81f97000 	C:\WINDOWS\SYSTEM32\bcrypt.dll
0x00007ffc81de0000 - 0x00007ffc81dec000 	C:\WINDOWS\SYSTEM32\CRYPTBASE.dll
0x00007ffc811b0000 - 0x00007ffc811dd000 	C:\WINDOWS\SYSTEM32\IPHLPAPI.DLL
0x00007ffc83820000 - 0x00007ffc83829000 	C:\WINDOWS\System32\NSI.dll
0x00007ffc7c650000 - 0x00007ffc7c669000 	C:\WINDOWS\SYSTEM32\dhcpcsvc6.DLL
0x00007ffc7c3c0000 - 0x00007ffc7c3de000 	C:\WINDOWS\SYSTEM32\dhcpcsvc.DLL
0x00007ffc81230000 - 0x00007ffc81318000 	C:\WINDOWS\SYSTEM32\DNSAPI.dll

dbghelp: loaded successfully - version: 4.0.5 - missing functions: none
symbol engine: initialized successfully - sym options: 0x614 - pdb path: .;C:\Program Files\Android\Android Studio\jre\bin;C:\WINDOWS\SYSTEM32;C:\WINDOWS\WinSxS\amd64_microsoft.windows.common-controls_6595b64144ccf1df_6.0.22000.120_none_9d947278b86cc467;C:\Program Files\Android\Android Studio\jre\bin\server;C:\Users\marcd\.gradle\native\e1d6ef7f7dcc3fd88c89a11ec53ec762bb8ba0a96d01ffa2cd45eb1d1d8dd5c5\windows-amd64;C:\Users\marcd\.gradle\native\5664cfc778a61ccfe75a443a1ab52a65af34e5dc3c78e0209fed803814484fcb\windows-amd64

VM Arguments:
jvm_args: --add-opens=java.base/java.util=ALL-UNNAMED --add-opens=java.base/java.lang=ALL-UNNAMED --add-opens=java.base/java.lang.invoke=ALL-UNNAMED --add-opens=java.base/java.util=ALL-UNNAMED --add-opens=java.prefs/java.util.prefs=ALL-UNNAMED --add-opens=java.prefs/java.util.prefs=ALL-UNNAMED --add-opens=java.base/java.nio.charset=ALL-UNNAMED --add-opens=java.base/java.net=ALL-UNNAMED --add-opens=java.base/java.util.concurrent.atomic=ALL-UNNAMED -Xmx2048m -Dfile.encoding=UTF-8 -Duser.country=PH -Duser.language=en -Duser.variant 
java_command: org.gradle.launcher.daemon.bootstrap.GradleDaemon 7.3.3
java_class_path (initial): C:\Users\marcd\.gradle\wrapper\dists\gradle-7.3.3-bin\6a41zxkdtcxs8rphpq6y0069z\gradle-7.3.3\lib\gradle-launcher-7.3.3.jar
Launcher Type: SUN_STANDARD

[Global flags]
     intx CICompilerCount                          = 4                                         {product} {ergonomic}
     uint ConcGCThreads                            = 2                                         {product} {ergonomic}
     uint G1ConcRefinementThreads                  = 8                                         {product} {ergonomic}
   size_t G1HeapRegionSize                         = 1048576                                   {product} {ergonomic}
    uintx GCDrainStackTargetSize                   = 64                                        {product} {ergonomic}
   size_t InitialHeapSize                          = 132120576                                 {product} {ergonomic}
   size_t MarkStackSize                            = 4194304                                   {product} {ergonomic}
   size_t MaxHeapSize                              = 2147483648                                {product} {command line}
   size_t MaxNewSize                               = 1287651328                                {product} {ergonomic}
   size_t MinHeapDeltaBytes                        = 1048576                                   {product} {ergonomic}
    uintx NonNMethodCodeHeapSize                   = 5836300                                {pd product} {ergonomic}
    uintx NonProfiledCodeHeapSize                  = 122910970                              {pd product} {ergonomic}
    uintx ProfiledCodeHeapSize                     = 122910970                              {pd product} {ergonomic}
    uintx ReservedCodeCacheSize                    = 251658240                              {pd product} {ergonomic}
     bool SegmentedCodeCache                       = true                                      {product} {ergonomic}
     bool UseCompressedClassPointers               = true                                 {lp64_product} {ergonomic}
     bool UseCompressedOops                        = true                                 {lp64_product} {ergonomic}
     bool UseG1GC                                  = true                                      {product} {ergonomic}
     bool UseLargePagesIndividualAllocation        = false                                  {pd product} {ergonomic}

Logging:
Log output configuration:
 #0: stdout all=warning uptime,level,tags
 #1: stderr all=off uptime,level,tags

Environment Variables:
JAVA_HOME=C:\Program Files\Java\jdk-11.0.16
PATH=C:\Program Files\Common Files\Oracle\Java\javapath;C:\Windows\system32;C:\Windows;C:\Windows\System32\Wbem;C:\Windows\System32\WindowsPowerShell\v1.0\;C:\Windows\System32\OpenSSH\;C:\Program Files (x86)\NVIDIA Corporation\PhysX\Common;C:\Program Files\NVIDIA Corporation\NVIDIA NvDLISR;C:\WINDOWS\system32;C:\WINDOWS;C:\WINDOWS\System32\Wbem;C:\WINDOWS\System32\WindowsPowerShell\v1.0\;C:\WINDOWS\System32\OpenSSH\;C:\Program Files\dotnet\;C:\Program Files\Microsoft VS Code\bin;C:\Program Files\nodejs\;C:\Program Files\Java\jdk-11.0.16\bin;C:\Program Files\MATLAB\R2022b\bin;C:\Program Files\Git\cmd;C:\Users\marcd\AppData\Local\Microsoft\WindowsApps;C:\Users\marcd\AppData\Roaming\npm;C:\Users\marcd\AppData\Local\GitHubDesktop\bin
USERNAME=marcd
OS=Windows_NT
PROCESSOR_IDENTIFIER=Intel64 Family 6 Model 158 Stepping 10, GenuineIntel



---------------  S Y S T E M  ---------------

OS: Windows 11 , 64 bit Build 22000 (10.0.22000.708)
OS uptime: 0 days 20:42 hours

CPU:total 8 (initial active 8) (4 cores per cpu, 2 threads per core) family 6 model 158 stepping 10 microcode 0xde, cmov, cx8, fxsr, mmx, sse, sse2, sse3, ssse3, sse4.1, sse4.2, popcnt, avx, avx2, aes, clmul, erms, 3dnowpref, lzcnt, ht, tsc, tscinvbit, bmi1, bmi2, adx, fma

Memory: 4k page, system-wide physical 8044M (320M free)
TotalPageFile size 16236M (AvailPageFile size 44M)
current process WorkingSet (physical memory assigned to process): 569M, peak: 573M
current process commit charge ("private bytes"): 607M, peak: 845M

vm_info: OpenJDK 64-Bit Server VM (11.0.13+0-b1751.21-8125866) for windows-amd64 JRE (11.0.13+0-b1751.21-8125866), built on Feb  2 2022 03:00:22 by "builder" with MS VC++ 14.0 (VS2015)

END.
