#
# There is insufficient memory for the Java Runtime Environment to continue.
# Native memory allocation (malloc) failed to allocate 1039536 bytes for Chunk::new
# Possible reasons:
#   The system is out of physical RAM or swap space
#   The process is running with CompressedOops enabled, and the Java Heap may be blocking the growth of the native heap
# Possible solutions:
#   Reduce memory load on the system
#   Increase physical memory or swap space
#   Check if swap backing store is full
#   Decrease Java heap size (-Xmx/-Xms)
#   Decrease number of Java threads
#   Decrease Java thread stack sizes (-Xss)
#   Set larger code cache with -XX:ReservedCodeCacheSize=
#   JVM is running with Unscaled Compressed Oops mode in which the Java heap is
#     placed in the first 4GB address space. The Java Heap base address is the
#     maximum limit for the native heap growth. Please use -XX:HeapBaseMinAddress
#     to set the Java Heap base and to place the Java Heap above 4GB virtual address.
# This output file may be truncated or incomplete.
#
#  Out of Memory Error (./src/hotspot/share/memory/arena.cpp:197), pid=21444, tid=9360
#
# JRE version: OpenJDK Runtime Environment (11.0.13) (build 11.0.13+0-b1751.21-8125866)
# Java VM: OpenJDK 64-Bit Server VM (11.0.13+0-b1751.21-8125866, mixed mode, tiered, compressed oops, g1 gc, windows-amd64)
# No core dump will be written. Minidumps are not enabled by default on client versions of Windows
#

---------------  S U M M A R Y ------------

Command Line: --add-opens=java.base/java.util=ALL-UNNAMED --add-opens=java.base/java.lang=ALL-UNNAMED --add-opens=java.base/java.lang.invoke=ALL-UNNAMED --add-opens=java.base/java.util=ALL-UNNAMED --add-opens=java.prefs/java.util.prefs=ALL-UNNAMED --add-opens=java.prefs/java.util.prefs=ALL-UNNAMED --add-opens=java.base/java.nio.charset=ALL-UNNAMED --add-opens=java.base/java.net=ALL-UNNAMED --add-opens=java.base/java.util.concurrent.atomic=ALL-UNNAMED -Xmx2048m -Dfile.encoding=UTF-8 -Duser.country=PH -Duser.language=en -Duser.variant org.gradle.launcher.daemon.bootstrap.GradleDaemon 7.3.3

Host: Intel(R) Core(TM) i5-9300H CPU @ 2.40GHz, 8 cores, 7G,  Windows 11 , 64 bit Build 22000 (10.0.22000.708)
Time: Sat Oct 29 14:02:52 2022 Malay Peninsula Standard Time elapsed time: 8.012224 seconds (0d 0h 0m 8s)

---------------  T H R E A D  ---------------

Current thread (0x000001e493d6a000):  JavaThread "C2 CompilerThread0" daemon [_thread_in_native, id=9360, stack(0x000000aec3900000,0x000000aec3a00000)]


Current CompileTask:
C2:   8012 6662       4       jdk.internal.loader.URLClassPath$JarLoader$2::getCodeSigners (8 bytes)

Stack: [0x000000aec3900000,0x000000aec3a00000]
Native frames: (J=compiled Java code, j=interpreted, Vv=VM code, C=native code)
V  [jvm.dll+0x6100fa]
V  [jvm.dll+0x747090]
V  [jvm.dll+0x7486ad]
V  [jvm.dll+0x748d83]
V  [jvm.dll+0x24ab48]
V  [jvm.dll+0xc04dc]
V  [jvm.dll+0xc0a0c]
V  [jvm.dll+0x35eb9d]
V  [jvm.dll+0x32b833]
V  [jvm.dll+0x32ad2a]
V  [jvm.dll+0x2032b2]
V  [jvm.dll+0x202437]
V  [jvm.dll+0x188e01]
V  [jvm.dll+0x21106b]
V  [jvm.dll+0x20f8c1]
V  [jvm.dll+0x70de0f]
V  [jvm.dll+0x706a75]
V  [jvm.dll+0x60ed66]
C  [ucrtbase.dll+0x26c0c]
C  [KERNEL32.DLL+0x154e0]
C  [ntdll.dll+0x485b]


---------------  P R O C E S S  ---------------

Threads class SMR info:
_java_thread_list=0x000001e49bacd6c0, length=124, elements={
0x000001e4f8f2b800, 0x000001e4933e5000, 0x000001e4933ee800, 0x000001e493d64800,
0x000001e493d66000, 0x000001e493d67000, 0x000001e493d6a000, 0x000001e493404800,
0x000001e493407800, 0x000001e493ebf800, 0x000001e496930000, 0x000001e49667e800,
0x000001e493fba000, 0x000001e49558a000, 0x000001e4958dd800, 0x000001e49692f000,
0x000001e497354800, 0x000001e4957c7800, 0x000001e4968c9000, 0x000001e49682f800,
0x000001e4958ce000, 0x000001e4958cf000, 0x000001e4958ca800, 0x000001e4958cc800,
0x000001e4958cf800, 0x000001e4958ca000, 0x000001e4958d0800, 0x000001e4958cb800,
0x000001e4958cd000, 0x000001e49702d800, 0x000001e49702c800, 0x000001e49702e000,
0x000001e497030000, 0x000001e497031800, 0x000001e49702b800, 0x000001e497033000,
0x000001e497032000, 0x000001e497034800, 0x000001e497034000, 0x000001e497035800,
0x000001e497036800, 0x000001e497030800, 0x000001e497037000, 0x000001e49703a800,
0x000001e497038000, 0x000001e497039000, 0x000001e497039800, 0x000001e496cc0800,
0x000001e496cc5000, 0x000001e496cc3800, 0x000001e496cc1000, 0x000001e496cc2000,
0x000001e496cc6000, 0x000001e496cc7000, 0x000001e496cc4800, 0x000001e496cc2800,
0x000001e496ccd800, 0x000001e496cc9800, 0x000001e496cc7800, 0x000001e496cce000,
0x000001e496cc8800, 0x000001e496ccf000, 0x000001e496ccb000, 0x000001e496cca000,
0x000001e496ccb800, 0x000001e496ccc800, 0x000001e49675e800, 0x000001e49675f800,
0x000001e49675c000, 0x000001e496760000, 0x000001e49675a800, 0x000001e496761000,
0x000001e49675d800, 0x000001e49675d000, 0x000001e49675b800, 0x000001e497a0e800,
0x000001e497a0f000, 0x000001e497a10800, 0x000001e497a11800, 0x000001e497a12800,
0x000001e497a10000, 0x000001e497a18000, 0x000001e497a15800, 0x000001e497a17800,
0x000001e497a19000, 0x000001e497a15000, 0x000001e497a13000, 0x000001e497a19800,
0x000001e497a16800, 0x000001e497a14000, 0x000001e497a1a800, 0x000001e497a1d000,
0x000001e497a1b800, 0x000001e497a1c000, 0x000001e4994c1000, 0x000001e4994c3000,
0x000001e4994bd000, 0x000001e4994c3800, 0x000001e4994be000, 0x000001e4994c4800,
0x000001e4994be800, 0x000001e4994c2000, 0x000001e4994c5000, 0x000001e4994bf800,
0x000001e4994c6000, 0x000001e4994c0800, 0x000001e4994cb000, 0x000001e4994c8800,
0x000001e4994cb800, 0x000001e4994c7000, 0x000001e4994c7800, 0x000001e4994c9800,
0x000001e4994ca000, 0x000001e49663b000, 0x000001e49663b800, 0x000001e49663c800,
0x000001e49663a000, 0x000001e49663e000, 0x000001e496638800, 0x000001e49663d800,
0x000001e496639800, 0x000001e496644000, 0x000001e496641800, 0x000001e496643000
}

Java Threads: ( => current thread )
  0x000001e4f8f2b800 JavaThread "main" [_thread_blocked, id=22888, stack(0x000000aec2d00000,0x000000aec2e00000)]
  0x000001e4933e5000 JavaThread "Reference Handler" daemon [_thread_blocked, id=4660, stack(0x000000aec3400000,0x000000aec3500000)]
  0x000001e4933ee800 JavaThread "Finalizer" daemon [_thread_blocked, id=3412, stack(0x000000aec3500000,0x000000aec3600000)]
  0x000001e493d64800 JavaThread "Signal Dispatcher" daemon [_thread_blocked, id=15120, stack(0x000000aec3600000,0x000000aec3700000)]
  0x000001e493d66000 JavaThread "Attach Listener" daemon [_thread_blocked, id=19664, stack(0x000000aec3700000,0x000000aec3800000)]
  0x000001e493d67000 JavaThread "Service Thread" daemon [_thread_blocked, id=7064, stack(0x000000aec3800000,0x000000aec3900000)]
=>0x000001e493d6a000 JavaThread "C2 CompilerThread0" daemon [_thread_in_native, id=9360, stack(0x000000aec3900000,0x000000aec3a00000)]
  0x000001e493404800 JavaThread "C1 CompilerThread0" daemon [_thread_blocked, id=3100, stack(0x000000aec3a00000,0x000000aec3b00000)]
  0x000001e493407800 JavaThread "Sweeper thread" daemon [_thread_blocked, id=4728, stack(0x000000aec3b00000,0x000000aec3c00000)]
  0x000001e493ebf800 JavaThread "Common-Cleaner" daemon [_thread_blocked, id=4424, stack(0x000000aec3c00000,0x000000aec3d00000)]
  0x000001e496930000 JavaThread "Daemon health stats" [_thread_blocked, id=12576, stack(0x000000aec4100000,0x000000aec4200000)]
  0x000001e49667e800 JavaThread "Incoming local TCP Connector on port 56290" [_thread_in_native, id=23040, stack(0x000000aec3e00000,0x000000aec3f00000)]
  0x000001e493fba000 JavaThread "Daemon periodic checks" [_thread_blocked, id=13428, stack(0x000000aec4200000,0x000000aec4300000)]
  0x000001e49558a000 JavaThread "Daemon" [_thread_blocked, id=23056, stack(0x000000aec4300000,0x000000aec4400000)]
  0x000001e4958dd800 JavaThread "Handler for socket connection from /127.0.0.1:56290 to /127.0.0.1:56291" [_thread_in_native, id=1220, stack(0x000000aec4400000,0x000000aec4500000)]
  0x000001e49692f000 JavaThread "Cancel handler" [_thread_blocked, id=20208, stack(0x000000aec4500000,0x000000aec4600000)]
  0x000001e497354800 JavaThread "Daemon worker" [_thread_in_vm, id=14680, stack(0x000000aec4600000,0x000000aec4700000)]
  0x000001e4957c7800 JavaThread "C2 CompilerThread1" daemon [_thread_in_native, id=3440, stack(0x000000aec4700000,0x000000aec4800000)]
  0x000001e4968c9000 JavaThread "Asynchronous log dispatcher for DefaultDaemonConnection: socket connection from /127.0.0.1:56290 to /127.0.0.1:56291" [_thread_blocked, id=8584, stack(0x000000aec4800000,0x000000aec4900000)]
  0x000001e49682f800 JavaThread "Stdin handler" [_thread_blocked, id=14316, stack(0x000000aec4900000,0x000000aec4a00000)]
  0x000001e4958ce000 JavaThread "Daemon client event forwarder" [_thread_blocked, id=14688, stack(0x000000aec4a00000,0x000000aec4b00000)]
  0x000001e4958cf000 JavaThread "Cache worker for journal cache (C:\Users\marcd\.gradle\caches\journal-1)" [_thread_blocked, id=3592, stack(0x000000aec5000000,0x000000aec5100000)]
  0x000001e4958ca800 JavaThread "File lock request listener" [_thread_in_native, id=14168, stack(0x000000aec5100000,0x000000aec5200000)]
  0x000001e4958cc800 JavaThread "Cache worker for file hash cache (C:\Users\marcd\.gradle\caches\7.3.3\fileHashes)" [_thread_blocked, id=24028, stack(0x000000aec5200000,0x000000aec5300000)]
  0x000001e4958cf800 JavaThread "Cache worker for file hash cache (C:\Users\marcd\Documents\GitHub\FirePh\FirePH_BAMM-master\.gradle\7.3.3\fileHashes)" [_thread_blocked, id=12692, stack(0x000000aec5400000,0x000000aec5500000)]
  0x000001e4958ca000 JavaThread "File watcher server" daemon [_thread_in_native, id=10580, stack(0x000000aec5500000,0x000000aec5600000)]
  0x000001e4958d0800 JavaThread "File watcher consumer" daemon [_thread_blocked, id=6808, stack(0x000000aec5600000,0x000000aec5700000)]
  0x000001e4958cb800 JavaThread "Cache worker for checksums cache (C:\Users\marcd\Documents\GitHub\FirePh\FirePH_BAMM-master\.gradle\7.3.3\checksums)" [_thread_blocked, id=20072, stack(0x000000aec5700000,0x000000aec5800000)]
  0x000001e4958cd000 JavaThread "Cache worker for cache directory md-supplier (C:\Users\marcd\.gradle\caches\7.3.3\md-supplier)" [_thread_blocked, id=19524, stack(0x000000aec5800000,0x000000aec5900000)]
  0x000001e49702d800 JavaThread "Cache worker for cache directory md-rule (C:\Users\marcd\.gradle\caches\7.3.3\md-rule)" [_thread_blocked, id=9644, stack(0x000000aec5900000,0x000000aec5a00000)]
  0x000001e49702c800 JavaThread "Cache worker for execution history cache (C:\Users\marcd\.gradle\caches\7.3.3\executionHistory)" [_thread_blocked, id=8996, stack(0x000000aec5a00000,0x000000aec5b00000)]
  0x000001e49702e000 JavaThread "jar transforms" [_thread_blocked, id=9852, stack(0x000000aec5b00000,0x000000aec5c00000)]
  0x000001e497030000 JavaThread "Cache worker for file content cache (C:\Users\marcd\.gradle\caches\7.3.3\fileContent)" [_thread_blocked, id=23572, stack(0x000000aec5c00000,0x000000aec5d00000)]
  0x000001e497031800 JavaThread "jar transforms Thread 2" [_thread_blocked, id=23924, stack(0x000000aec5d00000,0x000000aec5e00000)]
  0x000001e49702b800 JavaThread "Cache worker for dependencies-accessors (C:\Users\marcd\Documents\GitHub\FirePh\FirePH_BAMM-master\.gradle\7.3.3\dependencies-accessors)" [_thread_blocked, id=18180, stack(0x000000aec5e00000,0x000000aec5f00000)]
  0x000001e497033000 JavaThread "jar transforms Thread 3" [_thread_blocked, id=10796, stack(0x000000aec5f00000,0x000000aec6000000)]
  0x000001e497032000 JavaThread "Cache worker for Build Output Cleanup Cache (C:\Users\marcd\Documents\GitHub\FirePh\FirePH_BAMM-master\.gradle\buildOutputCleanup)" [_thread_blocked, id=1900, stack(0x000000aec6000000,0x000000aec6100000)]
  0x000001e497034800 JavaThread "Unconstrained build operations" [_thread_blocked, id=21132, stack(0x000000aec6100000,0x000000aec6200000)]
  0x000001e497034000 JavaThread "Unconstrained build operations Thread 2" [_thread_blocked, id=11604, stack(0x000000aec6200000,0x000000aec6300000)]
  0x000001e497035800 JavaThread "Unconstrained build operations Thread 3" [_thread_blocked, id=22140, stack(0x000000aec6300000,0x000000aec6400000)]
  0x000001e497036800 JavaThread "Unconstrained build operations Thread 4" [_thread_blocked, id=24108, stack(0x000000aec6400000,0x000000aec6500000)]
  0x000001e497030800 JavaThread "Unconstrained build operations Thread 5" [_thread_blocked, id=23816, stack(0x000000aec6500000,0x000000aec6600000)]
  0x000001e497037000 JavaThread "Unconstrained build operations Thread 6" [_thread_blocked, id=13396, stack(0x000000aec6600000,0x000000aec6700000)]
  0x000001e49703a800 JavaThread "Unconstrained build operations Thread 7" [_thread_blocked, id=7712, stack(0x000000aec6700000,0x000000aec6800000)]
  0x000001e497038000 JavaThread "Unconstrained build operations Thread 8" [_thread_blocked, id=23148, stack(0x000000aec6800000,0x000000aec6900000)]
  0x000001e497039000 JavaThread "Unconstrained build operations Thread 9" [_thread_blocked, id=23648, stack(0x000000aec6900000,0x000000aec6a00000)]
  0x000001e497039800 JavaThread "Unconstrained build operations Thread 10" [_thread_blocked, id=23652, stack(0x000000aec6a00000,0x000000aec6b00000)]
  0x000001e496cc0800 JavaThread "Unconstrained build operations Thread 11" [_thread_blocked, id=12860, stack(0x000000aec6b00000,0x000000aec6c00000)]
  0x000001e496cc5000 JavaThread "Unconstrained build operations Thread 12" [_thread_blocked, id=10756, stack(0x000000aec6c00000,0x000000aec6d00000)]
  0x000001e496cc3800 JavaThread "Unconstrained build operations Thread 13" [_thread_blocked, id=21948, stack(0x000000aec6d00000,0x000000aec6e00000)]
  0x000001e496cc1000 JavaThread "Unconstrained build operations Thread 14" [_thread_blocked, id=22388, stack(0x000000aec6e00000,0x000000aec6f00000)]
  0x000001e496cc2000 JavaThread "Unconstrained build operations Thread 15" [_thread_blocked, id=23028, stack(0x000000aec6f00000,0x000000aec7000000)]
  0x000001e496cc6000 JavaThread "Unconstrained build operations Thread 16" [_thread_blocked, id=22300, stack(0x000000aec7000000,0x000000aec7100000)]
  0x000001e496cc7000 JavaThread "Unconstrained build operations Thread 17" [_thread_blocked, id=8912, stack(0x000000aec7100000,0x000000aec7200000)]
  0x000001e496cc4800 JavaThread "Unconstrained build operations Thread 18" [_thread_blocked, id=19516, stack(0x000000aec7200000,0x000000aec7300000)]
  0x000001e496cc2800 JavaThread "Unconstrained build operations Thread 19" [_thread_blocked, id=11764, stack(0x000000aec7300000,0x000000aec7400000)]
  0x000001e496ccd800 JavaThread "Unconstrained build operations Thread 20" [_thread_blocked, id=12816, stack(0x000000aec7400000,0x000000aec7500000)]
  0x000001e496cc9800 JavaThread "Unconstrained build operations Thread 21" [_thread_blocked, id=20276, stack(0x000000aec7500000,0x000000aec7600000)]
  0x000001e496cc7800 JavaThread "Unconstrained build operations Thread 22" [_thread_blocked, id=20228, stack(0x000000aec7600000,0x000000aec7700000)]
  0x000001e496cce000 JavaThread "Unconstrained build operations Thread 23" [_thread_blocked, id=22796, stack(0x000000aec7700000,0x000000aec7800000)]
  0x000001e496cc8800 JavaThread "Unconstrained build operations Thread 24" [_thread_blocked, id=5324, stack(0x000000aec7800000,0x000000aec7900000)]
  0x000001e496ccf000 JavaThread "Unconstrained build operations Thread 25" [_thread_blocked, id=20720, stack(0x000000aec7900000,0x000000aec7a00000)]
  0x000001e496ccb000 JavaThread "Unconstrained build operations Thread 26" [_thread_blocked, id=5012, stack(0x000000aec7a00000,0x000000aec7b00000)]
  0x000001e496cca000 JavaThread "Unconstrained build operations Thread 27" [_thread_blocked, id=12680, stack(0x000000aec7b00000,0x000000aec7c00000)]
  0x000001e496ccb800 JavaThread "Unconstrained build operations Thread 28" [_thread_blocked, id=9320, stack(0x000000aec7c00000,0x000000aec7d00000)]
  0x000001e496ccc800 JavaThread "Unconstrained build operations Thread 29" [_thread_blocked, id=8060, stack(0x000000aec7d00000,0x000000aec7e00000)]
  0x000001e49675e800 JavaThread "Unconstrained build operations Thread 30" [_thread_blocked, id=17568, stack(0x000000aec7e00000,0x000000aec7f00000)]
  0x000001e49675f800 JavaThread "Unconstrained build operations Thread 31" [_thread_blocked, id=1836, stack(0x000000aec7f00000,0x000000aec8000000)]
  0x000001e49675c000 JavaThread "Unconstrained build operations Thread 32" [_thread_blocked, id=12304, stack(0x000000aec8000000,0x000000aec8100000)]
  0x000001e496760000 JavaThread "Unconstrained build operations Thread 33" [_thread_blocked, id=19812, stack(0x000000aec8100000,0x000000aec8200000)]
  0x000001e49675a800 JavaThread "Unconstrained build operations Thread 34" [_thread_blocked, id=20496, stack(0x000000aec8200000,0x000000aec8300000)]
  0x000001e496761000 JavaThread "Unconstrained build operations Thread 35" [_thread_blocked, id=17696, stack(0x000000aec8300000,0x000000aec8400000)]
  0x000001e49675d800 JavaThread "Unconstrained build operations Thread 36" [_thread_blocked, id=23560, stack(0x000000aec8400000,0x000000aec8500000)]
  0x000001e49675d000 JavaThread "Unconstrained build operations Thread 37" [_thread_blocked, id=23840, stack(0x000000aec8500000,0x000000aec8600000)]
  0x000001e49675b800 JavaThread "Unconstrained build operations Thread 38" [_thread_blocked, id=4184, stack(0x000000aec8600000,0x000000aec8700000)]
  0x000001e497a0e800 JavaThread "Unconstrained build operations Thread 39" [_thread_blocked, id=14860, stack(0x000000aec8700000,0x000000aec8800000)]
  0x000001e497a0f000 JavaThread "Unconstrained build operations Thread 40" [_thread_blocked, id=22420, stack(0x000000aec8800000,0x000000aec8900000)]
  0x000001e497a10800 JavaThread "Unconstrained build operations Thread 41" [_thread_blocked, id=7592, stack(0x000000aec8900000,0x000000aec8a00000)]
  0x000001e497a11800 JavaThread "Unconstrained build operations Thread 42" [_thread_blocked, id=16452, stack(0x000000aec8a00000,0x000000aec8b00000)]
  0x000001e497a12800 JavaThread "Unconstrained build operations Thread 43" [_thread_blocked, id=9076, stack(0x000000aec8b00000,0x000000aec8c00000)]
  0x000001e497a10000 JavaThread "Unconstrained build operations Thread 44" [_thread_blocked, id=8432, stack(0x000000aec8c00000,0x000000aec8d00000)]
  0x000001e497a18000 JavaThread "Unconstrained build operations Thread 45" [_thread_blocked, id=21528, stack(0x000000aec8d00000,0x000000aec8e00000)]
  0x000001e497a15800 JavaThread "Unconstrained build operations Thread 46" [_thread_blocked, id=13968, stack(0x000000aec8e00000,0x000000aec8f00000)]
  0x000001e497a17800 JavaThread "Unconstrained build operations Thread 47" [_thread_blocked, id=3980, stack(0x000000aec8f00000,0x000000aec9000000)]
  0x000001e497a19000 JavaThread "Unconstrained build operations Thread 48" [_thread_blocked, id=14640, stack(0x000000aec9000000,0x000000aec9100000)]
  0x000001e497a15000 JavaThread "Unconstrained build operations Thread 49" [_thread_blocked, id=2380, stack(0x000000aec9100000,0x000000aec9200000)]
  0x000001e497a13000 JavaThread "Unconstrained build operations Thread 50" [_thread_blocked, id=12508, stack(0x000000aec9200000,0x000000aec9300000)]
  0x000001e497a19800 JavaThread "Unconstrained build operations Thread 51" [_thread_blocked, id=2476, stack(0x000000aec9300000,0x000000aec9400000)]
  0x000001e497a16800 JavaThread "Unconstrained build operations Thread 52" [_thread_blocked, id=14992, stack(0x000000aec9400000,0x000000aec9500000)]
  0x000001e497a14000 JavaThread "Unconstrained build operations Thread 53" [_thread_blocked, id=16764, stack(0x000000aec9500000,0x000000aec9600000)]
  0x000001e497a1a800 JavaThread "Unconstrained build operations Thread 54" [_thread_blocked, id=1640, stack(0x000000aec9600000,0x000000aec9700000)]
  0x000001e497a1d000 JavaThread "Unconstrained build operations Thread 55" [_thread_blocked, id=10312, stack(0x000000aec9700000,0x000000aec9800000)]
  0x000001e497a1b800 JavaThread "Unconstrained build operations Thread 56" [_thread_blocked, id=10724, stack(0x000000aec9800000,0x000000aec9900000)]
  0x000001e497a1c000 JavaThread "Unconstrained build operations Thread 57" [_thread_blocked, id=11208, stack(0x000000aec9900000,0x000000aec9a00000)]
  0x000001e4994c1000 JavaThread "Unconstrained build operations Thread 58" [_thread_blocked, id=5452, stack(0x000000aec9a00000,0x000000aec9b00000)]
  0x000001e4994c3000 JavaThread "Unconstrained build operations Thread 59" [_thread_blocked, id=23052, stack(0x000000aec9b00000,0x000000aec9c00000)]
  0x000001e4994bd000 JavaThread "Unconstrained build operations Thread 60" [_thread_blocked, id=23844, stack(0x000000aec9c00000,0x000000aec9d00000)]
  0x000001e4994c3800 JavaThread "Unconstrained build operations Thread 61" [_thread_blocked, id=24080, stack(0x000000aec9d00000,0x000000aec9e00000)]
  0x000001e4994be000 JavaThread "Unconstrained build operations Thread 62" [_thread_blocked, id=9496, stack(0x000000aec9e00000,0x000000aec9f00000)]
  0x000001e4994c4800 JavaThread "Unconstrained build operations Thread 63" [_thread_blocked, id=24300, stack(0x000000aec9f00000,0x000000aeca000000)]
  0x000001e4994be800 JavaThread "Unconstrained build operations Thread 64" [_thread_blocked, id=24460, stack(0x000000aeca000000,0x000000aeca100000)]
  0x000001e4994c2000 JavaThread "Unconstrained build operations Thread 65" [_thread_blocked, id=18516, stack(0x000000aeca100000,0x000000aeca200000)]
  0x000001e4994c5000 JavaThread "Unconstrained build operations Thread 66" [_thread_blocked, id=24468, stack(0x000000aeca200000,0x000000aeca300000)]
  0x000001e4994bf800 JavaThread "Unconstrained build operations Thread 67" [_thread_blocked, id=24472, stack(0x000000aeca300000,0x000000aeca400000)]
  0x000001e4994c6000 JavaThread "Unconstrained build operations Thread 68" [_thread_blocked, id=23848, stack(0x000000aeca400000,0x000000aeca500000)]
  0x000001e4994c0800 JavaThread "Unconstrained build operations Thread 69" [_thread_blocked, id=10164, stack(0x000000aeca500000,0x000000aeca600000)]
  0x000001e4994cb000 JavaThread "Unconstrained build operations Thread 70" [_thread_blocked, id=11536, stack(0x000000aeca600000,0x000000aeca700000)]
  0x000001e4994c8800 JavaThread "Unconstrained build operations Thread 71" [_thread_blocked, id=18072, stack(0x000000aeca700000,0x000000aeca800000)]
  0x000001e4994cb800 JavaThread "Unconstrained build operations Thread 72" [_thread_blocked, id=22724, stack(0x000000aeca800000,0x000000aeca900000)]
  0x000001e4994c7000 JavaThread "Unconstrained build operations Thread 73" [_thread_blocked, id=24252, stack(0x000000aeca900000,0x000000aecaa00000)]
  0x000001e4994c7800 JavaThread "Unconstrained build operations Thread 74" [_thread_blocked, id=24264, stack(0x000000aecaa00000,0x000000aecab00000)]
  0x000001e4994c9800 JavaThread "Unconstrained build operations Thread 75" [_thread_blocked, id=24276, stack(0x000000aecab00000,0x000000aecac00000)]
  0x000001e4994ca000 JavaThread "Unconstrained build operations Thread 76" [_thread_blocked, id=24272, stack(0x000000aecac00000,0x000000aecad00000)]
  0x000001e49663b000 JavaThread "Unconstrained build operations Thread 77" [_thread_blocked, id=4104, stack(0x000000aecad00000,0x000000aecae00000)]
  0x000001e49663b800 JavaThread "Unconstrained build operations Thread 78" [_thread_blocked, id=20512, stack(0x000000aecae00000,0x000000aecaf00000)]
  0x000001e49663c800 JavaThread "Unconstrained build operations Thread 79" [_thread_blocked, id=23808, stack(0x000000aecaf00000,0x000000aecb000000)]
  0x000001e49663a000 JavaThread "Unconstrained build operations Thread 80" [_thread_blocked, id=22456, stack(0x000000aecb000000,0x000000aecb100000)]
  0x000001e49663e000 JavaThread "jar transforms Thread 4" [_thread_blocked, id=1952, stack(0x000000aecb100000,0x000000aecb200000)]
  0x000001e496638800 JavaThread "jar transforms Thread 5" [_thread_blocked, id=18040, stack(0x000000aecb200000,0x000000aecb300000)]
  0x000001e49663d800 JavaThread "jar transforms Thread 6" [_thread_blocked, id=23340, stack(0x000000aecb300000,0x000000aecb400000)]
  0x000001e496639800 JavaThread "jar transforms Thread 7" [_thread_blocked, id=23876, stack(0x000000aecb400000,0x000000aecb500000)]
  0x000001e496644000 JavaThread "jar transforms Thread 8" [_thread_blocked, id=12048, stack(0x000000aecb500000,0x000000aecb600000)]
  0x000001e496641800 JavaThread "Memory manager" [_thread_blocked, id=10584, stack(0x000000aecb600000,0x000000aecb700000)]
  0x000001e496643000 JavaThread "build event listener" [_thread_blocked, id=16224, stack(0x000000aecb700000,0x000000aecb800000)]

Other Threads:
  0x000001e4933e3800 VMThread "VM Thread" [stack: 0x000000aec3300000,0x000000aec3400000] [id=11844]
  0x000001e493ece800 WatcherThread [stack: 0x000000aec3d00000,0x000000aec3e00000] [id=22488]
  0x000001e4f8f47800 GCTaskThread "GC Thread#0" [stack: 0x000000aec2e00000,0x000000aec2f00000] [id=20520]
  0x000001e494e97800 GCTaskThread "GC Thread#1" [stack: 0x000000aec3f00000,0x000000aec4000000] [id=22464]
  0x000001e4940d8800 GCTaskThread "GC Thread#2" [stack: 0x000000aec4000000,0x000000aec4100000] [id=21664]
  0x000001e495ee1000 GCTaskThread "GC Thread#3" [stack: 0x000000aec4b00000,0x000000aec4c00000] [id=9004]
  0x000001e495133800 GCTaskThread "GC Thread#4" [stack: 0x000000aec4c00000,0x000000aec4d00000] [id=24024]
  0x000001e496011800 GCTaskThread "GC Thread#5" [stack: 0x000000aec4d00000,0x000000aec4e00000] [id=18540]
  0x000001e495b88800 GCTaskThread "GC Thread#6" [stack: 0x000000aec4e00000,0x000000aec4f00000] [id=1204]
  0x000001e495b89800 GCTaskThread "GC Thread#7" [stack: 0x000000aec4f00000,0x000000aec5000000] [id=2540]
  0x000001e4f8f78800 ConcurrentGCThread "G1 Main Marker" [stack: 0x000000aec2f00000,0x000000aec3000000] [id=19708]
  0x000001e4f8f7a800 ConcurrentGCThread "G1 Conc#0" [stack: 0x000000aec3000000,0x000000aec3100000] [id=14940]
  0x000001e49665b800 ConcurrentGCThread "G1 Conc#1" [stack: 0x000000aec5300000,0x000000aec5400000] [id=23492]
  0x000001e493230800 ConcurrentGCThread "G1 Refine#0" [stack: 0x000000aec3100000,0x000000aec3200000] [id=12484]
  0x000001e493233000 ConcurrentGCThread "G1 Young RemSet Sampling" [stack: 0x000000aec3200000,0x000000aec3300000] [id=22680]

Threads with active compile tasks:
C2 CompilerThread0   8047 6662       4       jdk.internal.loader.URLClassPath$JarLoader$2::getCodeSigners (8 bytes)
C2 CompilerThread1   8047 6410 %     4       org.gradle.internal.instantiation.generator.AbstractClassGenerator::inspectType @ 77 (560 bytes)

VM state:not at safepoint (normal execution)

VM Mutex/Monitor currently owned by a thread: None

Heap address: 0x0000000080000000, size: 2048 MB, Compressed Oops mode: 32-bit
Narrow klass base: 0x0000000000000000, Narrow klass shift: 3
Compressed class space size: 1073741824 Address: 0x0000000100000000

Heap:
 garbage-first heap   total 187392K, used 106146K [0x0000000080000000, 0x0000000100000000)
  region size 1024K, 52 young (53248K), 5 survivors (5120K)
 Metaspace       used 67214K, capacity 68894K, committed 69244K, reserved 1110016K
  class space    used 8435K, capacity 9022K, committed 9164K, reserved 1048576K
Heap Regions: E=young(eden), S=young(survivor), O=old, HS=humongous(starts), HC=humongous(continues), CS=collection set, F=free, A=archive, TAMS=top-at-mark-start (previous, next)
|   0|0x0000000080000000, 0x0000000080100000, 0x0000000080100000|100%| O|  |TAMS 0x0000000080100000, 0x0000000080000000| Untracked 
|   1|0x0000000080100000, 0x0000000080200000, 0x0000000080200000|100%| O|  |TAMS 0x0000000080200000, 0x0000000080100000| Untracked 
|   2|0x0000000080200000, 0x0000000080300000, 0x0000000080300000|100%| O|  |TAMS 0x0000000080300000, 0x0000000080200000| Untracked 
|   3|0x0000000080300000, 0x0000000080400000, 0x0000000080400000|100%|HS|  |TAMS 0x0000000080400000, 0x0000000080300000| Complete 
|   4|0x0000000080400000, 0x0000000080500000, 0x0000000080500000|100%|HC|  |TAMS 0x0000000080500000, 0x0000000080400000| Complete 
|   5|0x0000000080500000, 0x0000000080600000, 0x0000000080600000|100%|HC|  |TAMS 0x0000000080600000, 0x0000000080500000| Complete 
|   6|0x0000000080600000, 0x0000000080700000, 0x0000000080700000|100%| O|  |TAMS 0x0000000080700000, 0x0000000080600000| Untracked 
|   7|0x0000000080700000, 0x0000000080800000, 0x0000000080800000|100%| O|  |TAMS 0x0000000080800000, 0x0000000080700000| Untracked 
|   8|0x0000000080800000, 0x0000000080900000, 0x0000000080900000|100%| O|  |TAMS 0x0000000080900000, 0x0000000080800000| Untracked 
|   9|0x0000000080900000, 0x0000000080a00000, 0x0000000080a00000|100%| O|  |TAMS 0x0000000080a00000, 0x0000000080900000| Untracked 
|  10|0x0000000080a00000, 0x0000000080b00000, 0x0000000080b00000|100%| O|  |TAMS 0x0000000080b00000, 0x0000000080a00000| Untracked 
|  11|0x0000000080b00000, 0x0000000080c00000, 0x0000000080c00000|100%| O|  |TAMS 0x0000000080c00000, 0x0000000080b00000| Untracked 
|  12|0x0000000080c00000, 0x0000000080d00000, 0x0000000080d00000|100%| O|  |TAMS 0x0000000080d00000, 0x0000000080c00000| Untracked 
|  13|0x0000000080d00000, 0x0000000080e00000, 0x0000000080e00000|100%| O|  |TAMS 0x0000000080e00000, 0x0000000080d00000| Untracked 
|  14|0x0000000080e00000, 0x0000000080f00000, 0x0000000080f00000|100%| O|  |TAMS 0x0000000080f00000, 0x0000000080e00000| Untracked 
|  15|0x0000000080f00000, 0x0000000081000000, 0x0000000081000000|100%| O|  |TAMS 0x0000000081000000, 0x0000000080f00000| Untracked 
|  16|0x0000000081000000, 0x0000000081100000, 0x0000000081100000|100%| O|  |TAMS 0x0000000081100000, 0x0000000081000000| Untracked 
|  17|0x0000000081100000, 0x0000000081200000, 0x0000000081200000|100%| O|  |TAMS 0x0000000081200000, 0x0000000081100000| Untracked 
|  18|0x0000000081200000, 0x0000000081300000, 0x0000000081300000|100%| O|  |TAMS 0x0000000081300000, 0x0000000081200000| Untracked 
|  19|0x0000000081300000, 0x0000000081400000, 0x0000000081400000|100%| O|  |TAMS 0x0000000081400000, 0x0000000081300000| Untracked 
|  20|0x0000000081400000, 0x0000000081500000, 0x0000000081500000|100%| O|  |TAMS 0x0000000081500000, 0x0000000081400000| Untracked 
|  21|0x0000000081500000, 0x0000000081600000, 0x0000000081600000|100%| O|  |TAMS 0x0000000081600000, 0x0000000081500000| Untracked 
|  22|0x0000000081600000, 0x0000000081700000, 0x0000000081700000|100%| O|  |TAMS 0x0000000081700000, 0x0000000081600000| Untracked 
|  23|0x0000000081700000, 0x0000000081800000, 0x0000000081800000|100%| O|  |TAMS 0x0000000081800000, 0x0000000081700000| Untracked 
|  24|0x0000000081800000, 0x0000000081900000, 0x0000000081900000|100%| O|  |TAMS 0x0000000081900000, 0x0000000081800000| Untracked 
|  25|0x0000000081900000, 0x0000000081a00000, 0x0000000081a00000|100%| O|  |TAMS 0x0000000081a00000, 0x0000000081900000| Untracked 
|  26|0x0000000081a00000, 0x0000000081b00000, 0x0000000081b00000|100%| O|  |TAMS 0x0000000081b00000, 0x0000000081a00000| Untracked 
|  27|0x0000000081b00000, 0x0000000081c00000, 0x0000000081c00000|100%|HS|  |TAMS 0x0000000081c00000, 0x0000000081b00000| Complete 
|  28|0x0000000081c00000, 0x0000000081d00000, 0x0000000081d00000|100%|HS|  |TAMS 0x0000000081d00000, 0x0000000081c00000| Complete 
|  29|0x0000000081d00000, 0x0000000081e00000, 0x0000000081e00000|100%|HS|  |TAMS 0x0000000081e00000, 0x0000000081d00000| Complete 
|  30|0x0000000081e00000, 0x0000000081f00000, 0x0000000081f00000|100%|HS|  |TAMS 0x0000000081f00000, 0x0000000081e00000| Complete 
|  31|0x0000000081f00000, 0x0000000082000000, 0x0000000082000000|100%|HC|  |TAMS 0x0000000082000000, 0x0000000081f00000| Complete 
|  32|0x0000000082000000, 0x0000000082100000, 0x0000000082100000|100%|HC|  |TAMS 0x0000000082100000, 0x0000000082000000| Complete 
|  33|0x0000000082100000, 0x0000000082200000, 0x0000000082200000|100%|HS|  |TAMS 0x0000000082200000, 0x0000000082100000| Complete 
|  34|0x0000000082200000, 0x0000000082300000, 0x0000000082300000|100%|HC|  |TAMS 0x0000000082300000, 0x0000000082200000| Complete 
|  35|0x0000000082300000, 0x0000000082400000, 0x0000000082400000|100%| O|  |TAMS 0x0000000082400000, 0x0000000082300000| Untracked 
|  36|0x0000000082400000, 0x0000000082500000, 0x0000000082500000|100%| O|  |TAMS 0x0000000082500000, 0x0000000082400000| Untracked 
|  37|0x0000000082500000, 0x0000000082600000, 0x0000000082600000|100%| O|  |TAMS 0x0000000082600000, 0x0000000082500000| Untracked 
|  38|0x0000000082600000, 0x0000000082700000, 0x0000000082700000|100%| O|  |TAMS 0x0000000082700000, 0x0000000082600000| Untracked 
|  39|0x0000000082700000, 0x0000000082800000, 0x0000000082800000|100%| O|  |TAMS 0x0000000082800000, 0x0000000082700000| Untracked 
|  40|0x0000000082800000, 0x0000000082900000, 0x0000000082900000|100%| O|  |TAMS 0x0000000082900000, 0x0000000082800000| Untracked 
|  41|0x0000000082900000, 0x0000000082a00000, 0x0000000082a00000|100%| O|  |TAMS 0x0000000082a00000, 0x0000000082900000| Untracked 
|  42|0x0000000082a00000, 0x0000000082b00000, 0x0000000082b00000|100%| O|  |TAMS 0x0000000082b00000, 0x0000000082a00000| Untracked 
|  43|0x0000000082b00000, 0x0000000082c00000, 0x0000000082c00000|100%| O|  |TAMS 0x0000000082c00000, 0x0000000082b00000| Untracked 
|  44|0x0000000082c00000, 0x0000000082d00000, 0x0000000082d00000|100%| O|  |TAMS 0x0000000082d00000, 0x0000000082c00000| Untracked 
|  45|0x0000000082d00000, 0x0000000082e00000, 0x0000000082e00000|100%| O|  |TAMS 0x0000000082e00000, 0x0000000082d00000| Untracked 
|  46|0x0000000082e00000, 0x0000000082f00000, 0x0000000082f00000|100%| O|  |TAMS 0x0000000082f00000, 0x0000000082e00000| Untracked 
|  47|0x0000000082f00000, 0x0000000083000000, 0x0000000083000000|100%| O|  |TAMS 0x0000000083000000, 0x0000000082f00000| Untracked 
|  48|0x0000000083000000, 0x0000000083100000, 0x0000000083100000|100%| O|  |TAMS 0x0000000083100000, 0x0000000083000000| Untracked 
|  49|0x0000000083100000, 0x0000000083200000, 0x0000000083200000|100%| O|  |TAMS 0x0000000083200000, 0x0000000083100000| Untracked 
|  50|0x0000000083200000, 0x0000000083300000, 0x0000000083300000|100%| O|  |TAMS 0x0000000083300000, 0x0000000083200000| Untracked 
|  51|0x0000000083300000, 0x00000000833e7600, 0x0000000083400000| 90%| O|  |TAMS 0x00000000833e7600, 0x0000000083300000| Untracked 
|  52|0x0000000083400000, 0x0000000083500000, 0x0000000083500000|100%|HS|  |TAMS 0x0000000083400000, 0x0000000083400000| Complete 
|  53|0x0000000083500000, 0x0000000083500000, 0x0000000083600000|  0%| F|  |TAMS 0x0000000083500000, 0x0000000083500000| Untracked 
|  54|0x0000000083600000, 0x0000000083600000, 0x0000000083700000|  0%| F|  |TAMS 0x0000000083600000, 0x0000000083600000| Untracked 
|  55|0x0000000083700000, 0x0000000083700000, 0x0000000083800000|  0%| F|  |TAMS 0x0000000083700000, 0x0000000083700000| Untracked 
|  56|0x0000000083800000, 0x0000000083800000, 0x0000000083900000|  0%| F|  |TAMS 0x0000000083800000, 0x0000000083800000| Untracked 
|  57|0x0000000083900000, 0x0000000083900000, 0x0000000083a00000|  0%| F|  |TAMS 0x0000000083900000, 0x0000000083900000| Untracked 
|  58|0x0000000083a00000, 0x0000000083a00000, 0x0000000083b00000|  0%| F|  |TAMS 0x0000000083a00000, 0x0000000083a00000| Untracked 
|  59|0x0000000083b00000, 0x0000000083b00000, 0x0000000083c00000|  0%| F|  |TAMS 0x0000000083b00000, 0x0000000083b00000| Untracked 
|  60|0x0000000083c00000, 0x0000000083c00000, 0x0000000083d00000|  0%| F|  |TAMS 0x0000000083c00000, 0x0000000083c00000| Untracked 
|  61|0x0000000083d00000, 0x0000000083d00000, 0x0000000083e00000|  0%| F|  |TAMS 0x0000000083d00000, 0x0000000083d00000| Untracked 
|  62|0x0000000083e00000, 0x0000000083e00000, 0x0000000083f00000|  0%| F|  |TAMS 0x0000000083e00000, 0x0000000083e00000| Untracked 
|  63|0x0000000083f00000, 0x0000000083f00000, 0x0000000084000000|  0%| F|  |TAMS 0x0000000083f00000, 0x0000000083f00000| Untracked 
|  64|0x0000000084000000, 0x0000000084000000, 0x0000000084100000|  0%| F|  |TAMS 0x0000000084000000, 0x0000000084000000| Untracked 
|  65|0x0000000084100000, 0x0000000084100000, 0x0000000084200000|  0%| F|  |TAMS 0x0000000084100000, 0x0000000084100000| Untracked 
|  66|0x0000000084200000, 0x0000000084200000, 0x0000000084300000|  0%| F|  |TAMS 0x0000000084200000, 0x0000000084200000| Untracked 
|  67|0x0000000084300000, 0x0000000084300000, 0x0000000084400000|  0%| F|  |TAMS 0x0000000084300000, 0x0000000084300000| Untracked 
|  68|0x0000000084400000, 0x0000000084400000, 0x0000000084500000|  0%| F|  |TAMS 0x0000000084400000, 0x0000000084400000| Untracked 
|  69|0x0000000084500000, 0x0000000084500000, 0x0000000084600000|  0%| F|  |TAMS 0x0000000084500000, 0x0000000084500000| Untracked 
|  70|0x0000000084600000, 0x0000000084600000, 0x0000000084700000|  0%| F|  |TAMS 0x0000000084600000, 0x0000000084600000| Untracked 
|  71|0x0000000084700000, 0x0000000084700000, 0x0000000084800000|  0%| F|  |TAMS 0x0000000084700000, 0x0000000084700000| Untracked 
|  72|0x0000000084800000, 0x0000000084800000, 0x0000000084900000|  0%| F|  |TAMS 0x0000000084800000, 0x0000000084800000| Untracked 
|  73|0x0000000084900000, 0x0000000084900000, 0x0000000084a00000|  0%| F|  |TAMS 0x0000000084900000, 0x0000000084900000| Untracked 
|  74|0x0000000084a00000, 0x0000000084a00000, 0x0000000084b00000|  0%| F|  |TAMS 0x0000000084a00000, 0x0000000084a00000| Untracked 
|  75|0x0000000084b00000, 0x0000000084b00000, 0x0000000084c00000|  0%| F|  |TAMS 0x0000000084b00000, 0x0000000084b00000| Untracked 
|  76|0x0000000084c00000, 0x0000000084c00000, 0x0000000084d00000|  0%| F|  |TAMS 0x0000000084c00000, 0x0000000084c00000| Untracked 
|  77|0x0000000084d00000, 0x0000000084d00000, 0x0000000084e00000|  0%| F|  |TAMS 0x0000000084d00000, 0x0000000084d00000| Untracked 
|  78|0x0000000084e00000, 0x0000000084e00000, 0x0000000084f00000|  0%| F|  |TAMS 0x0000000084e00000, 0x0000000084e00000| Untracked 
|  79|0x0000000084f00000, 0x0000000084f00000, 0x0000000085000000|  0%| F|  |TAMS 0x0000000084f00000, 0x0000000084f00000| Untracked 
|  80|0x0000000085000000, 0x0000000085000000, 0x0000000085100000|  0%| F|  |TAMS 0x0000000085000000, 0x0000000085000000| Untracked 
|  81|0x0000000085100000, 0x0000000085100000, 0x0000000085200000|  0%| F|  |TAMS 0x0000000085100000, 0x0000000085100000| Untracked 
|  82|0x0000000085200000, 0x0000000085200000, 0x0000000085300000|  0%| F|  |TAMS 0x0000000085200000, 0x0000000085200000| Untracked 
|  83|0x0000000085300000, 0x0000000085300000, 0x0000000085400000|  0%| F|  |TAMS 0x0000000085300000, 0x0000000085300000| Untracked 
|  84|0x0000000085400000, 0x0000000085400000, 0x0000000085500000|  0%| F|  |TAMS 0x0000000085400000, 0x0000000085400000| Untracked 
|  85|0x0000000085500000, 0x0000000085500000, 0x0000000085600000|  0%| F|  |TAMS 0x0000000085500000, 0x0000000085500000| Untracked 
|  86|0x0000000085600000, 0x0000000085600000, 0x0000000085700000|  0%| F|  |TAMS 0x0000000085600000, 0x0000000085600000| Untracked 
|  87|0x0000000085700000, 0x0000000085700000, 0x0000000085800000|  0%| F|  |TAMS 0x0000000085700000, 0x0000000085700000| Untracked 
|  88|0x0000000085800000, 0x0000000085800000, 0x0000000085900000|  0%| F|  |TAMS 0x0000000085800000, 0x0000000085800000| Untracked 
|  89|0x0000000085900000, 0x0000000085900000, 0x0000000085a00000|  0%| F|  |TAMS 0x0000000085900000, 0x0000000085900000| Untracked 
|  90|0x0000000085a00000, 0x0000000085a00000, 0x0000000085b00000|  0%| F|  |TAMS 0x0000000085a00000, 0x0000000085a00000| Untracked 
|  91|0x0000000085b00000, 0x0000000085b00000, 0x0000000085c00000|  0%| F|  |TAMS 0x0000000085b00000, 0x0000000085b00000| Untracked 
|  92|0x0000000085c00000, 0x0000000085c00000, 0x0000000085d00000|  0%| F|  |TAMS 0x0000000085c00000, 0x0000000085c00000| Untracked 
|  93|0x0000000085d00000, 0x0000000085d00000, 0x0000000085e00000|  0%| F|  |TAMS 0x0000000085d00000, 0x0000000085d00000| Untracked 
|  94|0x0000000085e00000, 0x0000000085e00000, 0x0000000085f00000|  0%| F|  |TAMS 0x0000000085e00000, 0x0000000085e00000| Untracked 
|  95|0x0000000085f00000, 0x0000000085f00000, 0x0000000086000000|  0%| F|  |TAMS 0x0000000085f00000, 0x0000000085f00000| Untracked 
|  96|0x0000000086000000, 0x0000000086000000, 0x0000000086100000|  0%| F|  |TAMS 0x0000000086000000, 0x0000000086000000| Untracked 
|  97|0x0000000086100000, 0x0000000086100000, 0x0000000086200000|  0%| F|  |TAMS 0x0000000086100000, 0x0000000086100000| Untracked 
|  98|0x0000000086200000, 0x0000000086200000, 0x0000000086300000|  0%| F|  |TAMS 0x0000000086200000, 0x0000000086200000| Untracked 
|  99|0x0000000086300000, 0x0000000086300000, 0x0000000086400000|  0%| F|  |TAMS 0x0000000086300000, 0x0000000086300000| Untracked 
| 100|0x0000000086400000, 0x0000000086400000, 0x0000000086500000|  0%| F|  |TAMS 0x0000000086400000, 0x0000000086400000| Untracked 
| 101|0x0000000086500000, 0x00000000865c1548, 0x0000000086600000| 75%| S|CS|TAMS 0x0000000086500000, 0x0000000086500000| Complete 
| 102|0x0000000086600000, 0x0000000086700000, 0x0000000086700000|100%| S|CS|TAMS 0x0000000086600000, 0x0000000086600000| Complete 
| 103|0x0000000086700000, 0x0000000086800000, 0x0000000086800000|100%| S|CS|TAMS 0x0000000086700000, 0x0000000086700000| Complete 
| 104|0x0000000086800000, 0x0000000086900000, 0x0000000086900000|100%| S|CS|TAMS 0x0000000086800000, 0x0000000086800000| Complete 
| 105|0x0000000086900000, 0x0000000086a00000, 0x0000000086a00000|100%| S|CS|TAMS 0x0000000086900000, 0x0000000086900000| Complete 
| 106|0x0000000086a00000, 0x0000000086a00000, 0x0000000086b00000|  0%| F|  |TAMS 0x0000000086a00000, 0x0000000086a00000| Untracked 
| 107|0x0000000086b00000, 0x0000000086b00000, 0x0000000086c00000|  0%| F|  |TAMS 0x0000000086b00000, 0x0000000086b00000| Untracked 
| 108|0x0000000086c00000, 0x0000000086c00000, 0x0000000086d00000|  0%| F|  |TAMS 0x0000000086c00000, 0x0000000086c00000| Untracked 
| 109|0x0000000086d00000, 0x0000000086d00000, 0x0000000086e00000|  0%| F|  |TAMS 0x0000000086d00000, 0x0000000086d00000| Untracked 
| 110|0x0000000086e00000, 0x0000000086e00000, 0x0000000086f00000|  0%| F|  |TAMS 0x0000000086e00000, 0x0000000086e00000| Untracked 
| 111|0x0000000086f00000, 0x0000000086f00000, 0x0000000087000000|  0%| F|  |TAMS 0x0000000086f00000, 0x0000000086f00000| Untracked 
| 112|0x0000000087000000, 0x0000000087000000, 0x0000000087100000|  0%| F|  |TAMS 0x0000000087000000, 0x0000000087000000| Untracked 
| 113|0x0000000087100000, 0x0000000087100000, 0x0000000087200000|  0%| F|  |TAMS 0x0000000087100000, 0x0000000087100000| Untracked 
| 114|0x0000000087200000, 0x0000000087200000, 0x0000000087300000|  0%| F|  |TAMS 0x0000000087200000, 0x0000000087200000| Untracked 
| 115|0x0000000087300000, 0x0000000087300000, 0x0000000087400000|  0%| F|  |TAMS 0x0000000087300000, 0x0000000087300000| Untracked 
| 116|0x0000000087400000, 0x0000000087400000, 0x0000000087500000|  0%| F|  |TAMS 0x0000000087400000, 0x0000000087400000| Untracked 
| 117|0x0000000087500000, 0x0000000087500000, 0x0000000087600000|  0%| F|  |TAMS 0x0000000087500000, 0x0000000087500000| Untracked 
| 118|0x0000000087600000, 0x0000000087600000, 0x0000000087700000|  0%| F|  |TAMS 0x0000000087600000, 0x0000000087600000| Untracked 
| 119|0x0000000087700000, 0x0000000087700000, 0x0000000087800000|  0%| F|  |TAMS 0x0000000087700000, 0x0000000087700000| Untracked 
| 120|0x0000000087800000, 0x0000000087800000, 0x0000000087900000|  0%| F|  |TAMS 0x0000000087800000, 0x0000000087800000| Untracked 
| 121|0x0000000087900000, 0x0000000087900000, 0x0000000087a00000|  0%| F|  |TAMS 0x0000000087900000, 0x0000000087900000| Untracked 
| 122|0x0000000087a00000, 0x0000000087a00000, 0x0000000087b00000|  0%| F|  |TAMS 0x0000000087a00000, 0x0000000087a00000| Untracked 
| 123|0x0000000087b00000, 0x0000000087b00000, 0x0000000087c00000|  0%| F|  |TAMS 0x0000000087b00000, 0x0000000087b00000| Untracked 
| 124|0x0000000087c00000, 0x0000000087c00000, 0x0000000087d00000|  0%| F|  |TAMS 0x0000000087c00000, 0x0000000087c00000| Untracked 
| 125|0x0000000087d00000, 0x0000000087d00000, 0x0000000087e00000|  0%| F|  |TAMS 0x0000000087d00000, 0x0000000087d00000| Untracked 
| 126|0x0000000087e00000, 0x0000000087e00000, 0x0000000087f00000|  0%| F|  |TAMS 0x0000000087e00000, 0x0000000087e00000| Untracked 
| 127|0x0000000087f00000, 0x0000000087f00000, 0x0000000088000000|  0%| F|  |TAMS 0x0000000087f00000, 0x0000000087f00000| Untracked 
| 128|0x0000000088000000, 0x0000000088000000, 0x0000000088100000|  0%| F|  |TAMS 0x0000000088000000, 0x0000000088000000| Untracked 
| 129|0x0000000088100000, 0x0000000088100000, 0x0000000088200000|  0%| F|  |TAMS 0x0000000088100000, 0x0000000088100000| Untracked 
| 130|0x0000000088200000, 0x0000000088200000, 0x0000000088300000|  0%| F|  |TAMS 0x0000000088200000, 0x0000000088200000| Untracked 
| 131|0x0000000088300000, 0x0000000088300000, 0x0000000088400000|  0%| F|  |TAMS 0x0000000088300000, 0x0000000088300000| Untracked 
| 132|0x0000000088400000, 0x0000000088400000, 0x0000000088500000|  0%| F|  |TAMS 0x0000000088400000, 0x0000000088400000| Untracked 
| 133|0x0000000088500000, 0x0000000088500000, 0x0000000088600000|  0%| F|  |TAMS 0x0000000088500000, 0x0000000088500000| Untracked 
| 134|0x0000000088600000, 0x0000000088600000, 0x0000000088700000|  0%| F|  |TAMS 0x0000000088600000, 0x0000000088600000| Untracked 
| 135|0x0000000088700000, 0x0000000088700000, 0x0000000088800000|  0%| F|  |TAMS 0x0000000088700000, 0x0000000088700000| Untracked 
| 136|0x0000000088800000, 0x0000000088900000, 0x0000000088900000|100%| E|  |TAMS 0x0000000088800000, 0x0000000088800000| Complete 
| 137|0x0000000088900000, 0x0000000088a00000, 0x0000000088a00000|100%| E|CS|TAMS 0x0000000088900000, 0x0000000088900000| Complete 
| 138|0x0000000088a00000, 0x0000000088b00000, 0x0000000088b00000|100%| E|CS|TAMS 0x0000000088a00000, 0x0000000088a00000| Complete 
| 139|0x0000000088b00000, 0x0000000088c00000, 0x0000000088c00000|100%| E|CS|TAMS 0x0000000088b00000, 0x0000000088b00000| Complete 
| 140|0x0000000088c00000, 0x0000000088d00000, 0x0000000088d00000|100%| E|CS|TAMS 0x0000000088c00000, 0x0000000088c00000| Complete 
| 141|0x0000000088d00000, 0x0000000088e00000, 0x0000000088e00000|100%| E|CS|TAMS 0x0000000088d00000, 0x0000000088d00000| Complete 
| 142|0x0000000088e00000, 0x0000000088f00000, 0x0000000088f00000|100%| E|CS|TAMS 0x0000000088e00000, 0x0000000088e00000| Complete 
| 143|0x0000000088f00000, 0x0000000089000000, 0x0000000089000000|100%| E|CS|TAMS 0x0000000088f00000, 0x0000000088f00000| Complete 
| 144|0x0000000089000000, 0x0000000089100000, 0x0000000089100000|100%| E|CS|TAMS 0x0000000089000000, 0x0000000089000000| Complete 
| 145|0x0000000089100000, 0x0000000089200000, 0x0000000089200000|100%| E|CS|TAMS 0x0000000089100000, 0x0000000089100000| Complete 
| 146|0x0000000089200000, 0x0000000089300000, 0x0000000089300000|100%| E|CS|TAMS 0x0000000089200000, 0x0000000089200000| Complete 
| 147|0x0000000089300000, 0x0000000089400000, 0x0000000089400000|100%| E|CS|TAMS 0x0000000089300000, 0x0000000089300000| Complete 
| 148|0x0000000089400000, 0x0000000089500000, 0x0000000089500000|100%| E|CS|TAMS 0x0000000089400000, 0x0000000089400000| Complete 
| 149|0x0000000089500000, 0x0000000089600000, 0x0000000089600000|100%| E|CS|TAMS 0x0000000089500000, 0x0000000089500000| Complete 
| 150|0x0000000089600000, 0x0000000089700000, 0x0000000089700000|100%| E|CS|TAMS 0x0000000089600000, 0x0000000089600000| Complete 
| 151|0x0000000089700000, 0x0000000089800000, 0x0000000089800000|100%| E|CS|TAMS 0x0000000089700000, 0x0000000089700000| Complete 
| 152|0x0000000089800000, 0x0000000089900000, 0x0000000089900000|100%| E|CS|TAMS 0x0000000089800000, 0x0000000089800000| Complete 
| 153|0x0000000089900000, 0x0000000089a00000, 0x0000000089a00000|100%| E|CS|TAMS 0x0000000089900000, 0x0000000089900000| Complete 
| 154|0x0000000089a00000, 0x0000000089b00000, 0x0000000089b00000|100%| E|CS|TAMS 0x0000000089a00000, 0x0000000089a00000| Complete 
| 155|0x0000000089b00000, 0x0000000089c00000, 0x0000000089c00000|100%| E|CS|TAMS 0x0000000089b00000, 0x0000000089b00000| Complete 
| 156|0x0000000089c00000, 0x0000000089d00000, 0x0000000089d00000|100%| E|CS|TAMS 0x0000000089c00000, 0x0000000089c00000| Complete 
| 157|0x0000000089d00000, 0x0000000089e00000, 0x0000000089e00000|100%| E|CS|TAMS 0x0000000089d00000, 0x0000000089d00000| Complete 
| 158|0x0000000089e00000, 0x0000000089f00000, 0x0000000089f00000|100%| E|CS|TAMS 0x0000000089e00000, 0x0000000089e00000| Complete 
| 159|0x0000000089f00000, 0x000000008a000000, 0x000000008a000000|100%| E|CS|TAMS 0x0000000089f00000, 0x0000000089f00000| Complete 
| 160|0x000000008a000000, 0x000000008a100000, 0x000000008a100000|100%| E|CS|TAMS 0x000000008a000000, 0x000000008a000000| Complete 
| 161|0x000000008a100000, 0x000000008a200000, 0x000000008a200000|100%| E|CS|TAMS 0x000000008a100000, 0x000000008a100000| Complete 
| 162|0x000000008a200000, 0x000000008a300000, 0x000000008a300000|100%| E|CS|TAMS 0x000000008a200000, 0x000000008a200000| Complete 
| 163|0x000000008a300000, 0x000000008a400000, 0x000000008a400000|100%| E|CS|TAMS 0x000000008a300000, 0x000000008a300000| Complete 
| 164|0x000000008a400000, 0x000000008a500000, 0x000000008a500000|100%| E|CS|TAMS 0x000000008a400000, 0x000000008a400000| Complete 
| 165|0x000000008a500000, 0x000000008a600000, 0x000000008a600000|100%| E|CS|TAMS 0x000000008a500000, 0x000000008a500000| Complete 
| 166|0x000000008a600000, 0x000000008a700000, 0x000000008a700000|100%| E|CS|TAMS 0x000000008a600000, 0x000000008a600000| Complete 
| 167|0x000000008a700000, 0x000000008a800000, 0x000000008a800000|100%| E|CS|TAMS 0x000000008a700000, 0x000000008a700000| Complete 
| 168|0x000000008a800000, 0x000000008a900000, 0x000000008a900000|100%| E|CS|TAMS 0x000000008a800000, 0x000000008a800000| Complete 
| 169|0x000000008a900000, 0x000000008aa00000, 0x000000008aa00000|100%| E|CS|TAMS 0x000000008a900000, 0x000000008a900000| Complete 
| 170|0x000000008aa00000, 0x000000008ab00000, 0x000000008ab00000|100%| E|CS|TAMS 0x000000008aa00000, 0x000000008aa00000| Complete 
| 171|0x000000008ab00000, 0x000000008ac00000, 0x000000008ac00000|100%| E|CS|TAMS 0x000000008ab00000, 0x000000008ab00000| Complete 
| 172|0x000000008ac00000, 0x000000008ad00000, 0x000000008ad00000|100%| E|CS|TAMS 0x000000008ac00000, 0x000000008ac00000| Complete 
| 173|0x000000008ad00000, 0x000000008ae00000, 0x000000008ae00000|100%| E|CS|TAMS 0x000000008ad00000, 0x000000008ad00000| Complete 
| 174|0x000000008ae00000, 0x000000008af00000, 0x000000008af00000|100%| E|CS|TAMS 0x000000008ae00000, 0x000000008ae00000| Complete 
| 175|0x000000008af00000, 0x000000008b000000, 0x000000008b000000|100%| E|CS|TAMS 0x000000008af00000, 0x000000008af00000| Complete 
| 176|0x000000008b000000, 0x000000008b100000, 0x000000008b100000|100%| E|CS|TAMS 0x000000008b000000, 0x000000008b000000| Complete 
| 177|0x000000008b100000, 0x000000008b200000, 0x000000008b200000|100%| E|CS|TAMS 0x000000008b100000, 0x000000008b100000| Complete 
| 178|0x000000008b200000, 0x000000008b300000, 0x000000008b300000|100%| E|CS|TAMS 0x000000008b200000, 0x000000008b200000| Complete 
| 179|0x000000008b300000, 0x000000008b400000, 0x000000008b400000|100%| E|CS|TAMS 0x000000008b300000, 0x000000008b300000| Complete 
| 180|0x000000008b400000, 0x000000008b500000, 0x000000008b500000|100%| E|CS|TAMS 0x000000008b400000, 0x000000008b400000| Complete 
| 181|0x000000008b500000, 0x000000008b600000, 0x000000008b600000|100%| E|CS|TAMS 0x000000008b500000, 0x000000008b500000| Complete 
| 182|0x000000008b600000, 0x000000008b700000, 0x000000008b700000|100%| E|CS|TAMS 0x000000008b600000, 0x000000008b600000| Complete 

Card table byte_map: [0x000001e4fd180000,0x000001e4fd580000] _byte_map_base: 0x000001e4fcd80000

Marking Bits (Prev, Next): (CMBitMap*) 0x000001e4f8f6fc38, (CMBitMap*) 0x000001e4f8f6fc70
 Prev Bits: [0x000001e4fd980000, 0x000001e4ff980000)
 Next Bits: [0x000001e48f000000, 0x000001e491000000)

Polling page: 0x000001e4f8710000

Metaspace:

Usage:
  Non-class:     58.47 MB capacity,    57.46 MB ( 98%) used,   862.92 KB (  1%) free+waste,   171.81 KB ( <1%) overhead. 
      Class:      8.81 MB capacity,     8.24 MB ( 94%) used,   503.14 KB (  6%) free+waste,    79.63 KB ( <1%) overhead. 
       Both:     67.28 MB capacity,    65.70 MB ( 98%) used,     1.33 MB (  2%) free+waste,   251.44 KB ( <1%) overhead. 

Virtual space:
  Non-class space:       60.00 MB reserved,      58.67 MB ( 98%) committed 
      Class space:        1.00 GB reserved,       8.95 MB ( <1%) committed 
             Both:        1.06 GB reserved,      67.62 MB (  6%) committed 

Chunk freelists:
   Non-Class:  16.00 KB
       Class:  34.00 KB
        Both:  50.00 KB

MaxMetaspaceSize: 17179869184.00 GB
CompressedClassSpaceSize: 1.00 GB
Initial GC threshold: 20.80 MB
Current GC threshold: 106.04 MB
CDS: off

CodeHeap 'non-profiled nmethods': size=120000Kb used=3865Kb max_used=3865Kb free=116134Kb
 bounds [0x000001e487ad0000, 0x000001e487ea0000, 0x000001e48f000000]
CodeHeap 'profiled nmethods': size=120000Kb used=14502Kb max_used=14502Kb free=105497Kb
 bounds [0x000001e4805a0000, 0x000001e4813d0000, 0x000001e487ad0000]
CodeHeap 'non-nmethods': size=5760Kb used=2338Kb max_used=2375Kb free=3422Kb
 bounds [0x000001e480000000, 0x000001e480270000, 0x000001e4805a0000]
 total_blobs=7607 nmethods=6754 adapters=765
 compilation: enabled
              stopped_count=0, restarted_count=0
 full_count=0

Compilation events (20 events):
Event: 8.000 Thread 0x000001e493404800 6678       3       java.lang.ClassLoader::getResource (41 bytes)
Event: 8.000 Thread 0x000001e493404800 nmethod 6678 0x000001e481386210 code [0x000001e481386420, 0x000001e4813869f8]
Event: 8.000 Thread 0x000001e493404800 6679       3       com.google.common.cache.LocalCache$LocalLoadingCache::get (9 bytes)
Event: 8.001 Thread 0x000001e493404800 nmethod 6679 0x000001e481386b90 code [0x000001e481386dc0, 0x000001e4813873f8]
Event: 8.001 Thread 0x000001e493404800 6680       3       com.google.common.cache.LocalCache::getOrLoad (10 bytes)
Event: 8.001 Thread 0x000001e493404800 nmethod 6680 0x000001e481387710 code [0x000001e481387940, 0x000001e481387ef8]
Event: 8.001 Thread 0x000001e493404800 6681       3       java.lang.String::lastIndexOf (104 bytes)
Event: 8.002 Thread 0x000001e493404800 nmethod 6681 0x000001e481388190 code [0x000001e4813883a0, 0x000001e481388868]
Event: 8.002 Thread 0x000001e493404800 6683       3       org.gradle.plugin.use.internal.DefaultPluginId::equals (41 bytes)
Event: 8.002 Thread 0x000001e493404800 nmethod 6683 0x000001e481388a10 code [0x000001e481388be0, 0x000001e481388f28]
Event: 8.003 Thread 0x000001e493404800 6684       3       org.gradle.configuration.internal.DefaultUserCodeApplicationContext$CurrentApplication::reapplyLater (10 bytes)
Event: 8.004 Thread 0x000001e493404800 nmethod 6684 0x000001e481389090 code [0x000001e481389260, 0x000001e481389538]
Event: 8.004 Thread 0x000001e493404800 6685       3       org.gradle.configuration.internal.DefaultUserCodeApplicationContext$CurrentApplication$1::<init> (15 bytes)
Event: 8.004 Thread 0x000001e493404800 nmethod 6685 0x000001e481389690 code [0x000001e481389840, 0x000001e481389a58]
Event: 8.004 Thread 0x000001e493404800 6686       3       org.gradle.api.internal.artifacts.configurations.DefaultConfiguration::validateMutation (16 bytes)
Event: 8.004 Thread 0x000001e493404800 nmethod 6686 0x000001e481389b10 code [0x000001e481389ce0, 0x000001e481389f58]
Event: 8.004 Thread 0x000001e493404800 6687       1       org.gradle.internal.event.BroadcastDispatch$SingletonDispatch::access$100 (5 bytes)
Event: 8.004 Thread 0x000001e493404800 nmethod 6687 0x000001e487e92390 code [0x000001e487e92540, 0x000001e487e925d8]
Event: 8.007 Thread 0x000001e493404800 6688       3       org.gradle.plugin.use.internal.DefaultPluginId::hashCode (8 bytes)
Event: 8.007 Thread 0x000001e493404800 nmethod 6688 0x000001e48138a090 code [0x000001e48138a240, 0x000001e48138a368]

GC Heap History (20 events):
Event: 2.330 GC heap before
{Heap before GC invocations=3 (full 0):
 garbage-first heap   total 129024K, used 45580K [0x0000000080000000, 0x0000000100000000)
  region size 1024K, 36 young (36864K), 7 survivors (7168K)
 Metaspace       used 20764K, capacity 21191K, committed 21296K, reserved 1069056K
  class space    used 2527K, capacity 2686K, committed 2688K, reserved 1048576K
}
Event: 2.336 GC heap after
{Heap after GC invocations=4 (full 0):
 garbage-first heap   total 129024K, used 17707K [0x0000000080000000, 0x0000000100000000)
  region size 1024K, 2 young (2048K), 2 survivors (2048K)
 Metaspace       used 20764K, capacity 21191K, committed 21296K, reserved 1069056K
  class space    used 2527K, capacity 2686K, committed 2688K, reserved 1048576K
}
Event: 2.853 GC heap before
{Heap before GC invocations=5 (full 0):
 garbage-first heap   total 129024K, used 68907K [0x0000000080000000, 0x0000000100000000)
  region size 1024K, 52 young (53248K), 2 survivors (2048K)
 Metaspace       used 26235K, capacity 26770K, committed 26876K, reserved 1073152K
  class space    used 3366K, capacity 3575K, committed 3660K, reserved 1048576K
}
Event: 2.856 GC heap after
{Heap after GC invocations=6 (full 0):
 garbage-first heap   total 129024K, used 19558K [0x0000000080000000, 0x0000000100000000)
  region size 1024K, 3 young (3072K), 3 survivors (3072K)
 Metaspace       used 26235K, capacity 26770K, committed 26876K, reserved 1073152K
  class space    used 3366K, capacity 3575K, committed 3660K, reserved 1048576K
}
Event: 3.451 GC heap before
{Heap before GC invocations=6 (full 0):
 garbage-first heap   total 129024K, used 74854K [0x0000000080000000, 0x0000000100000000)
  region size 1024K, 57 young (58368K), 3 survivors (3072K)
 Metaspace       used 32519K, capacity 33272K, committed 33404K, reserved 1079296K
  class space    used 4254K, capacity 4512K, committed 4556K, reserved 1048576K
}
Event: 3.455 GC heap after
{Heap after GC invocations=7 (full 0):
 garbage-first heap   total 129024K, used 21915K [0x0000000080000000, 0x0000000100000000)
  region size 1024K, 6 young (6144K), 6 survivors (6144K)
 Metaspace       used 32519K, capacity 33272K, committed 33404K, reserved 1079296K
  class space    used 4254K, capacity 4512K, committed 4556K, reserved 1048576K
}
Event: 3.588 GC heap before
{Heap before GC invocations=7 (full 0):
 garbage-first heap   total 129024K, used 27035K [0x0000000080000000, 0x0000000100000000)
  region size 1024K, 12 young (12288K), 6 survivors (6144K)
 Metaspace       used 35111K, capacity 35898K, committed 35964K, reserved 1081344K
  class space    used 4495K, capacity 4792K, committed 4812K, reserved 1048576K
}
Event: 3.599 GC heap after
{Heap after GC invocations=8 (full 0):
 garbage-first heap   total 129024K, used 23378K [0x0000000080000000, 0x0000000100000000)
  region size 1024K, 4 young (4096K), 4 survivors (4096K)
 Metaspace       used 35111K, capacity 35898K, committed 35964K, reserved 1081344K
  class space    used 4495K, capacity 4792K, committed 4812K, reserved 1048576K
}
Event: 4.119 GC heap before
{Heap before GC invocations=9 (full 0):
 garbage-first heap   total 129024K, used 83794K [0x0000000080000000, 0x0000000100000000)
  region size 1024K, 61 young (62464K), 4 survivors (4096K)
 Metaspace       used 39633K, capacity 40567K, committed 40700K, reserved 1085440K
  class space    used 5011K, capacity 5364K, committed 5452K, reserved 1048576K
}
Event: 4.126 GC heap after
{Heap after GC invocations=10 (full 0):
 garbage-first heap   total 129024K, used 27626K [0x0000000080000000, 0x0000000100000000)
  region size 1024K, 8 young (8192K), 8 survivors (8192K)
 Metaspace       used 39633K, capacity 40567K, committed 40700K, reserved 1085440K
  class space    used 5011K, capacity 5364K, committed 5452K, reserved 1048576K
}
Event: 4.666 GC heap before
{Heap before GC invocations=10 (full 0):
 garbage-first heap   total 129024K, used 88042K [0x0000000080000000, 0x0000000100000000)
  region size 1024K, 66 young (67584K), 8 survivors (8192K)
 Metaspace       used 44682K, capacity 45848K, committed 45948K, reserved 1089536K
  class space    used 5652K, capacity 6069K, committed 6092K, reserved 1048576K
}
Event: 4.676 GC heap after
{Heap after GC invocations=11 (full 0):
 garbage-first heap   total 155648K, used 30887K [0x0000000080000000, 0x0000000100000000)
  region size 1024K, 8 young (8192K), 8 survivors (8192K)
 Metaspace       used 44682K, capacity 45848K, committed 45948K, reserved 1089536K
  class space    used 5652K, capacity 6069K, committed 6092K, reserved 1048576K
}
Event: 5.555 GC heap before
{Heap before GC invocations=11 (full 0):
 garbage-first heap   total 155648K, used 102567K [0x0000000080000000, 0x0000000100000000)
  region size 1024K, 78 young (79872K), 8 survivors (8192K)
 Metaspace       used 48353K, capacity 49724K, committed 49916K, reserved 1093632K
  class space    used 6118K, capacity 6614K, committed 6732K, reserved 1048576K
}
Event: 5.562 GC heap after
{Heap after GC invocations=12 (full 0):
 garbage-first heap   total 155648K, used 34160K [0x0000000080000000, 0x0000000100000000)
  region size 1024K, 7 young (7168K), 7 survivors (7168K)
 Metaspace       used 48353K, capacity 49724K, committed 49916K, reserved 1093632K
  class space    used 6118K, capacity 6614K, committed 6732K, reserved 1048576K
}
Event: 6.697 GC heap before
{Heap before GC invocations=12 (full 0):
 garbage-first heap   total 155648K, used 121200K [0x0000000080000000, 0x0000000100000000)
  region size 1024K, 84 young (86016K), 7 survivors (7168K)
 Metaspace       used 56206K, capacity 57726K, committed 57852K, reserved 1099776K
  class space    used 7078K, capacity 7665K, committed 7756K, reserved 1048576K
}
Event: 6.705 GC heap after
{Heap after GC invocations=13 (full 0):
 garbage-first heap   total 155648K, used 52177K [0x0000000080000000, 0x0000000100000000)
  region size 1024K, 11 young (11264K), 11 survivors (11264K)
 Metaspace       used 56206K, capacity 57726K, committed 57852K, reserved 1099776K
  class space    used 7078K, capacity 7665K, committed 7756K, reserved 1048576K
}
Event: 6.921 GC heap before
{Heap before GC invocations=13 (full 0):
 garbage-first heap   total 155648K, used 67537K [0x0000000080000000, 0x0000000100000000)
  region size 1024K, 27 young (27648K), 11 survivors (11264K)
 Metaspace       used 58807K, capacity 60379K, committed 60540K, reserved 1101824K
  class space    used 7414K, capacity 8015K, committed 8140K, reserved 1048576K
}
Event: 6.933 GC heap after
{Heap after GC invocations=14 (full 0):
 garbage-first heap   total 155648K, used 54484K [0x0000000080000000, 0x0000000100000000)
  region size 1024K, 2 young (2048K), 2 survivors (2048K)
 Metaspace       used 58807K, capacity 60379K, committed 60540K, reserved 1101824K
  class space    used 7414K, capacity 8015K, committed 8140K, reserved 1048576K
}
Event: 7.411 GC heap before
{Heap before GC invocations=15 (full 0):
 garbage-first heap   total 155648K, used 98516K [0x0000000080000000, 0x0000000100000000)
  region size 1024K, 46 young (47104K), 2 survivors (2048K)
 Metaspace       used 63218K, capacity 64901K, committed 65148K, reserved 1105920K
  class space    used 7945K, capacity 8557K, committed 8652K, reserved 1048576K
}
Event: 7.418 GC heap after
{Heap after GC invocations=16 (full 0):
 garbage-first heap   total 187392K, used 58018K [0x0000000080000000, 0x0000000100000000)
  region size 1024K, 5 young (5120K), 5 survivors (5120K)
 Metaspace       used 63218K, capacity 64901K, committed 65148K, reserved 1105920K
  class space    used 7945K, capacity 8557K, committed 8652K, reserved 1048576K
}

Deoptimization events (20 events):
Event: 7.781 Thread 0x000001e497354800 DEOPT PACKING pc=0x000001e480b33b16 sp=0x000000aec46f7aa0
Event: 7.781 Thread 0x000001e497354800 DEOPT UNPACKING pc=0x000001e48004a95e sp=0x000000aec46f6fb8 mode 0
Event: 7.781 Thread 0x000001e497354800 DEOPT PACKING pc=0x000001e480a44811 sp=0x000000aec46f7ad0
Event: 7.781 Thread 0x000001e497354800 DEOPT UNPACKING pc=0x000001e48004a95e sp=0x000000aec46f6fa8 mode 0
Event: 7.781 Thread 0x000001e497354800 Uncommon trap: trap_request=0xffffff4d fr.pc=0x000001e487bbc184 relative=0x00000000000005c4
Event: 7.781 Thread 0x000001e497354800 Uncommon trap: reason=unstable_if action=reinterpret pc=0x000001e487bbc184 method=java.lang.String.replace(CC)Ljava/lang/String; @ 2 c2
Event: 7.781 Thread 0x000001e497354800 DEOPT PACKING pc=0x000001e487bbc184 sp=0x000000aec46f7bd0
Event: 7.781 Thread 0x000001e497354800 DEOPT UNPACKING pc=0x000001e48004a1af sp=0x000000aec46f7b80 mode 2
Event: 7.810 Thread 0x000001e497354800 Uncommon trap: trap_request=0xffffffde fr.pc=0x000001e487e85b84 relative=0x0000000000002b64
Event: 7.810 Thread 0x000001e497354800 Uncommon trap: reason=class_check action=maybe_recompile pc=0x000001e487e85b84 method=java.util.TreeMap.put(Ljava/lang/Object;Ljava/lang/Object;)Ljava/lang/Object; @ 127 c2
Event: 7.810 Thread 0x000001e497354800 DEOPT PACKING pc=0x000001e487e85b84 sp=0x000000aec46f7ee0
Event: 7.810 Thread 0x000001e497354800 DEOPT UNPACKING pc=0x000001e48004a1af sp=0x000000aec46f7ea8 mode 2
Event: 7.824 Thread 0x000001e497354800 Uncommon trap: trap_request=0xffffff4d fr.pc=0x000001e487de3ff4 relative=0x0000000000000214
Event: 7.824 Thread 0x000001e497354800 Uncommon trap: reason=unstable_if action=reinterpret pc=0x000001e487de3ff4 method=java.lang.invoke.LambdaForm$BasicType.basicType(C)Ljava/lang/invoke/LambdaForm$BasicType; @ 1 c2
Event: 7.824 Thread 0x000001e497354800 DEOPT PACKING pc=0x000001e487de3ff4 sp=0x000000aec46f7af0
Event: 7.824 Thread 0x000001e497354800 DEOPT UNPACKING pc=0x000001e48004a1af sp=0x000000aec46f79d8 mode 2
Event: 7.956 Thread 0x000001e497354800 Uncommon trap: trap_request=0xffffff4d fr.pc=0x000001e487c21b48 relative=0x0000000000004c28
Event: 7.956 Thread 0x000001e497354800 Uncommon trap: reason=unstable_if action=reinterpret pc=0x000001e487c21b48 method=sun.net.www.protocol.jar.Handler.parseURL(Ljava/net/URL;Ljava/lang/String;II)V @ 116 c2
Event: 7.956 Thread 0x000001e497354800 DEOPT PACKING pc=0x000001e487c21b48 sp=0x000000aec46f7e80
Event: 7.956 Thread 0x000001e497354800 DEOPT UNPACKING pc=0x000001e48004a1af sp=0x000000aec46f7d78 mode 2

Classes redefined (0 events):
No events

Internal exceptions (20 events):
Event: 7.175 Thread 0x000001e497354800 Exception <a 'sun/nio/fs/WindowsException'{0x0000000088077ce0}> (0x0000000088077ce0) thrown at [./src/hotspot/share/prims/jni.cpp, line 616]
Event: 7.434 Thread 0x000001e497354800 Exception <a 'java/lang/ClassNotFoundException'{0x000000008b599228}: org/gradle/api/plugins/internal/DefaultBasePluginConventionBeanInfo> (0x000000008b599228) thrown at [./src/hotspot/share/classfile/systemDictionary.cpp, line 231]
Event: 7.435 Thread 0x000001e497354800 Exception <a 'java/lang/ClassNotFoundException'{0x000000008b5d59d8}: org/gradle/api/plugins/BasePluginConventionBeanInfo> (0x000000008b5d59d8) thrown at [./src/hotspot/share/classfile/systemDictionary.cpp, line 231]
Event: 7.436 Thread 0x000001e497354800 Exception <a 'java/lang/ClassNotFoundException'{0x000000008b412860}: org/gradle/api/plugins/BasePluginConventionCustomizer> (0x000000008b412860) thrown at [./src/hotspot/share/classfile/systemDictionary.cpp, line 231]
Event: 7.438 Thread 0x000001e497354800 Exception <a 'java/lang/ClassNotFoundException'{0x000000008b4609d8}: org/gradle/api/plugins/internal/DefaultBasePluginConventionCustomizer> (0x000000008b4609d8) thrown at [./src/hotspot/share/classfile/systemDictionary.cpp, line 231]
Event: 7.441 Thread 0x000001e497354800 Exception <a 'java/lang/ClassNotFoundException'{0x000000008b4e1858}: org/gradle/api/plugins/internal/DefaultJavaPluginConventionBeanInfo> (0x000000008b4e1858) thrown at [./src/hotspot/share/classfile/systemDictionary.cpp, line 231]
Event: 7.443 Thread 0x000001e497354800 Exception <a 'java/lang/ClassNotFoundException'{0x000000008b31e4d8}: org/gradle/api/plugins/JavaPluginConventionBeanInfo> (0x000000008b31e4d8) thrown at [./src/hotspot/share/classfile/systemDictionary.cpp, line 231]
Event: 7.444 Thread 0x000001e497354800 Exception <a 'java/lang/ClassNotFoundException'{0x000000008b35ae80}: org/gradle/api/plugins/JavaPluginConventionCustomizer> (0x000000008b35ae80) thrown at [./src/hotspot/share/classfile/systemDictionary.cpp, line 231]
Event: 7.445 Thread 0x000001e497354800 Exception <a 'java/lang/ClassNotFoundException'{0x000000008b3b2ea0}: org/gradle/api/plugins/internal/DefaultJavaPluginConventionCustomizer> (0x000000008b3b2ea0) thrown at [./src/hotspot/share/classfile/systemDictionary.cpp, line 231]
Event: 7.752 Thread 0x000001e497354800 Exception <a 'java/lang/IncompatibleClassChangeError'{0x0000000089dc8340}: Found class java.lang.Object, but interface was expected> (0x0000000089dc8340) thrown at [./src/hotspot/share/interpreter/linkResolver.cpp, line 839]
Event: 7.786 Thread 0x000001e497354800 Exception <a 'java/lang/ClassNotFoundException'{0x0000000089b8ecf8}: org/gradle/api/internal/project/DefaultAntBuilderBeanInfo> (0x0000000089b8ecf8) thrown at [./src/hotspot/share/classfile/systemDictionary.cpp, line 231]
Event: 7.786 Thread 0x000001e497354800 Exception <a 'java/lang/ClassNotFoundException'{0x0000000089bc3178}: org/gradle/api/internal/project/ant/BasicAntBuilderBeanInfo> (0x0000000089bc3178) thrown at [./src/hotspot/share/classfile/systemDictionary.cpp, line 231]
Event: 7.787 Thread 0x000001e497354800 Exception <a 'java/lang/ClassNotFoundException'{0x0000000089bec9d0}: org/gradle/api/AntBuilderBeanInfo> (0x0000000089bec9d0) thrown at [./src/hotspot/share/classfile/systemDictionary.cpp, line 231]
Event: 7.788 Thread 0x000001e497354800 Exception <a 'java/lang/ClassNotFoundException'{0x0000000089a68318}: groovy/util/AntBuilderBeanInfo> (0x0000000089a68318) thrown at [./src/hotspot/share/classfile/systemDictionary.cpp, line 231]
Event: 7.790 Thread 0x000001e497354800 Exception <a 'java/lang/ClassNotFoundException'{0x0000000089ae4e20}: groovy/util/BuilderSupportBeanInfo> (0x0000000089ae4e20) thrown at [./src/hotspot/share/classfile/systemDictionary.cpp, line 231]
Event: 7.792 Thread 0x000001e497354800 Exception <a 'java/lang/ClassNotFoundException'{0x0000000089962e10}: groovy/util/BuilderSupportCustomizer> (0x0000000089962e10) thrown at [./src/hotspot/share/classfile/systemDictionary.cpp, line 231]
Event: 7.794 Thread 0x000001e497354800 Exception <a 'java/lang/ClassNotFoundException'{0x00000000899e08d0}: groovy/util/AntBuilderCustomizer> (0x00000000899e08d0) thrown at [./src/hotspot/share/classfile/systemDictionary.cpp, line 231]
Event: 7.795 Thread 0x000001e497354800 Exception <a 'java/lang/ClassNotFoundException'{0x0000000089811798}: org/gradle/api/AntBuilderCustomizer> (0x0000000089811798) thrown at [./src/hotspot/share/classfile/systemDictionary.cpp, line 231]
Event: 7.797 Thread 0x000001e497354800 Exception <a 'java/lang/ClassNotFoundException'{0x0000000089851328}: org/gradle/api/internal/project/ant/BasicAntBuilderCustomizer> (0x0000000089851328) thrown at [./src/hotspot/share/classfile/systemDictionary.cpp, line 231]
Event: 7.798 Thread 0x000001e497354800 Exception <a 'java/lang/ClassNotFoundException'{0x0000000089898228}: org/gradle/api/internal/project/DefaultAntBuilderCustomizer> (0x0000000089898228) thrown at [./src/hotspot/share/classfile/systemDictionary.cpp, line 231]

Events (20 events):
Event: 8.004 loading class org/gradle/api/plugins/Convention
Event: 8.004 loading class org/gradle/api/plugins/Convention done
Event: 8.004 loading class org/gradle/api/internal/file/FileCollectionStructureVisitor
Event: 8.004 loading class org/gradle/api/internal/file/FileCollectionStructureVisitor done
Event: 8.004 loading class org/gradle/api/internal/file/FileCollectionInternal
Event: 8.004 loading class org/gradle/api/internal/file/FileCollectionInternal done
Event: 8.004 loading class org/gradle/api/internal/file/FileCollectionStructureVisitor
Event: 8.004 loading class org/gradle/api/internal/file/FileCollectionStructureVisitor done
Event: 8.005 loading class org/gradle/api/internal/file/collections/UnpackingVisitor
Event: 8.005 loading class org/gradle/api/internal/file/collections/UnpackingVisitor done
Event: 8.005 loading class org/gradle/api/internal/file/collections/UnpackingVisitor$SingleFileResolvingFileCollection
Event: 8.005 loading class org/gradle/api/internal/file/collections/UnpackingVisitor$SingleFileResolvingFileCollection done
Event: 8.006 loading class org/jetbrains/kotlin/gradle/plugin/mpp/SyncKotlinAndAndroidSourceSetsKt$syncKotlinAndAndroidSourceDirs$1
Event: 8.006 loading class org/jetbrains/kotlin/gradle/plugin/mpp/SyncKotlinAndAndroidSourceSetsKt$syncKotlinAndAndroidSourceDirs$1 done
Event: 8.007 loading class org/jetbrains/kotlin/gradle/plugin/mpp/SyncKotlinAndAndroidSourceSetsKt$syncKotlinAndAndroidSourceSets$1$1
Event: 8.007 loading class org/jetbrains/kotlin/gradle/plugin/mpp/SyncKotlinAndAndroidSourceSetsKt$syncKotlinAndAndroidSourceSets$1$1 done
Event: 8.007 loading class org/jetbrains/kotlin/gradle/plugin/KotlinPluginKt$ifKaptEnabled$1
Event: 8.007 loading class org/jetbrains/kotlin/gradle/plugin/KotlinPluginKt$ifKaptEnabled$1 done
Event: 8.009 loading class org/jetbrains/kotlin/gradle/internal/Kapt3GradleSubplugin
Event: 8.009 loading class org/jetbrains/kotlin/gradle/internal/Kapt3GradleSubplugin done


Dynamic libraries:
0x00007ff6f3420000 - 0x00007ff6f342a000 	C:\Program Files\Android\Android Studio\jre\bin\java.exe
0x00007ffc850c0000 - 0x00007ffc852c9000 	C:\WINDOWS\SYSTEM32\ntdll.dll
0x00007ffc841e0000 - 0x00007ffc8429d000 	C:\WINDOWS\System32\KERNEL32.DLL
0x00007ffc82930000 - 0x00007ffc82cab000 	C:\WINDOWS\System32\KERNELBASE.dll
0x00007ffc82750000 - 0x00007ffc82861000 	C:\WINDOWS\System32\ucrtbase.dll
0x00007ffc47d40000 - 0x00007ffc47d57000 	C:\Program Files\Android\Android Studio\jre\bin\VCRUNTIME140.dll
0x00007ffc44860000 - 0x00007ffc44879000 	C:\Program Files\Android\Android Studio\jre\bin\jli.dll
0x00007ffc84640000 - 0x00007ffc847ed000 	C:\WINDOWS\System32\USER32.dll
0x00007ffc82f10000 - 0x00007ffc82f36000 	C:\WINDOWS\System32\win32u.dll
0x00007ffc6dda0000 - 0x00007ffc6e045000 	C:\WINDOWS\WinSxS\amd64_microsoft.windows.common-controls_6595b64144ccf1df_6.0.22000.120_none_9d947278b86cc467\COMCTL32.dll
0x00007ffc84110000 - 0x00007ffc84139000 	C:\WINDOWS\System32\GDI32.dll
0x00007ffc83eb0000 - 0x00007ffc83f53000 	C:\WINDOWS\System32\msvcrt.dll
0x00007ffc82590000 - 0x00007ffc826a8000 	C:\WINDOWS\System32\gdi32full.dll
0x00007ffc826b0000 - 0x00007ffc8274d000 	C:\WINDOWS\System32\msvcp_win.dll
0x00007ffc85040000 - 0x00007ffc85071000 	C:\WINDOWS\System32\IMM32.DLL
0x00007ffc17c40000 - 0x00007ffc17cdd000 	C:\Program Files\Android\Android Studio\jre\bin\msvcp140.dll
0x00007ffbfae60000 - 0x00007ffbfb962000 	C:\Program Files\Android\Android Studio\jre\bin\server\jvm.dll
0x00007ffc83e00000 - 0x00007ffc83eae000 	C:\WINDOWS\System32\ADVAPI32.dll
0x00007ffc84140000 - 0x00007ffc841de000 	C:\WINDOWS\System32\sechost.dll
0x00007ffc82f40000 - 0x00007ffc83060000 	C:\WINDOWS\System32\RPCRT4.dll
0x00007ffc83980000 - 0x00007ffc83988000 	C:\WINDOWS\System32\PSAPI.DLL
0x00007ffc72130000 - 0x00007ffc72163000 	C:\WINDOWS\SYSTEM32\WINMM.dll
0x00007ffc6c020000 - 0x00007ffc6c029000 	C:\WINDOWS\SYSTEM32\WSOCK32.dll
0x00007ffc7abf0000 - 0x00007ffc7abfa000 	C:\WINDOWS\SYSTEM32\VERSION.dll
0x00007ffc84fd0000 - 0x00007ffc8503f000 	C:\WINDOWS\System32\WS2_32.dll
0x00007ffc81700000 - 0x00007ffc81718000 	C:\WINDOWS\SYSTEM32\kernel.appcore.dll
0x00007ffc7d590000 - 0x00007ffc7d5a1000 	C:\Program Files\Android\Android Studio\jre\bin\verify.dll
0x00007ffc7fd60000 - 0x00007ffc7ff81000 	C:\WINDOWS\SYSTEM32\DBGHELP.DLL
0x00007ffc680a0000 - 0x00007ffc680d1000 	C:\WINDOWS\SYSTEM32\dbgcore.DLL
0x00007ffc82d20000 - 0x00007ffc82d9f000 	C:\WINDOWS\System32\bcryptPrimitives.dll
0x00007ffc6fcd0000 - 0x00007ffc6fcf9000 	C:\Program Files\Android\Android Studio\jre\bin\java.dll
0x00007ffc7e950000 - 0x00007ffc7e95b000 	C:\Program Files\Android\Android Studio\jre\bin\jimage.dll
0x00007ffc6fbd0000 - 0x00007ffc6fbe8000 	C:\Program Files\Android\Android Studio\jre\bin\zip.dll
0x00007ffc83060000 - 0x00007ffc83818000 	C:\WINDOWS\System32\SHELL32.dll
0x00007ffc80680000 - 0x00007ffc80ee5000 	C:\WINDOWS\SYSTEM32\windows.storage.dll
0x00007ffc84c50000 - 0x00007ffc84fc7000 	C:\WINDOWS\System32\combase.dll
0x00007ffc80510000 - 0x00007ffc80676000 	C:\WINDOWS\SYSTEM32\wintypes.dll
0x00007ffc84300000 - 0x00007ffc843ea000 	C:\WINDOWS\System32\SHCORE.dll
0x00007ffc842a0000 - 0x00007ffc842fd000 	C:\WINDOWS\System32\shlwapi.dll
0x00007ffc824c0000 - 0x00007ffc824e1000 	C:\WINDOWS\SYSTEM32\profapi.dll
0x00007ffc6fbb0000 - 0x00007ffc6fbca000 	C:\Program Files\Android\Android Studio\jre\bin\net.dll
0x00007ffc7bdf0000 - 0x00007ffc7befc000 	C:\WINDOWS\SYSTEM32\WINHTTP.dll
0x00007ffc81ba0000 - 0x00007ffc81c07000 	C:\WINDOWS\system32\mswsock.dll
0x00007ffc6fb90000 - 0x00007ffc6fba4000 	C:\Program Files\Android\Android Studio\jre\bin\nio.dll
0x00007ffc6fa50000 - 0x00007ffc6fa77000 	C:\Users\marcd\.gradle\native\e1d6ef7f7dcc3fd88c89a11ec53ec762bb8ba0a96d01ffa2cd45eb1d1d8dd5c5\windows-amd64\native-platform.dll
0x00007ffc0fa70000 - 0x00007ffc0fbb4000 	C:\Users\marcd\.gradle\native\5664cfc778a61ccfe75a443a1ab52a65af34e5dc3c78e0209fed803814484fcb\windows-amd64\native-platform-file-events.dll
0x00007ffc7e840000 - 0x00007ffc7e84a000 	C:\Program Files\Android\Android Studio\jre\bin\management.dll
0x00007ffc7d7c0000 - 0x00007ffc7d7cd000 	C:\Program Files\Android\Android Studio\jre\bin\management_ext.dll
0x00007ffc81df0000 - 0x00007ffc81e08000 	C:\WINDOWS\SYSTEM32\CRYPTSP.dll
0x00007ffc81660000 - 0x00007ffc81695000 	C:\WINDOWS\system32\rsaenh.dll
0x00007ffc81c90000 - 0x00007ffc81cb9000 	C:\WINDOWS\SYSTEM32\USERENV.dll
0x00007ffc81f70000 - 0x00007ffc81f97000 	C:\WINDOWS\SYSTEM32\bcrypt.dll
0x00007ffc81de0000 - 0x00007ffc81dec000 	C:\WINDOWS\SYSTEM32\CRYPTBASE.dll
0x00007ffc811b0000 - 0x00007ffc811dd000 	C:\WINDOWS\SYSTEM32\IPHLPAPI.DLL
0x00007ffc83820000 - 0x00007ffc83829000 	C:\WINDOWS\System32\NSI.dll
0x00007ffc7c650000 - 0x00007ffc7c669000 	C:\WINDOWS\SYSTEM32\dhcpcsvc6.DLL
0x00007ffc7c3c0000 - 0x00007ffc7c3de000 	C:\WINDOWS\SYSTEM32\dhcpcsvc.DLL
0x00007ffc81230000 - 0x00007ffc81318000 	C:\WINDOWS\SYSTEM32\DNSAPI.dll

dbghelp: loaded successfully - version: 4.0.5 - missing functions: none
symbol engine: initialized successfully - sym options: 0x614 - pdb path: .;C:\Program Files\Android\Android Studio\jre\bin;C:\WINDOWS\SYSTEM32;C:\WINDOWS\WinSxS\amd64_microsoft.windows.common-controls_6595b64144ccf1df_6.0.22000.120_none_9d947278b86cc467;C:\Program Files\Android\Android Studio\jre\bin\server;C:\Users\marcd\.gradle\native\e1d6ef7f7dcc3fd88c89a11ec53ec762bb8ba0a96d01ffa2cd45eb1d1d8dd5c5\windows-amd64;C:\Users\marcd\.gradle\native\5664cfc778a61ccfe75a443a1ab52a65af34e5dc3c78e0209fed803814484fcb\windows-amd64

VM Arguments:
jvm_args: --add-opens=java.base/java.util=ALL-UNNAMED --add-opens=java.base/java.lang=ALL-UNNAMED --add-opens=java.base/java.lang.invoke=ALL-UNNAMED --add-opens=java.base/java.util=ALL-UNNAMED --add-opens=java.prefs/java.util.prefs=ALL-UNNAMED --add-opens=java.prefs/java.util.prefs=ALL-UNNAMED --add-opens=java.base/java.nio.charset=ALL-UNNAMED --add-opens=java.base/java.net=ALL-UNNAMED --add-opens=java.base/java.util.concurrent.atomic=ALL-UNNAMED -Xmx2048m -Dfile.encoding=UTF-8 -Duser.country=PH -Duser.language=en -Duser.variant 
java_command: org.gradle.launcher.daemon.bootstrap.GradleDaemon 7.3.3
java_class_path (initial): C:\Users\marcd\.gradle\wrapper\dists\gradle-7.3.3-bin\6a41zxkdtcxs8rphpq6y0069z\gradle-7.3.3\lib\gradle-launcher-7.3.3.jar
Launcher Type: SUN_STANDARD

[Global flags]
     intx CICompilerCount                          = 4                                         {product} {ergonomic}
     uint ConcGCThreads                            = 2                                         {product} {ergonomic}
     uint G1ConcRefinementThreads                  = 8                                         {product} {ergonomic}
   size_t G1HeapRegionSize                         = 1048576                                   {product} {ergonomic}
    uintx GCDrainStackTargetSize                   = 64                                        {product} {ergonomic}
   size_t InitialHeapSize                          = 132120576                                 {product} {ergonomic}
   size_t MarkStackSize                            = 4194304                                   {product} {ergonomic}
   size_t MaxHeapSize                              = 2147483648                                {product} {command line}
   size_t MaxNewSize                               = 1287651328                                {product} {ergonomic}
   size_t MinHeapDeltaBytes                        = 1048576                                   {product} {ergonomic}
    uintx NonNMethodCodeHeapSize                   = 5836300                                {pd product} {ergonomic}
    uintx NonProfiledCodeHeapSize                  = 122910970                              {pd product} {ergonomic}
    uintx ProfiledCodeHeapSize                     = 122910970                              {pd product} {ergonomic}
    uintx ReservedCodeCacheSize                    = 251658240                              {pd product} {ergonomic}
     bool SegmentedCodeCache                       = true                                      {product} {ergonomic}
     bool UseCompressedClassPointers               = true                                 {lp64_product} {ergonomic}
     bool UseCompressedOops                        = true                                 {lp64_product} {ergonomic}
     bool UseG1GC                                  = true                                      {product} {ergonomic}
     bool UseLargePagesIndividualAllocation        = false                                  {pd product} {ergonomic}

Logging:
Log output configuration:
 #0: stdout all=warning uptime,level,tags
 #1: stderr all=off uptime,level,tags

Environment Variables:
JAVA_HOME=C:\Program Files\Java\jdk-11.0.16
PATH=C:\Program Files\Common Files\Oracle\Java\javapath;C:\Windows\system32;C:\Windows;C:\Windows\System32\Wbem;C:\Windows\System32\WindowsPowerShell\v1.0\;C:\Windows\System32\OpenSSH\;C:\Program Files (x86)\NVIDIA Corporation\PhysX\Common;C:\Program Files\NVIDIA Corporation\NVIDIA NvDLISR;C:\WINDOWS\system32;C:\WINDOWS;C:\WINDOWS\System32\Wbem;C:\WINDOWS\System32\WindowsPowerShell\v1.0\;C:\WINDOWS\System32\OpenSSH\;C:\Program Files\dotnet\;C:\Program Files\Microsoft VS Code\bin;C:\Program Files\nodejs\;C:\Program Files\Java\jdk-11.0.16\bin;C:\Program Files\MATLAB\R2022b\bin;C:\Program Files\Git\cmd;C:\Users\marcd\AppData\Local\Microsoft\WindowsApps;C:\Users\marcd\AppData\Roaming\npm;C:\Users\marcd\AppData\Local\GitHubDesktop\bin
USERNAME=marcd
OS=Windows_NT
PROCESSOR_IDENTIFIER=Intel64 Family 6 Model 158 Stepping 10, GenuineIntel



---------------  S Y S T E M  ---------------

OS: Windows 11 , 64 bit Build 22000 (10.0.22000.708)
OS uptime: 0 days 20:57 hours

CPU:total 8 (initial active 8) (4 cores per cpu, 2 threads per core) family 6 model 158 stepping 10 microcode 0xde, cmov, cx8, fxsr, mmx, sse, sse2, sse3, ssse3, sse4.1, sse4.2, popcnt, avx, avx2, aes, clmul, erms, 3dnowpref, lzcnt, ht, tsc, tscinvbit, bmi1, bmi2, adx, fma

Memory: 4k page, system-wide physical 8044M (392M free)
TotalPageFile size 16236M (AvailPageFile size 6M)
current process WorkingSet (physical memory assigned to process): 399M, peak: 401M
current process commit charge ("private bytes"): 441M, peak: 442M

vm_info: OpenJDK 64-Bit Server VM (11.0.13+0-b1751.21-8125866) for windows-amd64 JRE (11.0.13+0-b1751.21-8125866), built on Feb  2 2022 03:00:22 by "builder" with MS VC++ 14.0 (VS2015)

END.
