#
# There is insufficient memory for the Java Runtime Environment to continue.
# Native memory allocation (mmap) failed to map 216006656 bytes for Failed to commit area from 0x000000008ed00000 to 0x000000009bb00000 of length 216006656.
# Possible reasons:
#   The system is out of physical RAM or swap space
#   The process is running with CompressedOops enabled, and the Java Heap may be blocking the growth of the native heap
# Possible solutions:
#   Reduce memory load on the system
#   Increase physical memory or swap space
#   Check if swap backing store is full
#   Decrease Java heap size (-Xmx/-Xms)
#   Decrease number of Java threads
#   Decrease Java thread stack sizes (-Xss)
#   Set larger code cache with -XX:ReservedCodeCacheSize=
#   JVM is running with Unscaled Compressed Oops mode in which the Java heap is
#     placed in the first 4GB address space. The Java Heap base address is the
#     maximum limit for the native heap growth. Please use -XX:HeapBaseMinAddress
#     to set the Java Heap base and to place the Java Heap above 4GB virtual address.
# This output file may be truncated or incomplete.
#
#  Out of Memory Error (./src/hotspot/os/windows/os_windows.cpp:3619), pid=21528, tid=2352
#
# JRE version: OpenJDK Runtime Environment (11.0.13) (build 11.0.13+0-b1751.21-8125866)
# Java VM: OpenJDK 64-Bit Server VM (11.0.13+0-b1751.21-8125866, mixed mode, tiered, compressed oops, g1 gc, windows-amd64)
# No core dump will be written. Minidumps are not enabled by default on client versions of Windows
#

---------------  S U M M A R Y ------------

Command Line: --add-opens=java.base/java.util=ALL-UNNAMED --add-opens=java.base/java.lang=ALL-UNNAMED --add-opens=java.base/java.lang.invoke=ALL-UNNAMED --add-opens=java.base/java.util=ALL-UNNAMED --add-opens=java.prefs/java.util.prefs=ALL-UNNAMED --add-opens=java.prefs/java.util.prefs=ALL-UNNAMED --add-opens=java.base/java.nio.charset=ALL-UNNAMED --add-opens=java.base/java.net=ALL-UNNAMED --add-opens=java.base/java.util.concurrent.atomic=ALL-UNNAMED -Xmx2048m -Dfile.encoding=UTF-8 -Duser.country=PH -Duser.language=en -Duser.variant org.gradle.launcher.daemon.bootstrap.GradleDaemon 7.3.3

Host: Intel(R) Core(TM) i5-9300H CPU @ 2.40GHz, 8 cores, 7G,  Windows 11 , 64 bit Build 22000 (10.0.22000.708)
Time: Fri Oct 28 14:18:16 2022 Malay Peninsula Standard Time elapsed time: 73.912180 seconds (0d 0h 1m 13s)

---------------  T H R E A D  ---------------

Current thread (0x0000020719c90000):  VMThread "VM Thread" [stack: 0x000000e1c5200000,0x000000e1c5300000] [id=2352]

Stack: [0x000000e1c5200000,0x000000e1c5300000]
[error occurred during error reporting (printing stack bounds), id 0xc0000005, EXCEPTION_ACCESS_VIOLATION (0xc0000005) at pc=0x0000020703a4112d]

Native frames: (J=compiled Java code, j=interpreted, Vv=VM code, C=native code)
V  [jvm.dll+0x6100fa]
V  [jvm.dll+0x747090]
V  [jvm.dll+0x7486ad]
V  [jvm.dll+0x748ce5]
V  [jvm.dll+0x748c9b]
V  [jvm.dll+0x60f224]
V  [jvm.dll+0x60f9b8]
C  [ntdll.dll+0xa8b1f]
C  [ntdll.dll+0x35b9a]
C  [ntdll.dll+0xa7b2e]
C  0x0000020703a4112d

VM_Operation (0x000000e1ce5fcb80): G1CollectForAllocation, mode: safepoint, requested by thread 0x000002071fe98800


---------------  P R O C E S S  ---------------

Threads class SMR info:
_java_thread_list=0x000002071dd3aa40, length=144, elements={
0x000002077f76c000, 0x0000020719c92000, 0x0000020719c9b800, 0x0000020719cb3800,
0x0000020719cb4800, 0x0000020719cb5800, 0x0000020719cb9000, 0x0000020719cbb000,
0x000002071a612800, 0x000002071a778000, 0x000002071d2b6800, 0x000002071a873000,
0x000002071c50c800, 0x000002071d158800, 0x000002071c0fe000, 0x000002071d5a4800,
0x000002071d5a9000, 0x000002071d5a3000, 0x000002071d5a9800, 0x000002071d5a6800,
0x000002071e127800, 0x000002071e12b800, 0x000002071e128000, 0x000002071e12a800,
0x000002071e125800, 0x000002071dbe7000, 0x000002071dbe4000, 0x000002071dbe3000,
0x000002071dbe8000, 0x000002071dbe2000, 0x000002071dbe5800, 0x000002071d24e000,
0x000002071d250800, 0x000002071d24f000, 0x000002071d24f800, 0x000002071d24b000,
0x000002071d251800, 0x000002071d24b800, 0x000002071d252000, 0x000002071d24c800,
0x000002071d24d000, 0x000002071d254000, 0x000002071d255800, 0x000002071d258800,
0x000002071d257000, 0x000002071d258000, 0x000002071d253000, 0x000002071d254800,
0x000002071d259800, 0x000002071e126800, 0x000002071e12a000, 0x000002071e12f800,
0x000002071e131000, 0x000002071e12c800, 0x000002071e130800, 0x000002071e132000,
0x000002071e12e000, 0x000002071e12e800, 0x000002071e12d000, 0x000002071e133000,
0x000002071e133800, 0x000002071e134800, 0x000002071dbdd800, 0x000002071dbd9800,
0x000002071dbde000, 0x000002071dbdf000, 0x000002071dbda000, 0x000002071dbe0000,
0x000002071dbe0800, 0x000002071dbdb000, 0x000002071dbe1800, 0x000002071dbdc800,
0x000002071dbdb800, 0x000002071dbe4800, 0x000002071dbe6800, 0x000002071d5a7000,
0x000002071d5a4000, 0x000002071d5a8000, 0x000002071d5a5800, 0x00000207244d4800,
0x00000207244cf000, 0x00000207244d3000, 0x00000207244d0000, 0x00000207244d2000,
0x00000207244d4000, 0x00000207244d5800, 0x00000207244d6800, 0x00000207244d0800,
0x00000207244d7000, 0x00000207244d1800, 0x00000207244dd800, 0x00000207244d9000,
0x00000207244d9800, 0x00000207244db000, 0x00000207244dc000, 0x00000207244dd000,
0x00000207244da800, 0x00000207244d8000, 0x0000020726950800, 0x0000020726956000,
0x0000020726953800, 0x0000020726957000, 0x0000020726952800, 0x0000020726954800,
0x0000020726955000, 0x0000020726951000, 0x0000020726957800, 0x0000020726952000,
0x000002072695d800, 0x0000020726958800, 0x000002072695e000, 0x0000020726959800,
0x000002072695a000, 0x000002072695b800, 0x000002072695f000, 0x000002072695c800,
0x000002072695b000, 0x000002071b5fe000, 0x000002071b5fd000, 0x000002071b5fe800,
0x000002071b5fc000, 0x000002071b5f9000, 0x000002071b5ff800, 0x000002071b5fa000,
0x000002071b600800, 0x000002071b5fa800, 0x000002071b606000, 0x000002071b607000,
0x000002071b601000, 0x000002071b607800, 0x000002071b602000, 0x000002071b603800,
0x000002071b602800, 0x000002071b604800, 0x000002071b605000, 0x000002071fe9c000,
0x000002071fe97000, 0x000002071fe98000, 0x000002071fe98800, 0x000002071fe99800,
0x000002071fe9a800, 0x000002071fe9b000, 0x000002071fe9d800, 0x000002071fe9c800
}

Java Threads: ( => current thread )
  0x000002077f76c000 JavaThread "main" [_thread_blocked, id=21292, stack(0x000000e1c4c00000,0x000000e1c4d00000)]
  0x0000020719c92000 JavaThread "Reference Handler" daemon [_thread_blocked, id=22376, stack(0x000000e1c5300000,0x000000e1c5400000)]
  0x0000020719c9b800 JavaThread "Finalizer" daemon [_thread_blocked, id=10440, stack(0x000000e1c5400000,0x000000e1c5500000)]
  0x0000020719cb3800 JavaThread "Signal Dispatcher" daemon [_thread_blocked, id=16548, stack(0x000000e1c5500000,0x000000e1c5600000)]
  0x0000020719cb4800 JavaThread "Attach Listener" daemon [_thread_blocked, id=20328, stack(0x000000e1c5600000,0x000000e1c5700000)]
  0x0000020719cb5800 JavaThread "Service Thread" daemon [_thread_blocked, id=15516, stack(0x000000e1c5700000,0x000000e1c5800000)]
  0x0000020719cb9000 JavaThread "C2 CompilerThread0" daemon [_thread_blocked, id=19924, stack(0x000000e1c5800000,0x000000e1c5900000)]
  0x0000020719cbb000 JavaThread "C1 CompilerThread0" daemon [_thread_blocked, id=32, stack(0x000000e1c5900000,0x000000e1c5a00000)]
  0x000002071a612800 JavaThread "Sweeper thread" daemon [_thread_blocked, id=8280, stack(0x000000e1c5a00000,0x000000e1c5b00000)]
  0x000002071a778000 JavaThread "Common-Cleaner" daemon [_thread_blocked, id=23380, stack(0x000000e1c5b00000,0x000000e1c5c00000)]
  0x000002071d2b6800 JavaThread "Daemon health stats" [_thread_blocked, id=2760, stack(0x000000e1c6000000,0x000000e1c6100000)]
  0x000002071a873000 JavaThread "Incoming local TCP Connector on port 55849" [_thread_in_native, id=5316, stack(0x000000e1c5d00000,0x000000e1c5e00000)]
  0x000002071c50c800 JavaThread "Daemon periodic checks" [_thread_blocked, id=12536, stack(0x000000e1c6100000,0x000000e1c6200000)]
  0x000002071d158800 JavaThread "Daemon" [_thread_blocked, id=10572, stack(0x000000e1c6200000,0x000000e1c6300000)]
  0x000002071c0fe000 JavaThread "Daemon worker" [_thread_blocked, id=3404, stack(0x000000e1c6500000,0x000000e1c6600000)]
  0x000002071d5a4800 JavaThread "Cache worker for journal cache (C:\Users\marcd\.gradle\caches\journal-1)" [_thread_blocked, id=21148, stack(0x000000e1c6f00000,0x000000e1c7000000)]
  0x000002071d5a9000 JavaThread "File lock request listener" [_thread_in_native, id=21744, stack(0x000000e1c7000000,0x000000e1c7100000)]
  0x000002071d5a3000 JavaThread "Cache worker for file hash cache (C:\Users\marcd\.gradle\caches\7.3.3\fileHashes)" [_thread_blocked, id=23004, stack(0x000000e1c7100000,0x000000e1c7200000)]
  0x000002071d5a9800 JavaThread "File watcher server" daemon [_thread_blocked, id=1252, stack(0x000000e1c7400000,0x000000e1c7500000)]
  0x000002071d5a6800 JavaThread "File watcher consumer" daemon [_thread_blocked, id=1116, stack(0x000000e1c7500000,0x000000e1c7600000)]
  0x000002071e127800 JavaThread "Cache worker for execution history cache (C:\Users\marcd\.gradle\caches\7.3.3\executionHistory)" [_thread_blocked, id=13292, stack(0x000000e1c7900000,0x000000e1c7a00000)]
  0x000002071e12b800 JavaThread "jar transforms" [_thread_blocked, id=22756, stack(0x000000e1c7a00000,0x000000e1c7b00000)]
  0x000002071e128000 JavaThread "Cache worker for file content cache (C:\Users\marcd\.gradle\caches\7.3.3\fileContent)" [_thread_blocked, id=10656, stack(0x000000e1c7b00000,0x000000e1c7c00000)]
  0x000002071e12a800 JavaThread "jar transforms Thread 2" [_thread_blocked, id=21004, stack(0x000000e1c7c00000,0x000000e1c7d00000)]
  0x000002071e125800 JavaThread "jar transforms Thread 3" [_thread_blocked, id=7644, stack(0x000000e1c7e00000,0x000000e1c7f00000)]
  0x000002071dbe7000 JavaThread "jar transforms Thread 4" [_thread_blocked, id=23800, stack(0x000000e1ccf00000,0x000000e1cd000000)]
  0x000002071dbe4000 JavaThread "jar transforms Thread 5" [_thread_blocked, id=23804, stack(0x000000e1cd000000,0x000000e1cd100000)]
  0x000002071dbe3000 JavaThread "jar transforms Thread 6" [_thread_blocked, id=23808, stack(0x000000e1cd100000,0x000000e1cd200000)]
  0x000002071dbe8000 JavaThread "jar transforms Thread 7" [_thread_blocked, id=23812, stack(0x000000e1cd200000,0x000000e1cd300000)]
  0x000002071dbe2000 JavaThread "jar transforms Thread 8" [_thread_blocked, id=23816, stack(0x000000e1cd300000,0x000000e1cd400000)]
  0x000002071dbe5800 JavaThread "Memory manager" [_thread_blocked, id=24416, stack(0x000000e1cd400000,0x000000e1cd500000)]
  0x000002071d24e000 JavaThread "Handler for socket connection from /127.0.0.1:55849 to /127.0.0.1:56063" [_thread_in_native, id=3320, stack(0x000000e1c4a00000,0x000000e1c4b00000)]
  0x000002071d250800 JavaThread "Cancel handler" [_thread_blocked, id=4876, stack(0x000000e1c4b00000,0x000000e1c4c00000)]
  0x000002071d24f000 JavaThread "Asynchronous log dispatcher for DefaultDaemonConnection: socket connection from /127.0.0.1:55849 to /127.0.0.1:56063" [_thread_blocked, id=20436, stack(0x000000e1c6300000,0x000000e1c6400000)]
  0x000002071d24f800 JavaThread "Stdin handler" [_thread_blocked, id=3684, stack(0x000000e1c6400000,0x000000e1c6500000)]
  0x000002071d24b000 JavaThread "Daemon client event forwarder" [_thread_blocked, id=7028, stack(0x000000e1c6600000,0x000000e1c6700000)]
  0x000002071d251800 JavaThread "Cache worker for file hash cache (C:\Users\marcd\Documents\GitHub\FirePh\FirePH_BAMM-master\.gradle\7.3.3\fileHashes)" [_thread_blocked, id=1996, stack(0x000000e1c6700000,0x000000e1c6800000)]
  0x000002071d24b800 JavaThread "Cache worker for checksums cache (C:\Users\marcd\Documents\GitHub\FirePh\FirePH_BAMM-master\.gradle\7.3.3\checksums)" [_thread_blocked, id=8620, stack(0x000000e1c6800000,0x000000e1c6900000)]
  0x000002071d252000 JavaThread "Cache worker for cache directory md-supplier (C:\Users\marcd\.gradle\caches\7.3.3\md-supplier)" [_thread_blocked, id=3248, stack(0x000000e1c6900000,0x000000e1c6a00000)]
  0x000002071d24c800 JavaThread "Cache worker for cache directory md-rule (C:\Users\marcd\.gradle\caches\7.3.3\md-rule)" [_thread_blocked, id=3500, stack(0x000000e1c7300000,0x000000e1c7400000)]
  0x000002071d24d000 JavaThread "Cache worker for dependencies-accessors (C:\Users\marcd\Documents\GitHub\FirePh\FirePH_BAMM-master\.gradle\7.3.3\dependencies-accessors)" [_thread_blocked, id=19728, stack(0x000000e1c7600000,0x000000e1c7700000)]
  0x000002071d254000 JavaThread "Cache worker for Build Output Cleanup Cache (C:\Users\marcd\Documents\GitHub\FirePh\FirePH_BAMM-master\.gradle\buildOutputCleanup)" [_thread_blocked, id=17068, stack(0x000000e1c7700000,0x000000e1c7800000)]
  0x000002071d255800 JavaThread "Unconstrained build operations" [_thread_blocked, id=23392, stack(0x000000e1c7800000,0x000000e1c7900000)]
  0x000002071d258800 JavaThread "Unconstrained build operations Thread 2" [_thread_blocked, id=18392, stack(0x000000e1c7d00000,0x000000e1c7e00000)]
  0x000002071d257000 JavaThread "Unconstrained build operations Thread 3" [_thread_blocked, id=12960, stack(0x000000e1c7f00000,0x000000e1c8000000)]
  0x000002071d258000 JavaThread "Unconstrained build operations Thread 4" [_thread_blocked, id=13468, stack(0x000000e1c8000000,0x000000e1c8100000)]
  0x000002071d253000 JavaThread "Unconstrained build operations Thread 5" [_thread_blocked, id=12984, stack(0x000000e1c8100000,0x000000e1c8200000)]
  0x000002071d254800 JavaThread "Unconstrained build operations Thread 6" [_thread_blocked, id=13000, stack(0x000000e1c8200000,0x000000e1c8300000)]
  0x000002071d259800 JavaThread "Unconstrained build operations Thread 7" [_thread_blocked, id=13008, stack(0x000000e1c8300000,0x000000e1c8400000)]
  0x000002071e126800 JavaThread "Unconstrained build operations Thread 8" [_thread_blocked, id=12084, stack(0x000000e1c8400000,0x000000e1c8500000)]
  0x000002071e12a000 JavaThread "Unconstrained build operations Thread 9" [_thread_blocked, id=17864, stack(0x000000e1c8500000,0x000000e1c8600000)]
  0x000002071e12f800 JavaThread "Unconstrained build operations Thread 10" [_thread_blocked, id=16136, stack(0x000000e1c8600000,0x000000e1c8700000)]
  0x000002071e131000 JavaThread "Unconstrained build operations Thread 11" [_thread_blocked, id=16088, stack(0x000000e1c8700000,0x000000e1c8800000)]
  0x000002071e12c800 JavaThread "Unconstrained build operations Thread 12" [_thread_blocked, id=13256, stack(0x000000e1c8800000,0x000000e1c8900000)]
  0x000002071e130800 JavaThread "Unconstrained build operations Thread 13" [_thread_blocked, id=13004, stack(0x000000e1c8900000,0x000000e1c8a00000)]
  0x000002071e132000 JavaThread "Unconstrained build operations Thread 14" [_thread_blocked, id=15168, stack(0x000000e1c8a00000,0x000000e1c8b00000)]
  0x000002071e12e000 JavaThread "Unconstrained build operations Thread 15" [_thread_blocked, id=16076, stack(0x000000e1c8b00000,0x000000e1c8c00000)]
  0x000002071e12e800 JavaThread "Unconstrained build operations Thread 16" [_thread_blocked, id=6664, stack(0x000000e1c8c00000,0x000000e1c8d00000)]
  0x000002071e12d000 JavaThread "Unconstrained build operations Thread 17" [_thread_blocked, id=7116, stack(0x000000e1c8d00000,0x000000e1c8e00000)]
  0x000002071e133000 JavaThread "Unconstrained build operations Thread 18" [_thread_blocked, id=3528, stack(0x000000e1c8e00000,0x000000e1c8f00000)]
  0x000002071e133800 JavaThread "Unconstrained build operations Thread 19" [_thread_blocked, id=13448, stack(0x000000e1c8f00000,0x000000e1c9000000)]
  0x000002071e134800 JavaThread "Unconstrained build operations Thread 20" [_thread_blocked, id=7524, stack(0x000000e1c9000000,0x000000e1c9100000)]
  0x000002071dbdd800 JavaThread "Unconstrained build operations Thread 21" [_thread_blocked, id=23996, stack(0x000000e1c9100000,0x000000e1c9200000)]
  0x000002071dbd9800 JavaThread "Unconstrained build operations Thread 22" [_thread_blocked, id=18176, stack(0x000000e1c9200000,0x000000e1c9300000)]
  0x000002071dbde000 JavaThread "Unconstrained build operations Thread 23" [_thread_blocked, id=11844, stack(0x000000e1c9300000,0x000000e1c9400000)]
  0x000002071dbdf000 JavaThread "Unconstrained build operations Thread 24" [_thread_blocked, id=4468, stack(0x000000e1c9400000,0x000000e1c9500000)]
  0x000002071dbda000 JavaThread "Unconstrained build operations Thread 25" [_thread_blocked, id=23176, stack(0x000000e1c9500000,0x000000e1c9600000)]
  0x000002071dbe0000 JavaThread "Unconstrained build operations Thread 26" [_thread_blocked, id=14480, stack(0x000000e1c9600000,0x000000e1c9700000)]
  0x000002071dbe0800 JavaThread "Unconstrained build operations Thread 27" [_thread_blocked, id=6860, stack(0x000000e1c9700000,0x000000e1c9800000)]
  0x000002071dbdb000 JavaThread "Unconstrained build operations Thread 28" [_thread_blocked, id=7600, stack(0x000000e1c9800000,0x000000e1c9900000)]
  0x000002071dbe1800 JavaThread "Unconstrained build operations Thread 29" [_thread_blocked, id=10044, stack(0x000000e1c9900000,0x000000e1c9a00000)]
  0x000002071dbdc800 JavaThread "Unconstrained build operations Thread 30" [_thread_blocked, id=20432, stack(0x000000e1c9a00000,0x000000e1c9b00000)]
  0x000002071dbdb800 JavaThread "Unconstrained build operations Thread 31" [_thread_blocked, id=11784, stack(0x000000e1c9b00000,0x000000e1c9c00000)]
  0x000002071dbe4800 JavaThread "Unconstrained build operations Thread 32" [_thread_blocked, id=20372, stack(0x000000e1c9c00000,0x000000e1c9d00000)]
  0x000002071dbe6800 JavaThread "Unconstrained build operations Thread 33" [_thread_blocked, id=7520, stack(0x000000e1c9d00000,0x000000e1c9e00000)]
  0x000002071d5a7000 JavaThread "Unconstrained build operations Thread 34" [_thread_blocked, id=19332, stack(0x000000e1c9e00000,0x000000e1c9f00000)]
  0x000002071d5a4000 JavaThread "Unconstrained build operations Thread 35" [_thread_blocked, id=10228, stack(0x000000e1c9f00000,0x000000e1ca000000)]
  0x000002071d5a8000 JavaThread "Unconstrained build operations Thread 36" [_thread_blocked, id=14468, stack(0x000000e1ca000000,0x000000e1ca100000)]
  0x000002071d5a5800 JavaThread "Unconstrained build operations Thread 37" [_thread_blocked, id=9984, stack(0x000000e1ca100000,0x000000e1ca200000)]
  0x00000207244d4800 JavaThread "Unconstrained build operations Thread 38" [_thread_blocked, id=6416, stack(0x000000e1ca200000,0x000000e1ca300000)]
  0x00000207244cf000 JavaThread "Unconstrained build operations Thread 39" [_thread_blocked, id=11896, stack(0x000000e1ca300000,0x000000e1ca400000)]
  0x00000207244d3000 JavaThread "Unconstrained build operations Thread 40" [_thread_blocked, id=15884, stack(0x000000e1ca400000,0x000000e1ca500000)]
  0x00000207244d0000 JavaThread "Unconstrained build operations Thread 41" [_thread_blocked, id=7856, stack(0x000000e1ca500000,0x000000e1ca600000)]
  0x00000207244d2000 JavaThread "Unconstrained build operations Thread 42" [_thread_blocked, id=7604, stack(0x000000e1ca600000,0x000000e1ca700000)]
  0x00000207244d4000 JavaThread "Unconstrained build operations Thread 43" [_thread_blocked, id=2632, stack(0x000000e1ca700000,0x000000e1ca800000)]
  0x00000207244d5800 JavaThread "Unconstrained build operations Thread 44" [_thread_blocked, id=24032, stack(0x000000e1ca800000,0x000000e1ca900000)]
  0x00000207244d6800 JavaThread "Unconstrained build operations Thread 45" [_thread_blocked, id=5960, stack(0x000000e1ca900000,0x000000e1caa00000)]
  0x00000207244d0800 JavaThread "Unconstrained build operations Thread 46" [_thread_blocked, id=16888, stack(0x000000e1caa00000,0x000000e1cab00000)]
  0x00000207244d7000 JavaThread "Unconstrained build operations Thread 47" [_thread_blocked, id=12608, stack(0x000000e1cab00000,0x000000e1cac00000)]
  0x00000207244d1800 JavaThread "Unconstrained build operations Thread 48" [_thread_blocked, id=20100, stack(0x000000e1cac00000,0x000000e1cad00000)]
  0x00000207244dd800 JavaThread "Unconstrained build operations Thread 49" [_thread_blocked, id=16292, stack(0x000000e1cad00000,0x000000e1cae00000)]
  0x00000207244d9000 JavaThread "Unconstrained build operations Thread 50" [_thread_blocked, id=24024, stack(0x000000e1cae00000,0x000000e1caf00000)]
  0x00000207244d9800 JavaThread "Unconstrained build operations Thread 51" [_thread_blocked, id=13272, stack(0x000000e1caf00000,0x000000e1cb000000)]
  0x00000207244db000 JavaThread "Unconstrained build operations Thread 52" [_thread_blocked, id=16984, stack(0x000000e1cb000000,0x000000e1cb100000)]
  0x00000207244dc000 JavaThread "Unconstrained build operations Thread 53" [_thread_blocked, id=23920, stack(0x000000e1cb100000,0x000000e1cb200000)]
  0x00000207244dd000 JavaThread "Unconstrained build operations Thread 54" [_thread_blocked, id=24572, stack(0x000000e1cb200000,0x000000e1cb300000)]
  0x00000207244da800 JavaThread "Unconstrained build operations Thread 55" [_thread_blocked, id=10060, stack(0x000000e1cb300000,0x000000e1cb400000)]
  0x00000207244d8000 JavaThread "Unconstrained build operations Thread 56" [_thread_blocked, id=6560, stack(0x000000e1cb400000,0x000000e1cb500000)]
  0x0000020726950800 JavaThread "Unconstrained build operations Thread 57" [_thread_blocked, id=18252, stack(0x000000e1cb500000,0x000000e1cb600000)]
  0x0000020726956000 JavaThread "Unconstrained build operations Thread 58" [_thread_blocked, id=20716, stack(0x000000e1cb600000,0x000000e1cb700000)]
  0x0000020726953800 JavaThread "Unconstrained build operations Thread 59" [_thread_blocked, id=3328, stack(0x000000e1cb700000,0x000000e1cb800000)]
  0x0000020726957000 JavaThread "Unconstrained build operations Thread 60" [_thread_blocked, id=15028, stack(0x000000e1cb800000,0x000000e1cb900000)]
  0x0000020726952800 JavaThread "Unconstrained build operations Thread 61" [_thread_blocked, id=19080, stack(0x000000e1cb900000,0x000000e1cba00000)]
  0x0000020726954800 JavaThread "Unconstrained build operations Thread 62" [_thread_blocked, id=10152, stack(0x000000e1cba00000,0x000000e1cbb00000)]
  0x0000020726955000 JavaThread "Unconstrained build operations Thread 63" [_thread_blocked, id=20620, stack(0x000000e1cbb00000,0x000000e1cbc00000)]
  0x0000020726951000 JavaThread "Unconstrained build operations Thread 64" [_thread_blocked, id=13608, stack(0x000000e1cbc00000,0x000000e1cbd00000)]
  0x0000020726957800 JavaThread "Unconstrained build operations Thread 65" [_thread_blocked, id=22364, stack(0x000000e1cbd00000,0x000000e1cbe00000)]
  0x0000020726952000 JavaThread "Unconstrained build operations Thread 66" [_thread_blocked, id=15620, stack(0x000000e1cbe00000,0x000000e1cbf00000)]
  0x000002072695d800 JavaThread "Unconstrained build operations Thread 67" [_thread_blocked, id=1736, stack(0x000000e1cbf00000,0x000000e1cc000000)]
  0x0000020726958800 JavaThread "Unconstrained build operations Thread 68" [_thread_blocked, id=15640, stack(0x000000e1cc000000,0x000000e1cc100000)]
  0x000002072695e000 JavaThread "Unconstrained build operations Thread 69" [_thread_blocked, id=11592, stack(0x000000e1cc100000,0x000000e1cc200000)]
  0x0000020726959800 JavaThread "Unconstrained build operations Thread 70" [_thread_blocked, id=15500, stack(0x000000e1cc200000,0x000000e1cc300000)]
  0x000002072695a000 JavaThread "Unconstrained build operations Thread 71" [_thread_blocked, id=24028, stack(0x000000e1cc300000,0x000000e1cc400000)]
  0x000002072695b800 JavaThread "Unconstrained build operations Thread 72" [_thread_blocked, id=12044, stack(0x000000e1cc400000,0x000000e1cc500000)]
  0x000002072695f000 JavaThread "Unconstrained build operations Thread 73" [_thread_blocked, id=22612, stack(0x000000e1cc500000,0x000000e1cc600000)]
  0x000002072695c800 JavaThread "Unconstrained build operations Thread 74" [_thread_blocked, id=5484, stack(0x000000e1cc600000,0x000000e1cc700000)]
  0x000002072695b000 JavaThread "Unconstrained build operations Thread 75" [_thread_blocked, id=5744, stack(0x000000e1cc700000,0x000000e1cc800000)]
  0x000002071b5fe000 JavaThread "Unconstrained build operations Thread 76" [_thread_blocked, id=8960, stack(0x000000e1cc800000,0x000000e1cc900000)]
  0x000002071b5fd000 JavaThread "Unconstrained build operations Thread 77" [_thread_blocked, id=20296, stack(0x000000e1cc900000,0x000000e1cca00000)]
  0x000002071b5fe800 JavaThread "Unconstrained build operations Thread 78" [_thread_blocked, id=23056, stack(0x000000e1cca00000,0x000000e1ccb00000)]
  0x000002071b5fc000 JavaThread "Unconstrained build operations Thread 79" [_thread_blocked, id=12588, stack(0x000000e1ccb00000,0x000000e1ccc00000)]
  0x000002071b5f9000 JavaThread "Unconstrained build operations Thread 80" [_thread_blocked, id=11860, stack(0x000000e1ccc00000,0x000000e1ccd00000)]
  0x000002071b5ff800 JavaThread "build event listener" [_thread_blocked, id=15316, stack(0x000000e1ccd00000,0x000000e1cce00000)]
  0x000002071b5fa000 JavaThread "build event listener" [_thread_blocked, id=15600, stack(0x000000e1cce00000,0x000000e1ccf00000)]
  0x000002071b600800 JavaThread "Execution worker for ':'" [_thread_blocked, id=18748, stack(0x000000e1cd500000,0x000000e1cd600000)]
  0x000002071b5fa800 JavaThread "Execution worker for ':' Thread 2" [_thread_blocked, id=15056, stack(0x000000e1cd600000,0x000000e1cd700000)]
  0x000002071b606000 JavaThread "Execution worker for ':' Thread 3" [_thread_blocked, id=17820, stack(0x000000e1cd700000,0x000000e1cd800000)]
  0x000002071b607000 JavaThread "Execution worker for ':' Thread 4" [_thread_blocked, id=23596, stack(0x000000e1cda00000,0x000000e1cdb00000)]
  0x000002071b601000 JavaThread "Execution worker for ':' Thread 5" [_thread_blocked, id=23740, stack(0x000000e1cdb00000,0x000000e1cdc00000)]
  0x000002071b607800 JavaThread "Execution worker for ':' Thread 6" [_thread_blocked, id=23768, stack(0x000000e1cdc00000,0x000000e1cdd00000)]
  0x000002071b602000 JavaThread "Execution worker for ':' Thread 7" [_thread_blocked, id=23728, stack(0x000000e1cdd00000,0x000000e1cde00000)]
  0x000002071b603800 JavaThread "Cache worker for execution history cache (C:\Users\marcd\Documents\GitHub\FirePh\FirePH_BAMM-master\.gradle\7.3.3\executionHistory)" [_thread_blocked, id=21020, stack(0x000000e1cde00000,0x000000e1cdf00000)]
  0x000002071b602800 JavaThread "WorkerExecutor Queue" [_thread_blocked, id=23680, stack(0x000000e1cdf00000,0x000000e1ce000000)]
  0x000002071b604800 JavaThread "WorkerExecutor Queue Thread 2" [_thread_blocked, id=23748, stack(0x000000e1ce000000,0x000000e1ce100000)]
  0x000002071b605000 JavaThread "WorkerExecutor Queue Thread 3" [_thread_blocked, id=2460, stack(0x000000e1ce100000,0x000000e1ce200000)]
  0x000002071fe9c000 JavaThread "WorkerExecutor Queue Thread 4" [_thread_blocked, id=5160, stack(0x000000e1ce200000,0x000000e1ce300000)]
  0x000002071fe97000 JavaThread "WorkerExecutor Queue Thread 5" [_thread_blocked, id=23600, stack(0x000000e1ce300000,0x000000e1ce400000)]
  0x000002071fe98000 JavaThread "WorkerExecutor Queue Thread 6" [_thread_blocked, id=7980, stack(0x000000e1ce400000,0x000000e1ce500000)]
  0x000002071fe98800 JavaThread "WorkerExecutor Queue Thread 7" [_thread_blocked, id=23712, stack(0x000000e1ce500000,0x000000e1ce600000)]
  0x000002071fe99800 JavaThread "WorkerExecutor Queue Thread 8" [_thread_blocked, id=3804, stack(0x000000e1ce600000,0x000000e1ce700000)]
  0x000002071fe9a800 JavaThread "WorkerExecutor Queue Thread 9" [_thread_blocked, id=23636, stack(0x000000e1ce700000,0x000000e1ce800000)]
  0x000002071fe9b000 JavaThread "pool-7-thread-1" [_thread_blocked, id=23688, stack(0x000000e1ce800000,0x000000e1ce900000)]
  0x000002071fe9d800 JavaThread "stderr" [_thread_in_native, id=23692, stack(0x000000e1ce900000,0x000000e1cea00000)]
  0x000002071fe9c800 JavaThread "stdout" [_thread_in_native, id=23576, stack(0x000000e1cea00000,0x000000e1ceb00000)]

Other Threads:
=>0x0000020719c90000 VMThread "VM Thread" [stack: 0x000000e1c5200000,0x000000e1c5300000] [id=2352]
  0x000002071a7a3800 WatcherThread [stack: 0x000000e1c5c00000,0x000000e1c5d00000] [id=22764]
  0x000002077f787800 GCTaskThread "GC Thread#0" [stack: 0x000000e1c4d00000,0x000000e1c4e00000] [id=21884]
  0x000002071ac3a000 GCTaskThread "GC Thread#1" [stack: 0x000000e1c5e00000,0x000000e1c5f00000] [id=14408]
  0x000002071b27f800 GCTaskThread "GC Thread#2" [stack: 0x000000e1c5f00000,0x000000e1c6000000] [id=21164]
  0x000002071d881000 GCTaskThread "GC Thread#3" [stack: 0x000000e1c6a00000,0x000000e1c6b00000] [id=12124]
  0x000002071c5aa800 GCTaskThread "GC Thread#4" [stack: 0x000000e1c6b00000,0x000000e1c6c00000] [id=15596]
  0x000002071b994800 GCTaskThread "GC Thread#5" [stack: 0x000000e1c6c00000,0x000000e1c6d00000] [id=16448]
  0x000002071ba23800 GCTaskThread "GC Thread#6" [stack: 0x000000e1c6d00000,0x000000e1c6e00000] [id=21384]
  0x000002071c3f8000 GCTaskThread "GC Thread#7" [stack: 0x000000e1c6e00000,0x000000e1c6f00000] [id=13052]
  0x000002077f7b9800 ConcurrentGCThread "G1 Main Marker" [stack: 0x000000e1c4e00000,0x000000e1c4f00000] [id=22836]
  0x000002077f7bb800 ConcurrentGCThread "G1 Conc#0" [stack: 0x000000e1c4f00000,0x000000e1c5000000] [id=7624]
  0x000002071c96e000 ConcurrentGCThread "G1 Conc#1" [stack: 0x000000e1c7200000,0x000000e1c7300000] [id=1120]
  0x0000020719ae0800 ConcurrentGCThread "G1 Refine#0" [stack: 0x000000e1c5000000,0x000000e1c5100000] [id=20440]
  0x0000020719ae1800 ConcurrentGCThread "G1 Young RemSet Sampling" [stack: 0x000000e1c5100000,0x000000e1c5200000] [id=7612]

Threads with active compile tasks:
C2 CompilerThread0  74039 16665 %     4       com.android.tools.r8.dex.j::m @ 14 (2094 bytes)

VM state:at safepoint (normal execution)

VM Mutex/Monitor currently owned by a thread:  ([mutex/lock_event])
[0x000002077f7690b0] Threads_lock - owner thread: 0x0000020719c90000
[0x000002077f7694a0] Heap_lock - owner thread: 0x000002071fe98800

Heap address: 0x0000000080000000, size: 2048 MB, Compressed Oops mode: 32-bit
Narrow klass base: 0x0000000000000000, Narrow klass shift: 3
Compressed class space size: 1073741824 Address: 0x0000000100000000

Heap:
 garbage-first heap   total 453632K, used 219363K [0x0000000080000000, 0x0000000100000000)
  region size 1024K, 2 young (2048K), 2 survivors (2048K)
 Metaspace       used 108464K, capacity 111183K, committed 111312K, reserved 1146880K
  class space    used 13575K, capacity 14546K, committed 14668K, reserved 1048576K
Heap Regions: E=young(eden), S=young(survivor), O=old, HS=humongous(starts), HC=humongous(continues), CS=collection set, F=free, A=archive, TAMS=top-at-mark-start (previous, next)
|   0|0x0000000080000000, 0x0000000080100000, 0x0000000080100000|100%| O|  |TAMS 0x0000000080100000, 0x0000000080000000| Untracked 
|   1|0x0000000080100000, 0x0000000080200000, 0x0000000080200000|100%| O|  |TAMS 0x0000000080200000, 0x0000000080100000| Untracked 
|   2|0x0000000080200000, 0x0000000080300000, 0x0000000080300000|100%| O|  |TAMS 0x0000000080300000, 0x0000000080200000| Untracked 
|   3|0x0000000080300000, 0x0000000080400000, 0x0000000080400000|100%|HS|  |TAMS 0x0000000080400000, 0x0000000080300000| Complete 
|   4|0x0000000080400000, 0x0000000080500000, 0x0000000080500000|100%|HC|  |TAMS 0x0000000080500000, 0x0000000080400000| Complete 
|   5|0x0000000080500000, 0x0000000080600000, 0x0000000080600000|100%|HC|  |TAMS 0x0000000080600000, 0x0000000080500000| Complete 
|   6|0x0000000080600000, 0x0000000080700000, 0x0000000080700000|100%| O|  |TAMS 0x0000000080700000, 0x0000000080600000| Untracked 
|   7|0x0000000080700000, 0x0000000080800000, 0x0000000080800000|100%| O|  |TAMS 0x0000000080800000, 0x0000000080700000| Complete 
|   8|0x0000000080800000, 0x0000000080900000, 0x0000000080900000|100%| O|  |TAMS 0x0000000080900000, 0x0000000080800000| Untracked 
|   9|0x0000000080900000, 0x0000000080a00000, 0x0000000080a00000|100%| O|  |TAMS 0x0000000080a00000, 0x0000000080900000| Untracked 
|  10|0x0000000080a00000, 0x0000000080b00000, 0x0000000080b00000|100%| O|  |TAMS 0x0000000080b00000, 0x0000000080a00000| Untracked 
|  11|0x0000000080b00000, 0x0000000080c00000, 0x0000000080c00000|100%| O|  |TAMS 0x0000000080c00000, 0x0000000080b00000| Untracked 
|  12|0x0000000080c00000, 0x0000000080d00000, 0x0000000080d00000|100%|HS|  |TAMS 0x0000000080d00000, 0x0000000080c00000| Complete 
|  13|0x0000000080d00000, 0x0000000080e00000, 0x0000000080e00000|100%| O|  |TAMS 0x0000000080e00000, 0x0000000080d00000| Untracked 
|  14|0x0000000080e00000, 0x0000000080f00000, 0x0000000080f00000|100%| O|  |TAMS 0x0000000080f00000, 0x0000000080e00000| Untracked 
|  15|0x0000000080f00000, 0x0000000081000000, 0x0000000081000000|100%| O|  |TAMS 0x0000000081000000, 0x0000000080f00000| Untracked 
|  16|0x0000000081000000, 0x0000000081100000, 0x0000000081100000|100%| O|  |TAMS 0x0000000081100000, 0x0000000081000000| Untracked 
|  17|0x0000000081100000, 0x0000000081200000, 0x0000000081200000|100%|HS|  |TAMS 0x0000000081200000, 0x0000000081100000| Complete 
|  18|0x0000000081200000, 0x0000000081300000, 0x0000000081300000|100%| O|  |TAMS 0x0000000081300000, 0x0000000081200000| Untracked 
|  19|0x0000000081300000, 0x0000000081400000, 0x0000000081400000|100%| O|  |TAMS 0x0000000081400000, 0x0000000081300000| Untracked 
|  20|0x0000000081400000, 0x0000000081500000, 0x0000000081500000|100%| O|  |TAMS 0x0000000081500000, 0x0000000081400000| Untracked 
|  21|0x0000000081500000, 0x0000000081600000, 0x0000000081600000|100%| O|  |TAMS 0x0000000081600000, 0x0000000081500000| Complete 
|  22|0x0000000081600000, 0x0000000081700000, 0x0000000081700000|100%| O|  |TAMS 0x0000000081700000, 0x0000000081600000| Untracked 
|  23|0x0000000081700000, 0x0000000081800000, 0x0000000081800000|100%| O|  |TAMS 0x0000000081800000, 0x0000000081700000| Complete 
|  24|0x0000000081800000, 0x0000000081900000, 0x0000000081900000|100%|HS|  |TAMS 0x0000000081900000, 0x0000000081800000| Complete 
|  25|0x0000000081900000, 0x0000000081a00000, 0x0000000081a00000|100%|HS|  |TAMS 0x0000000081a00000, 0x0000000081900000| Complete 
|  26|0x0000000081a00000, 0x0000000081b00000, 0x0000000081b00000|100%|HS|  |TAMS 0x0000000081b00000, 0x0000000081a00000| Complete 
|  27|0x0000000081b00000, 0x0000000081c00000, 0x0000000081c00000|100%|HC|  |TAMS 0x0000000081c00000, 0x0000000081b00000| Complete 
|  28|0x0000000081c00000, 0x0000000081d00000, 0x0000000081d00000|100%|HC|  |TAMS 0x0000000081d00000, 0x0000000081c00000| Complete 
|  29|0x0000000081d00000, 0x0000000081e00000, 0x0000000081e00000|100%|HS|  |TAMS 0x0000000081e00000, 0x0000000081d00000| Complete 
|  30|0x0000000081e00000, 0x0000000081f00000, 0x0000000081f00000|100%|HC|  |TAMS 0x0000000081f00000, 0x0000000081e00000| Complete 
|  31|0x0000000081f00000, 0x0000000082000000, 0x0000000082000000|100%| O|  |TAMS 0x0000000082000000, 0x0000000081f00000| Untracked 
|  32|0x0000000082000000, 0x0000000082100000, 0x0000000082100000|100%| O|  |TAMS 0x0000000082100000, 0x0000000082000000| Untracked 
|  33|0x0000000082100000, 0x0000000082200000, 0x0000000082200000|100%| O|  |TAMS 0x0000000082200000, 0x0000000082100000| Untracked 
|  34|0x0000000082200000, 0x0000000082300000, 0x0000000082300000|100%|HS|  |TAMS 0x0000000082300000, 0x0000000082200000| Complete 
|  35|0x0000000082300000, 0x0000000082400000, 0x0000000082400000|100%| O|  |TAMS 0x0000000082400000, 0x0000000082300000| Complete 
|  36|0x0000000082400000, 0x0000000082500000, 0x0000000082500000|100%| O|  |TAMS 0x0000000082500000, 0x0000000082400000| Untracked 
|  37|0x0000000082500000, 0x0000000082600000, 0x0000000082600000|100%| O|  |TAMS 0x0000000082600000, 0x0000000082500000| Complete 
|  38|0x0000000082600000, 0x0000000082700000, 0x0000000082700000|100%| O|  |TAMS 0x0000000082700000, 0x0000000082600000| Untracked 
|  39|0x0000000082700000, 0x0000000082800000, 0x0000000082800000|100%| O|  |TAMS 0x0000000082800000, 0x0000000082700000| Untracked 
|  40|0x0000000082800000, 0x0000000082900000, 0x0000000082900000|100%| O|  |TAMS 0x0000000082900000, 0x0000000082800000| Untracked 
|  41|0x0000000082900000, 0x0000000082a00000, 0x0000000082a00000|100%| O|  |TAMS 0x0000000082a00000, 0x0000000082900000| Untracked 
|  42|0x0000000082a00000, 0x0000000082b00000, 0x0000000082b00000|100%| O|  |TAMS 0x0000000082b00000, 0x0000000082a00000| Untracked 
|  43|0x0000000082b00000, 0x0000000082c00000, 0x0000000082c00000|100%| O|  |TAMS 0x0000000082c00000, 0x0000000082b00000| Untracked 
|  44|0x0000000082c00000, 0x0000000082d00000, 0x0000000082d00000|100%| O|  |TAMS 0x0000000082d00000, 0x0000000082c00000| Untracked 
|  45|0x0000000082d00000, 0x0000000082e00000, 0x0000000082e00000|100%| O|  |TAMS 0x0000000082e00000, 0x0000000082d00000| Complete 
|  46|0x0000000082e00000, 0x0000000082f00000, 0x0000000082f00000|100%| O|  |TAMS 0x0000000082f00000, 0x0000000082e00000| Untracked 
|  47|0x0000000082f00000, 0x0000000083000000, 0x0000000083000000|100%| O|  |TAMS 0x0000000083000000, 0x0000000082f00000| Complete 
|  48|0x0000000083000000, 0x0000000083100000, 0x0000000083100000|100%|HS|  |TAMS 0x0000000083100000, 0x0000000083000000| Complete 
|  49|0x0000000083100000, 0x0000000083200000, 0x0000000083200000|100%| O|  |TAMS 0x0000000083200000, 0x0000000083100000| Complete 
|  50|0x0000000083200000, 0x0000000083300000, 0x0000000083300000|100%| O|  |TAMS 0x0000000083300000, 0x0000000083200000| Complete 
|  51|0x0000000083300000, 0x0000000083400000, 0x0000000083400000|100%| O|  |TAMS 0x0000000083400000, 0x0000000083300000| Untracked 
|  52|0x0000000083400000, 0x0000000083500000, 0x0000000083500000|100%| O|  |TAMS 0x0000000083500000, 0x0000000083400000| Untracked 
|  53|0x0000000083500000, 0x0000000083600000, 0x0000000083600000|100%| O|  |TAMS 0x0000000083600000, 0x0000000083500000| Complete 
|  54|0x0000000083600000, 0x0000000083700000, 0x0000000083700000|100%| O|  |TAMS 0x0000000083700000, 0x0000000083600000| Complete 
|  55|0x0000000083700000, 0x0000000083800000, 0x0000000083800000|100%| O|  |TAMS 0x0000000083800000, 0x0000000083700000| Untracked 
|  56|0x0000000083800000, 0x0000000083900000, 0x0000000083900000|100%| O|  |TAMS 0x0000000083900000, 0x0000000083800000| Untracked 
|  57|0x0000000083900000, 0x0000000083a00000, 0x0000000083a00000|100%| O|  |TAMS 0x0000000083a00000, 0x0000000083900000| Complete 
|  58|0x0000000083a00000, 0x0000000083b00000, 0x0000000083b00000|100%| O|  |TAMS 0x0000000083b00000, 0x0000000083a00000| Complete 
|  59|0x0000000083b00000, 0x0000000083c00000, 0x0000000083c00000|100%| O|  |TAMS 0x0000000083c00000, 0x0000000083b00000| Complete 
|  60|0x0000000083c00000, 0x0000000083d00000, 0x0000000083d00000|100%| O|  |TAMS 0x0000000083d00000, 0x0000000083c00000| Complete 
|  61|0x0000000083d00000, 0x0000000083e00000, 0x0000000083e00000|100%| O|  |TAMS 0x0000000083e00000, 0x0000000083d00000| Complete 
|  62|0x0000000083e00000, 0x0000000083f00000, 0x0000000083f00000|100%| O|  |TAMS 0x0000000083f00000, 0x0000000083e00000| Complete 
|  63|0x0000000083f00000, 0x0000000084000000, 0x0000000084000000|100%| O|  |TAMS 0x0000000084000000, 0x0000000083f00000| Complete 
|  64|0x0000000084000000, 0x0000000084100000, 0x0000000084100000|100%| O|  |TAMS 0x0000000084100000, 0x0000000084000000| Complete 
|  65|0x0000000084100000, 0x0000000084200000, 0x0000000084200000|100%| O|  |TAMS 0x0000000084200000, 0x0000000084100000| Complete 
|  66|0x0000000084200000, 0x0000000084300000, 0x0000000084300000|100%| O|  |TAMS 0x0000000084300000, 0x0000000084200000| Complete 
|  67|0x0000000084300000, 0x0000000084400000, 0x0000000084400000|100%|HS|  |TAMS 0x0000000084400000, 0x0000000084300000| Complete 
|  68|0x0000000084400000, 0x0000000084500000, 0x0000000084500000|100%| O|  |TAMS 0x0000000084500000, 0x0000000084400000| Complete 
|  69|0x0000000084500000, 0x0000000084600000, 0x0000000084600000|100%| O|  |TAMS 0x0000000084600000, 0x0000000084500000| Complete 
|  70|0x0000000084600000, 0x0000000084700000, 0x0000000084700000|100%| O|  |TAMS 0x0000000084700000, 0x0000000084600000| Untracked 
|  71|0x0000000084700000, 0x0000000084800000, 0x0000000084800000|100%| O|  |TAMS 0x0000000084800000, 0x0000000084700000| Complete 
|  72|0x0000000084800000, 0x0000000084900000, 0x0000000084900000|100%| O|  |TAMS 0x0000000084900000, 0x0000000084800000| Complete 
|  73|0x0000000084900000, 0x0000000084a00000, 0x0000000084a00000|100%|HS|  |TAMS 0x0000000084a00000, 0x0000000084900000| Complete 
|  74|0x0000000084a00000, 0x0000000084b00000, 0x0000000084b00000|100%|HC|  |TAMS 0x0000000084b00000, 0x0000000084a00000| Complete 
|  75|0x0000000084b00000, 0x0000000084c00000, 0x0000000084c00000|100%| O|  |TAMS 0x0000000084c00000, 0x0000000084b00000| Complete 
|  76|0x0000000084c00000, 0x0000000084d00000, 0x0000000084d00000|100%| O|  |TAMS 0x0000000084d00000, 0x0000000084c00000| Complete 
|  77|0x0000000084d00000, 0x0000000084e00000, 0x0000000084e00000|100%| O|  |TAMS 0x0000000084e00000, 0x0000000084d00000| Complete 
|  78|0x0000000084e00000, 0x0000000084f00000, 0x0000000084f00000|100%|HS|  |TAMS 0x0000000084f00000, 0x0000000084e00000| Complete 
|  79|0x0000000084f00000, 0x0000000085000000, 0x0000000085000000|100%| O|  |TAMS 0x0000000085000000, 0x0000000084f00000| Complete 
|  80|0x0000000085000000, 0x0000000085100000, 0x0000000085100000|100%|HS|  |TAMS 0x0000000085100000, 0x0000000085000000| Complete 
|  81|0x0000000085100000, 0x0000000085200000, 0x0000000085200000|100%|HC|  |TAMS 0x0000000085200000, 0x0000000085100000| Complete 
|  82|0x0000000085200000, 0x0000000085200000, 0x0000000085300000|  0%| F|  |TAMS 0x0000000085200000, 0x0000000085200000| Untracked 
|  83|0x0000000085300000, 0x0000000085300000, 0x0000000085400000|  0%| F|  |TAMS 0x0000000085300000, 0x0000000085300000| Untracked 
|  84|0x0000000085400000, 0x0000000085500000, 0x0000000085500000|100%| O|  |TAMS 0x0000000085500000, 0x0000000085400000| Complete 
|  85|0x0000000085500000, 0x0000000085600000, 0x0000000085600000|100%| O|  |TAMS 0x0000000085600000, 0x0000000085500000| Complete 
|  86|0x0000000085600000, 0x0000000085700000, 0x0000000085700000|100%| O|  |TAMS 0x0000000085700000, 0x0000000085600000| Complete 
|  87|0x0000000085700000, 0x0000000085800000, 0x0000000085800000|100%| O|  |TAMS 0x0000000085800000, 0x0000000085700000| Complete 
|  88|0x0000000085800000, 0x0000000085900000, 0x0000000085900000|100%| O|  |TAMS 0x0000000085900000, 0x0000000085800000| Untracked 
|  89|0x0000000085900000, 0x0000000085a00000, 0x0000000085a00000|100%| O|  |TAMS 0x0000000085a00000, 0x0000000085900000| Complete 
|  90|0x0000000085a00000, 0x0000000085b00000, 0x0000000085b00000|100%| O|  |TAMS 0x0000000085b00000, 0x0000000085a00000| Untracked 
|  91|0x0000000085b00000, 0x0000000085c00000, 0x0000000085c00000|100%| O|  |TAMS 0x0000000085c00000, 0x0000000085b00000| Complete 
|  92|0x0000000085c00000, 0x0000000085c00000, 0x0000000085d00000|  0%| F|  |TAMS 0x0000000085c00000, 0x0000000085c00000| Untracked 
|  93|0x0000000085d00000, 0x0000000085e00000, 0x0000000085e00000|100%|HS|  |TAMS 0x0000000085e00000, 0x0000000085d00000| Complete 
|  94|0x0000000085e00000, 0x0000000085f00000, 0x0000000085f00000|100%|HC|  |TAMS 0x0000000085f00000, 0x0000000085e00000| Complete 
|  95|0x0000000085f00000, 0x0000000086000000, 0x0000000086000000|100%| O|  |TAMS 0x0000000086000000, 0x0000000085f00000| Complete 
|  96|0x0000000086000000, 0x0000000086100000, 0x0000000086100000|100%| O|  |TAMS 0x0000000086100000, 0x0000000086000000| Complete 
|  97|0x0000000086100000, 0x0000000086200000, 0x0000000086200000|100%| O|  |TAMS 0x0000000086200000, 0x0000000086100000| Untracked 
|  98|0x0000000086200000, 0x0000000086300000, 0x0000000086300000|100%| O|  |TAMS 0x0000000086300000, 0x0000000086200000| Untracked 
|  99|0x0000000086300000, 0x0000000086400000, 0x0000000086400000|100%| O|  |TAMS 0x0000000086400000, 0x0000000086300000| Complete 
| 100|0x0000000086400000, 0x0000000086500000, 0x0000000086500000|100%| O|  |TAMS 0x0000000086500000, 0x0000000086400000| Untracked 
| 101|0x0000000086500000, 0x0000000086600000, 0x0000000086600000|100%| O|  |TAMS 0x0000000086600000, 0x0000000086500000| Complete 
| 102|0x0000000086600000, 0x0000000086700000, 0x0000000086700000|100%|HS|  |TAMS 0x0000000086700000, 0x0000000086600000| Complete 
| 103|0x0000000086700000, 0x0000000086800000, 0x0000000086800000|100%| O|  |TAMS 0x0000000086800000, 0x0000000086700000| Complete 
| 104|0x0000000086800000, 0x0000000086900000, 0x0000000086900000|100%| O|  |TAMS 0x0000000086900000, 0x0000000086800000| Untracked 
| 105|0x0000000086900000, 0x0000000086a00000, 0x0000000086a00000|100%| O|  |TAMS 0x0000000086a00000, 0x0000000086900000| Untracked 
| 106|0x0000000086a00000, 0x0000000086b00000, 0x0000000086b00000|100%| O|  |TAMS 0x0000000086b00000, 0x0000000086a00000| Untracked 
| 107|0x0000000086b00000, 0x0000000086b00000, 0x0000000086c00000|  0%| F|  |TAMS 0x0000000086b00000, 0x0000000086b00000| Untracked 
| 108|0x0000000086c00000, 0x0000000086d00000, 0x0000000086d00000|100%|HS|  |TAMS 0x0000000086d00000, 0x0000000086c00000| Complete 
| 109|0x0000000086d00000, 0x0000000086e00000, 0x0000000086e00000|100%|HC|  |TAMS 0x0000000086e00000, 0x0000000086d00000| Complete 
| 110|0x0000000086e00000, 0x0000000086f00000, 0x0000000086f00000|100%| O|  |TAMS 0x0000000086f00000, 0x0000000086e00000| Untracked 
| 111|0x0000000086f00000, 0x0000000087000000, 0x0000000087000000|100%|HS|  |TAMS 0x0000000087000000, 0x0000000086f00000| Complete 
| 112|0x0000000087000000, 0x0000000087100000, 0x0000000087100000|100%| O|  |TAMS 0x0000000087100000, 0x0000000087000000| Untracked 
| 113|0x0000000087100000, 0x0000000087200000, 0x0000000087200000|100%| O|  |TAMS 0x0000000087199c00, 0x0000000087100000| Complete 
| 114|0x0000000087200000, 0x0000000087300000, 0x0000000087300000|100%| O|  |TAMS 0x0000000087200000, 0x0000000087200000| Untracked 
| 115|0x0000000087300000, 0x0000000087400000, 0x0000000087400000|100%| O|  |TAMS 0x0000000087400000, 0x0000000087300000| Untracked 
| 116|0x0000000087400000, 0x0000000087500000, 0x0000000087500000|100%| O|  |TAMS 0x0000000087500000, 0x0000000087400000| Untracked 
| 117|0x0000000087500000, 0x0000000087600000, 0x0000000087600000|100%| O|  |TAMS 0x0000000087600000, 0x0000000087500000| Complete 
| 118|0x0000000087600000, 0x0000000087700000, 0x0000000087700000|100%| O|  |TAMS 0x0000000087700000, 0x0000000087600000| Complete 
| 119|0x0000000087700000, 0x0000000087800000, 0x0000000087800000|100%| O|  |TAMS 0x0000000087800000, 0x0000000087700000| Untracked 
| 120|0x0000000087800000, 0x0000000087900000, 0x0000000087900000|100%| O|  |TAMS 0x0000000087900000, 0x0000000087800000| Untracked 
| 121|0x0000000087900000, 0x0000000087a00000, 0x0000000087a00000|100%| O|  |TAMS 0x0000000087a00000, 0x0000000087900000| Untracked 
| 122|0x0000000087a00000, 0x0000000087b00000, 0x0000000087b00000|100%| O|  |TAMS 0x0000000087b00000, 0x0000000087a00000| Untracked 
| 123|0x0000000087b00000, 0x0000000087c00000, 0x0000000087c00000|100%| O|  |TAMS 0x0000000087c00000, 0x0000000087b00000| Untracked 
| 124|0x0000000087c00000, 0x0000000087d00000, 0x0000000087d00000|100%| O|  |TAMS 0x0000000087d00000, 0x0000000087c00000| Untracked 
| 125|0x0000000087d00000, 0x0000000087e00000, 0x0000000087e00000|100%| O|  |TAMS 0x0000000087e00000, 0x0000000087d00000| Untracked 
| 126|0x0000000087e00000, 0x0000000087f00000, 0x0000000087f00000|100%| O|  |TAMS 0x0000000087f00000, 0x0000000087e00000| Untracked 
| 127|0x0000000087f00000, 0x0000000088000000, 0x0000000088000000|100%| O|  |TAMS 0x0000000088000000, 0x0000000087f00000| Untracked 
| 128|0x0000000088000000, 0x0000000088100000, 0x0000000088100000|100%| O|  |TAMS 0x0000000088100000, 0x0000000088000000| Untracked 
| 129|0x0000000088100000, 0x0000000088200000, 0x0000000088200000|100%| O|  |TAMS 0x0000000088200000, 0x0000000088100000| Complete 
| 130|0x0000000088200000, 0x0000000088300000, 0x0000000088300000|100%| O|  |TAMS 0x0000000088300000, 0x0000000088200000| Complete 
| 131|0x0000000088300000, 0x0000000088400000, 0x0000000088400000|100%|HS|  |TAMS 0x0000000088400000, 0x0000000088300000| Complete 
| 132|0x0000000088400000, 0x0000000088500000, 0x0000000088500000|100%|HC|  |TAMS 0x0000000088500000, 0x0000000088400000| Complete 
| 133|0x0000000088500000, 0x0000000088600000, 0x0000000088600000|100%|HC|  |TAMS 0x0000000088600000, 0x0000000088500000| Complete 
| 134|0x0000000088600000, 0x0000000088700000, 0x0000000088700000|100%|HC|  |TAMS 0x0000000088700000, 0x0000000088600000| Complete 
| 135|0x0000000088700000, 0x0000000088800000, 0x0000000088800000|100%|HC|  |TAMS 0x0000000088800000, 0x0000000088700000| Complete 
| 136|0x0000000088800000, 0x0000000088900000, 0x0000000088900000|100%|HC|  |TAMS 0x0000000088900000, 0x0000000088800000| Complete 
| 137|0x0000000088900000, 0x0000000088a00000, 0x0000000088a00000|100%|HS|  |TAMS 0x0000000088a00000, 0x0000000088900000| Complete 
| 138|0x0000000088a00000, 0x0000000088b00000, 0x0000000088b00000|100%|HC|  |TAMS 0x0000000088b00000, 0x0000000088a00000| Complete 
| 139|0x0000000088b00000, 0x0000000088c00000, 0x0000000088c00000|100%|HC|  |TAMS 0x0000000088c00000, 0x0000000088b00000| Complete 
| 140|0x0000000088c00000, 0x0000000088d00000, 0x0000000088d00000|100%|HS|  |TAMS 0x0000000088d00000, 0x0000000088c00000| Complete 
| 141|0x0000000088d00000, 0x0000000088e00000, 0x0000000088e00000|100%|HC|  |TAMS 0x0000000088e00000, 0x0000000088d00000| Complete 
| 142|0x0000000088e00000, 0x0000000088f00000, 0x0000000088f00000|100%|HC|  |TAMS 0x0000000088f00000, 0x0000000088e00000| Complete 
| 143|0x0000000088f00000, 0x0000000089000000, 0x0000000089000000|100%|HS|  |TAMS 0x0000000089000000, 0x0000000088f00000| Complete 
| 144|0x0000000089000000, 0x0000000089100000, 0x0000000089100000|100%|HC|  |TAMS 0x0000000089100000, 0x0000000089000000| Complete 
| 145|0x0000000089100000, 0x0000000089200000, 0x0000000089200000|100%|HC|  |TAMS 0x0000000089200000, 0x0000000089100000| Complete 
| 146|0x0000000089200000, 0x0000000089300000, 0x0000000089300000|100%|HS|  |TAMS 0x0000000089300000, 0x0000000089200000| Complete 
| 147|0x0000000089300000, 0x0000000089400000, 0x0000000089400000|100%|HC|  |TAMS 0x0000000089400000, 0x0000000089300000| Complete 
| 148|0x0000000089400000, 0x0000000089500000, 0x0000000089500000|100%|HS|  |TAMS 0x0000000089400000, 0x0000000089400000| Complete 
| 149|0x0000000089500000, 0x0000000089600000, 0x0000000089600000|100%|HC|  |TAMS 0x0000000089500000, 0x0000000089500000| Complete 
| 150|0x0000000089600000, 0x0000000089700000, 0x0000000089700000|100%| O|  |TAMS 0x0000000089600000, 0x0000000089600000| Untracked 
| 151|0x0000000089700000, 0x0000000089800000, 0x0000000089800000|100%|HS|  |TAMS 0x0000000089800000, 0x0000000089700000| Complete 
| 152|0x0000000089800000, 0x0000000089900000, 0x0000000089900000|100%|HC|  |TAMS 0x0000000089900000, 0x0000000089800000| Complete 
| 153|0x0000000089900000, 0x0000000089a00000, 0x0000000089a00000|100%|HC|  |TAMS 0x0000000089a00000, 0x0000000089900000| Complete 
| 154|0x0000000089a00000, 0x0000000089b00000, 0x0000000089b00000|100%| O|  |TAMS 0x0000000089b00000, 0x0000000089a00000| Untracked 
| 155|0x0000000089b00000, 0x0000000089c00000, 0x0000000089c00000|100%| O|  |TAMS 0x0000000089c00000, 0x0000000089b00000| Complete 
| 156|0x0000000089c00000, 0x0000000089d00000, 0x0000000089d00000|100%| O|  |TAMS 0x0000000089d00000, 0x0000000089c00000| Untracked 
| 157|0x0000000089d00000, 0x0000000089e00000, 0x0000000089e00000|100%| O|  |TAMS 0x0000000089e00000, 0x0000000089d00000| Untracked 
| 158|0x0000000089e00000, 0x0000000089f00000, 0x0000000089f00000|100%|HS|  |TAMS 0x0000000089f00000, 0x0000000089e00000| Complete 
| 159|0x0000000089f00000, 0x000000008a000000, 0x000000008a000000|100%|HC|  |TAMS 0x000000008a000000, 0x0000000089f00000| Complete 
| 160|0x000000008a000000, 0x000000008a100000, 0x000000008a100000|100%|HC|  |TAMS 0x000000008a100000, 0x000000008a000000| Complete 
| 161|0x000000008a100000, 0x000000008a200000, 0x000000008a200000|100%|HC|  |TAMS 0x000000008a200000, 0x000000008a100000| Complete 
| 162|0x000000008a200000, 0x000000008a300000, 0x000000008a300000|100%|HC|  |TAMS 0x000000008a300000, 0x000000008a200000| Complete 
| 163|0x000000008a300000, 0x000000008a400000, 0x000000008a400000|100%|HC|  |TAMS 0x000000008a400000, 0x000000008a300000| Complete 
| 164|0x000000008a400000, 0x000000008a500000, 0x000000008a500000|100%| O|  |TAMS 0x000000008a500000, 0x000000008a400000| Complete 
| 165|0x000000008a500000, 0x000000008a600000, 0x000000008a600000|100%|HS|  |TAMS 0x000000008a600000, 0x000000008a500000| Complete 
| 166|0x000000008a600000, 0x000000008a700000, 0x000000008a700000|100%|HC|  |TAMS 0x000000008a700000, 0x000000008a600000| Complete 
| 167|0x000000008a700000, 0x000000008a800000, 0x000000008a800000|100%|HC|  |TAMS 0x000000008a800000, 0x000000008a700000| Complete 
| 168|0x000000008a800000, 0x000000008a900000, 0x000000008a900000|100%| O|  |TAMS 0x000000008a900000, 0x000000008a800000| Untracked 
| 169|0x000000008a900000, 0x000000008aa00000, 0x000000008aa00000|100%|HS|  |TAMS 0x000000008aa00000, 0x000000008a900000| Complete 
| 170|0x000000008aa00000, 0x000000008ab00000, 0x000000008ab00000|100%|HC|  |TAMS 0x000000008ab00000, 0x000000008aa00000| Complete 
| 171|0x000000008ab00000, 0x000000008ac00000, 0x000000008ac00000|100%|HC|  |TAMS 0x000000008ac00000, 0x000000008ab00000| Complete 
| 172|0x000000008ac00000, 0x000000008ad00000, 0x000000008ad00000|100%| O|  |TAMS 0x000000008ad00000, 0x000000008ac00000| Untracked 
| 173|0x000000008ad00000, 0x000000008ae00000, 0x000000008ae00000|100%|HS|  |TAMS 0x000000008ae00000, 0x000000008ad00000| Complete 
| 174|0x000000008ae00000, 0x000000008af00000, 0x000000008af00000|100%| O|  |TAMS 0x000000008af00000, 0x000000008ae00000| Untracked 
| 175|0x000000008af00000, 0x000000008b000000, 0x000000008b000000|100%|HS|  |TAMS 0x000000008b000000, 0x000000008af00000| Complete 
| 176|0x000000008b000000, 0x000000008b100000, 0x000000008b100000|100%| O|  |TAMS 0x000000008b100000, 0x000000008b000000| Untracked 
| 177|0x000000008b100000, 0x000000008b200000, 0x000000008b200000|100%|HS|  |TAMS 0x000000008b200000, 0x000000008b100000| Complete 
| 178|0x000000008b200000, 0x000000008b300000, 0x000000008b300000|100%| O|  |TAMS 0x000000008b300000, 0x000000008b200000| Complete 
| 179|0x000000008b300000, 0x000000008b400000, 0x000000008b400000|100%|HS|  |TAMS 0x000000008b400000, 0x000000008b300000| Complete 
| 180|0x000000008b400000, 0x000000008b500000, 0x000000008b500000|100%| O|  |TAMS 0x000000008b400000, 0x000000008b400000| Untracked 
| 181|0x000000008b500000, 0x000000008b600000, 0x000000008b600000|100%| O|  |TAMS 0x000000008b500000, 0x000000008b500000| Untracked 
| 182|0x000000008b600000, 0x000000008b700000, 0x000000008b700000|100%| O|  |TAMS 0x000000008b600000, 0x000000008b600000| Untracked 
| 183|0x000000008b700000, 0x000000008b800000, 0x000000008b800000|100%| O|  |TAMS 0x000000008b700000, 0x000000008b700000| Untracked 
| 184|0x000000008b800000, 0x000000008b900000, 0x000000008b900000|100%| O|  |TAMS 0x000000008b800000, 0x000000008b800000| Untracked 
| 185|0x000000008b900000, 0x000000008ba00000, 0x000000008ba00000|100%| O|  |TAMS 0x000000008b900000, 0x000000008b900000| Untracked 
| 186|0x000000008ba00000, 0x000000008bb00000, 0x000000008bb00000|100%| O|  |TAMS 0x000000008ba00000, 0x000000008ba00000| Untracked 
| 187|0x000000008bb00000, 0x000000008bc00000, 0x000000008bc00000|100%| O|  |TAMS 0x000000008bb00000, 0x000000008bb00000| Untracked 
| 188|0x000000008bc00000, 0x000000008bd00000, 0x000000008bd00000|100%|HS|  |TAMS 0x000000008bc00000, 0x000000008bc00000| Complete 
| 189|0x000000008bd00000, 0x000000008be00000, 0x000000008be00000|100%| O|  |TAMS 0x000000008bd00000, 0x000000008bd00000| Untracked 
| 190|0x000000008be00000, 0x000000008bf00000, 0x000000008bf00000|100%| O|  |TAMS 0x000000008be00000, 0x000000008be00000| Untracked 
| 191|0x000000008bf00000, 0x000000008c000000, 0x000000008c000000|100%| O|  |TAMS 0x000000008bf00000, 0x000000008bf00000| Untracked 
| 192|0x000000008c000000, 0x000000008c100000, 0x000000008c100000|100%| O|  |TAMS 0x000000008c000000, 0x000000008c000000| Untracked 
| 193|0x000000008c100000, 0x000000008c200000, 0x000000008c200000|100%| O|  |TAMS 0x000000008c100000, 0x000000008c100000| Untracked 
| 194|0x000000008c200000, 0x000000008c300000, 0x000000008c300000|100%| O|  |TAMS 0x000000008c200000, 0x000000008c200000| Untracked 
| 195|0x000000008c300000, 0x000000008c400000, 0x000000008c400000|100%| O|  |TAMS 0x000000008c300000, 0x000000008c300000| Untracked 
| 196|0x000000008c400000, 0x000000008c500000, 0x000000008c500000|100%| O|  |TAMS 0x000000008c400000, 0x000000008c400000| Untracked 
| 197|0x000000008c500000, 0x000000008c600000, 0x000000008c600000|100%| O|  |TAMS 0x000000008c500000, 0x000000008c500000| Untracked 
| 198|0x000000008c600000, 0x000000008c700000, 0x000000008c700000|100%| O|  |TAMS 0x000000008c600000, 0x000000008c600000| Untracked 
| 199|0x000000008c700000, 0x000000008c800000, 0x000000008c800000|100%| O|  |TAMS 0x000000008c700000, 0x000000008c700000| Untracked 
| 200|0x000000008c800000, 0x000000008c900000, 0x000000008c900000|100%|HS|  |TAMS 0x000000008c800000, 0x000000008c800000| Complete 
| 201|0x000000008c900000, 0x000000008ca00000, 0x000000008ca00000|100%|HC|  |TAMS 0x000000008c900000, 0x000000008c900000| Complete 
| 202|0x000000008ca00000, 0x000000008cb00000, 0x000000008cb00000|100%| O|  |TAMS 0x000000008ca00000, 0x000000008ca00000| Untracked 
| 203|0x000000008cb00000, 0x000000008cc00000, 0x000000008cc00000|100%| O|  |TAMS 0x000000008cb00000, 0x000000008cb00000| Untracked 
| 204|0x000000008cc00000, 0x000000008cd00000, 0x000000008cd00000|100%| O|  |TAMS 0x000000008cc00000, 0x000000008cc00000| Untracked 
| 205|0x000000008cd00000, 0x000000008ce00000, 0x000000008ce00000|100%| O|  |TAMS 0x000000008cd00000, 0x000000008cd00000| Untracked 
| 206|0x000000008ce00000, 0x000000008cf00000, 0x000000008cf00000|100%| O|  |TAMS 0x000000008ce00000, 0x000000008ce00000| Untracked 
| 207|0x000000008cf00000, 0x000000008d000000, 0x000000008d000000|100%| O|  |TAMS 0x000000008cf00000, 0x000000008cf00000| Untracked 
| 208|0x000000008d000000, 0x000000008d038c00, 0x000000008d100000| 22%| O|  |TAMS 0x000000008d000000, 0x000000008d000000| Untracked 
| 209|0x000000008d100000, 0x000000008d100000, 0x000000008d200000|  0%| F|  |TAMS 0x000000008d100000, 0x000000008d100000| Untracked 
| 210|0x000000008d200000, 0x000000008d200000, 0x000000008d300000|  0%| F|  |TAMS 0x000000008d200000, 0x000000008d200000| Untracked 
| 211|0x000000008d300000, 0x000000008d300000, 0x000000008d400000|  0%| F|  |TAMS 0x000000008d300000, 0x000000008d300000| Untracked 
| 212|0x000000008d400000, 0x000000008d400000, 0x000000008d500000|  0%| F|  |TAMS 0x000000008d400000, 0x000000008d400000| Untracked 
| 213|0x000000008d500000, 0x000000008d500000, 0x000000008d600000|  0%| F|  |TAMS 0x000000008d500000, 0x000000008d500000| Untracked 
| 214|0x000000008d600000, 0x000000008d600000, 0x000000008d700000|  0%| F|  |TAMS 0x000000008d600000, 0x000000008d600000| Untracked 
| 215|0x000000008d700000, 0x000000008d700000, 0x000000008d800000|  0%| F|  |TAMS 0x000000008d700000, 0x000000008d700000| Untracked 
| 216|0x000000008d800000, 0x000000008d800000, 0x000000008d900000|  0%| F|  |TAMS 0x000000008d800000, 0x000000008d800000| Untracked 
| 217|0x000000008d900000, 0x000000008da00000, 0x000000008da00000|100%| S|CS|TAMS 0x000000008d900000, 0x000000008d900000| Complete 
| 218|0x000000008da00000, 0x000000008db00000, 0x000000008db00000|100%| S|CS|TAMS 0x000000008da00000, 0x000000008da00000| Complete 
| 219|0x000000008db00000, 0x000000008db00000, 0x000000008dc00000|  0%| F|  |TAMS 0x000000008db00000, 0x000000008db00000| Untracked 
| 220|0x000000008dc00000, 0x000000008dc00000, 0x000000008dd00000|  0%| F|  |TAMS 0x000000008dc00000, 0x000000008dc00000| Untracked 
| 221|0x000000008dd00000, 0x000000008dd00000, 0x000000008de00000|  0%| F|  |TAMS 0x000000008dd00000, 0x000000008dd00000| Untracked 
| 222|0x000000008de00000, 0x000000008df00000, 0x000000008df00000|100%|HS|  |TAMS 0x000000008df00000, 0x000000008de00000| Complete 
| 223|0x000000008df00000, 0x000000008e000000, 0x000000008e000000|100%|HC|  |TAMS 0x000000008e000000, 0x000000008df00000| Complete 
| 224|0x000000008e000000, 0x000000008e000000, 0x000000008e100000|  0%| F|  |TAMS 0x000000008e000000, 0x000000008e000000| Untracked 
| 225|0x000000008e100000, 0x000000008e100000, 0x000000008e200000|  0%| F|  |TAMS 0x000000008e100000, 0x000000008e100000| Untracked 
| 226|0x000000008e200000, 0x000000008e300000, 0x000000008e300000|100%| O|  |TAMS 0x000000008e300000, 0x000000008e200000| Untracked 
| 227|0x000000008e300000, 0x000000008e300000, 0x000000008e400000|  0%| F|  |TAMS 0x000000008e300000, 0x000000008e300000| Untracked 
| 228|0x000000008e400000, 0x000000008e400000, 0x000000008e500000|  0%| F|  |TAMS 0x000000008e400000, 0x000000008e400000| Untracked 
| 229|0x000000008e500000, 0x000000008e600000, 0x000000008e600000|100%| O|  |TAMS 0x000000008e600000, 0x000000008e500000| Untracked 
| 230|0x000000008e600000, 0x000000008e600000, 0x000000008e700000|  0%| F|  |TAMS 0x000000008e600000, 0x000000008e600000| Untracked 
| 231|0x000000008e700000, 0x000000008e700000, 0x000000008e800000|  0%| F|  |TAMS 0x000000008e700000, 0x000000008e700000| Untracked 
| 232|0x000000008e800000, 0x000000008e900000, 0x000000008e900000|100%| O|  |TAMS 0x000000008e900000, 0x000000008e800000| Untracked 
| 233|0x000000008e900000, 0x000000008ea00000, 0x000000008ea00000|100%| O|  |TAMS 0x000000008ea00000, 0x000000008e900000| Untracked 
| 234|0x000000008ea00000, 0x000000008eb00000, 0x000000008eb00000|100%| O|  |TAMS 0x000000008eb00000, 0x000000008ea00000| Untracked 
| 235|0x000000008eb00000, 0x000000008eb00000, 0x000000008ec00000|  0%| F|  |TAMS 0x000000008eb00000, 0x000000008eb00000| Untracked 
| 236|0x000000008ec00000, 0x000000008ed00000, 0x000000008ed00000|100%| O|  |TAMS 0x000000008ed00000, 0x000000008ec00000| Untracked 

Card table byte_map: [0x0000020712a40000,0x0000020712e40000] _byte_map_base: 0x0000020712640000

Marking Bits (Prev, Next): (CMBitMap*) 0x000002077f7b0750, (CMBitMap*) 0x000002077f7b0718
 Prev Bits: [0x0000020715240000, 0x0000020717240000)
 Next Bits: [0x0000020713240000, 0x0000020715240000)

Polling page: 0x000002077d710000

Metaspace:

Usage:
  Non-class:     94.37 MB capacity,    92.66 MB ( 98%) used,     1.40 MB (  1%) free+waste,   314.31 KB ( <1%) overhead. 
      Class:     14.21 MB capacity,    13.26 MB ( 93%) used,   833.25 KB (  6%) free+waste,   137.06 KB ( <1%) overhead. 
       Both:    108.58 MB capacity,   105.92 MB ( 98%) used,     2.21 MB (  2%) free+waste,   451.38 KB ( <1%) overhead. 

Virtual space:
  Non-class space:       96.00 MB reserved,      94.38 MB ( 98%) committed 
      Class space:        1.00 GB reserved,      14.32 MB (  1%) committed 
             Both:        1.09 GB reserved,     108.70 MB ( 10%) committed 

Chunk freelists:
   Non-Class:  7.00 KB
       Class:  14.00 KB
        Both:  21.00 KB

MaxMetaspaceSize: 17179869184.00 GB
CompressedClassSpaceSize: 1.00 GB
Initial GC threshold: 20.80 MB
Current GC threshold: 181.17 MB
CDS: off

CodeHeap 'non-profiled nmethods': size=120000Kb used=11320Kb max_used=11320Kb free=108679Kb
 bounds [0x000002070b510000, 0x000002070c020000, 0x0000020712a40000]
CodeHeap 'profiled nmethods': size=120000Kb used=37248Kb max_used=37248Kb free=82751Kb
 bounds [0x0000020703fe0000, 0x0000020706450000, 0x000002070b510000]
CodeHeap 'non-nmethods': size=5760Kb used=2438Kb max_used=2486Kb free=3321Kb
 bounds [0x0000020703a40000, 0x0000020703cc0000, 0x0000020703fe0000]
 total_blobs=17511 nmethods=16545 adapters=877
 compilation: enabled
              stopped_count=0, restarted_count=0
 full_count=0

Compilation events (20 events):
Event: 73.512 Thread 0x0000020719cb9000 nmethod 16724 0x000002070c01c010 code [0x000002070c01c1c0, 0x000002070c01c3d8]
Event: 73.512 Thread 0x0000020719cb9000 16338       4       org.gradle.api.internal.artifacts.result.DefaultResolutionResult::eachElement (92 bytes)
Event: 73.523 Thread 0x0000020719cbb000 16752 %     3       com.android.tools.r8.internal.Iq::a @ 69 (175 bytes)
Event: 73.524 Thread 0x0000020719cbb000 nmethod 16752% 0x0000020706437e10 code [0x0000020706438060, 0x00000207064389d8]
Event: 73.540 Thread 0x0000020719cb9000 nmethod 16338 0x000002070c01c590 code [0x000002070c01c7e0, 0x000002070c01d090]
Event: 73.540 Thread 0x0000020719cb9000 16665 %     4       com.android.tools.r8.dex.j::m @ 14 (2094 bytes)
Event: 73.547 Thread 0x0000020719cbb000 16753       3       java.io.Reader::<init> (15 bytes)
Event: 73.547 Thread 0x0000020719cbb000 nmethod 16753 0x0000020706438d90 code [0x0000020706438f40, 0x0000020706439138]
Event: 73.547 Thread 0x0000020719cbb000 16754       3       com.android.tools.r8.internal.Iq::a (175 bytes)
Event: 73.547 Thread 0x0000020719cbb000 nmethod 16754 0x0000020706439210 code [0x0000020706439440, 0x0000020706439d38]
Event: 73.562 Thread 0x0000020719cbb000 16755 %     3       com.android.tools.r8.internal.bA::a @ 0 (368 bytes)
Event: 73.563 Thread 0x0000020719cbb000 nmethod 16755% 0x000002070643a090 code [0x000002070643a320, 0x000002070643adf8]
Event: 73.563 Thread 0x0000020719cbb000 16756       3       com.android.tools.r8.internal.HG::d (194 bytes)
Event: 73.563 Thread 0x0000020719cbb000 nmethod 16756 0x000002070643b190 code [0x000002070643b420, 0x000002070643c0b8]
Event: 73.563 Thread 0x0000020719cbb000 16757   !   3       java.util.concurrent.ConcurrentHashMap::putVal (432 bytes)
Event: 73.565 Thread 0x0000020719cbb000 nmethod 16757 0x000002070643c610 code [0x000002070643c9a0, 0x000002070643ea58]
Event: 73.575 Thread 0x0000020719cbb000 16760       3       com.android.tools.r8.graph.d1::a (258 bytes)
Event: 73.576 Thread 0x0000020719cbb000 nmethod 16760 0x000002070643f490 code [0x000002070643f6c0, 0x000002070643ffa8]
Event: 73.596 Thread 0x0000020719cbb000 16761       1       com.android.tools.r8.internal.Xt::b (6 bytes)
Event: 73.596 Thread 0x0000020719cbb000 nmethod 16761 0x000002070c01de10 code [0x000002070c01dfc0, 0x000002070c01e078]

GC Heap History (20 events):
Event: 72.580 GC heap after
{Heap after GC invocations=55 (full 0):
 garbage-first heap   total 225280K, used 122181K [0x0000000080000000, 0x0000000100000000)
  region size 1024K, 5 young (5120K), 5 survivors (5120K)
 Metaspace       used 105337K, capacity 108022K, committed 108240K, reserved 1142784K
  class space    used 13169K, capacity 14130K, committed 14156K, reserved 1048576K
}
Event: 73.075 GC heap before
{Heap before GC invocations=56 (full 0):
 garbage-first heap   total 229376K, used 226629K [0x0000000080000000, 0x0000000100000000)
  region size 1024K, 39 young (39936K), 5 survivors (5120K)
 Metaspace       used 108217K, capacity 110893K, committed 110928K, reserved 1146880K
  class space    used 13553K, capacity 14513K, committed 14540K, reserved 1048576K
}
Event: 73.084 GC heap after
{Heap after GC invocations=57 (full 0):
 garbage-first heap   total 242688K, used 173882K [0x0000000080000000, 0x0000000100000000)
  region size 1024K, 6 young (6144K), 6 survivors (6144K)
 Metaspace       used 108217K, capacity 110893K, committed 110928K, reserved 1146880K
  class space    used 13553K, capacity 14513K, committed 14540K, reserved 1048576K
}
Event: 73.088 GC heap before
{Heap before GC invocations=57 (full 0):
 garbage-first heap   total 242688K, used 187194K [0x0000000080000000, 0x0000000100000000)
  region size 1024K, 11 young (11264K), 6 survivors (6144K)
 Metaspace       used 108218K, capacity 110893K, committed 110928K, reserved 1146880K
  class space    used 13553K, capacity 14513K, committed 14540K, reserved 1048576K
}
Event: 73.095 GC heap after
{Heap after GC invocations=58 (full 0):
 garbage-first heap   total 242688K, used 172191K [0x0000000080000000, 0x0000000100000000)
  region size 1024K, 2 young (2048K), 2 survivors (2048K)
 Metaspace       used 108218K, capacity 110893K, committed 110928K, reserved 1146880K
  class space    used 13553K, capacity 14513K, committed 14540K, reserved 1048576K
}
Event: 73.211 GC heap before
{Heap before GC invocations=58 (full 0):
 garbage-first heap   total 242688K, used 210079K [0x0000000080000000, 0x0000000100000000)
  region size 1024K, 25 young (25600K), 2 survivors (2048K)
 Metaspace       used 108462K, capacity 111125K, committed 111312K, reserved 1146880K
  class space    used 13576K, capacity 14547K, committed 14668K, reserved 1048576K
}
Event: 73.225 GC heap after
{Heap after GC invocations=59 (full 0):
 garbage-first heap   total 242688K, used 188376K [0x0000000080000000, 0x0000000100000000)
  region size 1024K, 4 young (4096K), 4 survivors (4096K)
 Metaspace       used 108462K, capacity 111125K, committed 111312K, reserved 1146880K
  class space    used 13576K, capacity 14547K, committed 14668K, reserved 1048576K
}
Event: 73.255 GC heap before
{Heap before GC invocations=59 (full 0):
 garbage-first heap   total 242688K, used 195544K [0x0000000080000000, 0x0000000100000000)
  region size 1024K, 12 young (12288K), 4 survivors (4096K)
 Metaspace       used 108464K, capacity 111125K, committed 111312K, reserved 1146880K
  class space    used 13576K, capacity 14547K, committed 14668K, reserved 1048576K
}
Event: 73.266 GC heap after
{Heap after GC invocations=60 (full 0):
 garbage-first heap   total 242688K, used 192103K [0x0000000080000000, 0x0000000100000000)
  region size 1024K, 3 young (3072K), 3 survivors (3072K)
 Metaspace       used 108464K, capacity 111125K, committed 111312K, reserved 1146880K
  class space    used 13576K, capacity 14547K, committed 14668K, reserved 1048576K
}
Event: 73.334 GC heap before
{Heap before GC invocations=60 (full 0):
 garbage-first heap   total 242688K, used 205415K [0x0000000080000000, 0x0000000100000000)
  region size 1024K, 14 young (14336K), 3 survivors (3072K)
 Metaspace       used 108465K, capacity 111125K, committed 111312K, reserved 1146880K
  class space    used 13576K, capacity 14547K, committed 14668K, reserved 1048576K
}
Event: 73.347 GC heap after
{Heap after GC invocations=61 (full 0):
 garbage-first heap   total 242688K, used 199359K [0x0000000080000000, 0x0000000100000000)
  region size 1024K, 2 young (2048K), 2 survivors (2048K)
 Metaspace       used 108465K, capacity 111125K, committed 111312K, reserved 1146880K
  class space    used 13576K, capacity 14547K, committed 14668K, reserved 1048576K
}
Event: 73.398 GC heap before
{Heap before GC invocations=61 (full 0):
 garbage-first heap   total 242688K, used 207551K [0x0000000080000000, 0x0000000100000000)
  region size 1024K, 11 young (11264K), 2 survivors (2048K)
 Metaspace       used 108468K, capacity 111189K, committed 111312K, reserved 1146880K
  class space    used 13576K, capacity 14547K, committed 14668K, reserved 1048576K
}
Event: 73.408 GC heap after
{Heap after GC invocations=62 (full 0):
 garbage-first heap   total 242688K, used 203123K [0x0000000080000000, 0x0000000100000000)
  region size 1024K, 2 young (2048K), 2 survivors (2048K)
 Metaspace       used 108468K, capacity 111189K, committed 111312K, reserved 1146880K
  class space    used 13576K, capacity 14547K, committed 14668K, reserved 1048576K
}
Event: 73.473 GC heap before
{Heap before GC invocations=62 (full 0):
 garbage-first heap   total 242688K, used 213363K [0x0000000080000000, 0x0000000100000000)
  region size 1024K, 11 young (11264K), 2 survivors (2048K)
 Metaspace       used 108464K, capacity 111183K, committed 111312K, reserved 1146880K
  class space    used 13575K, capacity 14546K, committed 14668K, reserved 1048576K
}
Event: 73.486 GC heap after
{Heap after GC invocations=63 (full 0):
 garbage-first heap   total 242688K, used 208225K [0x0000000080000000, 0x0000000100000000)
  region size 1024K, 2 young (2048K), 2 survivors (2048K)
 Metaspace       used 108464K, capacity 111183K, committed 111312K, reserved 1146880K
  class space    used 13575K, capacity 14546K, committed 14668K, reserved 1048576K
}
Event: 73.527 GC heap before
{Heap before GC invocations=63 (full 0):
 garbage-first heap   total 242688K, used 216417K [0x0000000080000000, 0x0000000100000000)
  region size 1024K, 11 young (11264K), 2 survivors (2048K)
 Metaspace       used 108464K, capacity 111183K, committed 111312K, reserved 1146880K
  class space    used 13575K, capacity 14546K, committed 14668K, reserved 1048576K
}
Event: 73.539 GC heap after
{Heap after GC invocations=64 (full 0):
 garbage-first heap   total 242688K, used 212246K [0x0000000080000000, 0x0000000100000000)
  region size 1024K, 2 young (2048K), 2 survivors (2048K)
 Metaspace       used 108464K, capacity 111183K, committed 111312K, reserved 1146880K
  class space    used 13575K, capacity 14546K, committed 14668K, reserved 1048576K
}
Event: 73.579 GC heap before
{Heap before GC invocations=65 (full 0):
 garbage-first heap   total 242688K, used 220438K [0x0000000080000000, 0x0000000100000000)
  region size 1024K, 11 young (11264K), 2 survivors (2048K)
 Metaspace       used 108464K, capacity 111183K, committed 111312K, reserved 1146880K
  class space    used 13575K, capacity 14546K, committed 14668K, reserved 1048576K
}
Event: 73.590 GC heap after
{Heap after GC invocations=66 (full 0):
 garbage-first heap   total 242688K, used 215882K [0x0000000080000000, 0x0000000100000000)
  region size 1024K, 2 young (2048K), 2 survivors (2048K)
 Metaspace       used 108464K, capacity 111183K, committed 111312K, reserved 1146880K
  class space    used 13575K, capacity 14546K, committed 14668K, reserved 1048576K
}
Event: 73.628 GC heap before
{Heap before GC invocations=66 (full 0):
 garbage-first heap   total 242688K, used 226122K [0x0000000080000000, 0x0000000100000000)
  region size 1024K, 11 young (11264K), 2 survivors (2048K)
 Metaspace       used 108464K, capacity 111183K, committed 111312K, reserved 1146880K
  class space    used 13575K, capacity 14546K, committed 14668K, reserved 1048576K
}

Deoptimization events (20 events):
Event: 73.368 Thread 0x000002071fe98800 DEOPT PACKING pc=0x00000207064195f7 sp=0x000000e1ce5fd220
Event: 73.368 Thread 0x000002071fe98800 DEOPT UNPACKING pc=0x0000020703a8a95e sp=0x000000e1ce5fc720 mode 0
Event: 73.414 Thread 0x000002071fe98800 DEOPT PACKING pc=0x0000020706419618 sp=0x000000e1ce5fd2f0
Event: 73.414 Thread 0x000002071fe98800 DEOPT UNPACKING pc=0x0000020703a8a95e sp=0x000000e1ce5fc7f0 mode 0
Event: 73.425 Thread 0x000002071fe98800 DEOPT PACKING pc=0x000002070642239b sp=0x000000e1ce5fd1f0
Event: 73.425 Thread 0x000002071fe98800 DEOPT UNPACKING pc=0x0000020703a8a95e sp=0x000000e1ce5fc7b0 mode 0
Event: 73.465 Thread 0x000002071fe98800 DEOPT PACKING pc=0x0000020706419618 sp=0x000000e1ce5fd2f0
Event: 73.465 Thread 0x000002071fe98800 DEOPT UNPACKING pc=0x0000020703a8a95e sp=0x000000e1ce5fc7f0 mode 0
Event: 73.520 Thread 0x000002071fe98800 DEOPT PACKING pc=0x0000020706419618 sp=0x000000e1ce5fd2f0
Event: 73.520 Thread 0x000002071fe98800 DEOPT UNPACKING pc=0x0000020703a8a95e sp=0x000000e1ce5fc7f0 mode 0
Event: 73.563 Thread 0x000002071fe98800 Uncommon trap: trap_request=0xffffff4d fr.pc=0x000002070c0157d4 relative=0x0000000000001194
Event: 73.563 Thread 0x000002071fe98800 Uncommon trap: reason=unstable_if action=reinterpret pc=0x000002070c0157d4 method=java.util.concurrent.ConcurrentHashMap.putVal(Ljava/lang/Object;Ljava/lang/Object;Z)Ljava/lang/Object; @ 401 c2
Event: 73.563 Thread 0x000002071fe98800 DEOPT PACKING pc=0x000002070c0157d4 sp=0x000000e1ce5fd460
Event: 73.563 Thread 0x000002071fe98800 DEOPT UNPACKING pc=0x0000020703a8a1af sp=0x000000e1ce5fd400 mode 2
Event: 73.575 Thread 0x000002071fe98800 Uncommon trap: trap_request=0xffffff4d fr.pc=0x000002070c01a550 relative=0x0000000000000230
Event: 73.575 Thread 0x000002071fe98800 Uncommon trap: reason=unstable_if action=reinterpret pc=0x000002070c01a550 method=com.android.tools.r8.graph.d1.a([C)I @ 44 c2
Event: 73.575 Thread 0x000002071fe98800 DEOPT PACKING pc=0x000002070c01a550 sp=0x000000e1ce5fd4c0
Event: 73.575 Thread 0x000002071fe98800 DEOPT UNPACKING pc=0x0000020703a8a1af sp=0x000000e1ce5fd448 mode 2
Event: 73.616 Thread 0x000002071fe98800 DEOPT PACKING pc=0x00000207064195f7 sp=0x000000e1ce5fd240
Event: 73.616 Thread 0x000002071fe98800 DEOPT UNPACKING pc=0x0000020703a8a95e sp=0x000000e1ce5fc740 mode 0

Classes redefined (0 events):
No events

Internal exceptions (20 events):
Event: 55.372 Thread 0x000002071b5fd000 Exception <a 'sun/nio/fs/WindowsException'{0x000000008a76e798}> (0x000000008a76e798) thrown at [./src/hotspot/share/prims/jni.cpp, line 616]
Event: 55.373 Thread 0x000002071b5fd000 Exception <a 'sun/nio/fs/WindowsException'{0x000000008a770eb0}> (0x000000008a770eb0) thrown at [./src/hotspot/share/prims/jni.cpp, line 616]
Event: 55.373 Thread 0x000002071b5fd000 Exception <a 'sun/nio/fs/WindowsException'{0x000000008a7770d0}> (0x000000008a7770d0) thrown at [./src/hotspot/share/prims/jni.cpp, line 616]
Event: 55.374 Thread 0x000002071b5fd000 Exception <a 'sun/nio/fs/WindowsException'{0x000000008a779218}> (0x000000008a779218) thrown at [./src/hotspot/share/prims/jni.cpp, line 616]
Event: 55.375 Thread 0x000002071b5fd000 Exception <a 'sun/nio/fs/WindowsException'{0x000000008a780be0}> (0x000000008a780be0) thrown at [./src/hotspot/share/prims/jni.cpp, line 616]
Event: 55.385 Thread 0x000002071b5fd000 Exception <a 'java/lang/reflect/InvocationTargetException'{0x000000008a78c8d0}> (0x000000008a78c8d0) thrown at [./src/hotspot/share/runtime/reflection.cpp, line 1247]
Event: 55.580 Thread 0x000002071c0fe000 Exception <a 'sun/nio/fs/WindowsException'{0x000000008d516910}> (0x000000008d516910) thrown at [./src/hotspot/share/prims/jni.cpp, line 616]
Event: 55.580 Thread 0x000002071c0fe000 Exception <a 'sun/nio/fs/WindowsException'{0x000000008d516990}> (0x000000008d516990) thrown at [./src/hotspot/share/prims/jni.cpp, line 616]
Event: 55.580 Thread 0x000002071c0fe000 Exception <a 'sun/nio/fs/WindowsException'{0x000000008d518398}> (0x000000008d518398) thrown at [./src/hotspot/share/prims/jni.cpp, line 616]
Event: 55.744 Thread 0x000002071c0fe000 Implicit null exception at 0x000002070bea9f17 to 0x000002070beaa2bc
Event: 70.494 Thread 0x000002071c0fe000 Implicit null exception at 0x000002070bce8ed6 to 0x000002070bce91d0
Event: 70.765 Thread 0x000002071c0fe000 Exception <a 'sun/nio/fs/WindowsException'{0x000000008b307d60}> (0x000000008b307d60) thrown at [./src/hotspot/share/prims/jni.cpp, line 616]
Event: 70.875 Thread 0x000002071c0fe000 Exception <a 'sun/nio/fs/WindowsException'{0x000000008a776688}> (0x000000008a776688) thrown at [./src/hotspot/share/prims/jni.cpp, line 616]
Event: 70.882 Thread 0x000002071c0fe000 Exception <a 'sun/nio/fs/WindowsException'{0x000000008a6138b0}> (0x000000008a6138b0) thrown at [./src/hotspot/share/prims/jni.cpp, line 616]
Event: 70.882 Thread 0x000002071c0fe000 Exception <a 'sun/nio/fs/WindowsException'{0x000000008a614c28}> (0x000000008a614c28) thrown at [./src/hotspot/share/prims/jni.cpp, line 616]
Event: 70.882 Thread 0x000002071c0fe000 Exception <a 'sun/nio/fs/WindowsException'{0x000000008a615ff0}> (0x000000008a615ff0) thrown at [./src/hotspot/share/prims/jni.cpp, line 616]
Event: 70.882 Thread 0x000002071c0fe000 Exception <a 'sun/nio/fs/WindowsException'{0x000000008a6173b8}> (0x000000008a6173b8) thrown at [./src/hotspot/share/prims/jni.cpp, line 616]
Event: 71.100 Thread 0x000002071dbe1800 Implicit null exception at 0x000002070b7bdbe9 to 0x000002070b7bdcb1
Event: 72.903 Thread 0x000002071fe98800 Exception <a 'sun/nio/fs/WindowsException'{0x000000008c8731c8}> (0x000000008c8731c8) thrown at [./src/hotspot/share/prims/jni.cpp, line 616]
Event: 73.054 Thread 0x000002071fe98800 Exception <a 'java/lang/NoSuchMethodError'{0x000000008c0b2c90}: 'java.lang.Object java.lang.invoke.DirectMethodHandle$Holder.invokeStaticInit(java.lang.Object, java.lang.Object, java.lang.Object, java.lang.Object, java.lang.Object, java.lang.Object, java.lang.Object, java.lang.Object, java.lang.Object, java.lang.Object, java.lang.Object, java.lang.Object, java.lang.Object, java.lang.Object, java.lang.Object, java.lang.Object, java.lang.Object, java.lang.Object, int, java.lang.Object, java.lang.Object)'> (0

Events (20 events):
Event: 73.201 Executing VM operation: RevokeBias done
Event: 73.211 Executing VM operation: G1CollectForAllocation
Event: 73.225 Executing VM operation: G1CollectForAllocation done
Event: 73.255 Executing VM operation: G1CollectForAllocation
Event: 73.266 Executing VM operation: G1CollectForAllocation done
Event: 73.334 Executing VM operation: G1CollectForAllocation
Event: 73.347 Executing VM operation: G1CollectForAllocation done
Event: 73.398 Executing VM operation: G1CollectForAllocation
Event: 73.408 Executing VM operation: G1CollectForAllocation done
Event: 73.426 Executing VM operation: CGC_Operation
Event: 73.448 Executing VM operation: CGC_Operation done
Event: 73.473 Executing VM operation: G1CollectForAllocation
Event: 73.486 Executing VM operation: G1CollectForAllocation done
Event: 73.527 Executing VM operation: G1CollectForAllocation
Event: 73.539 Executing VM operation: G1CollectForAllocation done
Event: 73.555 Executing VM operation: CGC_Operation
Event: 73.555 Executing VM operation: CGC_Operation done
Event: 73.578 Executing VM operation: G1CollectForAllocation
Event: 73.590 Executing VM operation: G1CollectForAllocation done
Event: 73.628 Executing VM operation: G1CollectForAllocation


Dynamic libraries:
0x00007ff6d1e50000 - 0x00007ff6d1e5a000 	C:\Program Files\Android\Android Studio\jre\bin\java.exe
0x00007ffbea660000 - 0x00007ffbea869000 	C:\WINDOWS\SYSTEM32\ntdll.dll
0x00007ffbe9ef0000 - 0x00007ffbe9fad000 	C:\WINDOWS\System32\KERNEL32.DLL
0x00007ffbe8160000 - 0x00007ffbe84db000 	C:\WINDOWS\System32\KERNELBASE.dll
0x00007ffbe8010000 - 0x00007ffbe8121000 	C:\WINDOWS\System32\ucrtbase.dll
0x00007ffbc7ba0000 - 0x00007ffbc7bb9000 	C:\Program Files\Android\Android Studio\jre\bin\jli.dll
0x00007ffbe93b0000 - 0x00007ffbe955d000 	C:\WINDOWS\System32\USER32.dll
0x00007ffbc4b90000 - 0x00007ffbc4ba7000 	C:\Program Files\Android\Android Studio\jre\bin\VCRUNTIME140.dll
0x00007ffbd08c0000 - 0x00007ffbd0b65000 	C:\WINDOWS\WinSxS\amd64_microsoft.windows.common-controls_6595b64144ccf1df_6.0.22000.120_none_9d947278b86cc467\COMCTL32.dll
0x00007ffbe8130000 - 0x00007ffbe8156000 	C:\WINDOWS\System32\win32u.dll
0x00007ffbe9fb0000 - 0x00007ffbea053000 	C:\WINDOWS\System32\msvcrt.dll
0x00007ffbe8cc0000 - 0x00007ffbe8ce9000 	C:\WINDOWS\System32\GDI32.dll
0x00007ffbe7e70000 - 0x00007ffbe7f88000 	C:\WINDOWS\System32\gdi32full.dll
0x00007ffbe7d60000 - 0x00007ffbe7dfd000 	C:\WINDOWS\System32\msvcp_win.dll
0x00007ffbea060000 - 0x00007ffbea091000 	C:\WINDOWS\System32\IMM32.DLL
0x00007ffb63c70000 - 0x00007ffb63d0d000 	C:\Program Files\Android\Android Studio\jre\bin\msvcp140.dll
0x00007ffb4ae10000 - 0x00007ffb4b912000 	C:\Program Files\Android\Android Studio\jre\bin\server\jvm.dll
0x00007ffbea0a0000 - 0x00007ffbea14e000 	C:\WINDOWS\System32\ADVAPI32.dll
0x00007ffbe8b30000 - 0x00007ffbe8bce000 	C:\WINDOWS\System32\sechost.dll
0x00007ffbea1e0000 - 0x00007ffbea300000 	C:\WINDOWS\System32\RPCRT4.dll
0x00007ffbea4d0000 - 0x00007ffbea4d8000 	C:\WINDOWS\System32\PSAPI.DLL
0x00007ffbe0510000 - 0x00007ffbe0543000 	C:\WINDOWS\SYSTEM32\WINMM.dll
0x00007ffbe03e0000 - 0x00007ffbe03ea000 	C:\WINDOWS\SYSTEM32\VERSION.dll
0x00007ffbcd140000 - 0x00007ffbcd149000 	C:\WINDOWS\SYSTEM32\WSOCK32.dll
0x00007ffbea460000 - 0x00007ffbea4cf000 	C:\WINDOWS\System32\WS2_32.dll
0x00007ffbe6ca0000 - 0x00007ffbe6cb8000 	C:\WINDOWS\SYSTEM32\kernel.appcore.dll
0x00007ffbd3640000 - 0x00007ffbd3651000 	C:\Program Files\Android\Android Studio\jre\bin\verify.dll
0x00007ffbe5010000 - 0x00007ffbe5231000 	C:\WINDOWS\SYSTEM32\DBGHELP.DLL
0x00007ffbc9ef0000 - 0x00007ffbc9f21000 	C:\WINDOWS\SYSTEM32\dbgcore.DLL
0x00007ffbe7f90000 - 0x00007ffbe800f000 	C:\WINDOWS\System32\bcryptPrimitives.dll
0x00007ffbd3470000 - 0x00007ffbd3499000 	C:\Program Files\Android\Android Studio\jre\bin\java.dll
0x00007ffbe4480000 - 0x00007ffbe448b000 	C:\Program Files\Android\Android Studio\jre\bin\jimage.dll
0x00007ffbd3380000 - 0x00007ffbd3398000 	C:\Program Files\Android\Android Studio\jre\bin\zip.dll
0x00007ffbe9720000 - 0x00007ffbe9ed8000 	C:\WINDOWS\System32\SHELL32.dll
0x00007ffbe5c20000 - 0x00007ffbe6485000 	C:\WINDOWS\SYSTEM32\windows.storage.dll
0x00007ffbe8fd0000 - 0x00007ffbe9347000 	C:\WINDOWS\System32\combase.dll
0x00007ffbe5ab0000 - 0x00007ffbe5c16000 	C:\WINDOWS\SYSTEM32\wintypes.dll
0x00007ffbe8bd0000 - 0x00007ffbe8cba000 	C:\WINDOWS\System32\SHCORE.dll
0x00007ffbe9350000 - 0x00007ffbe93ad000 	C:\WINDOWS\System32\shlwapi.dll
0x00007ffbe7a60000 - 0x00007ffbe7a81000 	C:\WINDOWS\SYSTEM32\profapi.dll
0x00007ffbd2010000 - 0x00007ffbd202a000 	C:\Program Files\Android\Android Studio\jre\bin\net.dll
0x00007ffbe1410000 - 0x00007ffbe151c000 	C:\WINDOWS\SYSTEM32\WINHTTP.dll
0x00007ffbe7140000 - 0x00007ffbe71a7000 	C:\WINDOWS\system32\mswsock.dll
0x00007ffbd1ff0000 - 0x00007ffbd2004000 	C:\Program Files\Android\Android Studio\jre\bin\nio.dll
0x00007ffbcec80000 - 0x00007ffbceca7000 	C:\Users\marcd\.gradle\native\e1d6ef7f7dcc3fd88c89a11ec53ec762bb8ba0a96d01ffa2cd45eb1d1d8dd5c5\windows-amd64\native-platform.dll
0x00007ffb60280000 - 0x00007ffb603c4000 	C:\Users\marcd\.gradle\native\5664cfc778a61ccfe75a443a1ab52a65af34e5dc3c78e0209fed803814484fcb\windows-amd64\native-platform-file-events.dll
0x00007ffbe4350000 - 0x00007ffbe435a000 	C:\Program Files\Android\Android Studio\jre\bin\management.dll
0x00007ffbd3630000 - 0x00007ffbd363d000 	C:\Program Files\Android\Android Studio\jre\bin\management_ext.dll
0x00007ffbe7390000 - 0x00007ffbe73a8000 	C:\WINDOWS\SYSTEM32\CRYPTSP.dll
0x00007ffbe6c00000 - 0x00007ffbe6c35000 	C:\WINDOWS\system32\rsaenh.dll
0x00007ffbe7230000 - 0x00007ffbe7259000 	C:\WINDOWS\SYSTEM32\USERENV.dll
0x00007ffbe7510000 - 0x00007ffbe7537000 	C:\WINDOWS\SYSTEM32\bcrypt.dll
0x00007ffbe7380000 - 0x00007ffbe738c000 	C:\WINDOWS\SYSTEM32\CRYPTBASE.dll
0x00007ffbe67a0000 - 0x00007ffbe67cd000 	C:\WINDOWS\SYSTEM32\IPHLPAPI.DLL
0x00007ffbe9ee0000 - 0x00007ffbe9ee9000 	C:\WINDOWS\System32\NSI.dll
0x00007ffbe0f10000 - 0x00007ffbe0f29000 	C:\WINDOWS\SYSTEM32\dhcpcsvc6.DLL
0x00007ffbe1810000 - 0x00007ffbe182e000 	C:\WINDOWS\SYSTEM32\dhcpcsvc.DLL
0x00007ffbe67d0000 - 0x00007ffbe68b8000 	C:\WINDOWS\SYSTEM32\DNSAPI.dll
0x00007ffbe6cc0000 - 0x00007ffbe6cf4000 	C:\WINDOWS\SYSTEM32\ntmarta.dll
0x00007ffbd3670000 - 0x00007ffbd368e000 	C:\Users\marcd\AppData\Local\Temp\native-platform17890354178231200230dir\native-platform.dll
0x00007ffbccd00000 - 0x00007ffbccd17000 	C:\WINDOWS\system32\napinsp.dll
0x00007ffbc54d0000 - 0x00007ffbc54eb000 	C:\WINDOWS\system32\pnrpnsp.dll
0x00007ffbc35a0000 - 0x00007ffbc35b2000 	C:\WINDOWS\System32\winrnr.dll
0x00007ffbe0550000 - 0x00007ffbe0565000 	C:\WINDOWS\system32\wshbth.dll
0x00007ffbc3580000 - 0x00007ffbc359f000 	C:\WINDOWS\system32\nlansp_c.dll
0x00007ffbd36d0000 - 0x00007ffbd36da000 	C:\Windows\System32\rasadhlp.dll
0x00007ffbdf520000 - 0x00007ffbdf5a1000 	C:\WINDOWS\System32\fwpuclnt.dll

dbghelp: loaded successfully - version: 4.0.5 - missing functions: none
symbol engine: initialized successfully - sym options: 0x614 - pdb path: .;C:\Program Files\Android\Android Studio\jre\bin;C:\WINDOWS\SYSTEM32;C:\WINDOWS\WinSxS\amd64_microsoft.windows.common-controls_6595b64144ccf1df_6.0.22000.120_none_9d947278b86cc467;C:\Program Files\Android\Android Studio\jre\bin\server;C:\Users\marcd\.gradle\native\e1d6ef7f7dcc3fd88c89a11ec53ec762bb8ba0a96d01ffa2cd45eb1d1d8dd5c5\windows-amd64;C:\Users\marcd\.gradle\native\5664cfc778a61ccfe75a443a1ab52a65af34e5dc3c78e0209fed803814484fcb\windows-amd64;C:\Users\marcd\AppData\Local\Temp\native-platform17890354178231200230dir

VM Arguments:
jvm_args: --add-opens=java.base/java.util=ALL-UNNAMED --add-opens=java.base/java.lang=ALL-UNNAMED --add-opens=java.base/java.lang.invoke=ALL-UNNAMED --add-opens=java.base/java.util=ALL-UNNAMED --add-opens=java.prefs/java.util.prefs=ALL-UNNAMED --add-opens=java.prefs/java.util.prefs=ALL-UNNAMED --add-opens=java.base/java.nio.charset=ALL-UNNAMED --add-opens=java.base/java.net=ALL-UNNAMED --add-opens=java.base/java.util.concurrent.atomic=ALL-UNNAMED -Xmx2048m -Dfile.encoding=UTF-8 -Duser.country=PH -Duser.language=en -Duser.variant 
java_command: org.gradle.launcher.daemon.bootstrap.GradleDaemon 7.3.3
java_class_path (initial): C:\Users\marcd\.gradle\wrapper\dists\gradle-7.3.3-bin\6a41zxkdtcxs8rphpq6y0069z\gradle-7.3.3\lib\gradle-launcher-7.3.3.jar
Launcher Type: SUN_STANDARD

[Global flags]
     intx CICompilerCount                          = 4                                         {product} {ergonomic}
     uint ConcGCThreads                            = 2                                         {product} {ergonomic}
     uint G1ConcRefinementThreads                  = 8                                         {product} {ergonomic}
   size_t G1HeapRegionSize                         = 1048576                                   {product} {ergonomic}
    uintx GCDrainStackTargetSize                   = 64                                        {product} {ergonomic}
   size_t InitialHeapSize                          = 132120576                                 {product} {ergonomic}
   size_t MarkStackSize                            = 4194304                                   {product} {ergonomic}
   size_t MaxHeapSize                              = 2147483648                                {product} {command line}
   size_t MaxNewSize                               = 1287651328                                {product} {ergonomic}
   size_t MinHeapDeltaBytes                        = 1048576                                   {product} {ergonomic}
    uintx NonNMethodCodeHeapSize                   = 5836300                                {pd product} {ergonomic}
    uintx NonProfiledCodeHeapSize                  = 122910970                              {pd product} {ergonomic}
    uintx ProfiledCodeHeapSize                     = 122910970                              {pd product} {ergonomic}
    uintx ReservedCodeCacheSize                    = 251658240                              {pd product} {ergonomic}
     bool SegmentedCodeCache                       = true                                      {product} {ergonomic}
     bool UseCompressedClassPointers               = true                                 {lp64_product} {ergonomic}
     bool UseCompressedOops                        = true                                 {lp64_product} {ergonomic}
     bool UseG1GC                                  = true                                      {product} {ergonomic}
     bool UseLargePagesIndividualAllocation        = false                                  {pd product} {ergonomic}

Logging:
Log output configuration:
 #0: stdout all=warning uptime,level,tags
 #1: stderr all=off uptime,level,tags

Environment Variables:
JAVA_HOME=C:\Program Files\Java\jdk-11.0.16
PATH=C:\Program Files\Common Files\Oracle\Java\javapath;C:\Windows\system32;C:\Windows;C:\Windows\System32\Wbem;C:\Windows\System32\WindowsPowerShell\v1.0\;C:\Windows\System32\OpenSSH\;C:\Program Files (x86)\NVIDIA Corporation\PhysX\Common;C:\Program Files\NVIDIA Corporation\NVIDIA NvDLISR;C:\WINDOWS\system32;C:\WINDOWS;C:\WINDOWS\System32\Wbem;C:\WINDOWS\System32\WindowsPowerShell\v1.0\;C:\WINDOWS\System32\OpenSSH\;C:\Program Files\dotnet\;C:\Program Files\Microsoft VS Code\bin;C:\Program Files\nodejs\;C:\Program Files\Java\jdk-11.0.16\bin;C:\Program Files\MATLAB\R2022b\bin;C:\Program Files\Git\cmd;C:\Users\marcd\AppData\Local\Microsoft\WindowsApps;C:\Users\marcd\AppData\Roaming\npm;C:\Users\marcd\AppData\Local\GitHubDesktop\bin
USERNAME=marcd
OS=Windows_NT
PROCESSOR_IDENTIFIER=Intel64 Family 6 Model 158 Stepping 10, GenuineIntel



---------------  S Y S T E M  ---------------

OS: Windows 11 , 64 bit Build 22000 (10.0.22000.708)
OS uptime: 0 days 15:16 hours

CPU:total 8 (initial active 8) (4 cores per cpu, 2 threads per core) family 6 model 158 stepping 10 microcode 0xde, cmov, cx8, fxsr, mmx, sse, sse2, sse3, ssse3, sse4.1, sse4.2, popcnt, avx, avx2, aes, clmul, erms, 3dnowpref, lzcnt, ht, tsc, tscinvbit, bmi1, bmi2, adx, fma

Memory: 4k page, system-wide physical 8044M (340M free)
TotalPageFile size 16236M (AvailPageFile size 208M)
current process WorkingSet (physical memory assigned to process): 534M, peak: 538M
current process commit charge ("private bytes"): 601M, peak: 807M

vm_info: OpenJDK 64-Bit Server VM (11.0.13+0-b1751.21-8125866) for windows-amd64 JRE (11.0.13+0-b1751.21-8125866), built on Feb  2 2022 03:00:22 by "builder" with MS VC++ 14.0 (VS2015)

END.
